[0.412s] Invoking command in '/home/kadowaki/realsense_ws/build/obstacle_stop': PYTHONPATH=/home/kadowaki/realsense_ws/build/obstacle_stop/prefix_override:/home/kadowaki/.local/lib/python3.10/site-packages/colcon_core/task/python/colcon_distutils_commands:/home/kadowaki/realsense_ws/install/obstacle_stop/lib/python3.10/site-packages:${PYTHONPATH} /usr/bin/python3 -W ignore:setup.py install is deprecated -W ignore:easy_install command is deprecated setup.py develop --uninstall --editable --build-directory /home/kadowaki/realsense_ws/build/obstacle_stop/build
[0.536s] running develop
[0.606s] Removing /home/kadowaki/realsense_ws/install/obstacle_stop/lib/python3.10/site-packages/obstacle-stop.egg-link (link to .)
[0.622s] Invoked command in '/home/kadowaki/realsense_ws/build/obstacle_stop' returned '0': PYTHONPATH=/home/kadowaki/realsense_ws/build/obstacle_stop/prefix_override:/home/kadowaki/.local/lib/python3.10/site-packages/colcon_core/task/python/colcon_distutils_commands:/home/kadowaki/realsense_ws/install/obstacle_stop/lib/python3.10/site-packages:${PYTHONPATH} /usr/bin/python3 -W ignore:setup.py install is deprecated -W ignore:easy_install command is deprecated setup.py develop --uninstall --editable --build-directory /home/kadowaki/realsense_ws/build/obstacle_stop/build
[0.622s] Invoking command in '/home/kadowaki/realsense_ws/src/obstacle_stop': PYTHONPATH=/home/kadowaki/realsense_ws/build/obstacle_stop/prefix_override:/home/kadowaki/.local/lib/python3.10/site-packages/colcon_core/task/python/colcon_distutils_commands:/home/kadowaki/realsense_ws/install/obstacle_stop/lib/python3.10/site-packages:${PYTHONPATH} /usr/bin/python3 -W ignore:setup.py install is deprecated -W ignore:easy_install command is deprecated setup.py egg_info --egg-base ../../build/obstacle_stop build --build-base /home/kadowaki/realsense_ws/build/obstacle_stop/build install --record /home/kadowaki/realsense_ws/build/obstacle_stop/install.log --single-version-externally-managed install_data --force
[0.734s] running egg_info
[0.735s] writing ../../build/obstacle_stop/obstacle_stop.egg-info/PKG-INFO
[0.735s] writing dependency_links to ../../build/obstacle_stop/obstacle_stop.egg-info/dependency_links.txt
[0.735s] writing entry points to ../../build/obstacle_stop/obstacle_stop.egg-info/entry_points.txt
[0.735s] writing requirements to ../../build/obstacle_stop/obstacle_stop.egg-info/requires.txt
[0.735s] writing top-level names to ../../build/obstacle_stop/obstacle_stop.egg-info/top_level.txt
[0.736s] reading manifest file '../../build/obstacle_stop/obstacle_stop.egg-info/SOURCES.txt'
[0.736s] writing manifest file '../../build/obstacle_stop/obstacle_stop.egg-info/SOURCES.txt'
[0.736s] running build
[0.737s] running build_py
[0.737s] running install
[0.737s] running install_lib
[0.737s] creating /home/kadowaki/realsense_ws/install/obstacle_stop/lib/python3.10/site-packages/obstacle_stop
[0.737s] copying /home/kadowaki/realsense_ws/build/obstacle_stop/build/lib/obstacle_stop/cmd_vel_subscriber.py -> /home/kadowaki/realsense_ws/install/obstacle_stop/lib/python3.10/site-packages/obstacle_stop
[0.737s] copying /home/kadowaki/realsense_ws/build/obstacle_stop/build/lib/obstacle_stop/scan_stop_node.py -> /home/kadowaki/realsense_ws/install/obstacle_stop/lib/python3.10/site-packages/obstacle_stop
[0.738s] copying /home/kadowaki/realsense_ws/build/obstacle_stop/build/lib/obstacle_stop/pointcloud2_depth.py -> /home/kadowaki/realsense_ws/install/obstacle_stop/lib/python3.10/site-packages/obstacle_stop
[0.738s] copying /home/kadowaki/realsense_ws/build/obstacle_stop/build/lib/obstacle_stop/obstacle_stop_node.py -> /home/kadowaki/realsense_ws/install/obstacle_stop/lib/python3.10/site-packages/obstacle_stop
[0.738s] copying /home/kadowaki/realsense_ws/build/obstacle_stop/build/lib/obstacle_stop/__init__.py -> /home/kadowaki/realsense_ws/install/obstacle_stop/lib/python3.10/site-packages/obstacle_stop
[0.739s] byte-compiling /home/kadowaki/realsense_ws/install/obstacle_stop/lib/python3.10/site-packages/obstacle_stop/cmd_vel_subscriber.py to cmd_vel_subscriber.cpython-310.pyc
[0.739s] byte-compiling /home/kadowaki/realsense_ws/install/obstacle_stop/lib/python3.10/site-packages/obstacle_stop/scan_stop_node.py to scan_stop_node.cpython-310.pyc
[0.739s] byte-compiling /home/kadowaki/realsense_ws/install/obstacle_stop/lib/python3.10/site-packages/obstacle_stop/pointcloud2_depth.py to pointcloud2_depth.cpython-310.pyc
[0.740s] byte-compiling /home/kadowaki/realsense_ws/install/obstacle_stop/lib/python3.10/site-packages/obstacle_stop/obstacle_stop_node.py to obstacle_stop_node.cpython-310.pyc
[0.740s] byte-compiling /home/kadowaki/realsense_ws/install/obstacle_stop/lib/python3.10/site-packages/obstacle_stop/__init__.py to __init__.cpython-310.pyc
[0.740s] running install_data
[0.740s] copying resource/obstacle_stop -> /home/kadowaki/realsense_ws/install/obstacle_stop/share/ament_index/resource_index/packages
[0.741s] copying package.xml -> /home/kadowaki/realsense_ws/install/obstacle_stop/share/obstacle_stop
[0.741s] running install_egg_info
[0.742s] Copying ../../build/obstacle_stop/obstacle_stop.egg-info to /home/kadowaki/realsense_ws/install/obstacle_stop/lib/python3.10/site-packages/obstacle_stop-0.0.0-py3.10.egg-info
[0.742s] running install_scripts
[0.753s] Installing cmd_vel_subscriber script to /home/kadowaki/realsense_ws/install/obstacle_stop/lib/obstacle_stop
[0.753s] Installing obstacle_stop_node script to /home/kadowaki/realsense_ws/install/obstacle_stop/lib/obstacle_stop
[0.753s] Installing pointcloud2_depth script to /home/kadowaki/realsense_ws/install/obstacle_stop/lib/obstacle_stop
[0.753s] Installing scan_stop_node script to /home/kadowaki/realsense_ws/install/obstacle_stop/lib/obstacle_stop
[0.753s] writing list of installed files to '/home/kadowaki/realsense_ws/build/obstacle_stop/install.log'
[0.766s] Invoked command in '/home/kadowaki/realsense_ws/src/obstacle_stop' returned '0': PYTHONPATH=/home/kadowaki/realsense_ws/build/obstacle_stop/prefix_override:/home/kadowaki/.local/lib/python3.10/site-packages/colcon_core/task/python/colcon_distutils_commands:/home/kadowaki/realsense_ws/install/obstacle_stop/lib/python3.10/site-packages:${PYTHONPATH} /usr/bin/python3 -W ignore:setup.py install is deprecated -W ignore:easy_install command is deprecated setup.py egg_info --egg-base ../../build/obstacle_stop build --build-base /home/kadowaki/realsense_ws/build/obstacle_stop/build install --record /home/kadowaki/realsense_ws/build/obstacle_stop/install.log --single-version-externally-managed install_data --force
