[0.130s] DEBUG:colcon:Command line arguments: ['/home/kadowaki/.local/bin/colcon', 'build']
[0.131s] DEBUG:colcon:Parsed command line arguments: Namespace(log_base=None, log_level=None, verb_name='build', build_base='build', install_base='install', merge_install=False, symlink_install=False, test_result_base=None, continue_on_error=False, executor='parallel', parallel_workers=24, event_handlers=None, ignore_user_meta=False, metas=['./colcon.meta'], base_paths=['.'], packages_ignore=None, packages_ignore_regex=None, paths=None, packages_up_to=None, packages_up_to_regex=None, packages_above=None, packages_above_and_dependencies=None, packages_above_depth=None, packages_select_by_dep=None, packages_skip_by_dep=None, packages_skip_up_to=None, packages_select_build_failed=False, packages_skip_build_finished=False, packages_select_test_failures=False, packages_skip_test_passed=False, packages_select=None, packages_skip=None, packages_select_regex=None, packages_skip_regex=None, packages_start=None, packages_end=None, allow_overriding=[], cmake_args=None, cmake_target=None, cmake_target_skip_unavailable=False, cmake_clean_cache=False, cmake_clean_first=False, cmake_force_configure=False, ament_cmake_args=None, catkin_cmake_args=None, catkin_skip_building_tests=False, verb_parser=<colcon_defaults.argument_parser.defaults.DefaultArgumentsDecorator object at 0x7b2cd0a50940>, verb_extension=<colcon_core.verb.build.BuildVerb object at 0x7b2cd0b51db0>, main=<bound method BuildVerb.main of <colcon_core.verb.build.BuildVerb object at 0x7b2cd0b51db0>>)
[0.241s] Level 1:colcon.colcon_core.package_discovery:discover_packages(colcon_meta) check parameters
[0.241s] Level 1:colcon.colcon_core.package_discovery:discover_packages(recursive) check parameters
[0.241s] Level 1:colcon.colcon_core.package_discovery:discover_packages(ignore) check parameters
[0.241s] Level 1:colcon.colcon_core.package_discovery:discover_packages(path) check parameters
[0.241s] Level 1:colcon.colcon_core.package_discovery:discover_packages(colcon_meta) discover
[0.241s] Level 1:colcon.colcon_core.package_discovery:discover_packages(recursive) discover
[0.241s] INFO:colcon.colcon_core.package_discovery:Crawling recursively for packages in '/home/kadowaki/realsense_ws'
[0.241s] Level 1:colcon.colcon_core.package_identification:_identify(.) by extensions ['ignore', 'ignore_ament_install']
[0.241s] Level 1:colcon.colcon_core.package_identification:_identify(.) by extension 'ignore'
[0.241s] Level 1:colcon.colcon_core.package_identification:_identify(.) by extension 'ignore_ament_install'
[0.241s] Level 1:colcon.colcon_core.package_identification:_identify(.) by extensions ['colcon_pkg']
[0.241s] Level 1:colcon.colcon_core.package_identification:_identify(.) by extension 'colcon_pkg'
[0.241s] Level 1:colcon.colcon_core.package_identification:_identify(.) by extensions ['colcon_meta']
[0.241s] Level 1:colcon.colcon_core.package_identification:_identify(.) by extension 'colcon_meta'
[0.241s] Level 1:colcon.colcon_core.package_identification:_identify(.) by extensions ['ros']
[0.242s] Level 1:colcon.colcon_core.package_identification:_identify(.) by extension 'ros'
[0.248s] Level 1:colcon.colcon_core.package_identification:_identify(.) by extensions ['cmake', 'python']
[0.248s] Level 1:colcon.colcon_core.package_identification:_identify(.) by extension 'cmake'
[0.249s] Level 1:colcon.colcon_core.package_identification:_identify(.) by extension 'python'
[0.249s] Level 1:colcon.colcon_core.package_identification:_identify(.) by extensions ['python_setup_py']
[0.249s] Level 1:colcon.colcon_core.package_identification:_identify(.) by extension 'python_setup_py'
[0.249s] Level 1:colcon.colcon_core.package_identification:_identify(build) by extensions ['ignore', 'ignore_ament_install']
[0.249s] Level 1:colcon.colcon_core.package_identification:_identify(build) by extension 'ignore'
[0.249s] Level 1:colcon.colcon_core.package_identification:_identify(build) ignored
[0.249s] Level 1:colcon.colcon_core.package_identification:_identify(install) by extensions ['ignore', 'ignore_ament_install']
[0.249s] Level 1:colcon.colcon_core.package_identification:_identify(install) by extension 'ignore'
[0.249s] Level 1:colcon.colcon_core.package_identification:_identify(install) ignored
[0.249s] Level 1:colcon.colcon_core.package_identification:_identify(log) by extensions ['ignore', 'ignore_ament_install']
[0.249s] Level 1:colcon.colcon_core.package_identification:_identify(log) by extension 'ignore'
[0.249s] Level 1:colcon.colcon_core.package_identification:_identify(log) ignored
[0.249s] Level 1:colcon.colcon_core.package_identification:_identify(src) by extensions ['ignore', 'ignore_ament_install']
[0.249s] Level 1:colcon.colcon_core.package_identification:_identify(src) by extension 'ignore'
[0.249s] Level 1:colcon.colcon_core.package_identification:_identify(src) by extension 'ignore_ament_install'
[0.249s] Level 1:colcon.colcon_core.package_identification:_identify(src) by extensions ['colcon_pkg']
[0.249s] Level 1:colcon.colcon_core.package_identification:_identify(src) by extension 'colcon_pkg'
[0.249s] Level 1:colcon.colcon_core.package_identification:_identify(src) by extensions ['colcon_meta']
[0.249s] Level 1:colcon.colcon_core.package_identification:_identify(src) by extension 'colcon_meta'
[0.249s] Level 1:colcon.colcon_core.package_identification:_identify(src) by extensions ['ros']
[0.249s] Level 1:colcon.colcon_core.package_identification:_identify(src) by extension 'ros'
[0.249s] Level 1:colcon.colcon_core.package_identification:_identify(src) by extensions ['cmake', 'python']
[0.249s] Level 1:colcon.colcon_core.package_identification:_identify(src) by extension 'cmake'
[0.249s] Level 1:colcon.colcon_core.package_identification:_identify(src) by extension 'python'
[0.249s] Level 1:colcon.colcon_core.package_identification:_identify(src) by extensions ['python_setup_py']
[0.249s] Level 1:colcon.colcon_core.package_identification:_identify(src) by extension 'python_setup_py'
[0.249s] Level 1:colcon.colcon_core.package_identification:_identify(src/build) by extensions ['ignore', 'ignore_ament_install']
[0.249s] Level 1:colcon.colcon_core.package_identification:_identify(src/build) by extension 'ignore'
[0.249s] Level 1:colcon.colcon_core.package_identification:_identify(src/build) ignored
[0.249s] Level 1:colcon.colcon_core.package_identification:_identify(src/install) by extensions ['ignore', 'ignore_ament_install']
[0.249s] Level 1:colcon.colcon_core.package_identification:_identify(src/install) by extension 'ignore'
[0.249s] Level 1:colcon.colcon_core.package_identification:_identify(src/install) ignored
[0.249s] Level 1:colcon.colcon_core.package_identification:_identify(src/log) by extensions ['ignore', 'ignore_ament_install']
[0.250s] Level 1:colcon.colcon_core.package_identification:_identify(src/log) by extension 'ignore'
[0.250s] Level 1:colcon.colcon_core.package_identification:_identify(src/log) ignored
[0.250s] Level 1:colcon.colcon_core.package_identification:_identify(src/obstacle_stop) by extensions ['ignore', 'ignore_ament_install']
[0.250s] Level 1:colcon.colcon_core.package_identification:_identify(src/obstacle_stop) by extension 'ignore'
[0.250s] Level 1:colcon.colcon_core.package_identification:_identify(src/obstacle_stop) by extension 'ignore_ament_install'
[0.250s] Level 1:colcon.colcon_core.package_identification:_identify(src/obstacle_stop) by extensions ['colcon_pkg']
[0.250s] Level 1:colcon.colcon_core.package_identification:_identify(src/obstacle_stop) by extension 'colcon_pkg'
[0.250s] Level 1:colcon.colcon_core.package_identification:_identify(src/obstacle_stop) by extensions ['colcon_meta']
[0.250s] Level 1:colcon.colcon_core.package_identification:_identify(src/obstacle_stop) by extension 'colcon_meta'
[0.250s] Level 1:colcon.colcon_core.package_identification:_identify(src/obstacle_stop) by extensions ['ros']
[0.250s] Level 1:colcon.colcon_core.package_identification:_identify(src/obstacle_stop) by extension 'ros'
[0.251s] DEBUG:colcon.colcon_core.package_identification:Package 'src/obstacle_stop' with type 'ros.ament_python' and name 'obstacle_stop'
[0.251s] Level 1:colcon.colcon_core.package_identification:_identify(src/pointcloud_tools) by extensions ['ignore', 'ignore_ament_install']
[0.251s] Level 1:colcon.colcon_core.package_identification:_identify(src/pointcloud_tools) by extension 'ignore'
[0.251s] Level 1:colcon.colcon_core.package_identification:_identify(src/pointcloud_tools) by extension 'ignore_ament_install'
[0.251s] Level 1:colcon.colcon_core.package_identification:_identify(src/pointcloud_tools) by extensions ['colcon_pkg']
[0.251s] Level 1:colcon.colcon_core.package_identification:_identify(src/pointcloud_tools) by extension 'colcon_pkg'
[0.251s] Level 1:colcon.colcon_core.package_identification:_identify(src/pointcloud_tools) by extensions ['colcon_meta']
[0.251s] Level 1:colcon.colcon_core.package_identification:_identify(src/pointcloud_tools) by extension 'colcon_meta'
[0.251s] Level 1:colcon.colcon_core.package_identification:_identify(src/pointcloud_tools) by extensions ['ros']
[0.251s] Level 1:colcon.colcon_core.package_identification:_identify(src/pointcloud_tools) by extension 'ros'
[0.252s] DEBUG:colcon.colcon_core.package_identification:Package 'src/pointcloud_tools' with type 'ros.ament_python' and name 'pointcloud_tools'
[0.252s] Level 1:colcon.colcon_core.package_identification:_identify(src/realsense-ros) by extensions ['ignore', 'ignore_ament_install']
[0.252s] Level 1:colcon.colcon_core.package_identification:_identify(src/realsense-ros) by extension 'ignore'
[0.252s] Level 1:colcon.colcon_core.package_identification:_identify(src/realsense-ros) by extension 'ignore_ament_install'
[0.252s] Level 1:colcon.colcon_core.package_identification:_identify(src/realsense-ros) by extensions ['colcon_pkg']
[0.252s] Level 1:colcon.colcon_core.package_identification:_identify(src/realsense-ros) by extension 'colcon_pkg'
[0.252s] Level 1:colcon.colcon_core.package_identification:_identify(src/realsense-ros) by extensions ['colcon_meta']
[0.252s] Level 1:colcon.colcon_core.package_identification:_identify(src/realsense-ros) by extension 'colcon_meta'
[0.252s] Level 1:colcon.colcon_core.package_identification:_identify(src/realsense-ros) by extensions ['ros']
[0.252s] Level 1:colcon.colcon_core.package_identification:_identify(src/realsense-ros) by extension 'ros'
[0.252s] Level 1:colcon.colcon_core.package_identification:_identify(src/realsense-ros) by extensions ['cmake', 'python']
[0.252s] Level 1:colcon.colcon_core.package_identification:_identify(src/realsense-ros) by extension 'cmake'
[0.252s] Level 1:colcon.colcon_core.package_identification:_identify(src/realsense-ros) by extension 'python'
[0.252s] Level 1:colcon.colcon_core.package_identification:_identify(src/realsense-ros) by extensions ['python_setup_py']
[0.252s] Level 1:colcon.colcon_core.package_identification:_identify(src/realsense-ros) by extension 'python_setup_py'
[0.252s] Level 1:colcon.colcon_core.package_identification:_identify(src/realsense-ros/realsense2_camera) by extensions ['ignore', 'ignore_ament_install']
[0.252s] Level 1:colcon.colcon_core.package_identification:_identify(src/realsense-ros/realsense2_camera) by extension 'ignore'
[0.252s] Level 1:colcon.colcon_core.package_identification:_identify(src/realsense-ros/realsense2_camera) by extension 'ignore_ament_install'
[0.252s] Level 1:colcon.colcon_core.package_identification:_identify(src/realsense-ros/realsense2_camera) by extensions ['colcon_pkg']
[0.252s] Level 1:colcon.colcon_core.package_identification:_identify(src/realsense-ros/realsense2_camera) by extension 'colcon_pkg'
[0.252s] Level 1:colcon.colcon_core.package_identification:_identify(src/realsense-ros/realsense2_camera) by extensions ['colcon_meta']
[0.252s] Level 1:colcon.colcon_core.package_identification:_identify(src/realsense-ros/realsense2_camera) by extension 'colcon_meta'
[0.252s] Level 1:colcon.colcon_core.package_identification:_identify(src/realsense-ros/realsense2_camera) by extensions ['ros']
[0.252s] Level 1:colcon.colcon_core.package_identification:_identify(src/realsense-ros/realsense2_camera) by extension 'ros'
[0.255s] DEBUG:colcon.colcon_core.package_identification:Package 'src/realsense-ros/realsense2_camera' with type 'ros.ament_cmake' and name 'realsense2_camera'
[0.255s] Level 1:colcon.colcon_core.package_identification:_identify(src/realsense-ros/realsense2_camera_msgs) by extensions ['ignore', 'ignore_ament_install']
[0.255s] Level 1:colcon.colcon_core.package_identification:_identify(src/realsense-ros/realsense2_camera_msgs) by extension 'ignore'
[0.255s] Level 1:colcon.colcon_core.package_identification:_identify(src/realsense-ros/realsense2_camera_msgs) by extension 'ignore_ament_install'
[0.255s] Level 1:colcon.colcon_core.package_identification:_identify(src/realsense-ros/realsense2_camera_msgs) by extensions ['colcon_pkg']
[0.255s] Level 1:colcon.colcon_core.package_identification:_identify(src/realsense-ros/realsense2_camera_msgs) by extension 'colcon_pkg'
[0.255s] Level 1:colcon.colcon_core.package_identification:_identify(src/realsense-ros/realsense2_camera_msgs) by extensions ['colcon_meta']
[0.255s] Level 1:colcon.colcon_core.package_identification:_identify(src/realsense-ros/realsense2_camera_msgs) by extension 'colcon_meta'
[0.255s] Level 1:colcon.colcon_core.package_identification:_identify(src/realsense-ros/realsense2_camera_msgs) by extensions ['ros']
[0.255s] Level 1:colcon.colcon_core.package_identification:_identify(src/realsense-ros/realsense2_camera_msgs) by extension 'ros'
[0.256s] DEBUG:colcon.colcon_core.package_identification:Package 'src/realsense-ros/realsense2_camera_msgs' with type 'ros.ament_cmake' and name 'realsense2_camera_msgs'
[0.256s] Level 1:colcon.colcon_core.package_identification:_identify(src/realsense-ros/realsense2_description) by extensions ['ignore', 'ignore_ament_install']
[0.256s] Level 1:colcon.colcon_core.package_identification:_identify(src/realsense-ros/realsense2_description) by extension 'ignore'
[0.256s] Level 1:colcon.colcon_core.package_identification:_identify(src/realsense-ros/realsense2_description) by extension 'ignore_ament_install'
[0.256s] Level 1:colcon.colcon_core.package_identification:_identify(src/realsense-ros/realsense2_description) by extensions ['colcon_pkg']
[0.256s] Level 1:colcon.colcon_core.package_identification:_identify(src/realsense-ros/realsense2_description) by extension 'colcon_pkg'
[0.256s] Level 1:colcon.colcon_core.package_identification:_identify(src/realsense-ros/realsense2_description) by extensions ['colcon_meta']
[0.256s] Level 1:colcon.colcon_core.package_identification:_identify(src/realsense-ros/realsense2_description) by extension 'colcon_meta'
[0.256s] Level 1:colcon.colcon_core.package_identification:_identify(src/realsense-ros/realsense2_description) by extensions ['ros']
[0.256s] Level 1:colcon.colcon_core.package_identification:_identify(src/realsense-ros/realsense2_description) by extension 'ros'
[0.256s] DEBUG:colcon.colcon_core.package_identification:Package 'src/realsense-ros/realsense2_description' with type 'ros.ament_cmake' and name 'realsense2_description'
[0.256s] Level 1:colcon.colcon_core.package_identification:_identify(src/realsense-ros/scripts) by extensions ['ignore', 'ignore_ament_install']
[0.256s] Level 1:colcon.colcon_core.package_identification:_identify(src/realsense-ros/scripts) by extension 'ignore'
[0.256s] Level 1:colcon.colcon_core.package_identification:_identify(src/realsense-ros/scripts) by extension 'ignore_ament_install'
[0.257s] Level 1:colcon.colcon_core.package_identification:_identify(src/realsense-ros/scripts) by extensions ['colcon_pkg']
[0.257s] Level 1:colcon.colcon_core.package_identification:_identify(src/realsense-ros/scripts) by extension 'colcon_pkg'
[0.257s] Level 1:colcon.colcon_core.package_identification:_identify(src/realsense-ros/scripts) by extensions ['colcon_meta']
[0.257s] Level 1:colcon.colcon_core.package_identification:_identify(src/realsense-ros/scripts) by extension 'colcon_meta'
[0.257s] Level 1:colcon.colcon_core.package_identification:_identify(src/realsense-ros/scripts) by extensions ['ros']
[0.257s] Level 1:colcon.colcon_core.package_identification:_identify(src/realsense-ros/scripts) by extension 'ros'
[0.257s] Level 1:colcon.colcon_core.package_identification:_identify(src/realsense-ros/scripts) by extensions ['cmake', 'python']
[0.257s] Level 1:colcon.colcon_core.package_identification:_identify(src/realsense-ros/scripts) by extension 'cmake'
[0.257s] Level 1:colcon.colcon_core.package_identification:_identify(src/realsense-ros/scripts) by extension 'python'
[0.257s] Level 1:colcon.colcon_core.package_identification:_identify(src/realsense-ros/scripts) by extensions ['python_setup_py']
[0.257s] Level 1:colcon.colcon_core.package_identification:_identify(src/realsense-ros/scripts) by extension 'python_setup_py'
[0.257s] Level 1:colcon.colcon_core.package_identification:_identify(src/realsense_obstaclestop) by extensions ['ignore', 'ignore_ament_install']
[0.257s] Level 1:colcon.colcon_core.package_identification:_identify(src/realsense_obstaclestop) by extension 'ignore'
[0.257s] Level 1:colcon.colcon_core.package_identification:_identify(src/realsense_obstaclestop) by extension 'ignore_ament_install'
[0.257s] Level 1:colcon.colcon_core.package_identification:_identify(src/realsense_obstaclestop) by extensions ['colcon_pkg']
[0.257s] Level 1:colcon.colcon_core.package_identification:_identify(src/realsense_obstaclestop) by extension 'colcon_pkg'
[0.257s] Level 1:colcon.colcon_core.package_identification:_identify(src/realsense_obstaclestop) by extensions ['colcon_meta']
[0.257s] Level 1:colcon.colcon_core.package_identification:_identify(src/realsense_obstaclestop) by extension 'colcon_meta'
[0.257s] Level 1:colcon.colcon_core.package_identification:_identify(src/realsense_obstaclestop) by extensions ['ros']
[0.257s] Level 1:colcon.colcon_core.package_identification:_identify(src/realsense_obstaclestop) by extension 'ros'
[0.257s] Level 1:colcon.colcon_core.package_identification:_identify(src/realsense_obstaclestop) by extensions ['cmake', 'python']
[0.257s] Level 1:colcon.colcon_core.package_identification:_identify(src/realsense_obstaclestop) by extension 'cmake'
[0.257s] Level 1:colcon.colcon_core.package_identification:_identify(src/realsense_obstaclestop) by extension 'python'
[0.257s] Level 1:colcon.colcon_core.package_identification:_identify(src/realsense_obstaclestop) by extensions ['python_setup_py']
[0.257s] Level 1:colcon.colcon_core.package_identification:_identify(src/realsense_obstaclestop) by extension 'python_setup_py'
[0.257s] Level 1:colcon.colcon_core.package_discovery:discover_packages(recursive) using defaults
[0.257s] Level 1:colcon.colcon_core.package_discovery:discover_packages(ignore) discover
[0.257s] Level 1:colcon.colcon_core.package_discovery:discover_packages(ignore) using defaults
[0.257s] Level 1:colcon.colcon_core.package_discovery:discover_packages(path) discover
[0.257s] Level 1:colcon.colcon_core.package_discovery:discover_packages(path) using defaults
[0.272s] Level 1:colcon.colcon_core.package_discovery:discover_packages(prefix_path) check parameters
[0.272s] Level 1:colcon.colcon_core.package_discovery:discover_packages(prefix_path) discover
[0.274s] DEBUG:colcon.colcon_installed_package_information.package_discovery:Found 5 installed packages in /home/kadowaki/realsense_ws/install
[0.274s] DEBUG:colcon.colcon_installed_package_information.package_discovery:Found 4 installed packages in /home/kadowaki/install
[0.275s] DEBUG:colcon.colcon_installed_package_information.package_discovery:Found 283 installed packages in /opt/ros/humble
[0.280s] Level 1:colcon.colcon_core.package_discovery:discover_packages(prefix_path) using defaults
[0.298s] Level 5:colcon.colcon_core.verb:set package 'obstacle_stop' build argument 'cmake_args' from command line to 'None'
[0.298s] Level 5:colcon.colcon_core.verb:set package 'obstacle_stop' build argument 'cmake_target' from command line to 'None'
[0.298s] Level 5:colcon.colcon_core.verb:set package 'obstacle_stop' build argument 'cmake_target_skip_unavailable' from command line to 'False'
[0.298s] Level 5:colcon.colcon_core.verb:set package 'obstacle_stop' build argument 'cmake_clean_cache' from command line to 'False'
[0.298s] Level 5:colcon.colcon_core.verb:set package 'obstacle_stop' build argument 'cmake_clean_first' from command line to 'False'
[0.298s] Level 5:colcon.colcon_core.verb:set package 'obstacle_stop' build argument 'cmake_force_configure' from command line to 'False'
[0.298s] Level 5:colcon.colcon_core.verb:set package 'obstacle_stop' build argument 'ament_cmake_args' from command line to 'None'
[0.298s] Level 5:colcon.colcon_core.verb:set package 'obstacle_stop' build argument 'catkin_cmake_args' from command line to 'None'
[0.299s] Level 5:colcon.colcon_core.verb:set package 'obstacle_stop' build argument 'catkin_skip_building_tests' from command line to 'False'
[0.299s] DEBUG:colcon.colcon_core.verb:Building package 'obstacle_stop' with the following arguments: {'ament_cmake_args': None, 'build_base': '/home/kadowaki/realsense_ws/build/obstacle_stop', 'catkin_cmake_args': None, 'catkin_skip_building_tests': False, 'cmake_args': None, 'cmake_clean_cache': False, 'cmake_clean_first': False, 'cmake_force_configure': False, 'cmake_target': None, 'cmake_target_skip_unavailable': False, 'install_base': '/home/kadowaki/realsense_ws/install/obstacle_stop', 'merge_install': False, 'path': '/home/kadowaki/realsense_ws/src/obstacle_stop', 'symlink_install': False, 'test_result_base': None}
[0.299s] Level 5:colcon.colcon_core.verb:set package 'pointcloud_tools' build argument 'cmake_args' from command line to 'None'
[0.299s] Level 5:colcon.colcon_core.verb:set package 'pointcloud_tools' build argument 'cmake_target' from command line to 'None'
[0.299s] Level 5:colcon.colcon_core.verb:set package 'pointcloud_tools' build argument 'cmake_target_skip_unavailable' from command line to 'False'
[0.299s] Level 5:colcon.colcon_core.verb:set package 'pointcloud_tools' build argument 'cmake_clean_cache' from command line to 'False'
[0.299s] Level 5:colcon.colcon_core.verb:set package 'pointcloud_tools' build argument 'cmake_clean_first' from command line to 'False'
[0.299s] Level 5:colcon.colcon_core.verb:set package 'pointcloud_tools' build argument 'cmake_force_configure' from command line to 'False'
[0.299s] Level 5:colcon.colcon_core.verb:set package 'pointcloud_tools' build argument 'ament_cmake_args' from command line to 'None'
[0.299s] Level 5:colcon.colcon_core.verb:set package 'pointcloud_tools' build argument 'catkin_cmake_args' from command line to 'None'
[0.299s] Level 5:colcon.colcon_core.verb:set package 'pointcloud_tools' build argument 'catkin_skip_building_tests' from command line to 'False'
[0.299s] DEBUG:colcon.colcon_core.verb:Building package 'pointcloud_tools' with the following arguments: {'ament_cmake_args': None, 'build_base': '/home/kadowaki/realsense_ws/build/pointcloud_tools', 'catkin_cmake_args': None, 'catkin_skip_building_tests': False, 'cmake_args': None, 'cmake_clean_cache': False, 'cmake_clean_first': False, 'cmake_force_configure': False, 'cmake_target': None, 'cmake_target_skip_unavailable': False, 'install_base': '/home/kadowaki/realsense_ws/install/pointcloud_tools', 'merge_install': False, 'path': '/home/kadowaki/realsense_ws/src/pointcloud_tools', 'symlink_install': False, 'test_result_base': None}
[0.299s] Level 5:colcon.colcon_core.verb:set package 'realsense2_camera_msgs' build argument 'cmake_args' from command line to 'None'
[0.299s] Level 5:colcon.colcon_core.verb:set package 'realsense2_camera_msgs' build argument 'cmake_target' from command line to 'None'
[0.299s] Level 5:colcon.colcon_core.verb:set package 'realsense2_camera_msgs' build argument 'cmake_target_skip_unavailable' from command line to 'False'
[0.299s] Level 5:colcon.colcon_core.verb:set package 'realsense2_camera_msgs' build argument 'cmake_clean_cache' from command line to 'False'
[0.299s] Level 5:colcon.colcon_core.verb:set package 'realsense2_camera_msgs' build argument 'cmake_clean_first' from command line to 'False'
[0.299s] Level 5:colcon.colcon_core.verb:set package 'realsense2_camera_msgs' build argument 'cmake_force_configure' from command line to 'False'
[0.299s] Level 5:colcon.colcon_core.verb:set package 'realsense2_camera_msgs' build argument 'ament_cmake_args' from command line to 'None'
[0.299s] Level 5:colcon.colcon_core.verb:set package 'realsense2_camera_msgs' build argument 'catkin_cmake_args' from command line to 'None'
[0.299s] Level 5:colcon.colcon_core.verb:set package 'realsense2_camera_msgs' build argument 'catkin_skip_building_tests' from command line to 'False'
[0.299s] DEBUG:colcon.colcon_core.verb:Building package 'realsense2_camera_msgs' with the following arguments: {'ament_cmake_args': None, 'build_base': '/home/kadowaki/realsense_ws/build/realsense2_camera_msgs', 'catkin_cmake_args': None, 'catkin_skip_building_tests': False, 'cmake_args': None, 'cmake_clean_cache': False, 'cmake_clean_first': False, 'cmake_force_configure': False, 'cmake_target': None, 'cmake_target_skip_unavailable': False, 'install_base': '/home/kadowaki/realsense_ws/install/realsense2_camera_msgs', 'merge_install': False, 'path': '/home/kadowaki/realsense_ws/src/realsense-ros/realsense2_camera_msgs', 'symlink_install': False, 'test_result_base': None}
[0.299s] Level 5:colcon.colcon_core.verb:set package 'realsense2_camera' build argument 'cmake_args' from command line to 'None'
[0.299s] Level 5:colcon.colcon_core.verb:set package 'realsense2_camera' build argument 'cmake_target' from command line to 'None'
[0.299s] Level 5:colcon.colcon_core.verb:set package 'realsense2_camera' build argument 'cmake_target_skip_unavailable' from command line to 'False'
[0.299s] Level 5:colcon.colcon_core.verb:set package 'realsense2_camera' build argument 'cmake_clean_cache' from command line to 'False'
[0.299s] Level 5:colcon.colcon_core.verb:set package 'realsense2_camera' build argument 'cmake_clean_first' from command line to 'False'
[0.299s] Level 5:colcon.colcon_core.verb:set package 'realsense2_camera' build argument 'cmake_force_configure' from command line to 'False'
[0.299s] Level 5:colcon.colcon_core.verb:set package 'realsense2_camera' build argument 'ament_cmake_args' from command line to 'None'
[0.299s] Level 5:colcon.colcon_core.verb:set package 'realsense2_camera' build argument 'catkin_cmake_args' from command line to 'None'
[0.299s] Level 5:colcon.colcon_core.verb:set package 'realsense2_camera' build argument 'catkin_skip_building_tests' from command line to 'False'
[0.299s] DEBUG:colcon.colcon_core.verb:Building package 'realsense2_camera' with the following arguments: {'ament_cmake_args': None, 'build_base': '/home/kadowaki/realsense_ws/build/realsense2_camera', 'catkin_cmake_args': None, 'catkin_skip_building_tests': False, 'cmake_args': None, 'cmake_clean_cache': False, 'cmake_clean_first': False, 'cmake_force_configure': False, 'cmake_target': None, 'cmake_target_skip_unavailable': False, 'install_base': '/home/kadowaki/realsense_ws/install/realsense2_camera', 'merge_install': False, 'path': '/home/kadowaki/realsense_ws/src/realsense-ros/realsense2_camera', 'symlink_install': False, 'test_result_base': None}
[0.299s] Level 5:colcon.colcon_core.verb:set package 'realsense2_description' build argument 'cmake_args' from command line to 'None'
[0.299s] Level 5:colcon.colcon_core.verb:set package 'realsense2_description' build argument 'cmake_target' from command line to 'None'
[0.299s] Level 5:colcon.colcon_core.verb:set package 'realsense2_description' build argument 'cmake_target_skip_unavailable' from command line to 'False'
[0.299s] Level 5:colcon.colcon_core.verb:set package 'realsense2_description' build argument 'cmake_clean_cache' from command line to 'False'
[0.299s] Level 5:colcon.colcon_core.verb:set package 'realsense2_description' build argument 'cmake_clean_first' from command line to 'False'
[0.299s] Level 5:colcon.colcon_core.verb:set package 'realsense2_description' build argument 'cmake_force_configure' from command line to 'False'
[0.300s] Level 5:colcon.colcon_core.verb:set package 'realsense2_description' build argument 'ament_cmake_args' from command line to 'None'
[0.300s] Level 5:colcon.colcon_core.verb:set package 'realsense2_description' build argument 'catkin_cmake_args' from command line to 'None'
[0.300s] Level 5:colcon.colcon_core.verb:set package 'realsense2_description' build argument 'catkin_skip_building_tests' from command line to 'False'
[0.300s] DEBUG:colcon.colcon_core.verb:Building package 'realsense2_description' with the following arguments: {'ament_cmake_args': None, 'build_base': '/home/kadowaki/realsense_ws/build/realsense2_description', 'catkin_cmake_args': None, 'catkin_skip_building_tests': False, 'cmake_args': None, 'cmake_clean_cache': False, 'cmake_clean_first': False, 'cmake_force_configure': False, 'cmake_target': None, 'cmake_target_skip_unavailable': False, 'install_base': '/home/kadowaki/realsense_ws/install/realsense2_description', 'merge_install': False, 'path': '/home/kadowaki/realsense_ws/src/realsense-ros/realsense2_description', 'symlink_install': False, 'test_result_base': None}
[0.300s] INFO:colcon.colcon_core.executor:Executing jobs using 'parallel' executor
[0.300s] DEBUG:colcon.colcon_parallel_executor.executor.parallel:run_until_complete
[0.300s] INFO:colcon.colcon_ros.task.ament_cmake.build:Building ROS package in '/home/kadowaki/realsense_ws/src/realsense-ros/realsense2_camera_msgs' with build type 'ament_cmake'
[0.300s] INFO:colcon.colcon_cmake.task.cmake.build:Building CMake package in '/home/kadowaki/realsense_ws/src/realsense-ros/realsense2_camera_msgs'
[0.303s] INFO:colcon.colcon_core.plugin_system:Skipping extension 'colcon_core.shell.bat': Not used on non-Windows systems
[0.303s] INFO:colcon.colcon_core.shell:Skip shell extension 'powershell' for command environment: Not usable outside of PowerShell
[0.303s] DEBUG:colcon.colcon_core.shell:Skip shell extension 'dsv' for command environment
[0.305s] INFO:colcon.colcon_ros.task.ament_python.build:Building ROS package in '/home/kadowaki/realsense_ws/src/obstacle_stop' with build type 'ament_python'
[0.305s] Level 1:colcon.colcon_core.shell:create_environment_hook('obstacle_stop', 'ament_prefix_path')
[0.305s] INFO:colcon.colcon_core.shell:Creating environment hook '/home/kadowaki/realsense_ws/install/obstacle_stop/share/obstacle_stop/hook/ament_prefix_path.ps1'
[0.306s] INFO:colcon.colcon_core.shell:Creating environment descriptor '/home/kadowaki/realsense_ws/install/obstacle_stop/share/obstacle_stop/hook/ament_prefix_path.dsv'
[0.306s] INFO:colcon.colcon_core.shell:Creating environment hook '/home/kadowaki/realsense_ws/install/obstacle_stop/share/obstacle_stop/hook/ament_prefix_path.sh'
[0.306s] INFO:colcon.colcon_core.shell:Skip shell extension 'powershell' for command environment: Not usable outside of PowerShell
[0.306s] DEBUG:colcon.colcon_core.shell:Skip shell extension 'dsv' for command environment
[0.308s] INFO:colcon.colcon_ros.task.ament_python.build:Building ROS package in '/home/kadowaki/realsense_ws/src/pointcloud_tools' with build type 'ament_python'
[0.308s] Level 1:colcon.colcon_core.shell:create_environment_hook('pointcloud_tools', 'ament_prefix_path')
[0.308s] INFO:colcon.colcon_core.shell:Creating environment hook '/home/kadowaki/realsense_ws/install/pointcloud_tools/share/pointcloud_tools/hook/ament_prefix_path.ps1'
[0.308s] INFO:colcon.colcon_core.shell:Creating environment descriptor '/home/kadowaki/realsense_ws/install/pointcloud_tools/share/pointcloud_tools/hook/ament_prefix_path.dsv'
[0.308s] INFO:colcon.colcon_core.shell:Creating environment hook '/home/kadowaki/realsense_ws/install/pointcloud_tools/share/pointcloud_tools/hook/ament_prefix_path.sh'
[0.309s] INFO:colcon.colcon_core.shell:Skip shell extension 'powershell' for command environment: Not usable outside of PowerShell
[0.309s] DEBUG:colcon.colcon_core.shell:Skip shell extension 'dsv' for command environment
[0.313s] DEBUG:colcon.colcon_core.event_handler.log_command:Invoking command in '/home/kadowaki/realsense_ws/build/realsense2_camera_msgs': CMAKE_PREFIX_PATH=${CMAKE_PREFIX_PATH}:/home/kadowaki/realsense_ws/install/pointcloud_tools:/home/kadowaki/realsense_ws/install/obstacle_stop:/home/kadowaki/install/obstacle_stop:/opt/ros/humble /usr/bin/cmake --build /home/kadowaki/realsense_ws/build/realsense2_camera_msgs -- -j24 -l24
[0.440s] INFO:colcon.colcon_core.task.python.build:Building Python package in '/home/kadowaki/realsense_ws/src/obstacle_stop'
[0.440s] INFO:colcon.colcon_core.shell:Skip shell extension 'powershell' for command environment: Not usable outside of PowerShell
[0.440s] DEBUG:colcon.colcon_core.shell:Skip shell extension 'dsv' for command environment
[0.568s] INFO:colcon.colcon_core.task.python.build:Building Python package in '/home/kadowaki/realsense_ws/src/pointcloud_tools'
[0.568s] INFO:colcon.colcon_core.shell:Skip shell extension 'powershell' for command environment: Not usable outside of PowerShell
[0.568s] DEBUG:colcon.colcon_core.shell:Skip shell extension 'dsv' for command environment
[0.572s] DEBUG:colcon.colcon_core.event_handler.log_command:Invoked command in '/home/kadowaki/realsense_ws/build/realsense2_camera_msgs' returned '0': CMAKE_PREFIX_PATH=${CMAKE_PREFIX_PATH}:/home/kadowaki/realsense_ws/install/pointcloud_tools:/home/kadowaki/realsense_ws/install/obstacle_stop:/home/kadowaki/install/obstacle_stop:/opt/ros/humble /usr/bin/cmake --build /home/kadowaki/realsense_ws/build/realsense2_camera_msgs -- -j24 -l24
[0.579s] DEBUG:colcon.colcon_core.event_handler.log_command:Invoking command in '/home/kadowaki/realsense_ws/build/realsense2_camera_msgs': CMAKE_PREFIX_PATH=${CMAKE_PREFIX_PATH}:/home/kadowaki/realsense_ws/install/pointcloud_tools:/home/kadowaki/realsense_ws/install/obstacle_stop:/home/kadowaki/install/obstacle_stop:/opt/ros/humble /usr/bin/cmake --install /home/kadowaki/realsense_ws/build/realsense2_camera_msgs
[0.635s] Level 1:colcon.colcon_core.environment:create_environment_scripts_only(realsense2_camera_msgs)
[0.635s] DEBUG:colcon.colcon_core.event_handler.log_command:Invoked command in '/home/kadowaki/realsense_ws/build/realsense2_camera_msgs' returned '0': CMAKE_PREFIX_PATH=${CMAKE_PREFIX_PATH}:/home/kadowaki/realsense_ws/install/pointcloud_tools:/home/kadowaki/realsense_ws/install/obstacle_stop:/home/kadowaki/install/obstacle_stop:/opt/ros/humble /usr/bin/cmake --install /home/kadowaki/realsense_ws/build/realsense2_camera_msgs
[0.639s] Level 1:colcon.colcon_core.environment:checking '/home/kadowaki/realsense_ws/install/realsense2_camera_msgs' for CMake module files
[0.640s] Level 1:colcon.colcon_core.environment:checking '/home/kadowaki/realsense_ws/install/realsense2_camera_msgs' for CMake config files
[0.640s] Level 1:colcon.colcon_core.shell:create_environment_hook('realsense2_camera_msgs', 'cmake_prefix_path')
[0.640s] INFO:colcon.colcon_core.shell:Creating environment hook '/home/kadowaki/realsense_ws/install/realsense2_camera_msgs/share/realsense2_camera_msgs/hook/cmake_prefix_path.ps1'
[0.640s] INFO:colcon.colcon_core.shell:Creating environment descriptor '/home/kadowaki/realsense_ws/install/realsense2_camera_msgs/share/realsense2_camera_msgs/hook/cmake_prefix_path.dsv'
[0.641s] INFO:colcon.colcon_core.shell:Creating environment hook '/home/kadowaki/realsense_ws/install/realsense2_camera_msgs/share/realsense2_camera_msgs/hook/cmake_prefix_path.sh'
[0.641s] Level 1:colcon.colcon_core.environment:checking '/home/kadowaki/realsense_ws/install/realsense2_camera_msgs/lib'
[0.641s] Level 1:colcon.colcon_core.shell:create_environment_hook('realsense2_camera_msgs', 'ld_library_path_lib')
[0.642s] INFO:colcon.colcon_core.shell:Creating environment hook '/home/kadowaki/realsense_ws/install/realsense2_camera_msgs/share/realsense2_camera_msgs/hook/ld_library_path_lib.ps1'
[0.642s] INFO:colcon.colcon_core.shell:Creating environment descriptor '/home/kadowaki/realsense_ws/install/realsense2_camera_msgs/share/realsense2_camera_msgs/hook/ld_library_path_lib.dsv'
[0.642s] INFO:colcon.colcon_core.shell:Creating environment hook '/home/kadowaki/realsense_ws/install/realsense2_camera_msgs/share/realsense2_camera_msgs/hook/ld_library_path_lib.sh'
[0.643s] Level 1:colcon.colcon_core.environment:checking '/home/kadowaki/realsense_ws/install/realsense2_camera_msgs/bin'
[0.643s] Level 1:colcon.colcon_core.environment:checking '/home/kadowaki/realsense_ws/install/realsense2_camera_msgs/lib/pkgconfig/realsense2_camera_msgs.pc'
[0.643s] Level 1:colcon.colcon_core.environment:checking '/home/kadowaki/realsense_ws/install/realsense2_camera_msgs/lib/python3.10/site-packages'
[0.643s] Level 1:colcon.colcon_core.environment:checking '/home/kadowaki/realsense_ws/install/realsense2_camera_msgs/bin'
[0.643s] INFO:colcon.colcon_core.shell:Creating package script '/home/kadowaki/realsense_ws/install/realsense2_camera_msgs/share/realsense2_camera_msgs/package.ps1'
[0.644s] INFO:colcon.colcon_core.shell:Creating package descriptor '/home/kadowaki/realsense_ws/install/realsense2_camera_msgs/share/realsense2_camera_msgs/package.dsv'
[0.645s] INFO:colcon.colcon_core.shell:Creating package script '/home/kadowaki/realsense_ws/install/realsense2_camera_msgs/share/realsense2_camera_msgs/package.sh'
[0.646s] INFO:colcon.colcon_core.shell:Creating package script '/home/kadowaki/realsense_ws/install/realsense2_camera_msgs/share/realsense2_camera_msgs/package.bash'
[0.646s] INFO:colcon.colcon_core.shell:Creating package script '/home/kadowaki/realsense_ws/install/realsense2_camera_msgs/share/realsense2_camera_msgs/package.zsh'
[0.647s] Level 1:colcon.colcon_core.environment:create_file_with_runtime_dependencies(/home/kadowaki/realsense_ws/install/realsense2_camera_msgs/share/colcon-core/packages/realsense2_camera_msgs)
[0.648s] Level 1:colcon.colcon_core.environment:create_environment_scripts_only(realsense2_camera_msgs)
[0.648s] Level 1:colcon.colcon_core.environment:checking '/home/kadowaki/realsense_ws/install/realsense2_camera_msgs' for CMake module files
[0.648s] Level 1:colcon.colcon_core.environment:checking '/home/kadowaki/realsense_ws/install/realsense2_camera_msgs' for CMake config files
[0.649s] Level 1:colcon.colcon_core.shell:create_environment_hook('realsense2_camera_msgs', 'cmake_prefix_path')
[0.649s] INFO:colcon.colcon_core.shell:Creating environment hook '/home/kadowaki/realsense_ws/install/realsense2_camera_msgs/share/realsense2_camera_msgs/hook/cmake_prefix_path.ps1'
[0.649s] INFO:colcon.colcon_core.shell:Creating environment descriptor '/home/kadowaki/realsense_ws/install/realsense2_camera_msgs/share/realsense2_camera_msgs/hook/cmake_prefix_path.dsv'
[0.649s] INFO:colcon.colcon_core.shell:Creating environment hook '/home/kadowaki/realsense_ws/install/realsense2_camera_msgs/share/realsense2_camera_msgs/hook/cmake_prefix_path.sh'
[0.650s] Level 1:colcon.colcon_core.environment:checking '/home/kadowaki/realsense_ws/install/realsense2_camera_msgs/lib'
[0.650s] Level 1:colcon.colcon_core.shell:create_environment_hook('realsense2_camera_msgs', 'ld_library_path_lib')
[0.650s] INFO:colcon.colcon_core.shell:Creating environment hook '/home/kadowaki/realsense_ws/install/realsense2_camera_msgs/share/realsense2_camera_msgs/hook/ld_library_path_lib.ps1'
[0.650s] INFO:colcon.colcon_core.shell:Creating environment descriptor '/home/kadowaki/realsense_ws/install/realsense2_camera_msgs/share/realsense2_camera_msgs/hook/ld_library_path_lib.dsv'
[0.651s] INFO:colcon.colcon_core.shell:Creating environment hook '/home/kadowaki/realsense_ws/install/realsense2_camera_msgs/share/realsense2_camera_msgs/hook/ld_library_path_lib.sh'
[0.651s] Level 1:colcon.colcon_core.environment:checking '/home/kadowaki/realsense_ws/install/realsense2_camera_msgs/bin'
[0.651s] Level 1:colcon.colcon_core.environment:checking '/home/kadowaki/realsense_ws/install/realsense2_camera_msgs/lib/pkgconfig/realsense2_camera_msgs.pc'
[0.651s] Level 1:colcon.colcon_core.environment:checking '/home/kadowaki/realsense_ws/install/realsense2_camera_msgs/lib/python3.10/site-packages'
[0.651s] Level 1:colcon.colcon_core.environment:checking '/home/kadowaki/realsense_ws/install/realsense2_camera_msgs/bin'
[0.652s] INFO:colcon.colcon_core.shell:Creating package script '/home/kadowaki/realsense_ws/install/realsense2_camera_msgs/share/realsense2_camera_msgs/package.ps1'
[0.652s] INFO:colcon.colcon_core.shell:Creating package descriptor '/home/kadowaki/realsense_ws/install/realsense2_camera_msgs/share/realsense2_camera_msgs/package.dsv'
[0.652s] INFO:colcon.colcon_core.shell:Creating package script '/home/kadowaki/realsense_ws/install/realsense2_camera_msgs/share/realsense2_camera_msgs/package.sh'
[0.653s] INFO:colcon.colcon_core.shell:Creating package script '/home/kadowaki/realsense_ws/install/realsense2_camera_msgs/share/realsense2_camera_msgs/package.bash'
[0.653s] INFO:colcon.colcon_core.shell:Creating package script '/home/kadowaki/realsense_ws/install/realsense2_camera_msgs/share/realsense2_camera_msgs/package.zsh'
[0.654s] Level 1:colcon.colcon_core.environment:create_file_with_runtime_dependencies(/home/kadowaki/realsense_ws/install/realsense2_camera_msgs/share/colcon-core/packages/realsense2_camera_msgs)
[0.654s] INFO:colcon.colcon_ros.task.ament_cmake.build:Building ROS package in '/home/kadowaki/realsense_ws/src/realsense-ros/realsense2_camera' with build type 'ament_cmake'
[0.654s] INFO:colcon.colcon_cmake.task.cmake.build:Building CMake package in '/home/kadowaki/realsense_ws/src/realsense-ros/realsense2_camera'
[0.654s] INFO:colcon.colcon_core.shell:Skip shell extension 'powershell' for command environment: Not usable outside of PowerShell
[0.654s] DEBUG:colcon.colcon_core.shell:Skip shell extension 'dsv' for command environment
[0.657s] INFO:colcon.colcon_ros.task.ament_cmake.build:Building ROS package in '/home/kadowaki/realsense_ws/src/realsense-ros/realsense2_description' with build type 'ament_cmake'
[0.658s] INFO:colcon.colcon_cmake.task.cmake.build:Building CMake package in '/home/kadowaki/realsense_ws/src/realsense-ros/realsense2_description'
[0.658s] INFO:colcon.colcon_core.shell:Skip shell extension 'powershell' for command environment: Not usable outside of PowerShell
[0.658s] DEBUG:colcon.colcon_core.shell:Skip shell extension 'dsv' for command environment
[0.664s] DEBUG:colcon.colcon_core.event_handler.log_command:Invoking command in '/home/kadowaki/realsense_ws/build/realsense2_camera': CMAKE_PREFIX_PATH=/home/kadowaki/realsense_ws/install/realsense2_camera_msgs:/home/kadowaki/realsense_ws/install/realsense2_description:/home/kadowaki/realsense_ws/install/realsense2_camera:/home/kadowaki/install/realsense2_description:/home/kadowaki/install/realsense2_camera:/home/kadowaki/install/realsense2_camera_msgs:/home/kadowaki/realsense_ws/install/pointcloud_tools:/home/kadowaki/realsense_ws/install/obstacle_stop:/home/kadowaki/install/obstacle_stop:/opt/ros/humble LD_LIBRARY_PATH=/home/kadowaki/realsense_ws/install/realsense2_camera_msgs/lib:/home/kadowaki/realsense_ws/install/realsense2_camera/lib:/home/kadowaki/install/realsense2_camera/lib:/home/kadowaki/install/realsense2_camera_msgs/lib:/usr/lib/x86_64-linux-gnu/gazebo-11/plugins:/opt/ros/humble/opt/rviz_ogre_vendor/lib:/opt/ros/humble/lib/x86_64-linux-gnu:/opt/ros/humble/lib /usr/bin/cmake --build /home/kadowaki/realsense_ws/build/realsense2_camera -- -j24 -l24
[0.666s] DEBUG:colcon.colcon_core.event_handler.log_command:Invoking command in '/home/kadowaki/realsense_ws/build/realsense2_description': CMAKE_PREFIX_PATH=/home/kadowaki/realsense_ws/install/realsense2_camera_msgs:/home/kadowaki/realsense_ws/install/realsense2_description:/home/kadowaki/realsense_ws/install/realsense2_camera:/home/kadowaki/install/realsense2_description:/home/kadowaki/install/realsense2_camera:/home/kadowaki/install/realsense2_camera_msgs:/home/kadowaki/realsense_ws/install/pointcloud_tools:/home/kadowaki/realsense_ws/install/obstacle_stop:/home/kadowaki/install/obstacle_stop:/opt/ros/humble LD_LIBRARY_PATH=/home/kadowaki/realsense_ws/install/realsense2_camera_msgs/lib:/home/kadowaki/realsense_ws/install/realsense2_camera/lib:/home/kadowaki/install/realsense2_camera/lib:/home/kadowaki/install/realsense2_camera_msgs/lib:/usr/lib/x86_64-linux-gnu/gazebo-11/plugins:/opt/ros/humble/opt/rviz_ogre_vendor/lib:/opt/ros/humble/lib/x86_64-linux-gnu:/opt/ros/humble/lib /usr/bin/cmake --build /home/kadowaki/realsense_ws/build/realsense2_description -- -j24 -l24
[0.688s] DEBUG:colcon.colcon_core.event_handler.log_command:Invoked command in '/home/kadowaki/realsense_ws/build/realsense2_description' returned '0': CMAKE_PREFIX_PATH=/home/kadowaki/realsense_ws/install/realsense2_camera_msgs:/home/kadowaki/realsense_ws/install/realsense2_description:/home/kadowaki/realsense_ws/install/realsense2_camera:/home/kadowaki/install/realsense2_description:/home/kadowaki/install/realsense2_camera:/home/kadowaki/install/realsense2_camera_msgs:/home/kadowaki/realsense_ws/install/pointcloud_tools:/home/kadowaki/realsense_ws/install/obstacle_stop:/home/kadowaki/install/obstacle_stop:/opt/ros/humble LD_LIBRARY_PATH=/home/kadowaki/realsense_ws/install/realsense2_camera_msgs/lib:/home/kadowaki/realsense_ws/install/realsense2_camera/lib:/home/kadowaki/install/realsense2_camera/lib:/home/kadowaki/install/realsense2_camera_msgs/lib:/usr/lib/x86_64-linux-gnu/gazebo-11/plugins:/opt/ros/humble/opt/rviz_ogre_vendor/lib:/opt/ros/humble/lib/x86_64-linux-gnu:/opt/ros/humble/lib /usr/bin/cmake --build /home/kadowaki/realsense_ws/build/realsense2_description -- -j24 -l24
[0.689s] DEBUG:colcon.colcon_core.event_handler.log_command:Invoking command in '/home/kadowaki/realsense_ws/build/realsense2_description': CMAKE_PREFIX_PATH=/home/kadowaki/realsense_ws/install/realsense2_camera_msgs:/home/kadowaki/realsense_ws/install/realsense2_description:/home/kadowaki/realsense_ws/install/realsense2_camera:/home/kadowaki/install/realsense2_description:/home/kadowaki/install/realsense2_camera:/home/kadowaki/install/realsense2_camera_msgs:/home/kadowaki/realsense_ws/install/pointcloud_tools:/home/kadowaki/realsense_ws/install/obstacle_stop:/home/kadowaki/install/obstacle_stop:/opt/ros/humble LD_LIBRARY_PATH=/home/kadowaki/realsense_ws/install/realsense2_camera_msgs/lib:/home/kadowaki/realsense_ws/install/realsense2_camera/lib:/home/kadowaki/install/realsense2_camera/lib:/home/kadowaki/install/realsense2_camera_msgs/lib:/usr/lib/x86_64-linux-gnu/gazebo-11/plugins:/opt/ros/humble/opt/rviz_ogre_vendor/lib:/opt/ros/humble/lib/x86_64-linux-gnu:/opt/ros/humble/lib /usr/bin/cmake --install /home/kadowaki/realsense_ws/build/realsense2_description
[0.708s] Level 1:colcon.colcon_core.environment:create_environment_scripts_only(realsense2_description)
[0.708s] Level 1:colcon.colcon_core.environment:checking '/home/kadowaki/realsense_ws/install/realsense2_description' for CMake module files
[0.709s] DEBUG:colcon.colcon_core.event_handler.log_command:Invoked command in '/home/kadowaki/realsense_ws/build/realsense2_description' returned '0': CMAKE_PREFIX_PATH=/home/kadowaki/realsense_ws/install/realsense2_camera_msgs:/home/kadowaki/realsense_ws/install/realsense2_description:/home/kadowaki/realsense_ws/install/realsense2_camera:/home/kadowaki/install/realsense2_description:/home/kadowaki/install/realsense2_camera:/home/kadowaki/install/realsense2_camera_msgs:/home/kadowaki/realsense_ws/install/pointcloud_tools:/home/kadowaki/realsense_ws/install/obstacle_stop:/home/kadowaki/install/obstacle_stop:/opt/ros/humble LD_LIBRARY_PATH=/home/kadowaki/realsense_ws/install/realsense2_camera_msgs/lib:/home/kadowaki/realsense_ws/install/realsense2_camera/lib:/home/kadowaki/install/realsense2_camera/lib:/home/kadowaki/install/realsense2_camera_msgs/lib:/usr/lib/x86_64-linux-gnu/gazebo-11/plugins:/opt/ros/humble/opt/rviz_ogre_vendor/lib:/opt/ros/humble/lib/x86_64-linux-gnu:/opt/ros/humble/lib /usr/bin/cmake --install /home/kadowaki/realsense_ws/build/realsense2_description
[0.709s] Level 1:colcon.colcon_core.environment:checking '/home/kadowaki/realsense_ws/install/realsense2_description' for CMake config files
[0.709s] Level 1:colcon.colcon_core.shell:create_environment_hook('realsense2_description', 'cmake_prefix_path')
[0.709s] INFO:colcon.colcon_core.shell:Creating environment hook '/home/kadowaki/realsense_ws/install/realsense2_description/share/realsense2_description/hook/cmake_prefix_path.ps1'
[0.709s] INFO:colcon.colcon_core.shell:Creating environment descriptor '/home/kadowaki/realsense_ws/install/realsense2_description/share/realsense2_description/hook/cmake_prefix_path.dsv'
[0.710s] INFO:colcon.colcon_core.shell:Creating environment hook '/home/kadowaki/realsense_ws/install/realsense2_description/share/realsense2_description/hook/cmake_prefix_path.sh'
[0.710s] Level 1:colcon.colcon_core.environment:checking '/home/kadowaki/realsense_ws/install/realsense2_description/bin'
[0.710s] Level 1:colcon.colcon_core.environment:checking '/home/kadowaki/realsense_ws/install/realsense2_description/lib/pkgconfig/realsense2_description.pc'
[0.710s] Level 1:colcon.colcon_core.environment:checking '/home/kadowaki/realsense_ws/install/realsense2_description/lib/python3.10/site-packages'
[0.710s] Level 1:colcon.colcon_core.environment:checking '/home/kadowaki/realsense_ws/install/realsense2_description/bin'
[0.710s] INFO:colcon.colcon_core.shell:Creating package script '/home/kadowaki/realsense_ws/install/realsense2_description/share/realsense2_description/package.ps1'
[0.711s] INFO:colcon.colcon_core.shell:Creating package descriptor '/home/kadowaki/realsense_ws/install/realsense2_description/share/realsense2_description/package.dsv'
[0.711s] INFO:colcon.colcon_core.shell:Creating package script '/home/kadowaki/realsense_ws/install/realsense2_description/share/realsense2_description/package.sh'
[0.711s] INFO:colcon.colcon_core.shell:Creating package script '/home/kadowaki/realsense_ws/install/realsense2_description/share/realsense2_description/package.bash'
[0.711s] INFO:colcon.colcon_core.shell:Creating package script '/home/kadowaki/realsense_ws/install/realsense2_description/share/realsense2_description/package.zsh'
[0.712s] Level 1:colcon.colcon_core.environment:create_file_with_runtime_dependencies(/home/kadowaki/realsense_ws/install/realsense2_description/share/colcon-core/packages/realsense2_description)
[0.712s] Level 1:colcon.colcon_core.environment:create_environment_scripts_only(realsense2_description)
[0.712s] Level 1:colcon.colcon_core.environment:checking '/home/kadowaki/realsense_ws/install/realsense2_description' for CMake module files
[0.713s] Level 1:colcon.colcon_core.environment:checking '/home/kadowaki/realsense_ws/install/realsense2_description' for CMake config files
[0.713s] Level 1:colcon.colcon_core.shell:create_environment_hook('realsense2_description', 'cmake_prefix_path')
[0.714s] INFO:colcon.colcon_core.shell:Creating environment hook '/home/kadowaki/realsense_ws/install/realsense2_description/share/realsense2_description/hook/cmake_prefix_path.ps1'
[0.714s] INFO:colcon.colcon_core.shell:Creating environment descriptor '/home/kadowaki/realsense_ws/install/realsense2_description/share/realsense2_description/hook/cmake_prefix_path.dsv'
[0.715s] INFO:colcon.colcon_core.shell:Creating environment hook '/home/kadowaki/realsense_ws/install/realsense2_description/share/realsense2_description/hook/cmake_prefix_path.sh'
[0.715s] Level 1:colcon.colcon_core.environment:checking '/home/kadowaki/realsense_ws/install/realsense2_description/bin'
[0.715s] Level 1:colcon.colcon_core.environment:checking '/home/kadowaki/realsense_ws/install/realsense2_description/lib/pkgconfig/realsense2_description.pc'
[0.715s] Level 1:colcon.colcon_core.environment:checking '/home/kadowaki/realsense_ws/install/realsense2_description/lib/python3.10/site-packages'
[0.715s] Level 1:colcon.colcon_core.environment:checking '/home/kadowaki/realsense_ws/install/realsense2_description/bin'
[0.716s] INFO:colcon.colcon_core.shell:Creating package script '/home/kadowaki/realsense_ws/install/realsense2_description/share/realsense2_description/package.ps1'
[0.716s] INFO:colcon.colcon_core.shell:Creating package descriptor '/home/kadowaki/realsense_ws/install/realsense2_description/share/realsense2_description/package.dsv'
[0.717s] INFO:colcon.colcon_core.shell:Creating package script '/home/kadowaki/realsense_ws/install/realsense2_description/share/realsense2_description/package.sh'
[0.717s] INFO:colcon.colcon_core.shell:Creating package script '/home/kadowaki/realsense_ws/install/realsense2_description/share/realsense2_description/package.bash'
[0.717s] INFO:colcon.colcon_core.shell:Creating package script '/home/kadowaki/realsense_ws/install/realsense2_description/share/realsense2_description/package.zsh'
[0.718s] Level 1:colcon.colcon_core.environment:create_file_with_runtime_dependencies(/home/kadowaki/realsense_ws/install/realsense2_description/share/colcon-core/packages/realsense2_description)
[0.739s] DEBUG:colcon.colcon_core.event_handler.log_command:Invoked command in '/home/kadowaki/realsense_ws/build/realsense2_camera' returned '0': CMAKE_PREFIX_PATH=/home/kadowaki/realsense_ws/install/realsense2_camera_msgs:/home/kadowaki/realsense_ws/install/realsense2_description:/home/kadowaki/realsense_ws/install/realsense2_camera:/home/kadowaki/install/realsense2_description:/home/kadowaki/install/realsense2_camera:/home/kadowaki/install/realsense2_camera_msgs:/home/kadowaki/realsense_ws/install/pointcloud_tools:/home/kadowaki/realsense_ws/install/obstacle_stop:/home/kadowaki/install/obstacle_stop:/opt/ros/humble LD_LIBRARY_PATH=/home/kadowaki/realsense_ws/install/realsense2_camera_msgs/lib:/home/kadowaki/realsense_ws/install/realsense2_camera/lib:/home/kadowaki/install/realsense2_camera/lib:/home/kadowaki/install/realsense2_camera_msgs/lib:/usr/lib/x86_64-linux-gnu/gazebo-11/plugins:/opt/ros/humble/opt/rviz_ogre_vendor/lib:/opt/ros/humble/lib/x86_64-linux-gnu:/opt/ros/humble/lib /usr/bin/cmake --build /home/kadowaki/realsense_ws/build/realsense2_camera -- -j24 -l24
[0.740s] DEBUG:colcon.colcon_core.event_handler.log_command:Invoking command in '/home/kadowaki/realsense_ws/build/realsense2_camera': CMAKE_PREFIX_PATH=/home/kadowaki/realsense_ws/install/realsense2_camera_msgs:/home/kadowaki/realsense_ws/install/realsense2_description:/home/kadowaki/realsense_ws/install/realsense2_camera:/home/kadowaki/install/realsense2_description:/home/kadowaki/install/realsense2_camera:/home/kadowaki/install/realsense2_camera_msgs:/home/kadowaki/realsense_ws/install/pointcloud_tools:/home/kadowaki/realsense_ws/install/obstacle_stop:/home/kadowaki/install/obstacle_stop:/opt/ros/humble LD_LIBRARY_PATH=/home/kadowaki/realsense_ws/install/realsense2_camera_msgs/lib:/home/kadowaki/realsense_ws/install/realsense2_camera/lib:/home/kadowaki/install/realsense2_camera/lib:/home/kadowaki/install/realsense2_camera_msgs/lib:/usr/lib/x86_64-linux-gnu/gazebo-11/plugins:/opt/ros/humble/opt/rviz_ogre_vendor/lib:/opt/ros/humble/lib/x86_64-linux-gnu:/opt/ros/humble/lib /usr/bin/cmake --install /home/kadowaki/realsense_ws/build/realsense2_camera
[0.755s] DEBUG:colcon.colcon_core.event_handler.log_command:Invoking command in '/home/kadowaki/realsense_ws/src/pointcloud_tools': PYTHONPATH=/home/kadowaki/realsense_ws/build/pointcloud_tools/prefix_override:/home/kadowaki/.local/lib/python3.10/site-packages/colcon_core/task/python/colcon_distutils_commands:/home/kadowaki/realsense_ws/install/pointcloud_tools/lib/python3.10/site-packages:${PYTHONPATH} /usr/bin/python3 -W ignore:setup.py install is deprecated -W ignore:easy_install command is deprecated setup.py egg_info --egg-base ../../build/pointcloud_tools build --build-base /home/kadowaki/realsense_ws/build/pointcloud_tools/build install --record /home/kadowaki/realsense_ws/build/pointcloud_tools/install.log --single-version-externally-managed install_data
[0.755s] DEBUG:colcon.colcon_core.event_handler.log_command:Invoking command in '/home/kadowaki/realsense_ws/src/obstacle_stop': PYTHONPATH=/home/kadowaki/realsense_ws/build/obstacle_stop/prefix_override:/home/kadowaki/.local/lib/python3.10/site-packages/colcon_core/task/python/colcon_distutils_commands:/home/kadowaki/realsense_ws/install/obstacle_stop/lib/python3.10/site-packages:${PYTHONPATH} /usr/bin/python3 -W ignore:setup.py install is deprecated -W ignore:easy_install command is deprecated setup.py egg_info --egg-base ../../build/obstacle_stop build --build-base /home/kadowaki/realsense_ws/build/obstacle_stop/build install --record /home/kadowaki/realsense_ws/build/obstacle_stop/install.log --single-version-externally-managed install_data
[0.760s] Level 1:colcon.colcon_core.environment:create_environment_scripts_only(realsense2_camera)
[0.760s] DEBUG:colcon.colcon_core.event_handler.log_command:Invoked command in '/home/kadowaki/realsense_ws/build/realsense2_camera' returned '0': CMAKE_PREFIX_PATH=/home/kadowaki/realsense_ws/install/realsense2_camera_msgs:/home/kadowaki/realsense_ws/install/realsense2_description:/home/kadowaki/realsense_ws/install/realsense2_camera:/home/kadowaki/install/realsense2_description:/home/kadowaki/install/realsense2_camera:/home/kadowaki/install/realsense2_camera_msgs:/home/kadowaki/realsense_ws/install/pointcloud_tools:/home/kadowaki/realsense_ws/install/obstacle_stop:/home/kadowaki/install/obstacle_stop:/opt/ros/humble LD_LIBRARY_PATH=/home/kadowaki/realsense_ws/install/realsense2_camera_msgs/lib:/home/kadowaki/realsense_ws/install/realsense2_camera/lib:/home/kadowaki/install/realsense2_camera/lib:/home/kadowaki/install/realsense2_camera_msgs/lib:/usr/lib/x86_64-linux-gnu/gazebo-11/plugins:/opt/ros/humble/opt/rviz_ogre_vendor/lib:/opt/ros/humble/lib/x86_64-linux-gnu:/opt/ros/humble/lib /usr/bin/cmake --install /home/kadowaki/realsense_ws/build/realsense2_camera
[0.760s] Level 1:colcon.colcon_core.environment:checking '/home/kadowaki/realsense_ws/install/realsense2_camera' for CMake module files
[0.761s] Level 1:colcon.colcon_core.environment:checking '/home/kadowaki/realsense_ws/install/realsense2_camera' for CMake config files
[0.761s] Level 1:colcon.colcon_core.shell:create_environment_hook('realsense2_camera', 'cmake_prefix_path')
[0.762s] INFO:colcon.colcon_core.shell:Creating environment hook '/home/kadowaki/realsense_ws/install/realsense2_camera/share/realsense2_camera/hook/cmake_prefix_path.ps1'
[0.762s] INFO:colcon.colcon_core.shell:Creating environment descriptor '/home/kadowaki/realsense_ws/install/realsense2_camera/share/realsense2_camera/hook/cmake_prefix_path.dsv'
[0.762s] INFO:colcon.colcon_core.shell:Creating environment hook '/home/kadowaki/realsense_ws/install/realsense2_camera/share/realsense2_camera/hook/cmake_prefix_path.sh'
[0.763s] Level 1:colcon.colcon_core.environment:checking '/home/kadowaki/realsense_ws/install/realsense2_camera/lib'
[0.763s] Level 1:colcon.colcon_core.shell:create_environment_hook('realsense2_camera', 'ld_library_path_lib')
[0.763s] INFO:colcon.colcon_core.shell:Creating environment hook '/home/kadowaki/realsense_ws/install/realsense2_camera/share/realsense2_camera/hook/ld_library_path_lib.ps1'
[0.763s] INFO:colcon.colcon_core.shell:Creating environment descriptor '/home/kadowaki/realsense_ws/install/realsense2_camera/share/realsense2_camera/hook/ld_library_path_lib.dsv'
[0.764s] INFO:colcon.colcon_core.shell:Creating environment hook '/home/kadowaki/realsense_ws/install/realsense2_camera/share/realsense2_camera/hook/ld_library_path_lib.sh'
[0.764s] Level 1:colcon.colcon_core.environment:checking '/home/kadowaki/realsense_ws/install/realsense2_camera/bin'
[0.764s] Level 1:colcon.colcon_core.environment:checking '/home/kadowaki/realsense_ws/install/realsense2_camera/lib/pkgconfig/realsense2_camera.pc'
[0.764s] Level 1:colcon.colcon_core.environment:checking '/home/kadowaki/realsense_ws/install/realsense2_camera/lib/python3.10/site-packages'
[0.764s] Level 1:colcon.colcon_core.environment:checking '/home/kadowaki/realsense_ws/install/realsense2_camera/bin'
[0.764s] INFO:colcon.colcon_core.shell:Creating package script '/home/kadowaki/realsense_ws/install/realsense2_camera/share/realsense2_camera/package.ps1'
[0.764s] INFO:colcon.colcon_core.shell:Creating package descriptor '/home/kadowaki/realsense_ws/install/realsense2_camera/share/realsense2_camera/package.dsv'
[0.765s] INFO:colcon.colcon_core.shell:Creating package script '/home/kadowaki/realsense_ws/install/realsense2_camera/share/realsense2_camera/package.sh'
[0.765s] INFO:colcon.colcon_core.shell:Creating package script '/home/kadowaki/realsense_ws/install/realsense2_camera/share/realsense2_camera/package.bash'
[0.765s] INFO:colcon.colcon_core.shell:Creating package script '/home/kadowaki/realsense_ws/install/realsense2_camera/share/realsense2_camera/package.zsh'
[0.765s] Level 1:colcon.colcon_core.environment:create_file_with_runtime_dependencies(/home/kadowaki/realsense_ws/install/realsense2_camera/share/colcon-core/packages/realsense2_camera)
[0.765s] Level 1:colcon.colcon_core.environment:create_environment_scripts_only(realsense2_camera)
[0.765s] Level 1:colcon.colcon_core.environment:checking '/home/kadowaki/realsense_ws/install/realsense2_camera' for CMake module files
[0.766s] Level 1:colcon.colcon_core.environment:checking '/home/kadowaki/realsense_ws/install/realsense2_camera' for CMake config files
[0.766s] Level 1:colcon.colcon_core.shell:create_environment_hook('realsense2_camera', 'cmake_prefix_path')
[0.766s] INFO:colcon.colcon_core.shell:Creating environment hook '/home/kadowaki/realsense_ws/install/realsense2_camera/share/realsense2_camera/hook/cmake_prefix_path.ps1'
[0.766s] INFO:colcon.colcon_core.shell:Creating environment descriptor '/home/kadowaki/realsense_ws/install/realsense2_camera/share/realsense2_camera/hook/cmake_prefix_path.dsv'
[0.766s] INFO:colcon.colcon_core.shell:Creating environment hook '/home/kadowaki/realsense_ws/install/realsense2_camera/share/realsense2_camera/hook/cmake_prefix_path.sh'
[0.767s] Level 1:colcon.colcon_core.environment:checking '/home/kadowaki/realsense_ws/install/realsense2_camera/lib'
[0.767s] Level 1:colcon.colcon_core.shell:create_environment_hook('realsense2_camera', 'ld_library_path_lib')
[0.767s] INFO:colcon.colcon_core.shell:Creating environment hook '/home/kadowaki/realsense_ws/install/realsense2_camera/share/realsense2_camera/hook/ld_library_path_lib.ps1'
[0.767s] INFO:colcon.colcon_core.shell:Creating environment descriptor '/home/kadowaki/realsense_ws/install/realsense2_camera/share/realsense2_camera/hook/ld_library_path_lib.dsv'
[0.767s] INFO:colcon.colcon_core.shell:Creating environment hook '/home/kadowaki/realsense_ws/install/realsense2_camera/share/realsense2_camera/hook/ld_library_path_lib.sh'
[0.767s] Level 1:colcon.colcon_core.environment:checking '/home/kadowaki/realsense_ws/install/realsense2_camera/bin'
[0.767s] Level 1:colcon.colcon_core.environment:checking '/home/kadowaki/realsense_ws/install/realsense2_camera/lib/pkgconfig/realsense2_camera.pc'
[0.768s] Level 1:colcon.colcon_core.environment:checking '/home/kadowaki/realsense_ws/install/realsense2_camera/lib/python3.10/site-packages'
[0.768s] Level 1:colcon.colcon_core.environment:checking '/home/kadowaki/realsense_ws/install/realsense2_camera/bin'
[0.768s] INFO:colcon.colcon_core.shell:Creating package script '/home/kadowaki/realsense_ws/install/realsense2_camera/share/realsense2_camera/package.ps1'
[0.768s] INFO:colcon.colcon_core.shell:Creating package descriptor '/home/kadowaki/realsense_ws/install/realsense2_camera/share/realsense2_camera/package.dsv'
[0.769s] INFO:colcon.colcon_core.shell:Creating package script '/home/kadowaki/realsense_ws/install/realsense2_camera/share/realsense2_camera/package.sh'
[0.769s] INFO:colcon.colcon_core.shell:Creating package script '/home/kadowaki/realsense_ws/install/realsense2_camera/share/realsense2_camera/package.bash'
[0.769s] INFO:colcon.colcon_core.shell:Creating package script '/home/kadowaki/realsense_ws/install/realsense2_camera/share/realsense2_camera/package.zsh'
[0.769s] Level 1:colcon.colcon_core.environment:create_file_with_runtime_dependencies(/home/kadowaki/realsense_ws/install/realsense2_camera/share/colcon-core/packages/realsense2_camera)
[0.895s] Level 1:colcon.colcon_core.environment:checking '/home/kadowaki/realsense_ws/install/obstacle_stop' for CMake module files
[0.895s] DEBUG:colcon.colcon_core.event_handler.log_command:Invoked command in '/home/kadowaki/realsense_ws/src/obstacle_stop' returned '0': PYTHONPATH=/home/kadowaki/realsense_ws/build/obstacle_stop/prefix_override:/home/kadowaki/.local/lib/python3.10/site-packages/colcon_core/task/python/colcon_distutils_commands:/home/kadowaki/realsense_ws/install/obstacle_stop/lib/python3.10/site-packages:${PYTHONPATH} /usr/bin/python3 -W ignore:setup.py install is deprecated -W ignore:easy_install command is deprecated setup.py egg_info --egg-base ../../build/obstacle_stop build --build-base /home/kadowaki/realsense_ws/build/obstacle_stop/build install --record /home/kadowaki/realsense_ws/build/obstacle_stop/install.log --single-version-externally-managed install_data
[0.896s] Level 1:colcon.colcon_core.environment:checking '/home/kadowaki/realsense_ws/install/obstacle_stop' for CMake config files
[0.896s] Level 1:colcon.colcon_core.environment:checking '/home/kadowaki/realsense_ws/install/obstacle_stop/lib'
[0.896s] Level 1:colcon.colcon_core.environment:checking '/home/kadowaki/realsense_ws/install/obstacle_stop/bin'
[0.896s] Level 1:colcon.colcon_core.environment:checking '/home/kadowaki/realsense_ws/install/obstacle_stop/lib/pkgconfig/obstacle_stop.pc'
[0.896s] Level 1:colcon.colcon_core.environment:checking '/home/kadowaki/realsense_ws/install/obstacle_stop/lib/python3.10/site-packages'
[0.896s] Level 1:colcon.colcon_core.shell:create_environment_hook('obstacle_stop', 'pythonpath')
[0.896s] INFO:colcon.colcon_core.shell:Creating environment hook '/home/kadowaki/realsense_ws/install/obstacle_stop/share/obstacle_stop/hook/pythonpath.ps1'
[0.897s] INFO:colcon.colcon_core.shell:Creating environment descriptor '/home/kadowaki/realsense_ws/install/obstacle_stop/share/obstacle_stop/hook/pythonpath.dsv'
[0.897s] INFO:colcon.colcon_core.shell:Creating environment hook '/home/kadowaki/realsense_ws/install/obstacle_stop/share/obstacle_stop/hook/pythonpath.sh'
[0.897s] Level 1:colcon.colcon_core.environment:checking '/home/kadowaki/realsense_ws/install/obstacle_stop/bin'
[0.897s] Level 1:colcon.colcon_core.environment:create_environment_scripts_only(obstacle_stop)
[0.897s] INFO:colcon.colcon_core.shell:Creating package script '/home/kadowaki/realsense_ws/install/obstacle_stop/share/obstacle_stop/package.ps1'
[0.897s] INFO:colcon.colcon_core.shell:Creating package descriptor '/home/kadowaki/realsense_ws/install/obstacle_stop/share/obstacle_stop/package.dsv'
[0.898s] INFO:colcon.colcon_core.shell:Creating package script '/home/kadowaki/realsense_ws/install/obstacle_stop/share/obstacle_stop/package.sh'
[0.898s] INFO:colcon.colcon_core.shell:Creating package script '/home/kadowaki/realsense_ws/install/obstacle_stop/share/obstacle_stop/package.bash'
[0.898s] INFO:colcon.colcon_core.shell:Creating package script '/home/kadowaki/realsense_ws/install/obstacle_stop/share/obstacle_stop/package.zsh'
[0.898s] Level 1:colcon.colcon_core.environment:create_file_with_runtime_dependencies(/home/kadowaki/realsense_ws/install/obstacle_stop/share/colcon-core/packages/obstacle_stop)
[0.899s] Level 1:colcon.colcon_core.environment:checking '/home/kadowaki/realsense_ws/install/pointcloud_tools' for CMake module files
[0.899s] DEBUG:colcon.colcon_core.event_handler.log_command:Invoked command in '/home/kadowaki/realsense_ws/src/pointcloud_tools' returned '0': PYTHONPATH=/home/kadowaki/realsense_ws/build/pointcloud_tools/prefix_override:/home/kadowaki/.local/lib/python3.10/site-packages/colcon_core/task/python/colcon_distutils_commands:/home/kadowaki/realsense_ws/install/pointcloud_tools/lib/python3.10/site-packages:${PYTHONPATH} /usr/bin/python3 -W ignore:setup.py install is deprecated -W ignore:easy_install command is deprecated setup.py egg_info --egg-base ../../build/pointcloud_tools build --build-base /home/kadowaki/realsense_ws/build/pointcloud_tools/build install --record /home/kadowaki/realsense_ws/build/pointcloud_tools/install.log --single-version-externally-managed install_data
[0.899s] Level 1:colcon.colcon_core.environment:checking '/home/kadowaki/realsense_ws/install/pointcloud_tools' for CMake config files
[0.900s] Level 1:colcon.colcon_core.environment:checking '/home/kadowaki/realsense_ws/install/pointcloud_tools/lib'
[0.900s] Level 1:colcon.colcon_core.environment:checking '/home/kadowaki/realsense_ws/install/pointcloud_tools/bin'
[0.900s] Level 1:colcon.colcon_core.environment:checking '/home/kadowaki/realsense_ws/install/pointcloud_tools/lib/pkgconfig/pointcloud_tools.pc'
[0.900s] Level 1:colcon.colcon_core.environment:checking '/home/kadowaki/realsense_ws/install/pointcloud_tools/lib/python3.10/site-packages'
[0.900s] Level 1:colcon.colcon_core.shell:create_environment_hook('pointcloud_tools', 'pythonpath')
[0.900s] INFO:colcon.colcon_core.shell:Creating environment hook '/home/kadowaki/realsense_ws/install/pointcloud_tools/share/pointcloud_tools/hook/pythonpath.ps1'
[0.900s] INFO:colcon.colcon_core.shell:Creating environment descriptor '/home/kadowaki/realsense_ws/install/pointcloud_tools/share/pointcloud_tools/hook/pythonpath.dsv'
[0.900s] INFO:colcon.colcon_core.shell:Creating environment hook '/home/kadowaki/realsense_ws/install/pointcloud_tools/share/pointcloud_tools/hook/pythonpath.sh'
[0.901s] Level 1:colcon.colcon_core.environment:checking '/home/kadowaki/realsense_ws/install/pointcloud_tools/bin'
[0.901s] Level 1:colcon.colcon_core.environment:create_environment_scripts_only(pointcloud_tools)
[0.901s] INFO:colcon.colcon_core.shell:Creating package script '/home/kadowaki/realsense_ws/install/pointcloud_tools/share/pointcloud_tools/package.ps1'
[0.901s] INFO:colcon.colcon_core.shell:Creating package descriptor '/home/kadowaki/realsense_ws/install/pointcloud_tools/share/pointcloud_tools/package.dsv'
[0.901s] INFO:colcon.colcon_core.shell:Creating package script '/home/kadowaki/realsense_ws/install/pointcloud_tools/share/pointcloud_tools/package.sh'
[0.901s] INFO:colcon.colcon_core.shell:Creating package script '/home/kadowaki/realsense_ws/install/pointcloud_tools/share/pointcloud_tools/package.bash'
[0.902s] INFO:colcon.colcon_core.shell:Creating package script '/home/kadowaki/realsense_ws/install/pointcloud_tools/share/pointcloud_tools/package.zsh'
[0.902s] Level 1:colcon.colcon_core.environment:create_file_with_runtime_dependencies(/home/kadowaki/realsense_ws/install/pointcloud_tools/share/colcon-core/packages/pointcloud_tools)
[0.902s] DEBUG:colcon.colcon_parallel_executor.executor.parallel:closing loop
[0.902s] DEBUG:colcon.colcon_parallel_executor.executor.parallel:loop closed
[0.902s] DEBUG:colcon.colcon_parallel_executor.executor.parallel:run_until_complete finished with '0'
[0.902s] DEBUG:colcon.colcon_core.event_reactor:joining thread
[0.905s] INFO:colcon.colcon_core.plugin_system:Skipping extension 'colcon_notification.desktop_notification.terminal_notifier': Not used on non-Darwin systems
[0.905s] INFO:colcon.colcon_core.plugin_system:Skipping extension 'colcon_notification.desktop_notification.win32': Not used on non-Windows systems
[0.905s] INFO:colcon.colcon_notification.desktop_notification:Sending desktop notification using 'notify2'
[0.916s] DEBUG:colcon.colcon_core.event_reactor:joined thread
[0.917s] INFO:colcon.colcon_core.shell:Creating prefix script '/home/kadowaki/realsense_ws/install/local_setup.ps1'
[0.917s] INFO:colcon.colcon_core.shell:Creating prefix util module '/home/kadowaki/realsense_ws/install/_local_setup_util_ps1.py'
[0.918s] INFO:colcon.colcon_core.shell:Creating prefix chain script '/home/kadowaki/realsense_ws/install/setup.ps1'
[0.919s] INFO:colcon.colcon_core.shell:Creating prefix script '/home/kadowaki/realsense_ws/install/local_setup.sh'
[0.919s] INFO:colcon.colcon_core.shell:Creating prefix util module '/home/kadowaki/realsense_ws/install/_local_setup_util_sh.py'
[0.919s] INFO:colcon.colcon_core.shell:Creating prefix chain script '/home/kadowaki/realsense_ws/install/setup.sh'
[0.920s] INFO:colcon.colcon_core.shell:Creating prefix script '/home/kadowaki/realsense_ws/install/local_setup.bash'
[0.920s] INFO:colcon.colcon_core.shell:Creating prefix chain script '/home/kadowaki/realsense_ws/install/setup.bash'
[0.921s] INFO:colcon.colcon_core.shell:Creating prefix script '/home/kadowaki/realsense_ws/install/local_setup.zsh'
[0.921s] INFO:colcon.colcon_core.shell:Creating prefix chain script '/home/kadowaki/realsense_ws/install/setup.zsh'
