[0.006s] Invoking command in '/home/kadowaki/realsense_ws/build/realsense2_description': CMAKE_PREFIX_PATH=/home/kadowaki/realsense_ws/install/realsense2_camera_msgs:/home/kadowaki/realsense_ws/install/realsense2_description:/home/kadowaki/realsense_ws/install/realsense2_camera:/home/kadowaki/realsense_ws/install/obstacle_stop:/home/kadowaki/realsense_ws/install/realsense2_ros_mqtt_bridge:/opt/ros/humble LD_LIBRARY_PATH=/home/kadowaki/realsense_ws/install/realsense2_camera_msgs/lib:/home/kadowaki/realsense_ws/install/realsense2_camera/lib:/opt/ros/humble/opt/rviz_ogre_vendor/lib:/opt/ros/humble/lib/x86_64-linux-gnu:/opt/ros/humble/lib /usr/bin/cmake /home/kadowaki/realsense_ws/src/realsense-ros/realsense2_description -DAMENT_CMAKE_SYMLINK_INSTALL=1 -DCMAKE_INSTALL_PREFIX=/home/kadowaki/realsense_ws/install/realsense2_description
[0.064s] -- The C compiler identification is GNU 11.4.0
[0.105s] -- The CXX compiler identification is GNU 11.4.0
[0.109s] -- Detecting C compiler ABI info
[0.164s] -- Detecting C compiler ABI info - done
[0.171s] -- Check for working C compiler: /usr/bin/cc - skipped
[0.171s] -- Detecting C compile features
[0.172s] -- Detecting C compile features - done
[0.173s] -- Detecting CXX compiler ABI info
[0.231s] -- Detecting CXX compiler ABI info - done
[0.235s] -- Check for working CXX compiler: /usr/bin/c++ - skipped
[0.235s] -- Detecting CXX compile features
[0.235s] -- Detecting CXX compile features - done
[0.236s] -- Found ament_cmake: 1.3.11 (/opt/ros/humble/share/ament_cmake/cmake)
[0.334s] -- Found Python3: /usr/bin/python3 (found version "3.10.12") found components: Interpreter 
[0.369s] -- Override CMake install command with custom implementation using symlinks instead of copying resources
[0.419s] -- Configuring done
[0.420s] -- Generating done
[0.420s] -- Build files have been written to: /home/kadowaki/realsense_ws/build/realsense2_description
[0.423s] Invoked command in '/home/kadowaki/realsense_ws/build/realsense2_description' returned '0': CMAKE_PREFIX_PATH=/home/kadowaki/realsense_ws/install/realsense2_camera_msgs:/home/kadowaki/realsense_ws/install/realsense2_description:/home/kadowaki/realsense_ws/install/realsense2_camera:/home/kadowaki/realsense_ws/install/obstacle_stop:/home/kadowaki/realsense_ws/install/realsense2_ros_mqtt_bridge:/opt/ros/humble LD_LIBRARY_PATH=/home/kadowaki/realsense_ws/install/realsense2_camera_msgs/lib:/home/kadowaki/realsense_ws/install/realsense2_camera/lib:/opt/ros/humble/opt/rviz_ogre_vendor/lib:/opt/ros/humble/lib/x86_64-linux-gnu:/opt/ros/humble/lib /usr/bin/cmake /home/kadowaki/realsense_ws/src/realsense-ros/realsense2_description -DAMENT_CMAKE_SYMLINK_INSTALL=1 -DCMAKE_INSTALL_PREFIX=/home/kadowaki/realsense_ws/install/realsense2_description
[0.424s] Invoking command in '/home/kadowaki/realsense_ws/build/realsense2_description': CMAKE_PREFIX_PATH=/home/kadowaki/realsense_ws/install/realsense2_camera_msgs:/home/kadowaki/realsense_ws/install/realsense2_description:/home/kadowaki/realsense_ws/install/realsense2_camera:/home/kadowaki/realsense_ws/install/obstacle_stop:/home/kadowaki/realsense_ws/install/realsense2_ros_mqtt_bridge:/opt/ros/humble LD_LIBRARY_PATH=/home/kadowaki/realsense_ws/install/realsense2_camera_msgs/lib:/home/kadowaki/realsense_ws/install/realsense2_camera/lib:/opt/ros/humble/opt/rviz_ogre_vendor/lib:/opt/ros/humble/lib/x86_64-linux-gnu:/opt/ros/humble/lib /usr/bin/cmake --build /home/kadowaki/realsense_ws/build/realsense2_description -- -j24 -l24
[0.447s] Invoked command in '/home/kadowaki/realsense_ws/build/realsense2_description' returned '0': CMAKE_PREFIX_PATH=/home/kadowaki/realsense_ws/install/realsense2_camera_msgs:/home/kadowaki/realsense_ws/install/realsense2_description:/home/kadowaki/realsense_ws/install/realsense2_camera:/home/kadowaki/realsense_ws/install/obstacle_stop:/home/kadowaki/realsense_ws/install/realsense2_ros_mqtt_bridge:/opt/ros/humble LD_LIBRARY_PATH=/home/kadowaki/realsense_ws/install/realsense2_camera_msgs/lib:/home/kadowaki/realsense_ws/install/realsense2_camera/lib:/opt/ros/humble/opt/rviz_ogre_vendor/lib:/opt/ros/humble/lib/x86_64-linux-gnu:/opt/ros/humble/lib /usr/bin/cmake --build /home/kadowaki/realsense_ws/build/realsense2_description -- -j24 -l24
[0.448s] Invoking command in '/home/kadowaki/realsense_ws/build/realsense2_description': CMAKE_PREFIX_PATH=/home/kadowaki/realsense_ws/install/realsense2_camera_msgs:/home/kadowaki/realsense_ws/install/realsense2_description:/home/kadowaki/realsense_ws/install/realsense2_camera:/home/kadowaki/realsense_ws/install/obstacle_stop:/home/kadowaki/realsense_ws/install/realsense2_ros_mqtt_bridge:/opt/ros/humble LD_LIBRARY_PATH=/home/kadowaki/realsense_ws/install/realsense2_camera_msgs/lib:/home/kadowaki/realsense_ws/install/realsense2_camera/lib:/opt/ros/humble/opt/rviz_ogre_vendor/lib:/opt/ros/humble/lib/x86_64-linux-gnu:/opt/ros/humble/lib /usr/bin/cmake --install /home/kadowaki/realsense_ws/build/realsense2_description
[0.452s] -- Install configuration: ""
[0.453s] -- Execute custom install script
[0.453s] -- Symlinking: /home/kadowaki/realsense_ws/install/realsense2_description/share/realsense2_description/launch/launch_utils.py
[0.458s] -- Symlinking: /home/kadowaki/realsense_ws/install/realsense2_description/share/realsense2_description/launch/view_model.launch.py
[0.463s] -- Symlinking: /home/kadowaki/realsense_ws/install/realsense2_description/share/realsense2_description/meshes/d405.stl
[0.467s] -- Symlinking: /home/kadowaki/realsense_ws/install/realsense2_description/share/realsense2_description/meshes/d415.stl
[0.472s] -- Symlinking: /home/kadowaki/realsense_ws/install/realsense2_description/share/realsense2_description/meshes/d435.dae
[0.477s] -- Symlinking: /home/kadowaki/realsense_ws/install/realsense2_description/share/realsense2_description/meshes/d455.stl
[0.482s] -- Symlinking: /home/kadowaki/realsense_ws/install/realsense2_description/share/realsense2_description/meshes/l515.dae
[0.487s] -- Symlinking: /home/kadowaki/realsense_ws/install/realsense2_description/share/realsense2_description/meshes/plug.stl
[0.491s] -- Symlinking: /home/kadowaki/realsense_ws/install/realsense2_description/share/realsense2_description/meshes/plug_collision.stl
[0.496s] -- Symlinking: /home/kadowaki/realsense_ws/install/realsense2_description/share/realsense2_description/rviz/urdf.rviz
[0.500s] -- Symlinking: /home/kadowaki/realsense_ws/install/realsense2_description/share/realsense2_description/urdf/_d405.urdf.xacro
[0.505s] -- Symlinking: /home/kadowaki/realsense_ws/install/realsense2_description/share/realsense2_description/urdf/_d415.urdf.xacro
[0.510s] -- Symlinking: /home/kadowaki/realsense_ws/install/realsense2_description/share/realsense2_description/urdf/_d435.urdf.xacro
[0.514s] -- Symlinking: /home/kadowaki/realsense_ws/install/realsense2_description/share/realsense2_description/urdf/_d435i.urdf.xacro
[0.517s] -- Symlinking: /home/kadowaki/realsense_ws/install/realsense2_description/share/realsense2_description/urdf/_d435i_imu_modules.urdf.xacro
[0.522s] -- Symlinking: /home/kadowaki/realsense_ws/install/realsense2_description/share/realsense2_description/urdf/_d455.urdf.xacro
[0.533s] -- Symlinking: /home/kadowaki/realsense_ws/install/realsense2_description/share/realsense2_description/urdf/_materials.urdf.xacro
[0.541s] -- Symlinking: /home/kadowaki/realsense_ws/install/realsense2_description/share/realsense2_description/urdf/_r410.urdf.xacro
[0.550s] -- Symlinking: /home/kadowaki/realsense_ws/install/realsense2_description/share/realsense2_description/urdf/_r430.urdf.xacro
[0.563s] -- Symlinking: /home/kadowaki/realsense_ws/install/realsense2_description/share/realsense2_description/urdf/_usb_plug.urdf.xacro
[0.574s] -- Symlinking: /home/kadowaki/realsense_ws/install/realsense2_description/share/realsense2_description/urdf/test_d405_camera.urdf.xacro
[0.581s] -- Symlinking: /home/kadowaki/realsense_ws/install/realsense2_description/share/realsense2_description/urdf/test_d415_camera.urdf.xacro
[0.585s] -- Symlinking: /home/kadowaki/realsense_ws/install/realsense2_description/share/realsense2_description/urdf/test_d435_camera.urdf.xacro
[0.591s] -- Symlinking: /home/kadowaki/realsense_ws/install/realsense2_description/share/realsense2_description/urdf/test_d435_multiple_cameras.urdf.xacro
[0.595s] -- Symlinking: /home/kadowaki/realsense_ws/install/realsense2_description/share/realsense2_description/urdf/test_d435i_camera.urdf.xacro
[0.600s] -- Symlinking: /home/kadowaki/realsense_ws/install/realsense2_description/share/realsense2_description/urdf/test_d455_camera.urdf.xacro
[0.606s] -- Symlinking: /home/kadowaki/realsense_ws/install/realsense2_description/share/realsense2_description/urdf/test_r410_camera.urdf.xacro
[0.610s] -- Symlinking: /home/kadowaki/realsense_ws/install/realsense2_description/share/realsense2_description/urdf/test_r430_camera.urdf.xacro
[0.616s] -- Symlinking: /home/kadowaki/realsense_ws/install/realsense2_description/share/ament_index/resource_index/package_run_dependencies/realsense2_description
[0.623s] -- Symlinking: /home/kadowaki/realsense_ws/install/realsense2_description/share/ament_index/resource_index/parent_prefix_path/realsense2_description
[0.628s] -- Symlinking: /home/kadowaki/realsense_ws/install/realsense2_description/share/realsense2_description/environment/ament_prefix_path.sh
[0.632s] -- Symlinking: /home/kadowaki/realsense_ws/install/realsense2_description/share/realsense2_description/environment/ament_prefix_path.dsv
[0.636s] -- Symlinking: /home/kadowaki/realsense_ws/install/realsense2_description/share/realsense2_description/environment/path.sh
[0.640s] -- Symlinking: /home/kadowaki/realsense_ws/install/realsense2_description/share/realsense2_description/environment/path.dsv
[0.645s] -- Symlinking: /home/kadowaki/realsense_ws/install/realsense2_description/share/realsense2_description/local_setup.bash
[0.652s] -- Symlinking: /home/kadowaki/realsense_ws/install/realsense2_description/share/realsense2_description/local_setup.sh
[0.659s] -- Symlinking: /home/kadowaki/realsense_ws/install/realsense2_description/share/realsense2_description/local_setup.zsh
[0.667s] -- Symlinking: /home/kadowaki/realsense_ws/install/realsense2_description/share/realsense2_description/local_setup.dsv
[0.679s] -- Symlinking: /home/kadowaki/realsense_ws/install/realsense2_description/share/realsense2_description/package.dsv
[0.685s] -- Symlinking: /home/kadowaki/realsense_ws/install/realsense2_description/share/ament_index/resource_index/packages/realsense2_description
[0.690s] -- Symlinking: /home/kadowaki/realsense_ws/install/realsense2_description/share/realsense2_description/cmake/realsense2_descriptionConfig.cmake
[0.695s] -- Symlinking: /home/kadowaki/realsense_ws/install/realsense2_description/share/realsense2_description/cmake/realsense2_descriptionConfig-version.cmake
[0.700s] -- Symlinking: /home/kadowaki/realsense_ws/install/realsense2_description/share/realsense2_description/package.xml
[0.706s] Invoked command in '/home/kadowaki/realsense_ws/build/realsense2_description' returned '0': CMAKE_PREFIX_PATH=/home/kadowaki/realsense_ws/install/realsense2_camera_msgs:/home/kadowaki/realsense_ws/install/realsense2_description:/home/kadowaki/realsense_ws/install/realsense2_camera:/home/kadowaki/realsense_ws/install/obstacle_stop:/home/kadowaki/realsense_ws/install/realsense2_ros_mqtt_bridge:/opt/ros/humble LD_LIBRARY_PATH=/home/kadowaki/realsense_ws/install/realsense2_camera_msgs/lib:/home/kadowaki/realsense_ws/install/realsense2_camera/lib:/opt/ros/humble/opt/rviz_ogre_vendor/lib:/opt/ros/humble/lib/x86_64-linux-gnu:/opt/ros/humble/lib /usr/bin/cmake --install /home/kadowaki/realsense_ws/build/realsense2_description
