/home/kadowaki/realsense_ws/install/obstacle_stop/lib/python3.10/site-packages/obstacle_stop/cmd_vel_subscriber.py
/home/kadowaki/realsense_ws/install/obstacle_stop/lib/python3.10/site-packages/obstacle_stop/scan_stop_node.py
/home/kadowaki/realsense_ws/install/obstacle_stop/lib/python3.10/site-packages/obstacle_stop/pointcloud2_depth.py
/home/kadowaki/realsense_ws/install/obstacle_stop/lib/python3.10/site-packages/obstacle_stop/obstacle_stop_node.py
/home/kadowaki/realsense_ws/install/obstacle_stop/lib/python3.10/site-packages/obstacle_stop/__init__.py
/home/kadowaki/realsense_ws/install/obstacle_stop/lib/python3.10/site-packages/obstacle_stop/__pycache__/cmd_vel_subscriber.cpython-310.pyc
/home/kadowaki/realsense_ws/install/obstacle_stop/lib/python3.10/site-packages/obstacle_stop/__pycache__/scan_stop_node.cpython-310.pyc
/home/kadowaki/realsense_ws/install/obstacle_stop/lib/python3.10/site-packages/obstacle_stop/__pycache__/pointcloud2_depth.cpython-310.pyc
/home/kadowaki/realsense_ws/install/obstacle_stop/lib/python3.10/site-packages/obstacle_stop/__pycache__/obstacle_stop_node.cpython-310.pyc
/home/kadowaki/realsense_ws/install/obstacle_stop/lib/python3.10/site-packages/obstacle_stop/__pycache__/__init__.cpython-310.pyc
/home/kadowaki/realsense_ws/install/obstacle_stop/share/ament_index/resource_index/packages/obstacle_stop
/home/kadowaki/realsense_ws/install/obstacle_stop/share/obstacle_stop/package.xml
/home/kadowaki/realsense_ws/install/obstacle_stop/lib/python3.10/site-packages/obstacle_stop-0.0.0-py3.10.egg-info/requires.txt
/home/kadowaki/realsense_ws/install/obstacle_stop/lib/python3.10/site-packages/obstacle_stop-0.0.0-py3.10.egg-info/top_level.txt
/home/kadowaki/realsense_ws/install/obstacle_stop/lib/python3.10/site-packages/obstacle_stop-0.0.0-py3.10.egg-info/dependency_links.txt
/home/kadowaki/realsense_ws/install/obstacle_stop/lib/python3.10/site-packages/obstacle_stop-0.0.0-py3.10.egg-info/SOURCES.txt
/home/kadowaki/realsense_ws/install/obstacle_stop/lib/python3.10/site-packages/obstacle_stop-0.0.0-py3.10.egg-info/zip-safe
/home/kadowaki/realsense_ws/install/obstacle_stop/lib/python3.10/site-packages/obstacle_stop-0.0.0-py3.10.egg-info/PKG-INFO
/home/kadowaki/realsense_ws/install/obstacle_stop/lib/python3.10/site-packages/obstacle_stop-0.0.0-py3.10.egg-info/entry_points.txt
/home/kadowaki/realsense_ws/install/obstacle_stop/lib/obstacle_stop/cmd_vel_subscriber
/home/kadowaki/realsense_ws/install/obstacle_stop/lib/obstacle_stop/obstacle_stop_node
/home/kadowaki/realsense_ws/install/obstacle_stop/lib/obstacle_stop/pointcloud2_depth
/home/kadowaki/realsense_ws/install/obstacle_stop/lib/obstacle_stop/scan_stop_node
