[0.079s] DEBUG:colcon:Command line arguments: ['/home/kadowaki/.local/bin/colcon', 'build']
[0.079s] DEBUG:colcon:Parsed command line arguments: Namespace(log_base=None, log_level=None, verb_name='build', build_base='build', install_base='install', merge_install=False, symlink_install=False, test_result_base=None, continue_on_error=False, executor='parallel', parallel_workers=24, event_handlers=None, ignore_user_meta=False, metas=['./colcon.meta'], base_paths=['.'], packages_ignore=None, packages_ignore_regex=None, paths=None, packages_up_to=None, packages_up_to_regex=None, packages_above=None, packages_above_and_dependencies=None, packages_above_depth=None, packages_select_by_dep=None, packages_skip_by_dep=None, packages_skip_up_to=None, packages_select_build_failed=False, packages_skip_build_finished=False, packages_select_test_failures=False, packages_skip_test_passed=False, packages_select=None, packages_skip=None, packages_select_regex=None, packages_skip_regex=None, packages_start=None, packages_end=None, allow_overriding=[], cmake_args=None, cmake_target=None, cmake_target_skip_unavailable=False, cmake_clean_cache=False, cmake_clean_first=False, cmake_force_configure=False, ament_cmake_args=None, catkin_cmake_args=None, catkin_skip_building_tests=False, verb_parser=<colcon_defaults.argument_parser.defaults.DefaultArgumentsDecorator object at 0x7035bcf132e0>, verb_extension=<colcon_core.verb.build.BuildVerb object at 0x7035bcf12d10>, main=<bound method BuildVerb.main of <colcon_core.verb.build.BuildVerb object at 0x7035bcf12d10>>)
[0.182s] Level 1:colcon.colcon_core.package_discovery:discover_packages(colcon_meta) check parameters
[0.182s] Level 1:colcon.colcon_core.package_discovery:discover_packages(recursive) check parameters
[0.182s] Level 1:colcon.colcon_core.package_discovery:discover_packages(ignore) check parameters
[0.182s] Level 1:colcon.colcon_core.package_discovery:discover_packages(path) check parameters
[0.182s] Level 1:colcon.colcon_core.package_discovery:discover_packages(colcon_meta) discover
[0.182s] Level 1:colcon.colcon_core.package_discovery:discover_packages(recursive) discover
[0.182s] INFO:colcon.colcon_core.package_discovery:Crawling recursively for packages in '/home/kadowaki/realsense_ws'
[0.182s] Level 1:colcon.colcon_core.package_identification:_identify(.) by extensions ['ignore', 'ignore_ament_install']
[0.182s] Level 1:colcon.colcon_core.package_identification:_identify(.) by extension 'ignore'
[0.182s] Level 1:colcon.colcon_core.package_identification:_identify(.) by extension 'ignore_ament_install'
[0.182s] Level 1:colcon.colcon_core.package_identification:_identify(.) by extensions ['colcon_pkg']
[0.182s] Level 1:colcon.colcon_core.package_identification:_identify(.) by extension 'colcon_pkg'
[0.182s] Level 1:colcon.colcon_core.package_identification:_identify(.) by extensions ['colcon_meta']
[0.182s] Level 1:colcon.colcon_core.package_identification:_identify(.) by extension 'colcon_meta'
[0.182s] Level 1:colcon.colcon_core.package_identification:_identify(.) by extensions ['ros']
[0.182s] Level 1:colcon.colcon_core.package_identification:_identify(.) by extension 'ros'
[0.187s] Level 1:colcon.colcon_core.package_identification:_identify(.) by extensions ['cmake', 'python']
[0.187s] Level 1:colcon.colcon_core.package_identification:_identify(.) by extension 'cmake'
[0.187s] Level 1:colcon.colcon_core.package_identification:_identify(.) by extension 'python'
[0.187s] Level 1:colcon.colcon_core.package_identification:_identify(.) by extensions ['python_setup_py']
[0.187s] Level 1:colcon.colcon_core.package_identification:_identify(.) by extension 'python_setup_py'
[0.187s] Level 1:colcon.colcon_core.package_identification:_identify(build) by extensions ['ignore', 'ignore_ament_install']
[0.188s] Level 1:colcon.colcon_core.package_identification:_identify(build) by extension 'ignore'
[0.188s] Level 1:colcon.colcon_core.package_identification:_identify(build) ignored
[0.188s] Level 1:colcon.colcon_core.package_identification:_identify(install) by extensions ['ignore', 'ignore_ament_install']
[0.188s] Level 1:colcon.colcon_core.package_identification:_identify(install) by extension 'ignore'
[0.188s] Level 1:colcon.colcon_core.package_identification:_identify(install) ignored
[0.188s] Level 1:colcon.colcon_core.package_identification:_identify(log) by extensions ['ignore', 'ignore_ament_install']
[0.188s] Level 1:colcon.colcon_core.package_identification:_identify(log) by extension 'ignore'
[0.188s] Level 1:colcon.colcon_core.package_identification:_identify(log) ignored
[0.188s] Level 1:colcon.colcon_core.package_identification:_identify(src) by extensions ['ignore', 'ignore_ament_install']
[0.188s] Level 1:colcon.colcon_core.package_identification:_identify(src) by extension 'ignore'
[0.188s] Level 1:colcon.colcon_core.package_identification:_identify(src) by extension 'ignore_ament_install'
[0.188s] Level 1:colcon.colcon_core.package_identification:_identify(src) by extensions ['colcon_pkg']
[0.188s] Level 1:colcon.colcon_core.package_identification:_identify(src) by extension 'colcon_pkg'
[0.188s] Level 1:colcon.colcon_core.package_identification:_identify(src) by extensions ['colcon_meta']
[0.188s] Level 1:colcon.colcon_core.package_identification:_identify(src) by extension 'colcon_meta'
[0.188s] Level 1:colcon.colcon_core.package_identification:_identify(src) by extensions ['ros']
[0.188s] Level 1:colcon.colcon_core.package_identification:_identify(src) by extension 'ros'
[0.188s] Level 1:colcon.colcon_core.package_identification:_identify(src) by extensions ['cmake', 'python']
[0.188s] Level 1:colcon.colcon_core.package_identification:_identify(src) by extension 'cmake'
[0.188s] Level 1:colcon.colcon_core.package_identification:_identify(src) by extension 'python'
[0.188s] Level 1:colcon.colcon_core.package_identification:_identify(src) by extensions ['python_setup_py']
[0.188s] Level 1:colcon.colcon_core.package_identification:_identify(src) by extension 'python_setup_py'
[0.188s] Level 1:colcon.colcon_core.package_identification:_identify(src/build) by extensions ['ignore', 'ignore_ament_install']
[0.188s] Level 1:colcon.colcon_core.package_identification:_identify(src/build) by extension 'ignore'
[0.188s] Level 1:colcon.colcon_core.package_identification:_identify(src/build) ignored
[0.188s] Level 1:colcon.colcon_core.package_identification:_identify(src/install) by extensions ['ignore', 'ignore_ament_install']
[0.188s] Level 1:colcon.colcon_core.package_identification:_identify(src/install) by extension 'ignore'
[0.188s] Level 1:colcon.colcon_core.package_identification:_identify(src/install) ignored
[0.189s] Level 1:colcon.colcon_core.package_identification:_identify(src/log) by extensions ['ignore', 'ignore_ament_install']
[0.189s] Level 1:colcon.colcon_core.package_identification:_identify(src/log) by extension 'ignore'
[0.189s] Level 1:colcon.colcon_core.package_identification:_identify(src/log) ignored
[0.189s] Level 1:colcon.colcon_core.package_identification:_identify(src/obstacle_stop) by extensions ['ignore', 'ignore_ament_install']
[0.189s] Level 1:colcon.colcon_core.package_identification:_identify(src/obstacle_stop) by extension 'ignore'
[0.189s] Level 1:colcon.colcon_core.package_identification:_identify(src/obstacle_stop) by extension 'ignore_ament_install'
[0.189s] Level 1:colcon.colcon_core.package_identification:_identify(src/obstacle_stop) by extensions ['colcon_pkg']
[0.189s] Level 1:colcon.colcon_core.package_identification:_identify(src/obstacle_stop) by extension 'colcon_pkg'
[0.189s] Level 1:colcon.colcon_core.package_identification:_identify(src/obstacle_stop) by extensions ['colcon_meta']
[0.189s] Level 1:colcon.colcon_core.package_identification:_identify(src/obstacle_stop) by extension 'colcon_meta'
[0.189s] Level 1:colcon.colcon_core.package_identification:_identify(src/obstacle_stop) by extensions ['ros']
[0.189s] Level 1:colcon.colcon_core.package_identification:_identify(src/obstacle_stop) by extension 'ros'
[0.191s] DEBUG:colcon.colcon_core.package_identification:Package 'src/obstacle_stop' with type 'ros.ament_python' and name 'obstacle_stop'
[0.191s] Level 1:colcon.colcon_core.package_identification:_identify(src/realsense-ros) by extensions ['ignore', 'ignore_ament_install']
[0.191s] Level 1:colcon.colcon_core.package_identification:_identify(src/realsense-ros) by extension 'ignore'
[0.191s] Level 1:colcon.colcon_core.package_identification:_identify(src/realsense-ros) by extension 'ignore_ament_install'
[0.191s] Level 1:colcon.colcon_core.package_identification:_identify(src/realsense-ros) by extensions ['colcon_pkg']
[0.191s] Level 1:colcon.colcon_core.package_identification:_identify(src/realsense-ros) by extension 'colcon_pkg'
[0.191s] Level 1:colcon.colcon_core.package_identification:_identify(src/realsense-ros) by extensions ['colcon_meta']
[0.191s] Level 1:colcon.colcon_core.package_identification:_identify(src/realsense-ros) by extension 'colcon_meta'
[0.191s] Level 1:colcon.colcon_core.package_identification:_identify(src/realsense-ros) by extensions ['ros']
[0.191s] Level 1:colcon.colcon_core.package_identification:_identify(src/realsense-ros) by extension 'ros'
[0.191s] Level 1:colcon.colcon_core.package_identification:_identify(src/realsense-ros) by extensions ['cmake', 'python']
[0.191s] Level 1:colcon.colcon_core.package_identification:_identify(src/realsense-ros) by extension 'cmake'
[0.191s] Level 1:colcon.colcon_core.package_identification:_identify(src/realsense-ros) by extension 'python'
[0.191s] Level 1:colcon.colcon_core.package_identification:_identify(src/realsense-ros) by extensions ['python_setup_py']
[0.191s] Level 1:colcon.colcon_core.package_identification:_identify(src/realsense-ros) by extension 'python_setup_py'
[0.191s] Level 1:colcon.colcon_core.package_identification:_identify(src/realsense-ros/realsense2_camera) by extensions ['ignore', 'ignore_ament_install']
[0.191s] Level 1:colcon.colcon_core.package_identification:_identify(src/realsense-ros/realsense2_camera) by extension 'ignore'
[0.191s] Level 1:colcon.colcon_core.package_identification:_identify(src/realsense-ros/realsense2_camera) by extension 'ignore_ament_install'
[0.191s] Level 1:colcon.colcon_core.package_identification:_identify(src/realsense-ros/realsense2_camera) by extensions ['colcon_pkg']
[0.191s] Level 1:colcon.colcon_core.package_identification:_identify(src/realsense-ros/realsense2_camera) by extension 'colcon_pkg'
[0.191s] Level 1:colcon.colcon_core.package_identification:_identify(src/realsense-ros/realsense2_camera) by extensions ['colcon_meta']
[0.191s] Level 1:colcon.colcon_core.package_identification:_identify(src/realsense-ros/realsense2_camera) by extension 'colcon_meta'
[0.192s] Level 1:colcon.colcon_core.package_identification:_identify(src/realsense-ros/realsense2_camera) by extensions ['ros']
[0.192s] Level 1:colcon.colcon_core.package_identification:_identify(src/realsense-ros/realsense2_camera) by extension 'ros'
[0.195s] DEBUG:colcon.colcon_core.package_identification:Package 'src/realsense-ros/realsense2_camera' with type 'ros.ament_cmake' and name 'realsense2_camera'
[0.195s] Level 1:colcon.colcon_core.package_identification:_identify(src/realsense-ros/realsense2_camera_msgs) by extensions ['ignore', 'ignore_ament_install']
[0.195s] Level 1:colcon.colcon_core.package_identification:_identify(src/realsense-ros/realsense2_camera_msgs) by extension 'ignore'
[0.195s] Level 1:colcon.colcon_core.package_identification:_identify(src/realsense-ros/realsense2_camera_msgs) by extension 'ignore_ament_install'
[0.195s] Level 1:colcon.colcon_core.package_identification:_identify(src/realsense-ros/realsense2_camera_msgs) by extensions ['colcon_pkg']
[0.195s] Level 1:colcon.colcon_core.package_identification:_identify(src/realsense-ros/realsense2_camera_msgs) by extension 'colcon_pkg'
[0.195s] Level 1:colcon.colcon_core.package_identification:_identify(src/realsense-ros/realsense2_camera_msgs) by extensions ['colcon_meta']
[0.195s] Level 1:colcon.colcon_core.package_identification:_identify(src/realsense-ros/realsense2_camera_msgs) by extension 'colcon_meta'
[0.195s] Level 1:colcon.colcon_core.package_identification:_identify(src/realsense-ros/realsense2_camera_msgs) by extensions ['ros']
[0.195s] Level 1:colcon.colcon_core.package_identification:_identify(src/realsense-ros/realsense2_camera_msgs) by extension 'ros'
[0.195s] DEBUG:colcon.colcon_core.package_identification:Package 'src/realsense-ros/realsense2_camera_msgs' with type 'ros.ament_cmake' and name 'realsense2_camera_msgs'
[0.195s] Level 1:colcon.colcon_core.package_identification:_identify(src/realsense-ros/realsense2_description) by extensions ['ignore', 'ignore_ament_install']
[0.195s] Level 1:colcon.colcon_core.package_identification:_identify(src/realsense-ros/realsense2_description) by extension 'ignore'
[0.195s] Level 1:colcon.colcon_core.package_identification:_identify(src/realsense-ros/realsense2_description) by extension 'ignore_ament_install'
[0.195s] Level 1:colcon.colcon_core.package_identification:_identify(src/realsense-ros/realsense2_description) by extensions ['colcon_pkg']
[0.195s] Level 1:colcon.colcon_core.package_identification:_identify(src/realsense-ros/realsense2_description) by extension 'colcon_pkg'
[0.195s] Level 1:colcon.colcon_core.package_identification:_identify(src/realsense-ros/realsense2_description) by extensions ['colcon_meta']
[0.195s] Level 1:colcon.colcon_core.package_identification:_identify(src/realsense-ros/realsense2_description) by extension 'colcon_meta'
[0.195s] Level 1:colcon.colcon_core.package_identification:_identify(src/realsense-ros/realsense2_description) by extensions ['ros']
[0.195s] Level 1:colcon.colcon_core.package_identification:_identify(src/realsense-ros/realsense2_description) by extension 'ros'
[0.196s] DEBUG:colcon.colcon_core.package_identification:Package 'src/realsense-ros/realsense2_description' with type 'ros.ament_cmake' and name 'realsense2_description'
[0.196s] Level 1:colcon.colcon_core.package_identification:_identify(src/realsense-ros/scripts) by extensions ['ignore', 'ignore_ament_install']
[0.196s] Level 1:colcon.colcon_core.package_identification:_identify(src/realsense-ros/scripts) by extension 'ignore'
[0.196s] Level 1:colcon.colcon_core.package_identification:_identify(src/realsense-ros/scripts) by extension 'ignore_ament_install'
[0.196s] Level 1:colcon.colcon_core.package_identification:_identify(src/realsense-ros/scripts) by extensions ['colcon_pkg']
[0.196s] Level 1:colcon.colcon_core.package_identification:_identify(src/realsense-ros/scripts) by extension 'colcon_pkg'
[0.196s] Level 1:colcon.colcon_core.package_identification:_identify(src/realsense-ros/scripts) by extensions ['colcon_meta']
[0.196s] Level 1:colcon.colcon_core.package_identification:_identify(src/realsense-ros/scripts) by extension 'colcon_meta'
[0.196s] Level 1:colcon.colcon_core.package_identification:_identify(src/realsense-ros/scripts) by extensions ['ros']
[0.196s] Level 1:colcon.colcon_core.package_identification:_identify(src/realsense-ros/scripts) by extension 'ros'
[0.196s] Level 1:colcon.colcon_core.package_identification:_identify(src/realsense-ros/scripts) by extensions ['cmake', 'python']
[0.196s] Level 1:colcon.colcon_core.package_identification:_identify(src/realsense-ros/scripts) by extension 'cmake'
[0.196s] Level 1:colcon.colcon_core.package_identification:_identify(src/realsense-ros/scripts) by extension 'python'
[0.196s] Level 1:colcon.colcon_core.package_identification:_identify(src/realsense-ros/scripts) by extensions ['python_setup_py']
[0.196s] Level 1:colcon.colcon_core.package_identification:_identify(src/realsense-ros/scripts) by extension 'python_setup_py'
[0.196s] Level 1:colcon.colcon_core.package_discovery:discover_packages(recursive) using defaults
[0.196s] Level 1:colcon.colcon_core.package_discovery:discover_packages(ignore) discover
[0.196s] Level 1:colcon.colcon_core.package_discovery:discover_packages(ignore) using defaults
[0.196s] Level 1:colcon.colcon_core.package_discovery:discover_packages(path) discover
[0.196s] Level 1:colcon.colcon_core.package_discovery:discover_packages(path) using defaults
[0.210s] Level 1:colcon.colcon_core.package_discovery:discover_packages(prefix_path) check parameters
[0.210s] Level 1:colcon.colcon_core.package_discovery:discover_packages(prefix_path) discover
[0.212s] DEBUG:colcon.colcon_installed_package_information.package_discovery:Found 282 installed packages in /opt/ros/humble
[0.213s] Level 1:colcon.colcon_core.package_discovery:discover_packages(prefix_path) using defaults
[0.232s] Level 5:colcon.colcon_core.verb:set package 'obstacle_stop' build argument 'cmake_args' from command line to 'None'
[0.232s] Level 5:colcon.colcon_core.verb:set package 'obstacle_stop' build argument 'cmake_target' from command line to 'None'
[0.232s] Level 5:colcon.colcon_core.verb:set package 'obstacle_stop' build argument 'cmake_target_skip_unavailable' from command line to 'False'
[0.232s] Level 5:colcon.colcon_core.verb:set package 'obstacle_stop' build argument 'cmake_clean_cache' from command line to 'False'
[0.232s] Level 5:colcon.colcon_core.verb:set package 'obstacle_stop' build argument 'cmake_clean_first' from command line to 'False'
[0.232s] Level 5:colcon.colcon_core.verb:set package 'obstacle_stop' build argument 'cmake_force_configure' from command line to 'False'
[0.232s] Level 5:colcon.colcon_core.verb:set package 'obstacle_stop' build argument 'ament_cmake_args' from command line to 'None'
[0.232s] Level 5:colcon.colcon_core.verb:set package 'obstacle_stop' build argument 'catkin_cmake_args' from command line to 'None'
[0.232s] Level 5:colcon.colcon_core.verb:set package 'obstacle_stop' build argument 'catkin_skip_building_tests' from command line to 'False'
[0.232s] DEBUG:colcon.colcon_core.verb:Building package 'obstacle_stop' with the following arguments: {'ament_cmake_args': None, 'build_base': '/home/kadowaki/realsense_ws/build/obstacle_stop', 'catkin_cmake_args': None, 'catkin_skip_building_tests': False, 'cmake_args': None, 'cmake_clean_cache': False, 'cmake_clean_first': False, 'cmake_force_configure': False, 'cmake_target': None, 'cmake_target_skip_unavailable': False, 'install_base': '/home/kadowaki/realsense_ws/install/obstacle_stop', 'merge_install': False, 'path': '/home/kadowaki/realsense_ws/src/obstacle_stop', 'symlink_install': False, 'test_result_base': None}
[0.233s] Level 5:colcon.colcon_core.verb:set package 'realsense2_camera_msgs' build argument 'cmake_args' from command line to 'None'
[0.233s] Level 5:colcon.colcon_core.verb:set package 'realsense2_camera_msgs' build argument 'cmake_target' from command line to 'None'
[0.233s] Level 5:colcon.colcon_core.verb:set package 'realsense2_camera_msgs' build argument 'cmake_target_skip_unavailable' from command line to 'False'
[0.233s] Level 5:colcon.colcon_core.verb:set package 'realsense2_camera_msgs' build argument 'cmake_clean_cache' from command line to 'False'
[0.233s] Level 5:colcon.colcon_core.verb:set package 'realsense2_camera_msgs' build argument 'cmake_clean_first' from command line to 'False'
[0.233s] Level 5:colcon.colcon_core.verb:set package 'realsense2_camera_msgs' build argument 'cmake_force_configure' from command line to 'False'
[0.233s] Level 5:colcon.colcon_core.verb:set package 'realsense2_camera_msgs' build argument 'ament_cmake_args' from command line to 'None'
[0.233s] Level 5:colcon.colcon_core.verb:set package 'realsense2_camera_msgs' build argument 'catkin_cmake_args' from command line to 'None'
[0.233s] Level 5:colcon.colcon_core.verb:set package 'realsense2_camera_msgs' build argument 'catkin_skip_building_tests' from command line to 'False'
[0.233s] DEBUG:colcon.colcon_core.verb:Building package 'realsense2_camera_msgs' with the following arguments: {'ament_cmake_args': None, 'build_base': '/home/kadowaki/realsense_ws/build/realsense2_camera_msgs', 'catkin_cmake_args': None, 'catkin_skip_building_tests': False, 'cmake_args': None, 'cmake_clean_cache': False, 'cmake_clean_first': False, 'cmake_force_configure': False, 'cmake_target': None, 'cmake_target_skip_unavailable': False, 'install_base': '/home/kadowaki/realsense_ws/install/realsense2_camera_msgs', 'merge_install': False, 'path': '/home/kadowaki/realsense_ws/src/realsense-ros/realsense2_camera_msgs', 'symlink_install': False, 'test_result_base': None}
[0.233s] Level 5:colcon.colcon_core.verb:set package 'realsense2_camera' build argument 'cmake_args' from command line to 'None'
[0.233s] Level 5:colcon.colcon_core.verb:set package 'realsense2_camera' build argument 'cmake_target' from command line to 'None'
[0.233s] Level 5:colcon.colcon_core.verb:set package 'realsense2_camera' build argument 'cmake_target_skip_unavailable' from command line to 'False'
[0.233s] Level 5:colcon.colcon_core.verb:set package 'realsense2_camera' build argument 'cmake_clean_cache' from command line to 'False'
[0.233s] Level 5:colcon.colcon_core.verb:set package 'realsense2_camera' build argument 'cmake_clean_first' from command line to 'False'
[0.233s] Level 5:colcon.colcon_core.verb:set package 'realsense2_camera' build argument 'cmake_force_configure' from command line to 'False'
[0.233s] Level 5:colcon.colcon_core.verb:set package 'realsense2_camera' build argument 'ament_cmake_args' from command line to 'None'
[0.233s] Level 5:colcon.colcon_core.verb:set package 'realsense2_camera' build argument 'catkin_cmake_args' from command line to 'None'
[0.233s] Level 5:colcon.colcon_core.verb:set package 'realsense2_camera' build argument 'catkin_skip_building_tests' from command line to 'False'
[0.233s] DEBUG:colcon.colcon_core.verb:Building package 'realsense2_camera' with the following arguments: {'ament_cmake_args': None, 'build_base': '/home/kadowaki/realsense_ws/build/realsense2_camera', 'catkin_cmake_args': None, 'catkin_skip_building_tests': False, 'cmake_args': None, 'cmake_clean_cache': False, 'cmake_clean_first': False, 'cmake_force_configure': False, 'cmake_target': None, 'cmake_target_skip_unavailable': False, 'install_base': '/home/kadowaki/realsense_ws/install/realsense2_camera', 'merge_install': False, 'path': '/home/kadowaki/realsense_ws/src/realsense-ros/realsense2_camera', 'symlink_install': False, 'test_result_base': None}
[0.233s] Level 5:colcon.colcon_core.verb:set package 'realsense2_description' build argument 'cmake_args' from command line to 'None'
[0.233s] Level 5:colcon.colcon_core.verb:set package 'realsense2_description' build argument 'cmake_target' from command line to 'None'
[0.233s] Level 5:colcon.colcon_core.verb:set package 'realsense2_description' build argument 'cmake_target_skip_unavailable' from command line to 'False'
[0.233s] Level 5:colcon.colcon_core.verb:set package 'realsense2_description' build argument 'cmake_clean_cache' from command line to 'False'
[0.233s] Level 5:colcon.colcon_core.verb:set package 'realsense2_description' build argument 'cmake_clean_first' from command line to 'False'
[0.233s] Level 5:colcon.colcon_core.verb:set package 'realsense2_description' build argument 'cmake_force_configure' from command line to 'False'
[0.233s] Level 5:colcon.colcon_core.verb:set package 'realsense2_description' build argument 'ament_cmake_args' from command line to 'None'
[0.233s] Level 5:colcon.colcon_core.verb:set package 'realsense2_description' build argument 'catkin_cmake_args' from command line to 'None'
[0.233s] Level 5:colcon.colcon_core.verb:set package 'realsense2_description' build argument 'catkin_skip_building_tests' from command line to 'False'
[0.233s] DEBUG:colcon.colcon_core.verb:Building package 'realsense2_description' with the following arguments: {'ament_cmake_args': None, 'build_base': '/home/kadowaki/realsense_ws/build/realsense2_description', 'catkin_cmake_args': None, 'catkin_skip_building_tests': False, 'cmake_args': None, 'cmake_clean_cache': False, 'cmake_clean_first': False, 'cmake_force_configure': False, 'cmake_target': None, 'cmake_target_skip_unavailable': False, 'install_base': '/home/kadowaki/realsense_ws/install/realsense2_description', 'merge_install': False, 'path': '/home/kadowaki/realsense_ws/src/realsense-ros/realsense2_description', 'symlink_install': False, 'test_result_base': None}
[0.233s] INFO:colcon.colcon_core.executor:Executing jobs using 'parallel' executor
[0.234s] DEBUG:colcon.colcon_parallel_executor.executor.parallel:run_until_complete
[0.234s] INFO:colcon.colcon_ros.task.ament_cmake.build:Building ROS package in '/home/kadowaki/realsense_ws/src/realsense-ros/realsense2_camera_msgs' with build type 'ament_cmake'
[0.234s] INFO:colcon.colcon_cmake.task.cmake.build:Building CMake package in '/home/kadowaki/realsense_ws/src/realsense-ros/realsense2_camera_msgs'
[0.236s] INFO:colcon.colcon_core.plugin_system:Skipping extension 'colcon_core.shell.bat': Not used on non-Windows systems
[0.236s] INFO:colcon.colcon_core.shell:Skip shell extension 'powershell' for command environment: Not usable outside of PowerShell
[0.236s] DEBUG:colcon.colcon_core.shell:Skip shell extension 'dsv' for command environment
[0.238s] INFO:colcon.colcon_ros.task.ament_python.build:Building ROS package in '/home/kadowaki/realsense_ws/src/obstacle_stop' with build type 'ament_python'
[0.238s] Level 1:colcon.colcon_core.shell:create_environment_hook('obstacle_stop', 'ament_prefix_path')
[0.238s] INFO:colcon.colcon_core.shell:Creating environment hook '/home/kadowaki/realsense_ws/install/obstacle_stop/share/obstacle_stop/hook/ament_prefix_path.ps1'
[0.238s] INFO:colcon.colcon_core.shell:Creating environment descriptor '/home/kadowaki/realsense_ws/install/obstacle_stop/share/obstacle_stop/hook/ament_prefix_path.dsv'
[0.239s] INFO:colcon.colcon_core.shell:Creating environment hook '/home/kadowaki/realsense_ws/install/obstacle_stop/share/obstacle_stop/hook/ament_prefix_path.sh'
[0.239s] INFO:colcon.colcon_core.shell:Skip shell extension 'powershell' for command environment: Not usable outside of PowerShell
[0.239s] DEBUG:colcon.colcon_core.shell:Skip shell extension 'dsv' for command environment
[0.243s] DEBUG:colcon.colcon_core.event_handler.log_command:Invoking command in '/home/kadowaki/realsense_ws/build/realsense2_camera_msgs': CMAKE_PREFIX_PATH=/opt/ros/humble /usr/bin/cmake --build /home/kadowaki/realsense_ws/build/realsense2_camera_msgs -- -j24 -l24
[0.369s] INFO:colcon.colcon_core.task.python.build:Building Python package in '/home/kadowaki/realsense_ws/src/obstacle_stop'
[0.369s] INFO:colcon.colcon_core.shell:Skip shell extension 'powershell' for command environment: Not usable outside of PowerShell
[0.369s] DEBUG:colcon.colcon_core.shell:Skip shell extension 'dsv' for command environment
[0.444s] DEBUG:colcon.colcon_core.event_handler.log_command:Invoked command in '/home/kadowaki/realsense_ws/build/realsense2_camera_msgs' returned '0': CMAKE_PREFIX_PATH=/opt/ros/humble /usr/bin/cmake --build /home/kadowaki/realsense_ws/build/realsense2_camera_msgs -- -j24 -l24
[0.451s] DEBUG:colcon.colcon_core.event_handler.log_command:Invoking command in '/home/kadowaki/realsense_ws/build/realsense2_camera_msgs': CMAKE_PREFIX_PATH=/opt/ros/humble /usr/bin/cmake --install /home/kadowaki/realsense_ws/build/realsense2_camera_msgs
[0.505s] Level 1:colcon.colcon_core.environment:create_environment_scripts_only(realsense2_camera_msgs)
[0.505s] DEBUG:colcon.colcon_core.event_handler.log_command:Invoked command in '/home/kadowaki/realsense_ws/build/realsense2_camera_msgs' returned '0': CMAKE_PREFIX_PATH=/opt/ros/humble /usr/bin/cmake --install /home/kadowaki/realsense_ws/build/realsense2_camera_msgs
[0.509s] Level 1:colcon.colcon_core.environment:checking '/home/kadowaki/realsense_ws/install/realsense2_camera_msgs' for CMake module files
[0.509s] Level 1:colcon.colcon_core.environment:checking '/home/kadowaki/realsense_ws/install/realsense2_camera_msgs' for CMake config files
[0.510s] Level 1:colcon.colcon_core.shell:create_environment_hook('realsense2_camera_msgs', 'cmake_prefix_path')
[0.510s] INFO:colcon.colcon_core.shell:Creating environment hook '/home/kadowaki/realsense_ws/install/realsense2_camera_msgs/share/realsense2_camera_msgs/hook/cmake_prefix_path.ps1'
[0.511s] INFO:colcon.colcon_core.shell:Creating environment descriptor '/home/kadowaki/realsense_ws/install/realsense2_camera_msgs/share/realsense2_camera_msgs/hook/cmake_prefix_path.dsv'
[0.511s] INFO:colcon.colcon_core.shell:Creating environment hook '/home/kadowaki/realsense_ws/install/realsense2_camera_msgs/share/realsense2_camera_msgs/hook/cmake_prefix_path.sh'
[0.511s] Level 1:colcon.colcon_core.environment:checking '/home/kadowaki/realsense_ws/install/realsense2_camera_msgs/lib'
[0.512s] Level 1:colcon.colcon_core.shell:create_environment_hook('realsense2_camera_msgs', 'ld_library_path_lib')
[0.512s] INFO:colcon.colcon_core.shell:Creating environment hook '/home/kadowaki/realsense_ws/install/realsense2_camera_msgs/share/realsense2_camera_msgs/hook/ld_library_path_lib.ps1'
[0.512s] INFO:colcon.colcon_core.shell:Creating environment descriptor '/home/kadowaki/realsense_ws/install/realsense2_camera_msgs/share/realsense2_camera_msgs/hook/ld_library_path_lib.dsv'
[0.512s] INFO:colcon.colcon_core.shell:Creating environment hook '/home/kadowaki/realsense_ws/install/realsense2_camera_msgs/share/realsense2_camera_msgs/hook/ld_library_path_lib.sh'
[0.513s] Level 1:colcon.colcon_core.environment:checking '/home/kadowaki/realsense_ws/install/realsense2_camera_msgs/bin'
[0.513s] Level 1:colcon.colcon_core.environment:checking '/home/kadowaki/realsense_ws/install/realsense2_camera_msgs/lib/pkgconfig/realsense2_camera_msgs.pc'
[0.513s] Level 1:colcon.colcon_core.environment:checking '/home/kadowaki/realsense_ws/install/realsense2_camera_msgs/lib/python3.10/site-packages'
[0.513s] Level 1:colcon.colcon_core.environment:checking '/home/kadowaki/realsense_ws/install/realsense2_camera_msgs/bin'
[0.513s] INFO:colcon.colcon_core.shell:Creating package script '/home/kadowaki/realsense_ws/install/realsense2_camera_msgs/share/realsense2_camera_msgs/package.ps1'
[0.514s] INFO:colcon.colcon_core.shell:Creating package descriptor '/home/kadowaki/realsense_ws/install/realsense2_camera_msgs/share/realsense2_camera_msgs/package.dsv'
[0.515s] INFO:colcon.colcon_core.shell:Creating package script '/home/kadowaki/realsense_ws/install/realsense2_camera_msgs/share/realsense2_camera_msgs/package.sh'
[0.515s] INFO:colcon.colcon_core.shell:Creating package script '/home/kadowaki/realsense_ws/install/realsense2_camera_msgs/share/realsense2_camera_msgs/package.bash'
[0.516s] INFO:colcon.colcon_core.shell:Creating package script '/home/kadowaki/realsense_ws/install/realsense2_camera_msgs/share/realsense2_camera_msgs/package.zsh'
[0.517s] Level 1:colcon.colcon_core.environment:create_file_with_runtime_dependencies(/home/kadowaki/realsense_ws/install/realsense2_camera_msgs/share/colcon-core/packages/realsense2_camera_msgs)
[0.517s] Level 1:colcon.colcon_core.environment:create_environment_scripts_only(realsense2_camera_msgs)
[0.517s] Level 1:colcon.colcon_core.environment:checking '/home/kadowaki/realsense_ws/install/realsense2_camera_msgs' for CMake module files
[0.517s] Level 1:colcon.colcon_core.environment:checking '/home/kadowaki/realsense_ws/install/realsense2_camera_msgs' for CMake config files
[0.517s] Level 1:colcon.colcon_core.shell:create_environment_hook('realsense2_camera_msgs', 'cmake_prefix_path')
[0.517s] INFO:colcon.colcon_core.shell:Creating environment hook '/home/kadowaki/realsense_ws/install/realsense2_camera_msgs/share/realsense2_camera_msgs/hook/cmake_prefix_path.ps1'
[0.518s] INFO:colcon.colcon_core.shell:Creating environment descriptor '/home/kadowaki/realsense_ws/install/realsense2_camera_msgs/share/realsense2_camera_msgs/hook/cmake_prefix_path.dsv'
[0.518s] INFO:colcon.colcon_core.shell:Creating environment hook '/home/kadowaki/realsense_ws/install/realsense2_camera_msgs/share/realsense2_camera_msgs/hook/cmake_prefix_path.sh'
[0.518s] Level 1:colcon.colcon_core.environment:checking '/home/kadowaki/realsense_ws/install/realsense2_camera_msgs/lib'
[0.518s] Level 1:colcon.colcon_core.shell:create_environment_hook('realsense2_camera_msgs', 'ld_library_path_lib')
[0.518s] INFO:colcon.colcon_core.shell:Creating environment hook '/home/kadowaki/realsense_ws/install/realsense2_camera_msgs/share/realsense2_camera_msgs/hook/ld_library_path_lib.ps1'
[0.518s] INFO:colcon.colcon_core.shell:Creating environment descriptor '/home/kadowaki/realsense_ws/install/realsense2_camera_msgs/share/realsense2_camera_msgs/hook/ld_library_path_lib.dsv'
[0.518s] INFO:colcon.colcon_core.shell:Creating environment hook '/home/kadowaki/realsense_ws/install/realsense2_camera_msgs/share/realsense2_camera_msgs/hook/ld_library_path_lib.sh'
[0.519s] Level 1:colcon.colcon_core.environment:checking '/home/kadowaki/realsense_ws/install/realsense2_camera_msgs/bin'
[0.519s] Level 1:colcon.colcon_core.environment:checking '/home/kadowaki/realsense_ws/install/realsense2_camera_msgs/lib/pkgconfig/realsense2_camera_msgs.pc'
[0.519s] Level 1:colcon.colcon_core.environment:checking '/home/kadowaki/realsense_ws/install/realsense2_camera_msgs/lib/python3.10/site-packages'
[0.519s] Level 1:colcon.colcon_core.environment:checking '/home/kadowaki/realsense_ws/install/realsense2_camera_msgs/bin'
[0.519s] INFO:colcon.colcon_core.shell:Creating package script '/home/kadowaki/realsense_ws/install/realsense2_camera_msgs/share/realsense2_camera_msgs/package.ps1'
[0.519s] INFO:colcon.colcon_core.shell:Creating package descriptor '/home/kadowaki/realsense_ws/install/realsense2_camera_msgs/share/realsense2_camera_msgs/package.dsv'
[0.519s] INFO:colcon.colcon_core.shell:Creating package script '/home/kadowaki/realsense_ws/install/realsense2_camera_msgs/share/realsense2_camera_msgs/package.sh'
[0.520s] INFO:colcon.colcon_core.shell:Creating package script '/home/kadowaki/realsense_ws/install/realsense2_camera_msgs/share/realsense2_camera_msgs/package.bash'
[0.520s] INFO:colcon.colcon_core.shell:Creating package script '/home/kadowaki/realsense_ws/install/realsense2_camera_msgs/share/realsense2_camera_msgs/package.zsh'
[0.520s] Level 1:colcon.colcon_core.environment:create_file_with_runtime_dependencies(/home/kadowaki/realsense_ws/install/realsense2_camera_msgs/share/colcon-core/packages/realsense2_camera_msgs)
[0.520s] INFO:colcon.colcon_ros.task.ament_cmake.build:Building ROS package in '/home/kadowaki/realsense_ws/src/realsense-ros/realsense2_camera' with build type 'ament_cmake'
[0.520s] INFO:colcon.colcon_cmake.task.cmake.build:Building CMake package in '/home/kadowaki/realsense_ws/src/realsense-ros/realsense2_camera'
[0.520s] INFO:colcon.colcon_core.shell:Skip shell extension 'powershell' for command environment: Not usable outside of PowerShell
[0.520s] DEBUG:colcon.colcon_core.shell:Skip shell extension 'dsv' for command environment
[0.522s] INFO:colcon.colcon_ros.task.ament_cmake.build:Building ROS package in '/home/kadowaki/realsense_ws/src/realsense-ros/realsense2_description' with build type 'ament_cmake'
[0.522s] INFO:colcon.colcon_cmake.task.cmake.build:Building CMake package in '/home/kadowaki/realsense_ws/src/realsense-ros/realsense2_description'
[0.522s] INFO:colcon.colcon_core.shell:Skip shell extension 'powershell' for command environment: Not usable outside of PowerShell
[0.522s] DEBUG:colcon.colcon_core.shell:Skip shell extension 'dsv' for command environment
[0.527s] DEBUG:colcon.colcon_core.event_handler.log_command:Invoking command in '/home/kadowaki/realsense_ws/build/realsense2_camera': AMENT_PREFIX_PATH=/home/kadowaki/realsense_ws/install/realsense2_camera_msgs:${AMENT_PREFIX_PATH} CMAKE_PREFIX_PATH=/home/kadowaki/realsense_ws/install/realsense2_camera_msgs:/opt/ros/humble LD_LIBRARY_PATH=/home/kadowaki/realsense_ws/install/realsense2_camera_msgs/lib:${LD_LIBRARY_PATH} PYTHONPATH=/home/kadowaki/realsense_ws/install/realsense2_camera_msgs/local/lib/python3.10/dist-packages:${PYTHONPATH} /usr/bin/cmake --build /home/kadowaki/realsense_ws/build/realsense2_camera -- -j24 -l24
[0.529s] DEBUG:colcon.colcon_core.event_handler.log_command:Invoking command in '/home/kadowaki/realsense_ws/build/realsense2_description': AMENT_PREFIX_PATH=/home/kadowaki/realsense_ws/install/realsense2_camera_msgs:${AMENT_PREFIX_PATH} CMAKE_PREFIX_PATH=/home/kadowaki/realsense_ws/install/realsense2_camera_msgs:/opt/ros/humble LD_LIBRARY_PATH=/home/kadowaki/realsense_ws/install/realsense2_camera_msgs/lib:${LD_LIBRARY_PATH} PYTHONPATH=/home/kadowaki/realsense_ws/install/realsense2_camera_msgs/local/lib/python3.10/dist-packages:${PYTHONPATH} /usr/bin/cmake --build /home/kadowaki/realsense_ws/build/realsense2_description -- -j24 -l24
[0.544s] DEBUG:colcon.colcon_core.event_handler.log_command:Invoking command in '/home/kadowaki/realsense_ws/src/obstacle_stop': PYTHONPATH=/home/kadowaki/realsense_ws/build/obstacle_stop/prefix_override:/home/kadowaki/.local/lib/python3.10/site-packages/colcon_core/task/python/colcon_distutils_commands:/home/kadowaki/realsense_ws/install/obstacle_stop/lib/python3.10/site-packages:${PYTHONPATH} /usr/bin/python3 -W ignore:setup.py install is deprecated -W ignore:easy_install command is deprecated setup.py egg_info --egg-base ../../build/obstacle_stop build --build-base /home/kadowaki/realsense_ws/build/obstacle_stop/build install --record /home/kadowaki/realsense_ws/build/obstacle_stop/install.log --single-version-externally-managed install_data
[0.554s] DEBUG:colcon.colcon_core.event_handler.log_command:Invoked command in '/home/kadowaki/realsense_ws/build/realsense2_description' returned '0': AMENT_PREFIX_PATH=/home/kadowaki/realsense_ws/install/realsense2_camera_msgs:${AMENT_PREFIX_PATH} CMAKE_PREFIX_PATH=/home/kadowaki/realsense_ws/install/realsense2_camera_msgs:/opt/ros/humble LD_LIBRARY_PATH=/home/kadowaki/realsense_ws/install/realsense2_camera_msgs/lib:${LD_LIBRARY_PATH} PYTHONPATH=/home/kadowaki/realsense_ws/install/realsense2_camera_msgs/local/lib/python3.10/dist-packages:${PYTHONPATH} /usr/bin/cmake --build /home/kadowaki/realsense_ws/build/realsense2_description -- -j24 -l24
[0.556s] DEBUG:colcon.colcon_core.event_handler.log_command:Invoking command in '/home/kadowaki/realsense_ws/build/realsense2_description': AMENT_PREFIX_PATH=/home/kadowaki/realsense_ws/install/realsense2_camera_msgs:${AMENT_PREFIX_PATH} CMAKE_PREFIX_PATH=/home/kadowaki/realsense_ws/install/realsense2_camera_msgs:/opt/ros/humble LD_LIBRARY_PATH=/home/kadowaki/realsense_ws/install/realsense2_camera_msgs/lib:${LD_LIBRARY_PATH} PYTHONPATH=/home/kadowaki/realsense_ws/install/realsense2_camera_msgs/local/lib/python3.10/dist-packages:${PYTHONPATH} /usr/bin/cmake --install /home/kadowaki/realsense_ws/build/realsense2_description
[0.577s] Level 1:colcon.colcon_core.environment:create_environment_scripts_only(realsense2_description)
[0.577s] Level 1:colcon.colcon_core.environment:checking '/home/kadowaki/realsense_ws/install/realsense2_description' for CMake module files
[0.577s] DEBUG:colcon.colcon_core.event_handler.log_command:Invoked command in '/home/kadowaki/realsense_ws/build/realsense2_description' returned '0': AMENT_PREFIX_PATH=/home/kadowaki/realsense_ws/install/realsense2_camera_msgs:${AMENT_PREFIX_PATH} CMAKE_PREFIX_PATH=/home/kadowaki/realsense_ws/install/realsense2_camera_msgs:/opt/ros/humble LD_LIBRARY_PATH=/home/kadowaki/realsense_ws/install/realsense2_camera_msgs/lib:${LD_LIBRARY_PATH} PYTHONPATH=/home/kadowaki/realsense_ws/install/realsense2_camera_msgs/local/lib/python3.10/dist-packages:${PYTHONPATH} /usr/bin/cmake --install /home/kadowaki/realsense_ws/build/realsense2_description
[0.578s] Level 1:colcon.colcon_core.environment:checking '/home/kadowaki/realsense_ws/install/realsense2_description' for CMake config files
[0.578s] Level 1:colcon.colcon_core.shell:create_environment_hook('realsense2_description', 'cmake_prefix_path')
[0.578s] INFO:colcon.colcon_core.shell:Creating environment hook '/home/kadowaki/realsense_ws/install/realsense2_description/share/realsense2_description/hook/cmake_prefix_path.ps1'
[0.579s] INFO:colcon.colcon_core.shell:Creating environment descriptor '/home/kadowaki/realsense_ws/install/realsense2_description/share/realsense2_description/hook/cmake_prefix_path.dsv'
[0.579s] INFO:colcon.colcon_core.shell:Creating environment hook '/home/kadowaki/realsense_ws/install/realsense2_description/share/realsense2_description/hook/cmake_prefix_path.sh'
[0.580s] Level 1:colcon.colcon_core.environment:checking '/home/kadowaki/realsense_ws/install/realsense2_description/bin'
[0.580s] Level 1:colcon.colcon_core.environment:checking '/home/kadowaki/realsense_ws/install/realsense2_description/lib/pkgconfig/realsense2_description.pc'
[0.580s] Level 1:colcon.colcon_core.environment:checking '/home/kadowaki/realsense_ws/install/realsense2_description/lib/python3.10/site-packages'
[0.580s] Level 1:colcon.colcon_core.environment:checking '/home/kadowaki/realsense_ws/install/realsense2_description/bin'
[0.581s] INFO:colcon.colcon_core.shell:Creating package script '/home/kadowaki/realsense_ws/install/realsense2_description/share/realsense2_description/package.ps1'
[0.581s] INFO:colcon.colcon_core.shell:Creating package descriptor '/home/kadowaki/realsense_ws/install/realsense2_description/share/realsense2_description/package.dsv'
[0.581s] INFO:colcon.colcon_core.shell:Creating package script '/home/kadowaki/realsense_ws/install/realsense2_description/share/realsense2_description/package.sh'
[0.582s] INFO:colcon.colcon_core.shell:Creating package script '/home/kadowaki/realsense_ws/install/realsense2_description/share/realsense2_description/package.bash'
[0.582s] INFO:colcon.colcon_core.shell:Creating package script '/home/kadowaki/realsense_ws/install/realsense2_description/share/realsense2_description/package.zsh'
[0.582s] Level 1:colcon.colcon_core.environment:create_file_with_runtime_dependencies(/home/kadowaki/realsense_ws/install/realsense2_description/share/colcon-core/packages/realsense2_description)
[0.583s] Level 1:colcon.colcon_core.environment:create_environment_scripts_only(realsense2_description)
[0.583s] Level 1:colcon.colcon_core.environment:checking '/home/kadowaki/realsense_ws/install/realsense2_description' for CMake module files
[0.583s] Level 1:colcon.colcon_core.environment:checking '/home/kadowaki/realsense_ws/install/realsense2_description' for CMake config files
[0.584s] Level 1:colcon.colcon_core.shell:create_environment_hook('realsense2_description', 'cmake_prefix_path')
[0.584s] INFO:colcon.colcon_core.shell:Creating environment hook '/home/kadowaki/realsense_ws/install/realsense2_description/share/realsense2_description/hook/cmake_prefix_path.ps1'
[0.584s] INFO:colcon.colcon_core.shell:Creating environment descriptor '/home/kadowaki/realsense_ws/install/realsense2_description/share/realsense2_description/hook/cmake_prefix_path.dsv'
[0.585s] INFO:colcon.colcon_core.shell:Creating environment hook '/home/kadowaki/realsense_ws/install/realsense2_description/share/realsense2_description/hook/cmake_prefix_path.sh'
[0.585s] Level 1:colcon.colcon_core.environment:checking '/home/kadowaki/realsense_ws/install/realsense2_description/bin'
[0.585s] Level 1:colcon.colcon_core.environment:checking '/home/kadowaki/realsense_ws/install/realsense2_description/lib/pkgconfig/realsense2_description.pc'
[0.585s] Level 1:colcon.colcon_core.environment:checking '/home/kadowaki/realsense_ws/install/realsense2_description/lib/python3.10/site-packages'
[0.585s] Level 1:colcon.colcon_core.environment:checking '/home/kadowaki/realsense_ws/install/realsense2_description/bin'
[0.585s] INFO:colcon.colcon_core.shell:Creating package script '/home/kadowaki/realsense_ws/install/realsense2_description/share/realsense2_description/package.ps1'
[0.586s] INFO:colcon.colcon_core.shell:Creating package descriptor '/home/kadowaki/realsense_ws/install/realsense2_description/share/realsense2_description/package.dsv'
[0.586s] INFO:colcon.colcon_core.shell:Creating package script '/home/kadowaki/realsense_ws/install/realsense2_description/share/realsense2_description/package.sh'
[0.586s] INFO:colcon.colcon_core.shell:Creating package script '/home/kadowaki/realsense_ws/install/realsense2_description/share/realsense2_description/package.bash'
[0.586s] INFO:colcon.colcon_core.shell:Creating package script '/home/kadowaki/realsense_ws/install/realsense2_description/share/realsense2_description/package.zsh'
[0.587s] Level 1:colcon.colcon_core.environment:create_file_with_runtime_dependencies(/home/kadowaki/realsense_ws/install/realsense2_description/share/colcon-core/packages/realsense2_description)
[0.598s] DEBUG:colcon.colcon_core.event_handler.log_command:Invoked command in '/home/kadowaki/realsense_ws/build/realsense2_camera' returned '0': AMENT_PREFIX_PATH=/home/kadowaki/realsense_ws/install/realsense2_camera_msgs:${AMENT_PREFIX_PATH} CMAKE_PREFIX_PATH=/home/kadowaki/realsense_ws/install/realsense2_camera_msgs:/opt/ros/humble LD_LIBRARY_PATH=/home/kadowaki/realsense_ws/install/realsense2_camera_msgs/lib:${LD_LIBRARY_PATH} PYTHONPATH=/home/kadowaki/realsense_ws/install/realsense2_camera_msgs/local/lib/python3.10/dist-packages:${PYTHONPATH} /usr/bin/cmake --build /home/kadowaki/realsense_ws/build/realsense2_camera -- -j24 -l24
[0.599s] DEBUG:colcon.colcon_core.event_handler.log_command:Invoking command in '/home/kadowaki/realsense_ws/build/realsense2_camera': AMENT_PREFIX_PATH=/home/kadowaki/realsense_ws/install/realsense2_camera_msgs:${AMENT_PREFIX_PATH} CMAKE_PREFIX_PATH=/home/kadowaki/realsense_ws/install/realsense2_camera_msgs:/opt/ros/humble LD_LIBRARY_PATH=/home/kadowaki/realsense_ws/install/realsense2_camera_msgs/lib:${LD_LIBRARY_PATH} PYTHONPATH=/home/kadowaki/realsense_ws/install/realsense2_camera_msgs/local/lib/python3.10/dist-packages:${PYTHONPATH} /usr/bin/cmake --install /home/kadowaki/realsense_ws/build/realsense2_camera
[0.617s] Level 1:colcon.colcon_core.environment:create_environment_scripts_only(realsense2_camera)
[0.617s] DEBUG:colcon.colcon_core.event_handler.log_command:Invoked command in '/home/kadowaki/realsense_ws/build/realsense2_camera' returned '0': AMENT_PREFIX_PATH=/home/kadowaki/realsense_ws/install/realsense2_camera_msgs:${AMENT_PREFIX_PATH} CMAKE_PREFIX_PATH=/home/kadowaki/realsense_ws/install/realsense2_camera_msgs:/opt/ros/humble LD_LIBRARY_PATH=/home/kadowaki/realsense_ws/install/realsense2_camera_msgs/lib:${LD_LIBRARY_PATH} PYTHONPATH=/home/kadowaki/realsense_ws/install/realsense2_camera_msgs/local/lib/python3.10/dist-packages:${PYTHONPATH} /usr/bin/cmake --install /home/kadowaki/realsense_ws/build/realsense2_camera
[0.618s] Level 1:colcon.colcon_core.environment:checking '/home/kadowaki/realsense_ws/install/realsense2_camera' for CMake module files
[0.618s] Level 1:colcon.colcon_core.environment:checking '/home/kadowaki/realsense_ws/install/realsense2_camera' for CMake config files
[0.619s] Level 1:colcon.colcon_core.shell:create_environment_hook('realsense2_camera', 'cmake_prefix_path')
[0.619s] INFO:colcon.colcon_core.shell:Creating environment hook '/home/kadowaki/realsense_ws/install/realsense2_camera/share/realsense2_camera/hook/cmake_prefix_path.ps1'
[0.619s] INFO:colcon.colcon_core.shell:Creating environment descriptor '/home/kadowaki/realsense_ws/install/realsense2_camera/share/realsense2_camera/hook/cmake_prefix_path.dsv'
[0.620s] INFO:colcon.colcon_core.shell:Creating environment hook '/home/kadowaki/realsense_ws/install/realsense2_camera/share/realsense2_camera/hook/cmake_prefix_path.sh'
[0.620s] Level 1:colcon.colcon_core.environment:checking '/home/kadowaki/realsense_ws/install/realsense2_camera/lib'
[0.620s] Level 1:colcon.colcon_core.shell:create_environment_hook('realsense2_camera', 'ld_library_path_lib')
[0.620s] INFO:colcon.colcon_core.shell:Creating environment hook '/home/kadowaki/realsense_ws/install/realsense2_camera/share/realsense2_camera/hook/ld_library_path_lib.ps1'
[0.621s] INFO:colcon.colcon_core.shell:Creating environment descriptor '/home/kadowaki/realsense_ws/install/realsense2_camera/share/realsense2_camera/hook/ld_library_path_lib.dsv'
[0.621s] INFO:colcon.colcon_core.shell:Creating environment hook '/home/kadowaki/realsense_ws/install/realsense2_camera/share/realsense2_camera/hook/ld_library_path_lib.sh'
[0.621s] Level 1:colcon.colcon_core.environment:checking '/home/kadowaki/realsense_ws/install/realsense2_camera/bin'
[0.621s] Level 1:colcon.colcon_core.environment:checking '/home/kadowaki/realsense_ws/install/realsense2_camera/lib/pkgconfig/realsense2_camera.pc'
[0.621s] Level 1:colcon.colcon_core.environment:checking '/home/kadowaki/realsense_ws/install/realsense2_camera/lib/python3.10/site-packages'
[0.621s] Level 1:colcon.colcon_core.environment:checking '/home/kadowaki/realsense_ws/install/realsense2_camera/bin'
[0.621s] INFO:colcon.colcon_core.shell:Creating package script '/home/kadowaki/realsense_ws/install/realsense2_camera/share/realsense2_camera/package.ps1'
[0.622s] INFO:colcon.colcon_core.shell:Creating package descriptor '/home/kadowaki/realsense_ws/install/realsense2_camera/share/realsense2_camera/package.dsv'
[0.622s] INFO:colcon.colcon_core.shell:Creating package script '/home/kadowaki/realsense_ws/install/realsense2_camera/share/realsense2_camera/package.sh'
[0.622s] INFO:colcon.colcon_core.shell:Creating package script '/home/kadowaki/realsense_ws/install/realsense2_camera/share/realsense2_camera/package.bash'
[0.622s] INFO:colcon.colcon_core.shell:Creating package script '/home/kadowaki/realsense_ws/install/realsense2_camera/share/realsense2_camera/package.zsh'
[0.622s] Level 1:colcon.colcon_core.environment:create_file_with_runtime_dependencies(/home/kadowaki/realsense_ws/install/realsense2_camera/share/colcon-core/packages/realsense2_camera)
[0.623s] Level 1:colcon.colcon_core.environment:create_environment_scripts_only(realsense2_camera)
[0.623s] Level 1:colcon.colcon_core.environment:checking '/home/kadowaki/realsense_ws/install/realsense2_camera' for CMake module files
[0.623s] Level 1:colcon.colcon_core.environment:checking '/home/kadowaki/realsense_ws/install/realsense2_camera' for CMake config files
[0.623s] Level 1:colcon.colcon_core.shell:create_environment_hook('realsense2_camera', 'cmake_prefix_path')
[0.623s] INFO:colcon.colcon_core.shell:Creating environment hook '/home/kadowaki/realsense_ws/install/realsense2_camera/share/realsense2_camera/hook/cmake_prefix_path.ps1'
[0.623s] INFO:colcon.colcon_core.shell:Creating environment descriptor '/home/kadowaki/realsense_ws/install/realsense2_camera/share/realsense2_camera/hook/cmake_prefix_path.dsv'
[0.624s] INFO:colcon.colcon_core.shell:Creating environment hook '/home/kadowaki/realsense_ws/install/realsense2_camera/share/realsense2_camera/hook/cmake_prefix_path.sh'
[0.624s] Level 1:colcon.colcon_core.environment:checking '/home/kadowaki/realsense_ws/install/realsense2_camera/lib'
[0.624s] Level 1:colcon.colcon_core.shell:create_environment_hook('realsense2_camera', 'ld_library_path_lib')
[0.624s] INFO:colcon.colcon_core.shell:Creating environment hook '/home/kadowaki/realsense_ws/install/realsense2_camera/share/realsense2_camera/hook/ld_library_path_lib.ps1'
[0.624s] INFO:colcon.colcon_core.shell:Creating environment descriptor '/home/kadowaki/realsense_ws/install/realsense2_camera/share/realsense2_camera/hook/ld_library_path_lib.dsv'
[0.624s] INFO:colcon.colcon_core.shell:Creating environment hook '/home/kadowaki/realsense_ws/install/realsense2_camera/share/realsense2_camera/hook/ld_library_path_lib.sh'
[0.624s] Level 1:colcon.colcon_core.environment:checking '/home/kadowaki/realsense_ws/install/realsense2_camera/bin'
[0.624s] Level 1:colcon.colcon_core.environment:checking '/home/kadowaki/realsense_ws/install/realsense2_camera/lib/pkgconfig/realsense2_camera.pc'
[0.625s] Level 1:colcon.colcon_core.environment:checking '/home/kadowaki/realsense_ws/install/realsense2_camera/lib/python3.10/site-packages'
[0.625s] Level 1:colcon.colcon_core.environment:checking '/home/kadowaki/realsense_ws/install/realsense2_camera/bin'
[0.625s] INFO:colcon.colcon_core.shell:Creating package script '/home/kadowaki/realsense_ws/install/realsense2_camera/share/realsense2_camera/package.ps1'
[0.625s] INFO:colcon.colcon_core.shell:Creating package descriptor '/home/kadowaki/realsense_ws/install/realsense2_camera/share/realsense2_camera/package.dsv'
[0.625s] INFO:colcon.colcon_core.shell:Creating package script '/home/kadowaki/realsense_ws/install/realsense2_camera/share/realsense2_camera/package.sh'
[0.625s] INFO:colcon.colcon_core.shell:Creating package script '/home/kadowaki/realsense_ws/install/realsense2_camera/share/realsense2_camera/package.bash'
[0.626s] INFO:colcon.colcon_core.shell:Creating package script '/home/kadowaki/realsense_ws/install/realsense2_camera/share/realsense2_camera/package.zsh'
[0.626s] Level 1:colcon.colcon_core.environment:create_file_with_runtime_dependencies(/home/kadowaki/realsense_ws/install/realsense2_camera/share/colcon-core/packages/realsense2_camera)
[0.679s] Level 1:colcon.colcon_core.environment:checking '/home/kadowaki/realsense_ws/install/obstacle_stop' for CMake module files
[0.680s] DEBUG:colcon.colcon_core.event_handler.log_command:Invoked command in '/home/kadowaki/realsense_ws/src/obstacle_stop' returned '0': PYTHONPATH=/home/kadowaki/realsense_ws/build/obstacle_stop/prefix_override:/home/kadowaki/.local/lib/python3.10/site-packages/colcon_core/task/python/colcon_distutils_commands:/home/kadowaki/realsense_ws/install/obstacle_stop/lib/python3.10/site-packages:${PYTHONPATH} /usr/bin/python3 -W ignore:setup.py install is deprecated -W ignore:easy_install command is deprecated setup.py egg_info --egg-base ../../build/obstacle_stop build --build-base /home/kadowaki/realsense_ws/build/obstacle_stop/build install --record /home/kadowaki/realsense_ws/build/obstacle_stop/install.log --single-version-externally-managed install_data
[0.680s] Level 1:colcon.colcon_core.environment:checking '/home/kadowaki/realsense_ws/install/obstacle_stop' for CMake config files
[0.680s] Level 1:colcon.colcon_core.environment:checking '/home/kadowaki/realsense_ws/install/obstacle_stop/lib'
[0.680s] Level 1:colcon.colcon_core.environment:checking '/home/kadowaki/realsense_ws/install/obstacle_stop/bin'
[0.680s] Level 1:colcon.colcon_core.environment:checking '/home/kadowaki/realsense_ws/install/obstacle_stop/lib/pkgconfig/obstacle_stop.pc'
[0.680s] Level 1:colcon.colcon_core.environment:checking '/home/kadowaki/realsense_ws/install/obstacle_stop/lib/python3.10/site-packages'
[0.680s] Level 1:colcon.colcon_core.shell:create_environment_hook('obstacle_stop', 'pythonpath')
[0.680s] INFO:colcon.colcon_core.shell:Creating environment hook '/home/kadowaki/realsense_ws/install/obstacle_stop/share/obstacle_stop/hook/pythonpath.ps1'
[0.681s] INFO:colcon.colcon_core.shell:Creating environment descriptor '/home/kadowaki/realsense_ws/install/obstacle_stop/share/obstacle_stop/hook/pythonpath.dsv'
[0.681s] INFO:colcon.colcon_core.shell:Creating environment hook '/home/kadowaki/realsense_ws/install/obstacle_stop/share/obstacle_stop/hook/pythonpath.sh'
[0.681s] Level 1:colcon.colcon_core.environment:checking '/home/kadowaki/realsense_ws/install/obstacle_stop/bin'
[0.681s] Level 1:colcon.colcon_core.environment:create_environment_scripts_only(obstacle_stop)
[0.681s] INFO:colcon.colcon_core.shell:Creating package script '/home/kadowaki/realsense_ws/install/obstacle_stop/share/obstacle_stop/package.ps1'
[0.682s] INFO:colcon.colcon_core.shell:Creating package descriptor '/home/kadowaki/realsense_ws/install/obstacle_stop/share/obstacle_stop/package.dsv'
[0.682s] INFO:colcon.colcon_core.shell:Creating package script '/home/kadowaki/realsense_ws/install/obstacle_stop/share/obstacle_stop/package.sh'
[0.682s] INFO:colcon.colcon_core.shell:Creating package script '/home/kadowaki/realsense_ws/install/obstacle_stop/share/obstacle_stop/package.bash'
[0.682s] INFO:colcon.colcon_core.shell:Creating package script '/home/kadowaki/realsense_ws/install/obstacle_stop/share/obstacle_stop/package.zsh'
[0.682s] Level 1:colcon.colcon_core.environment:create_file_with_runtime_dependencies(/home/kadowaki/realsense_ws/install/obstacle_stop/share/colcon-core/packages/obstacle_stop)
[0.682s] DEBUG:colcon.colcon_parallel_executor.executor.parallel:closing loop
[0.682s] DEBUG:colcon.colcon_parallel_executor.executor.parallel:loop closed
[0.682s] DEBUG:colcon.colcon_parallel_executor.executor.parallel:run_until_complete finished with '0'
[0.682s] DEBUG:colcon.colcon_core.event_reactor:joining thread
[0.686s] INFO:colcon.colcon_core.plugin_system:Skipping extension 'colcon_notification.desktop_notification.terminal_notifier': Not used on non-Darwin systems
[0.686s] INFO:colcon.colcon_core.plugin_system:Skipping extension 'colcon_notification.desktop_notification.win32': Not used on non-Windows systems
[0.686s] INFO:colcon.colcon_notification.desktop_notification:Sending desktop notification using 'notify2'
[0.696s] DEBUG:colcon.colcon_core.event_reactor:joined thread
[0.696s] INFO:colcon.colcon_core.shell:Creating prefix script '/home/kadowaki/realsense_ws/install/local_setup.ps1'
[0.697s] INFO:colcon.colcon_core.shell:Creating prefix util module '/home/kadowaki/realsense_ws/install/_local_setup_util_ps1.py'
[0.697s] INFO:colcon.colcon_core.shell:Creating prefix chain script '/home/kadowaki/realsense_ws/install/setup.ps1'
[0.698s] INFO:colcon.colcon_core.shell:Creating prefix script '/home/kadowaki/realsense_ws/install/local_setup.sh'
[0.698s] INFO:colcon.colcon_core.shell:Creating prefix util module '/home/kadowaki/realsense_ws/install/_local_setup_util_sh.py'
[0.698s] INFO:colcon.colcon_core.shell:Creating prefix chain script '/home/kadowaki/realsense_ws/install/setup.sh'
[0.699s] INFO:colcon.colcon_core.shell:Creating prefix script '/home/kadowaki/realsense_ws/install/local_setup.bash'
[0.699s] INFO:colcon.colcon_core.shell:Creating prefix chain script '/home/kadowaki/realsense_ws/install/setup.bash'
[0.700s] INFO:colcon.colcon_core.shell:Creating prefix script '/home/kadowaki/realsense_ws/install/local_setup.zsh'
[0.700s] INFO:colcon.colcon_core.shell:Creating prefix chain script '/home/kadowaki/realsense_ws/install/setup.zsh'
