[0.465s] Invoking command in '/home/kadowaki/realsense_ws/src/pointcloud_tools': PYTHONPATH=/home/kadowaki/realsense_ws/build/pointcloud_tools/prefix_override:/home/kadowaki/.local/lib/python3.10/site-packages/colcon_core/task/python/colcon_distutils_commands:/home/kadowaki/realsense_ws/install/pointcloud_tools/lib/python3.10/site-packages:${PYTHONPATH} /usr/bin/python3 -W ignore:setup.py install is deprecated -W ignore:easy_install command is deprecated setup.py egg_info --egg-base ../../build/pointcloud_tools build --build-base /home/kadowaki/realsense_ws/build/pointcloud_tools/build install --record /home/kadowaki/realsense_ws/build/pointcloud_tools/install.log --single-version-externally-managed install_data
[0.583s] running egg_info
[0.583s] writing ../../build/pointcloud_tools/pointcloud_tools.egg-info/PKG-INFO
[0.583s] writing dependency_links to ../../build/pointcloud_tools/pointcloud_tools.egg-info/dependency_links.txt
[0.583s] writing entry points to ../../build/pointcloud_tools/pointcloud_tools.egg-info/entry_points.txt
[0.583s] writing requirements to ../../build/pointcloud_tools/pointcloud_tools.egg-info/requires.txt
[0.583s] writing top-level names to ../../build/pointcloud_tools/pointcloud_tools.egg-info/top_level.txt
[0.584s] reading manifest file '../../build/pointcloud_tools/pointcloud_tools.egg-info/SOURCES.txt'
[0.585s] writing manifest file '../../build/pointcloud_tools/pointcloud_tools.egg-info/SOURCES.txt'
[0.585s] running build
[0.585s] running build_py
[0.585s] running install
[0.585s] running install_lib
[0.586s] running install_data
[0.586s] running install_egg_info
[0.587s] removing '/home/kadowaki/realsense_ws/install/pointcloud_tools/lib/python3.10/site-packages/pointcloud_tools-0.0.0-py3.10.egg-info' (and everything under it)
[0.587s] Copying ../../build/pointcloud_tools/pointcloud_tools.egg-info to /home/kadowaki/realsense_ws/install/pointcloud_tools/lib/python3.10/site-packages/pointcloud_tools-0.0.0-py3.10.egg-info
[0.587s] running install_scripts
[0.599s] Installing cmdvel_odom script to /home/kadowaki/realsense_ws/install/pointcloud_tools/lib/pointcloud_tools
[0.599s] Installing dynamic_cluster_node script to /home/kadowaki/realsense_ws/install/pointcloud_tools/lib/pointcloud_tools
[0.599s] Installing ego_compensator script to /home/kadowaki/realsense_ws/install/pointcloud_tools/lib/pointcloud_tools
[0.599s] Installing intent_estimator script to /home/kadowaki/realsense_ws/install/pointcloud_tools/lib/pointcloud_tools
[0.599s] Installing pointcloud_diff script to /home/kadowaki/realsense_ws/install/pointcloud_tools/lib/pointcloud_tools
[0.599s] Installing rgb_object_locator script to /home/kadowaki/realsense_ws/install/pointcloud_tools/lib/pointcloud_tools
[0.599s] Installing safety_interface script to /home/kadowaki/realsense_ws/install/pointcloud_tools/lib/pointcloud_tools
[0.599s] Installing static_obstacle_detector script to /home/kadowaki/realsense_ws/install/pointcloud_tools/lib/pointcloud_tools
[0.599s] Installing tracker script to /home/kadowaki/realsense_ws/install/pointcloud_tools/lib/pointcloud_tools
[0.599s] writing list of installed files to '/home/kadowaki/realsense_ws/build/pointcloud_tools/install.log'
[0.615s] Invoked command in '/home/kadowaki/realsense_ws/src/pointcloud_tools' returned '0': PYTHONPATH=/home/kadowaki/realsense_ws/build/pointcloud_tools/prefix_override:/home/kadowaki/.local/lib/python3.10/site-packages/colcon_core/task/python/colcon_distutils_commands:/home/kadowaki/realsense_ws/install/pointcloud_tools/lib/python3.10/site-packages:${PYTHONPATH} /usr/bin/python3 -W ignore:setup.py install is deprecated -W ignore:easy_install command is deprecated setup.py egg_info --egg-base ../../build/pointcloud_tools build --build-base /home/kadowaki/realsense_ws/build/pointcloud_tools/build install --record /home/kadowaki/realsense_ws/build/pointcloud_tools/install.log --single-version-externally-managed install_data
