running egg_info
writing ../../build/pointcloud_tools/pointcloud_tools.egg-info/PKG-INFO
writing dependency_links to ../../build/pointcloud_tools/pointcloud_tools.egg-info/dependency_links.txt
writing entry points to ../../build/pointcloud_tools/pointcloud_tools.egg-info/entry_points.txt
writing requirements to ../../build/pointcloud_tools/pointcloud_tools.egg-info/requires.txt
writing top-level names to ../../build/pointcloud_tools/pointcloud_tools.egg-info/top_level.txt
reading manifest file '../../build/pointcloud_tools/pointcloud_tools.egg-info/SOURCES.txt'
writing manifest file '../../build/pointcloud_tools/pointcloud_tools.egg-info/SOURCES.txt'
running build
running build_py
copying pointcloud_tools/pointcloud_diff.py -> /home/kadowaki/realsense_ws/build/pointcloud_tools/build/lib/pointcloud_tools
running install
running install_lib
copying /home/kadowaki/realsense_ws/build/pointcloud_tools/build/lib/pointcloud_tools/pointcloud_diff.py -> /home/kadowaki/realsense_ws/install/pointcloud_tools/lib/python3.10/site-packages/pointcloud_tools
byte-compiling /home/kadowaki/realsense_ws/install/pointcloud_tools/lib/python3.10/site-packages/pointcloud_tools/pointcloud_diff.py to pointcloud_diff.cpython-310.pyc
running install_data
running install_egg_info
removing '/home/kadowaki/realsense_ws/install/pointcloud_tools/lib/python3.10/site-packages/pointcloud_tools-0.0.0-py3.10.egg-info' (and everything under it)
Copying ../../build/pointcloud_tools/pointcloud_tools.egg-info to /home/kadowaki/realsense_ws/install/pointcloud_tools/lib/python3.10/site-packages/pointcloud_tools-0.0.0-py3.10.egg-info
running install_scripts
Installing pointcloud_diff script to /home/kadowaki/realsense_ws/install/pointcloud_tools/lib/pointcloud_tools
writing list of installed files to '/home/kadowaki/realsense_ws/build/pointcloud_tools/install.log'
