[0.423s] Invoking command in '/home/kadowaki/realsense_ws/src/pointcloud_tools': PYTHONPATH=/home/kadowaki/realsense_ws/build/pointcloud_tools/prefix_override:/home/kadowaki/.local/lib/python3.10/site-packages/colcon_core/task/python/colcon_distutils_commands:/home/kadowaki/realsense_ws/install/pointcloud_tools/lib/python3.10/site-packages:${PYTHONPATH} /usr/bin/python3 -W ignore:setup.py install is deprecated -W ignore:easy_install command is deprecated setup.py egg_info --egg-base ../../build/pointcloud_tools build --build-base /home/kadowaki/realsense_ws/build/pointcloud_tools/build install --record /home/kadowaki/realsense_ws/build/pointcloud_tools/install.log --single-version-externally-managed install_data
[0.536s] running egg_info
[0.536s] writing ../../build/pointcloud_tools/pointcloud_tools.egg-info/PKG-INFO
[0.536s] writing dependency_links to ../../build/pointcloud_tools/pointcloud_tools.egg-info/dependency_links.txt
[0.536s] writing entry points to ../../build/pointcloud_tools/pointcloud_tools.egg-info/entry_points.txt
[0.536s] writing requirements to ../../build/pointcloud_tools/pointcloud_tools.egg-info/requires.txt
[0.536s] writing top-level names to ../../build/pointcloud_tools/pointcloud_tools.egg-info/top_level.txt
[0.537s] reading manifest file '../../build/pointcloud_tools/pointcloud_tools.egg-info/SOURCES.txt'
[0.537s] writing manifest file '../../build/pointcloud_tools/pointcloud_tools.egg-info/SOURCES.txt'
[0.537s] running build
[0.537s] running build_py
[0.538s] copying pointcloud_tools/pointcloud_diff.py -> /home/kadowaki/realsense_ws/build/pointcloud_tools/build/lib/pointcloud_tools
[0.538s] running install
[0.538s] running install_lib
[0.538s] copying /home/kadowaki/realsense_ws/build/pointcloud_tools/build/lib/pointcloud_tools/pointcloud_diff.py -> /home/kadowaki/realsense_ws/install/pointcloud_tools/lib/python3.10/site-packages/pointcloud_tools
[0.538s] byte-compiling /home/kadowaki/realsense_ws/install/pointcloud_tools/lib/python3.10/site-packages/pointcloud_tools/pointcloud_diff.py to pointcloud_diff.cpython-310.pyc
[0.539s] running install_data
[0.539s] running install_egg_info
[0.540s] removing '/home/kadowaki/realsense_ws/install/pointcloud_tools/lib/python3.10/site-packages/pointcloud_tools-0.0.0-py3.10.egg-info' (and everything under it)
[0.540s] Copying ../../build/pointcloud_tools/pointcloud_tools.egg-info to /home/kadowaki/realsense_ws/install/pointcloud_tools/lib/python3.10/site-packages/pointcloud_tools-0.0.0-py3.10.egg-info
[0.541s] running install_scripts
[0.551s] Installing pointcloud_diff script to /home/kadowaki/realsense_ws/install/pointcloud_tools/lib/pointcloud_tools
[0.552s] writing list of installed files to '/home/kadowaki/realsense_ws/build/pointcloud_tools/install.log'
[0.565s] Invoked command in '/home/kadowaki/realsense_ws/src/pointcloud_tools' returned '0': PYTHONPATH=/home/kadowaki/realsense_ws/build/pointcloud_tools/prefix_override:/home/kadowaki/.local/lib/python3.10/site-packages/colcon_core/task/python/colcon_distutils_commands:/home/kadowaki/realsense_ws/install/pointcloud_tools/lib/python3.10/site-packages:${PYTHONPATH} /usr/bin/python3 -W ignore:setup.py install is deprecated -W ignore:easy_install command is deprecated setup.py egg_info --egg-base ../../build/pointcloud_tools build --build-base /home/kadowaki/realsense_ws/build/pointcloud_tools/build install --record /home/kadowaki/realsense_ws/build/pointcloud_tools/install.log --single-version-externally-managed install_data
