[0.416s] Invoking command in '/home/kadowaki/realsense_ws/build/obstacle_stop': PYTHONPATH=/home/kadowaki/realsense_ws/build/obstacle_stop/prefix_override:/home/kadowaki/.local/lib/python3.10/site-packages/colcon_core/task/python/colcon_distutils_commands:/home/kadowaki/realsense_ws/install/obstacle_stop/lib/python3.10/site-packages:${PYTHONPATH} /usr/bin/python3 -W ignore:setup.py install is deprecated -W ignore:easy_install command is deprecated setup.py develop --editable --build-directory /home/kadowaki/realsense_ws/build/obstacle_stop/build --no-deps symlink_data
[0.537s] running develop
[0.606s] running egg_info
[0.606s] writing obstacle_stop.egg-info/PKG-INFO
[0.606s] writing dependency_links to obstacle_stop.egg-info/dependency_links.txt
[0.606s] writing entry points to obstacle_stop.egg-info/entry_points.txt
[0.606s] writing requirements to obstacle_stop.egg-info/requires.txt
[0.606s] writing top-level names to obstacle_stop.egg-info/top_level.txt
[0.608s] reading manifest file 'obstacle_stop.egg-info/SOURCES.txt'
[0.608s] writing manifest file 'obstacle_stop.egg-info/SOURCES.txt'
[0.609s] running build_ext
[0.609s] Creating /home/kadowaki/realsense_ws/install/obstacle_stop/lib/python3.10/site-packages/obstacle-stop.egg-link (link to .)
[0.610s] Installing cmd_vel_subscriber script to /home/kadowaki/realsense_ws/install/obstacle_stop/lib/obstacle_stop
[0.610s] Installing obstacle_stop_node script to /home/kadowaki/realsense_ws/install/obstacle_stop/lib/obstacle_stop
[0.610s] Installing pointcloud2_depth script to /home/kadowaki/realsense_ws/install/obstacle_stop/lib/obstacle_stop
[0.610s] Installing scan_stop_node script to /home/kadowaki/realsense_ws/install/obstacle_stop/lib/obstacle_stop
[0.610s] 
[0.610s] Installed /home/kadowaki/realsense_ws/build/obstacle_stop
[0.610s] running symlink_data
[0.625s] Invoked command in '/home/kadowaki/realsense_ws/build/obstacle_stop' returned '0': PYTHONPATH=/home/kadowaki/realsense_ws/build/obstacle_stop/prefix_override:/home/kadowaki/.local/lib/python3.10/site-packages/colcon_core/task/python/colcon_distutils_commands:/home/kadowaki/realsense_ws/install/obstacle_stop/lib/python3.10/site-packages:${PYTHONPATH} /usr/bin/python3 -W ignore:setup.py install is deprecated -W ignore:easy_install command is deprecated setup.py develop --editable --build-directory /home/kadowaki/realsense_ws/build/obstacle_stop/build --no-deps symlink_data
