[0.064s] DEBUG:colcon:Command line arguments: ['/home/kadowaki/.local/bin/colcon', 'build', '--symlink-install']
[0.064s] DEBUG:colcon:Parsed command line arguments: Namespace(log_base=None, log_level=None, verb_name='build', build_base='build', install_base='install', merge_install=False, symlink_install=True, test_result_base=None, continue_on_error=False, executor='parallel', parallel_workers=24, event_handlers=None, ignore_user_meta=False, metas=['./colcon.meta'], base_paths=['.'], packages_ignore=None, packages_ignore_regex=None, paths=None, packages_up_to=None, packages_up_to_regex=None, packages_above=None, packages_above_and_dependencies=None, packages_above_depth=None, packages_select_by_dep=None, packages_skip_by_dep=None, packages_skip_up_to=None, packages_select_build_failed=False, packages_skip_build_finished=False, packages_select_test_failures=False, packages_skip_test_passed=False, packages_select=None, packages_skip=None, packages_select_regex=None, packages_skip_regex=None, packages_start=None, packages_end=None, allow_overriding=[], cmake_args=None, cmake_target=None, cmake_target_skip_unavailable=False, cmake_clean_cache=False, cmake_clean_first=False, cmake_force_configure=False, ament_cmake_args=None, catkin_cmake_args=None, catkin_skip_building_tests=False, verb_parser=<colcon_defaults.argument_parser.defaults.DefaultArgumentsDecorator object at 0x70abcaf4cc10>, verb_extension=<colcon_core.verb.build.BuildVerb object at 0x70abcaf4c640>, main=<bound method BuildVerb.main of <colcon_core.verb.build.BuildVerb object at 0x70abcaf4c640>>)
[0.130s] Level 1:colcon.colcon_core.package_discovery:discover_packages(colcon_meta) check parameters
[0.130s] Level 1:colcon.colcon_core.package_discovery:discover_packages(recursive) check parameters
[0.130s] Level 1:colcon.colcon_core.package_discovery:discover_packages(ignore) check parameters
[0.130s] Level 1:colcon.colcon_core.package_discovery:discover_packages(path) check parameters
[0.131s] Level 1:colcon.colcon_core.package_discovery:discover_packages(colcon_meta) discover
[0.131s] Level 1:colcon.colcon_core.package_discovery:discover_packages(recursive) discover
[0.131s] INFO:colcon.colcon_core.package_discovery:Crawling recursively for packages in '/home/kadowaki/realsense_ws'
[0.131s] Level 1:colcon.colcon_core.package_identification:_identify(.) by extensions ['ignore', 'ignore_ament_install']
[0.131s] Level 1:colcon.colcon_core.package_identification:_identify(.) by extension 'ignore'
[0.131s] Level 1:colcon.colcon_core.package_identification:_identify(.) by extension 'ignore_ament_install'
[0.131s] Level 1:colcon.colcon_core.package_identification:_identify(.) by extensions ['colcon_pkg']
[0.131s] Level 1:colcon.colcon_core.package_identification:_identify(.) by extension 'colcon_pkg'
[0.131s] Level 1:colcon.colcon_core.package_identification:_identify(.) by extensions ['colcon_meta']
[0.131s] Level 1:colcon.colcon_core.package_identification:_identify(.) by extension 'colcon_meta'
[0.131s] Level 1:colcon.colcon_core.package_identification:_identify(.) by extensions ['ros']
[0.131s] Level 1:colcon.colcon_core.package_identification:_identify(.) by extension 'ros'
[0.137s] Level 1:colcon.colcon_core.package_identification:_identify(.) by extensions ['cmake', 'python']
[0.137s] Level 1:colcon.colcon_core.package_identification:_identify(.) by extension 'cmake'
[0.137s] Level 1:colcon.colcon_core.package_identification:_identify(.) by extension 'python'
[0.137s] Level 1:colcon.colcon_core.package_identification:_identify(.) by extensions ['python_setup_py']
[0.137s] Level 1:colcon.colcon_core.package_identification:_identify(.) by extension 'python_setup_py'
[0.137s] Level 1:colcon.colcon_core.package_identification:_identify(build) by extensions ['ignore', 'ignore_ament_install']
[0.137s] Level 1:colcon.colcon_core.package_identification:_identify(build) by extension 'ignore'
[0.137s] Level 1:colcon.colcon_core.package_identification:_identify(build) ignored
[0.137s] Level 1:colcon.colcon_core.package_identification:_identify(install) by extensions ['ignore', 'ignore_ament_install']
[0.137s] Level 1:colcon.colcon_core.package_identification:_identify(install) by extension 'ignore'
[0.137s] Level 1:colcon.colcon_core.package_identification:_identify(install) ignored
[0.137s] Level 1:colcon.colcon_core.package_identification:_identify(log) by extensions ['ignore', 'ignore_ament_install']
[0.137s] Level 1:colcon.colcon_core.package_identification:_identify(log) by extension 'ignore'
[0.137s] Level 1:colcon.colcon_core.package_identification:_identify(log) ignored
[0.137s] Level 1:colcon.colcon_core.package_identification:_identify(src) by extensions ['ignore', 'ignore_ament_install']
[0.137s] Level 1:colcon.colcon_core.package_identification:_identify(src) by extension 'ignore'
[0.137s] Level 1:colcon.colcon_core.package_identification:_identify(src) by extension 'ignore_ament_install'
[0.137s] Level 1:colcon.colcon_core.package_identification:_identify(src) by extensions ['colcon_pkg']
[0.137s] Level 1:colcon.colcon_core.package_identification:_identify(src) by extension 'colcon_pkg'
[0.137s] Level 1:colcon.colcon_core.package_identification:_identify(src) by extensions ['colcon_meta']
[0.137s] Level 1:colcon.colcon_core.package_identification:_identify(src) by extension 'colcon_meta'
[0.137s] Level 1:colcon.colcon_core.package_identification:_identify(src) by extensions ['ros']
[0.137s] Level 1:colcon.colcon_core.package_identification:_identify(src) by extension 'ros'
[0.137s] Level 1:colcon.colcon_core.package_identification:_identify(src) by extensions ['cmake', 'python']
[0.137s] Level 1:colcon.colcon_core.package_identification:_identify(src) by extension 'cmake'
[0.137s] Level 1:colcon.colcon_core.package_identification:_identify(src) by extension 'python'
[0.137s] Level 1:colcon.colcon_core.package_identification:_identify(src) by extensions ['python_setup_py']
[0.137s] Level 1:colcon.colcon_core.package_identification:_identify(src) by extension 'python_setup_py'
[0.137s] Level 1:colcon.colcon_core.package_identification:_identify(src/build) by extensions ['ignore', 'ignore_ament_install']
[0.137s] Level 1:colcon.colcon_core.package_identification:_identify(src/build) by extension 'ignore'
[0.137s] Level 1:colcon.colcon_core.package_identification:_identify(src/build) ignored
[0.138s] Level 1:colcon.colcon_core.package_identification:_identify(src/install) by extensions ['ignore', 'ignore_ament_install']
[0.138s] Level 1:colcon.colcon_core.package_identification:_identify(src/install) by extension 'ignore'
[0.138s] Level 1:colcon.colcon_core.package_identification:_identify(src/install) ignored
[0.138s] Level 1:colcon.colcon_core.package_identification:_identify(src/log) by extensions ['ignore', 'ignore_ament_install']
[0.138s] Level 1:colcon.colcon_core.package_identification:_identify(src/log) by extension 'ignore'
[0.138s] Level 1:colcon.colcon_core.package_identification:_identify(src/log) ignored
[0.138s] Level 1:colcon.colcon_core.package_identification:_identify(src/obstacle_stop) by extensions ['ignore', 'ignore_ament_install']
[0.138s] Level 1:colcon.colcon_core.package_identification:_identify(src/obstacle_stop) by extension 'ignore'
[0.138s] Level 1:colcon.colcon_core.package_identification:_identify(src/obstacle_stop) by extension 'ignore_ament_install'
[0.138s] Level 1:colcon.colcon_core.package_identification:_identify(src/obstacle_stop) by extensions ['colcon_pkg']
[0.138s] Level 1:colcon.colcon_core.package_identification:_identify(src/obstacle_stop) by extension 'colcon_pkg'
[0.138s] Level 1:colcon.colcon_core.package_identification:_identify(src/obstacle_stop) by extensions ['colcon_meta']
[0.138s] Level 1:colcon.colcon_core.package_identification:_identify(src/obstacle_stop) by extension 'colcon_meta'
[0.138s] Level 1:colcon.colcon_core.package_identification:_identify(src/obstacle_stop) by extensions ['ros']
[0.138s] Level 1:colcon.colcon_core.package_identification:_identify(src/obstacle_stop) by extension 'ros'
[0.139s] DEBUG:colcon.colcon_core.package_identification:Package 'src/obstacle_stop' with type 'ros.ament_python' and name 'obstacle_stop'
[0.139s] Level 1:colcon.colcon_core.package_identification:_identify(src/pointcloud_tools) by extensions ['ignore', 'ignore_ament_install']
[0.139s] Level 1:colcon.colcon_core.package_identification:_identify(src/pointcloud_tools) by extension 'ignore'
[0.139s] Level 1:colcon.colcon_core.package_identification:_identify(src/pointcloud_tools) by extension 'ignore_ament_install'
[0.139s] Level 1:colcon.colcon_core.package_identification:_identify(src/pointcloud_tools) by extensions ['colcon_pkg']
[0.139s] Level 1:colcon.colcon_core.package_identification:_identify(src/pointcloud_tools) by extension 'colcon_pkg'
[0.139s] Level 1:colcon.colcon_core.package_identification:_identify(src/pointcloud_tools) by extensions ['colcon_meta']
[0.139s] Level 1:colcon.colcon_core.package_identification:_identify(src/pointcloud_tools) by extension 'colcon_meta'
[0.139s] Level 1:colcon.colcon_core.package_identification:_identify(src/pointcloud_tools) by extensions ['ros']
[0.139s] Level 1:colcon.colcon_core.package_identification:_identify(src/pointcloud_tools) by extension 'ros'
[0.139s] DEBUG:colcon.colcon_core.package_identification:Package 'src/pointcloud_tools' with type 'ros.ament_python' and name 'pointcloud_tools'
[0.140s] Level 1:colcon.colcon_core.package_identification:_identify(src/realsense-ros) by extensions ['ignore', 'ignore_ament_install']
[0.140s] Level 1:colcon.colcon_core.package_identification:_identify(src/realsense-ros) by extension 'ignore'
[0.140s] Level 1:colcon.colcon_core.package_identification:_identify(src/realsense-ros) by extension 'ignore_ament_install'
[0.140s] Level 1:colcon.colcon_core.package_identification:_identify(src/realsense-ros) by extensions ['colcon_pkg']
[0.140s] Level 1:colcon.colcon_core.package_identification:_identify(src/realsense-ros) by extension 'colcon_pkg'
[0.140s] Level 1:colcon.colcon_core.package_identification:_identify(src/realsense-ros) by extensions ['colcon_meta']
[0.140s] Level 1:colcon.colcon_core.package_identification:_identify(src/realsense-ros) by extension 'colcon_meta'
[0.140s] Level 1:colcon.colcon_core.package_identification:_identify(src/realsense-ros) by extensions ['ros']
[0.140s] Level 1:colcon.colcon_core.package_identification:_identify(src/realsense-ros) by extension 'ros'
[0.140s] Level 1:colcon.colcon_core.package_identification:_identify(src/realsense-ros) by extensions ['cmake', 'python']
[0.140s] Level 1:colcon.colcon_core.package_identification:_identify(src/realsense-ros) by extension 'cmake'
[0.140s] Level 1:colcon.colcon_core.package_identification:_identify(src/realsense-ros) by extension 'python'
[0.140s] Level 1:colcon.colcon_core.package_identification:_identify(src/realsense-ros) by extensions ['python_setup_py']
[0.140s] Level 1:colcon.colcon_core.package_identification:_identify(src/realsense-ros) by extension 'python_setup_py'
[0.140s] Level 1:colcon.colcon_core.package_identification:_identify(src/realsense-ros/realsense2_camera) by extensions ['ignore', 'ignore_ament_install']
[0.140s] Level 1:colcon.colcon_core.package_identification:_identify(src/realsense-ros/realsense2_camera) by extension 'ignore'
[0.140s] Level 1:colcon.colcon_core.package_identification:_identify(src/realsense-ros/realsense2_camera) by extension 'ignore_ament_install'
[0.140s] Level 1:colcon.colcon_core.package_identification:_identify(src/realsense-ros/realsense2_camera) by extensions ['colcon_pkg']
[0.140s] Level 1:colcon.colcon_core.package_identification:_identify(src/realsense-ros/realsense2_camera) by extension 'colcon_pkg'
[0.140s] Level 1:colcon.colcon_core.package_identification:_identify(src/realsense-ros/realsense2_camera) by extensions ['colcon_meta']
[0.140s] Level 1:colcon.colcon_core.package_identification:_identify(src/realsense-ros/realsense2_camera) by extension 'colcon_meta'
[0.140s] Level 1:colcon.colcon_core.package_identification:_identify(src/realsense-ros/realsense2_camera) by extensions ['ros']
[0.140s] Level 1:colcon.colcon_core.package_identification:_identify(src/realsense-ros/realsense2_camera) by extension 'ros'
[0.143s] DEBUG:colcon.colcon_core.package_identification:Package 'src/realsense-ros/realsense2_camera' with type 'ros.ament_cmake' and name 'realsense2_camera'
[0.143s] Level 1:colcon.colcon_core.package_identification:_identify(src/realsense-ros/realsense2_camera_msgs) by extensions ['ignore', 'ignore_ament_install']
[0.143s] Level 1:colcon.colcon_core.package_identification:_identify(src/realsense-ros/realsense2_camera_msgs) by extension 'ignore'
[0.143s] Level 1:colcon.colcon_core.package_identification:_identify(src/realsense-ros/realsense2_camera_msgs) by extension 'ignore_ament_install'
[0.143s] Level 1:colcon.colcon_core.package_identification:_identify(src/realsense-ros/realsense2_camera_msgs) by extensions ['colcon_pkg']
[0.143s] Level 1:colcon.colcon_core.package_identification:_identify(src/realsense-ros/realsense2_camera_msgs) by extension 'colcon_pkg'
[0.143s] Level 1:colcon.colcon_core.package_identification:_identify(src/realsense-ros/realsense2_camera_msgs) by extensions ['colcon_meta']
[0.143s] Level 1:colcon.colcon_core.package_identification:_identify(src/realsense-ros/realsense2_camera_msgs) by extension 'colcon_meta'
[0.143s] Level 1:colcon.colcon_core.package_identification:_identify(src/realsense-ros/realsense2_camera_msgs) by extensions ['ros']
[0.143s] Level 1:colcon.colcon_core.package_identification:_identify(src/realsense-ros/realsense2_camera_msgs) by extension 'ros'
[0.143s] DEBUG:colcon.colcon_core.package_identification:Package 'src/realsense-ros/realsense2_camera_msgs' with type 'ros.ament_cmake' and name 'realsense2_camera_msgs'
[0.143s] Level 1:colcon.colcon_core.package_identification:_identify(src/realsense-ros/realsense2_description) by extensions ['ignore', 'ignore_ament_install']
[0.143s] Level 1:colcon.colcon_core.package_identification:_identify(src/realsense-ros/realsense2_description) by extension 'ignore'
[0.143s] Level 1:colcon.colcon_core.package_identification:_identify(src/realsense-ros/realsense2_description) by extension 'ignore_ament_install'
[0.143s] Level 1:colcon.colcon_core.package_identification:_identify(src/realsense-ros/realsense2_description) by extensions ['colcon_pkg']
[0.143s] Level 1:colcon.colcon_core.package_identification:_identify(src/realsense-ros/realsense2_description) by extension 'colcon_pkg'
[0.143s] Level 1:colcon.colcon_core.package_identification:_identify(src/realsense-ros/realsense2_description) by extensions ['colcon_meta']
[0.143s] Level 1:colcon.colcon_core.package_identification:_identify(src/realsense-ros/realsense2_description) by extension 'colcon_meta'
[0.143s] Level 1:colcon.colcon_core.package_identification:_identify(src/realsense-ros/realsense2_description) by extensions ['ros']
[0.143s] Level 1:colcon.colcon_core.package_identification:_identify(src/realsense-ros/realsense2_description) by extension 'ros'
[0.144s] DEBUG:colcon.colcon_core.package_identification:Package 'src/realsense-ros/realsense2_description' with type 'ros.ament_cmake' and name 'realsense2_description'
[0.144s] Level 1:colcon.colcon_core.package_identification:_identify(src/realsense-ros/scripts) by extensions ['ignore', 'ignore_ament_install']
[0.144s] Level 1:colcon.colcon_core.package_identification:_identify(src/realsense-ros/scripts) by extension 'ignore'
[0.144s] Level 1:colcon.colcon_core.package_identification:_identify(src/realsense-ros/scripts) by extension 'ignore_ament_install'
[0.144s] Level 1:colcon.colcon_core.package_identification:_identify(src/realsense-ros/scripts) by extensions ['colcon_pkg']
[0.144s] Level 1:colcon.colcon_core.package_identification:_identify(src/realsense-ros/scripts) by extension 'colcon_pkg'
[0.144s] Level 1:colcon.colcon_core.package_identification:_identify(src/realsense-ros/scripts) by extensions ['colcon_meta']
[0.144s] Level 1:colcon.colcon_core.package_identification:_identify(src/realsense-ros/scripts) by extension 'colcon_meta'
[0.144s] Level 1:colcon.colcon_core.package_identification:_identify(src/realsense-ros/scripts) by extensions ['ros']
[0.144s] Level 1:colcon.colcon_core.package_identification:_identify(src/realsense-ros/scripts) by extension 'ros'
[0.144s] Level 1:colcon.colcon_core.package_identification:_identify(src/realsense-ros/scripts) by extensions ['cmake', 'python']
[0.144s] Level 1:colcon.colcon_core.package_identification:_identify(src/realsense-ros/scripts) by extension 'cmake'
[0.144s] Level 1:colcon.colcon_core.package_identification:_identify(src/realsense-ros/scripts) by extension 'python'
[0.144s] Level 1:colcon.colcon_core.package_identification:_identify(src/realsense-ros/scripts) by extensions ['python_setup_py']
[0.144s] Level 1:colcon.colcon_core.package_identification:_identify(src/realsense-ros/scripts) by extension 'python_setup_py'
[0.144s] Level 1:colcon.colcon_core.package_identification:_identify(src/realsense_obstaclestop) by extensions ['ignore', 'ignore_ament_install']
[0.144s] Level 1:colcon.colcon_core.package_identification:_identify(src/realsense_obstaclestop) by extension 'ignore'
[0.144s] Level 1:colcon.colcon_core.package_identification:_identify(src/realsense_obstaclestop) by extension 'ignore_ament_install'
[0.144s] Level 1:colcon.colcon_core.package_identification:_identify(src/realsense_obstaclestop) by extensions ['colcon_pkg']
[0.144s] Level 1:colcon.colcon_core.package_identification:_identify(src/realsense_obstaclestop) by extension 'colcon_pkg'
[0.144s] Level 1:colcon.colcon_core.package_identification:_identify(src/realsense_obstaclestop) by extensions ['colcon_meta']
[0.144s] Level 1:colcon.colcon_core.package_identification:_identify(src/realsense_obstaclestop) by extension 'colcon_meta'
[0.144s] Level 1:colcon.colcon_core.package_identification:_identify(src/realsense_obstaclestop) by extensions ['ros']
[0.144s] Level 1:colcon.colcon_core.package_identification:_identify(src/realsense_obstaclestop) by extension 'ros'
[0.144s] Level 1:colcon.colcon_core.package_identification:_identify(src/realsense_obstaclestop) by extensions ['cmake', 'python']
[0.144s] Level 1:colcon.colcon_core.package_identification:_identify(src/realsense_obstaclestop) by extension 'cmake'
[0.144s] Level 1:colcon.colcon_core.package_identification:_identify(src/realsense_obstaclestop) by extension 'python'
[0.144s] Level 1:colcon.colcon_core.package_identification:_identify(src/realsense_obstaclestop) by extensions ['python_setup_py']
[0.144s] Level 1:colcon.colcon_core.package_identification:_identify(src/realsense_obstaclestop) by extension 'python_setup_py'
[0.144s] Level 1:colcon.colcon_core.package_discovery:discover_packages(recursive) using defaults
[0.144s] Level 1:colcon.colcon_core.package_discovery:discover_packages(ignore) discover
[0.144s] Level 1:colcon.colcon_core.package_discovery:discover_packages(ignore) using defaults
[0.144s] Level 1:colcon.colcon_core.package_discovery:discover_packages(path) discover
[0.144s] Level 1:colcon.colcon_core.package_discovery:discover_packages(path) using defaults
[0.156s] Level 1:colcon.colcon_core.package_discovery:discover_packages(prefix_path) check parameters
[0.156s] Level 1:colcon.colcon_core.package_discovery:discover_packages(prefix_path) discover
[0.156s] DEBUG:colcon.colcon_installed_package_information.package_discovery:Found 5 installed packages in /home/kadowaki/realsense_ws/install
[0.157s] DEBUG:colcon.colcon_installed_package_information.package_discovery:Found 4 installed packages in /home/kadowaki/install
[0.157s] DEBUG:colcon.colcon_installed_package_information.package_discovery:Found 283 installed packages in /opt/ros/humble
[0.163s] Level 1:colcon.colcon_core.package_discovery:discover_packages(prefix_path) using defaults
[0.179s] Level 5:colcon.colcon_core.verb:set package 'obstacle_stop' build argument 'cmake_args' from command line to 'None'
[0.179s] Level 5:colcon.colcon_core.verb:set package 'obstacle_stop' build argument 'cmake_target' from command line to 'None'
[0.179s] Level 5:colcon.colcon_core.verb:set package 'obstacle_stop' build argument 'cmake_target_skip_unavailable' from command line to 'False'
[0.179s] Level 5:colcon.colcon_core.verb:set package 'obstacle_stop' build argument 'cmake_clean_cache' from command line to 'False'
[0.179s] Level 5:colcon.colcon_core.verb:set package 'obstacle_stop' build argument 'cmake_clean_first' from command line to 'False'
[0.179s] Level 5:colcon.colcon_core.verb:set package 'obstacle_stop' build argument 'cmake_force_configure' from command line to 'False'
[0.179s] Level 5:colcon.colcon_core.verb:set package 'obstacle_stop' build argument 'ament_cmake_args' from command line to 'None'
[0.179s] Level 5:colcon.colcon_core.verb:set package 'obstacle_stop' build argument 'catkin_cmake_args' from command line to 'None'
[0.179s] Level 5:colcon.colcon_core.verb:set package 'obstacle_stop' build argument 'catkin_skip_building_tests' from command line to 'False'
[0.179s] DEBUG:colcon.colcon_core.verb:Building package 'obstacle_stop' with the following arguments: {'ament_cmake_args': None, 'build_base': '/home/kadowaki/realsense_ws/build/obstacle_stop', 'catkin_cmake_args': None, 'catkin_skip_building_tests': False, 'cmake_args': None, 'cmake_clean_cache': False, 'cmake_clean_first': False, 'cmake_force_configure': False, 'cmake_target': None, 'cmake_target_skip_unavailable': False, 'install_base': '/home/kadowaki/realsense_ws/install/obstacle_stop', 'merge_install': False, 'path': '/home/kadowaki/realsense_ws/src/obstacle_stop', 'symlink_install': True, 'test_result_base': None}
[0.179s] Level 5:colcon.colcon_core.verb:set package 'pointcloud_tools' build argument 'cmake_args' from command line to 'None'
[0.179s] Level 5:colcon.colcon_core.verb:set package 'pointcloud_tools' build argument 'cmake_target' from command line to 'None'
[0.179s] Level 5:colcon.colcon_core.verb:set package 'pointcloud_tools' build argument 'cmake_target_skip_unavailable' from command line to 'False'
[0.179s] Level 5:colcon.colcon_core.verb:set package 'pointcloud_tools' build argument 'cmake_clean_cache' from command line to 'False'
[0.179s] Level 5:colcon.colcon_core.verb:set package 'pointcloud_tools' build argument 'cmake_clean_first' from command line to 'False'
[0.179s] Level 5:colcon.colcon_core.verb:set package 'pointcloud_tools' build argument 'cmake_force_configure' from command line to 'False'
[0.179s] Level 5:colcon.colcon_core.verb:set package 'pointcloud_tools' build argument 'ament_cmake_args' from command line to 'None'
[0.179s] Level 5:colcon.colcon_core.verb:set package 'pointcloud_tools' build argument 'catkin_cmake_args' from command line to 'None'
[0.179s] Level 5:colcon.colcon_core.verb:set package 'pointcloud_tools' build argument 'catkin_skip_building_tests' from command line to 'False'
[0.179s] DEBUG:colcon.colcon_core.verb:Building package 'pointcloud_tools' with the following arguments: {'ament_cmake_args': None, 'build_base': '/home/kadowaki/realsense_ws/build/pointcloud_tools', 'catkin_cmake_args': None, 'catkin_skip_building_tests': False, 'cmake_args': None, 'cmake_clean_cache': False, 'cmake_clean_first': False, 'cmake_force_configure': False, 'cmake_target': None, 'cmake_target_skip_unavailable': False, 'install_base': '/home/kadowaki/realsense_ws/install/pointcloud_tools', 'merge_install': False, 'path': '/home/kadowaki/realsense_ws/src/pointcloud_tools', 'symlink_install': True, 'test_result_base': None}
[0.180s] Level 5:colcon.colcon_core.verb:set package 'realsense2_camera_msgs' build argument 'cmake_args' from command line to 'None'
[0.180s] Level 5:colcon.colcon_core.verb:set package 'realsense2_camera_msgs' build argument 'cmake_target' from command line to 'None'
[0.180s] Level 5:colcon.colcon_core.verb:set package 'realsense2_camera_msgs' build argument 'cmake_target_skip_unavailable' from command line to 'False'
[0.180s] Level 5:colcon.colcon_core.verb:set package 'realsense2_camera_msgs' build argument 'cmake_clean_cache' from command line to 'False'
[0.180s] Level 5:colcon.colcon_core.verb:set package 'realsense2_camera_msgs' build argument 'cmake_clean_first' from command line to 'False'
[0.180s] Level 5:colcon.colcon_core.verb:set package 'realsense2_camera_msgs' build argument 'cmake_force_configure' from command line to 'False'
[0.180s] Level 5:colcon.colcon_core.verb:set package 'realsense2_camera_msgs' build argument 'ament_cmake_args' from command line to 'None'
[0.180s] Level 5:colcon.colcon_core.verb:set package 'realsense2_camera_msgs' build argument 'catkin_cmake_args' from command line to 'None'
[0.180s] Level 5:colcon.colcon_core.verb:set package 'realsense2_camera_msgs' build argument 'catkin_skip_building_tests' from command line to 'False'
[0.180s] DEBUG:colcon.colcon_core.verb:Building package 'realsense2_camera_msgs' with the following arguments: {'ament_cmake_args': None, 'build_base': '/home/kadowaki/realsense_ws/build/realsense2_camera_msgs', 'catkin_cmake_args': None, 'catkin_skip_building_tests': False, 'cmake_args': None, 'cmake_clean_cache': False, 'cmake_clean_first': False, 'cmake_force_configure': False, 'cmake_target': None, 'cmake_target_skip_unavailable': False, 'install_base': '/home/kadowaki/realsense_ws/install/realsense2_camera_msgs', 'merge_install': False, 'path': '/home/kadowaki/realsense_ws/src/realsense-ros/realsense2_camera_msgs', 'symlink_install': True, 'test_result_base': None}
[0.180s] Level 5:colcon.colcon_core.verb:set package 'realsense2_camera' build argument 'cmake_args' from command line to 'None'
[0.180s] Level 5:colcon.colcon_core.verb:set package 'realsense2_camera' build argument 'cmake_target' from command line to 'None'
[0.180s] Level 5:colcon.colcon_core.verb:set package 'realsense2_camera' build argument 'cmake_target_skip_unavailable' from command line to 'False'
[0.180s] Level 5:colcon.colcon_core.verb:set package 'realsense2_camera' build argument 'cmake_clean_cache' from command line to 'False'
[0.180s] Level 5:colcon.colcon_core.verb:set package 'realsense2_camera' build argument 'cmake_clean_first' from command line to 'False'
[0.180s] Level 5:colcon.colcon_core.verb:set package 'realsense2_camera' build argument 'cmake_force_configure' from command line to 'False'
[0.180s] Level 5:colcon.colcon_core.verb:set package 'realsense2_camera' build argument 'ament_cmake_args' from command line to 'None'
[0.180s] Level 5:colcon.colcon_core.verb:set package 'realsense2_camera' build argument 'catkin_cmake_args' from command line to 'None'
[0.180s] Level 5:colcon.colcon_core.verb:set package 'realsense2_camera' build argument 'catkin_skip_building_tests' from command line to 'False'
[0.180s] DEBUG:colcon.colcon_core.verb:Building package 'realsense2_camera' with the following arguments: {'ament_cmake_args': None, 'build_base': '/home/kadowaki/realsense_ws/build/realsense2_camera', 'catkin_cmake_args': None, 'catkin_skip_building_tests': False, 'cmake_args': None, 'cmake_clean_cache': False, 'cmake_clean_first': False, 'cmake_force_configure': False, 'cmake_target': None, 'cmake_target_skip_unavailable': False, 'install_base': '/home/kadowaki/realsense_ws/install/realsense2_camera', 'merge_install': False, 'path': '/home/kadowaki/realsense_ws/src/realsense-ros/realsense2_camera', 'symlink_install': True, 'test_result_base': None}
[0.180s] Level 5:colcon.colcon_core.verb:set package 'realsense2_description' build argument 'cmake_args' from command line to 'None'
[0.180s] Level 5:colcon.colcon_core.verb:set package 'realsense2_description' build argument 'cmake_target' from command line to 'None'
[0.180s] Level 5:colcon.colcon_core.verb:set package 'realsense2_description' build argument 'cmake_target_skip_unavailable' from command line to 'False'
[0.180s] Level 5:colcon.colcon_core.verb:set package 'realsense2_description' build argument 'cmake_clean_cache' from command line to 'False'
[0.180s] Level 5:colcon.colcon_core.verb:set package 'realsense2_description' build argument 'cmake_clean_first' from command line to 'False'
[0.180s] Level 5:colcon.colcon_core.verb:set package 'realsense2_description' build argument 'cmake_force_configure' from command line to 'False'
[0.180s] Level 5:colcon.colcon_core.verb:set package 'realsense2_description' build argument 'ament_cmake_args' from command line to 'None'
[0.180s] Level 5:colcon.colcon_core.verb:set package 'realsense2_description' build argument 'catkin_cmake_args' from command line to 'None'
[0.180s] Level 5:colcon.colcon_core.verb:set package 'realsense2_description' build argument 'catkin_skip_building_tests' from command line to 'False'
[0.180s] DEBUG:colcon.colcon_core.verb:Building package 'realsense2_description' with the following arguments: {'ament_cmake_args': None, 'build_base': '/home/kadowaki/realsense_ws/build/realsense2_description', 'catkin_cmake_args': None, 'catkin_skip_building_tests': False, 'cmake_args': None, 'cmake_clean_cache': False, 'cmake_clean_first': False, 'cmake_force_configure': False, 'cmake_target': None, 'cmake_target_skip_unavailable': False, 'install_base': '/home/kadowaki/realsense_ws/install/realsense2_description', 'merge_install': False, 'path': '/home/kadowaki/realsense_ws/src/realsense-ros/realsense2_description', 'symlink_install': True, 'test_result_base': None}
[0.180s] INFO:colcon.colcon_core.executor:Executing jobs using 'parallel' executor
[0.181s] DEBUG:colcon.colcon_parallel_executor.executor.parallel:run_until_complete
[0.181s] INFO:colcon.colcon_ros.task.ament_cmake.build:Building ROS package in '/home/kadowaki/realsense_ws/src/realsense-ros/realsense2_camera_msgs' with build type 'ament_cmake'
[0.181s] INFO:colcon.colcon_cmake.task.cmake.build:Building CMake package in '/home/kadowaki/realsense_ws/src/realsense-ros/realsense2_camera_msgs'
[0.182s] INFO:colcon.colcon_core.plugin_system:Skipping extension 'colcon_core.shell.bat': Not used on non-Windows systems
[0.182s] INFO:colcon.colcon_core.shell:Skip shell extension 'powershell' for command environment: Not usable outside of PowerShell
[0.182s] DEBUG:colcon.colcon_core.shell:Skip shell extension 'dsv' for command environment
[0.184s] INFO:colcon.colcon_ros.task.ament_python.build:Building ROS package in '/home/kadowaki/realsense_ws/src/obstacle_stop' with build type 'ament_python'
[0.184s] Level 1:colcon.colcon_core.shell:create_environment_hook('obstacle_stop', 'ament_prefix_path')
[0.184s] INFO:colcon.colcon_core.shell:Creating environment hook '/home/kadowaki/realsense_ws/install/obstacle_stop/share/obstacle_stop/hook/ament_prefix_path.ps1'
[0.185s] INFO:colcon.colcon_core.shell:Creating environment descriptor '/home/kadowaki/realsense_ws/install/obstacle_stop/share/obstacle_stop/hook/ament_prefix_path.dsv'
[0.185s] INFO:colcon.colcon_core.shell:Creating environment hook '/home/kadowaki/realsense_ws/install/obstacle_stop/share/obstacle_stop/hook/ament_prefix_path.sh'
[0.185s] INFO:colcon.colcon_core.shell:Skip shell extension 'powershell' for command environment: Not usable outside of PowerShell
[0.185s] DEBUG:colcon.colcon_core.shell:Skip shell extension 'dsv' for command environment
[0.187s] INFO:colcon.colcon_ros.task.ament_python.build:Building ROS package in '/home/kadowaki/realsense_ws/src/pointcloud_tools' with build type 'ament_python'
[0.187s] Level 1:colcon.colcon_core.shell:create_environment_hook('pointcloud_tools', 'ament_prefix_path')
[0.187s] INFO:colcon.colcon_core.shell:Creating environment hook '/home/kadowaki/realsense_ws/install/pointcloud_tools/share/pointcloud_tools/hook/ament_prefix_path.ps1'
[0.187s] INFO:colcon.colcon_core.shell:Creating environment descriptor '/home/kadowaki/realsense_ws/install/pointcloud_tools/share/pointcloud_tools/hook/ament_prefix_path.dsv'
[0.187s] INFO:colcon.colcon_core.shell:Creating environment hook '/home/kadowaki/realsense_ws/install/pointcloud_tools/share/pointcloud_tools/hook/ament_prefix_path.sh'
[0.188s] INFO:colcon.colcon_core.shell:Skip shell extension 'powershell' for command environment: Not usable outside of PowerShell
[0.188s] DEBUG:colcon.colcon_core.shell:Skip shell extension 'dsv' for command environment
[0.192s] DEBUG:colcon.colcon_core.event_handler.log_command:Invoking command in '/home/kadowaki/realsense_ws/build/realsense2_camera_msgs': CMAKE_PREFIX_PATH=${CMAKE_PREFIX_PATH}:/home/kadowaki/realsense_ws/install/pointcloud_tools:/home/kadowaki/realsense_ws/install/obstacle_stop:/home/kadowaki/install/obstacle_stop:/opt/ros/humble /usr/bin/cmake --build /home/kadowaki/realsense_ws/build/realsense2_camera_msgs -- -j24 -l24
[0.318s] INFO:colcon.colcon_core.task.python.build:Building Python package in '/home/kadowaki/realsense_ws/src/obstacle_stop'
[0.319s] INFO:colcon.colcon_core.shell:Skip shell extension 'powershell' for command environment: Not usable outside of PowerShell
[0.319s] DEBUG:colcon.colcon_core.shell:Skip shell extension 'dsv' for command environment
[0.442s] INFO:colcon.colcon_core.task.python.build:Building Python package in '/home/kadowaki/realsense_ws/src/pointcloud_tools'
[0.443s] INFO:colcon.colcon_core.shell:Skip shell extension 'powershell' for command environment: Not usable outside of PowerShell
[0.443s] DEBUG:colcon.colcon_core.shell:Skip shell extension 'dsv' for command environment
[0.447s] DEBUG:colcon.colcon_core.event_handler.log_command:Invoked command in '/home/kadowaki/realsense_ws/build/realsense2_camera_msgs' returned '0': CMAKE_PREFIX_PATH=${CMAKE_PREFIX_PATH}:/home/kadowaki/realsense_ws/install/pointcloud_tools:/home/kadowaki/realsense_ws/install/obstacle_stop:/home/kadowaki/install/obstacle_stop:/opt/ros/humble /usr/bin/cmake --build /home/kadowaki/realsense_ws/build/realsense2_camera_msgs -- -j24 -l24
[0.454s] DEBUG:colcon.colcon_core.event_handler.log_command:Invoking command in '/home/kadowaki/realsense_ws/build/realsense2_camera_msgs': CMAKE_PREFIX_PATH=${CMAKE_PREFIX_PATH}:/home/kadowaki/realsense_ws/install/pointcloud_tools:/home/kadowaki/realsense_ws/install/obstacle_stop:/home/kadowaki/install/obstacle_stop:/opt/ros/humble /usr/bin/cmake --install /home/kadowaki/realsense_ws/build/realsense2_camera_msgs
[0.498s] Level 1:colcon.colcon_core.environment:create_environment_scripts_only(realsense2_camera_msgs)
[0.499s] DEBUG:colcon.colcon_core.event_handler.log_command:Invoked command in '/home/kadowaki/realsense_ws/build/realsense2_camera_msgs' returned '0': CMAKE_PREFIX_PATH=${CMAKE_PREFIX_PATH}:/home/kadowaki/realsense_ws/install/pointcloud_tools:/home/kadowaki/realsense_ws/install/obstacle_stop:/home/kadowaki/install/obstacle_stop:/opt/ros/humble /usr/bin/cmake --install /home/kadowaki/realsense_ws/build/realsense2_camera_msgs
[0.500s] Level 1:colcon.colcon_core.environment:checking '/home/kadowaki/realsense_ws/install/realsense2_camera_msgs' for CMake module files
[0.500s] Level 1:colcon.colcon_core.environment:checking '/home/kadowaki/realsense_ws/install/realsense2_camera_msgs' for CMake config files
[0.500s] Level 1:colcon.colcon_core.shell:create_environment_hook('realsense2_camera_msgs', 'cmake_prefix_path')
[0.500s] INFO:colcon.colcon_core.shell:Creating environment hook '/home/kadowaki/realsense_ws/install/realsense2_camera_msgs/share/realsense2_camera_msgs/hook/cmake_prefix_path.ps1'
[0.501s] INFO:colcon.colcon_core.shell:Creating environment descriptor '/home/kadowaki/realsense_ws/install/realsense2_camera_msgs/share/realsense2_camera_msgs/hook/cmake_prefix_path.dsv'
[0.501s] INFO:colcon.colcon_core.shell:Creating environment hook '/home/kadowaki/realsense_ws/install/realsense2_camera_msgs/share/realsense2_camera_msgs/hook/cmake_prefix_path.sh'
[0.501s] Level 1:colcon.colcon_core.environment:checking '/home/kadowaki/realsense_ws/install/realsense2_camera_msgs/lib'
[0.501s] Level 1:colcon.colcon_core.shell:create_environment_hook('realsense2_camera_msgs', 'ld_library_path_lib')
[0.501s] INFO:colcon.colcon_core.shell:Creating environment hook '/home/kadowaki/realsense_ws/install/realsense2_camera_msgs/share/realsense2_camera_msgs/hook/ld_library_path_lib.ps1'
[0.501s] INFO:colcon.colcon_core.shell:Creating environment descriptor '/home/kadowaki/realsense_ws/install/realsense2_camera_msgs/share/realsense2_camera_msgs/hook/ld_library_path_lib.dsv'
[0.502s] INFO:colcon.colcon_core.shell:Creating environment hook '/home/kadowaki/realsense_ws/install/realsense2_camera_msgs/share/realsense2_camera_msgs/hook/ld_library_path_lib.sh'
[0.502s] Level 1:colcon.colcon_core.environment:checking '/home/kadowaki/realsense_ws/install/realsense2_camera_msgs/bin'
[0.502s] Level 1:colcon.colcon_core.environment:checking '/home/kadowaki/realsense_ws/install/realsense2_camera_msgs/lib/pkgconfig/realsense2_camera_msgs.pc'
[0.502s] Level 1:colcon.colcon_core.environment:checking '/home/kadowaki/realsense_ws/install/realsense2_camera_msgs/lib/python3.10/site-packages'
[0.502s] Level 1:colcon.colcon_core.environment:checking '/home/kadowaki/realsense_ws/install/realsense2_camera_msgs/bin'
[0.502s] INFO:colcon.colcon_core.shell:Creating package script '/home/kadowaki/realsense_ws/install/realsense2_camera_msgs/share/realsense2_camera_msgs/package.ps1'
[0.503s] INFO:colcon.colcon_core.shell:Creating package descriptor '/home/kadowaki/realsense_ws/install/realsense2_camera_msgs/share/realsense2_camera_msgs/package.dsv'
[0.503s] INFO:colcon.colcon_core.shell:Creating package script '/home/kadowaki/realsense_ws/install/realsense2_camera_msgs/share/realsense2_camera_msgs/package.sh'
[0.503s] INFO:colcon.colcon_core.shell:Creating package script '/home/kadowaki/realsense_ws/install/realsense2_camera_msgs/share/realsense2_camera_msgs/package.bash'
[0.504s] INFO:colcon.colcon_core.shell:Creating package script '/home/kadowaki/realsense_ws/install/realsense2_camera_msgs/share/realsense2_camera_msgs/package.zsh'
[0.504s] Level 1:colcon.colcon_core.environment:create_file_with_runtime_dependencies(/home/kadowaki/realsense_ws/install/realsense2_camera_msgs/share/colcon-core/packages/realsense2_camera_msgs)
[0.504s] Level 1:colcon.colcon_core.environment:create_environment_scripts_only(realsense2_camera_msgs)
[0.504s] Level 1:colcon.colcon_core.environment:checking '/home/kadowaki/realsense_ws/install/realsense2_camera_msgs' for CMake module files
[0.505s] Level 1:colcon.colcon_core.environment:checking '/home/kadowaki/realsense_ws/install/realsense2_camera_msgs' for CMake config files
[0.505s] Level 1:colcon.colcon_core.shell:create_environment_hook('realsense2_camera_msgs', 'cmake_prefix_path')
[0.505s] INFO:colcon.colcon_core.shell:Creating environment hook '/home/kadowaki/realsense_ws/install/realsense2_camera_msgs/share/realsense2_camera_msgs/hook/cmake_prefix_path.ps1'
[0.505s] INFO:colcon.colcon_core.shell:Creating environment descriptor '/home/kadowaki/realsense_ws/install/realsense2_camera_msgs/share/realsense2_camera_msgs/hook/cmake_prefix_path.dsv'
[0.505s] INFO:colcon.colcon_core.shell:Creating environment hook '/home/kadowaki/realsense_ws/install/realsense2_camera_msgs/share/realsense2_camera_msgs/hook/cmake_prefix_path.sh'
[0.505s] Level 1:colcon.colcon_core.environment:checking '/home/kadowaki/realsense_ws/install/realsense2_camera_msgs/lib'
[0.505s] Level 1:colcon.colcon_core.shell:create_environment_hook('realsense2_camera_msgs', 'ld_library_path_lib')
[0.505s] INFO:colcon.colcon_core.shell:Creating environment hook '/home/kadowaki/realsense_ws/install/realsense2_camera_msgs/share/realsense2_camera_msgs/hook/ld_library_path_lib.ps1'
[0.506s] INFO:colcon.colcon_core.shell:Creating environment descriptor '/home/kadowaki/realsense_ws/install/realsense2_camera_msgs/share/realsense2_camera_msgs/hook/ld_library_path_lib.dsv'
[0.506s] INFO:colcon.colcon_core.shell:Creating environment hook '/home/kadowaki/realsense_ws/install/realsense2_camera_msgs/share/realsense2_camera_msgs/hook/ld_library_path_lib.sh'
[0.506s] Level 1:colcon.colcon_core.environment:checking '/home/kadowaki/realsense_ws/install/realsense2_camera_msgs/bin'
[0.506s] Level 1:colcon.colcon_core.environment:checking '/home/kadowaki/realsense_ws/install/realsense2_camera_msgs/lib/pkgconfig/realsense2_camera_msgs.pc'
[0.506s] Level 1:colcon.colcon_core.environment:checking '/home/kadowaki/realsense_ws/install/realsense2_camera_msgs/lib/python3.10/site-packages'
[0.506s] Level 1:colcon.colcon_core.environment:checking '/home/kadowaki/realsense_ws/install/realsense2_camera_msgs/bin'
[0.506s] INFO:colcon.colcon_core.shell:Creating package script '/home/kadowaki/realsense_ws/install/realsense2_camera_msgs/share/realsense2_camera_msgs/package.ps1'
[0.507s] INFO:colcon.colcon_core.shell:Creating package descriptor '/home/kadowaki/realsense_ws/install/realsense2_camera_msgs/share/realsense2_camera_msgs/package.dsv'
[0.507s] INFO:colcon.colcon_core.shell:Creating package script '/home/kadowaki/realsense_ws/install/realsense2_camera_msgs/share/realsense2_camera_msgs/package.sh'
[0.507s] INFO:colcon.colcon_core.shell:Creating package script '/home/kadowaki/realsense_ws/install/realsense2_camera_msgs/share/realsense2_camera_msgs/package.bash'
[0.507s] INFO:colcon.colcon_core.shell:Creating package script '/home/kadowaki/realsense_ws/install/realsense2_camera_msgs/share/realsense2_camera_msgs/package.zsh'
[0.507s] Level 1:colcon.colcon_core.environment:create_file_with_runtime_dependencies(/home/kadowaki/realsense_ws/install/realsense2_camera_msgs/share/colcon-core/packages/realsense2_camera_msgs)
[0.507s] INFO:colcon.colcon_ros.task.ament_cmake.build:Building ROS package in '/home/kadowaki/realsense_ws/src/realsense-ros/realsense2_camera' with build type 'ament_cmake'
[0.508s] INFO:colcon.colcon_cmake.task.cmake.build:Building CMake package in '/home/kadowaki/realsense_ws/src/realsense-ros/realsense2_camera'
[0.508s] INFO:colcon.colcon_core.shell:Skip shell extension 'powershell' for command environment: Not usable outside of PowerShell
[0.508s] DEBUG:colcon.colcon_core.shell:Skip shell extension 'dsv' for command environment
[0.510s] INFO:colcon.colcon_ros.task.ament_cmake.build:Building ROS package in '/home/kadowaki/realsense_ws/src/realsense-ros/realsense2_description' with build type 'ament_cmake'
[0.510s] INFO:colcon.colcon_cmake.task.cmake.build:Building CMake package in '/home/kadowaki/realsense_ws/src/realsense-ros/realsense2_description'
[0.510s] INFO:colcon.colcon_core.shell:Skip shell extension 'powershell' for command environment: Not usable outside of PowerShell
[0.510s] DEBUG:colcon.colcon_core.shell:Skip shell extension 'dsv' for command environment
[0.516s] DEBUG:colcon.colcon_core.event_handler.log_command:Invoking command in '/home/kadowaki/realsense_ws/build/realsense2_camera': CMAKE_PREFIX_PATH=/home/kadowaki/realsense_ws/install/realsense2_camera_msgs:/home/kadowaki/realsense_ws/install/realsense2_description:/home/kadowaki/realsense_ws/install/realsense2_camera:/home/kadowaki/install/realsense2_description:/home/kadowaki/install/realsense2_camera:/home/kadowaki/install/realsense2_camera_msgs:/home/kadowaki/realsense_ws/install/pointcloud_tools:/home/kadowaki/realsense_ws/install/obstacle_stop:/home/kadowaki/install/obstacle_stop:/opt/ros/humble LD_LIBRARY_PATH=/home/kadowaki/realsense_ws/install/realsense2_camera_msgs/lib:/home/kadowaki/realsense_ws/install/realsense2_camera/lib:/home/kadowaki/install/realsense2_camera/lib:/home/kadowaki/install/realsense2_camera_msgs/lib:/usr/lib/x86_64-linux-gnu/gazebo-11/plugins:/opt/ros/humble/opt/rviz_ogre_vendor/lib:/opt/ros/humble/lib/x86_64-linux-gnu:/opt/ros/humble/lib /usr/bin/cmake --build /home/kadowaki/realsense_ws/build/realsense2_camera -- -j24 -l24
[0.518s] DEBUG:colcon.colcon_core.event_handler.log_command:Invoking command in '/home/kadowaki/realsense_ws/build/realsense2_description': CMAKE_PREFIX_PATH=/home/kadowaki/realsense_ws/install/realsense2_camera_msgs:/home/kadowaki/realsense_ws/install/realsense2_description:/home/kadowaki/realsense_ws/install/realsense2_camera:/home/kadowaki/install/realsense2_description:/home/kadowaki/install/realsense2_camera:/home/kadowaki/install/realsense2_camera_msgs:/home/kadowaki/realsense_ws/install/pointcloud_tools:/home/kadowaki/realsense_ws/install/obstacle_stop:/home/kadowaki/install/obstacle_stop:/opt/ros/humble LD_LIBRARY_PATH=/home/kadowaki/realsense_ws/install/realsense2_camera_msgs/lib:/home/kadowaki/realsense_ws/install/realsense2_camera/lib:/home/kadowaki/install/realsense2_camera/lib:/home/kadowaki/install/realsense2_camera_msgs/lib:/usr/lib/x86_64-linux-gnu/gazebo-11/plugins:/opt/ros/humble/opt/rviz_ogre_vendor/lib:/opt/ros/humble/lib/x86_64-linux-gnu:/opt/ros/humble/lib /usr/bin/cmake --build /home/kadowaki/realsense_ws/build/realsense2_description -- -j24 -l24
[0.542s] DEBUG:colcon.colcon_core.event_handler.log_command:Invoked command in '/home/kadowaki/realsense_ws/build/realsense2_description' returned '0': CMAKE_PREFIX_PATH=/home/kadowaki/realsense_ws/install/realsense2_camera_msgs:/home/kadowaki/realsense_ws/install/realsense2_description:/home/kadowaki/realsense_ws/install/realsense2_camera:/home/kadowaki/install/realsense2_description:/home/kadowaki/install/realsense2_camera:/home/kadowaki/install/realsense2_camera_msgs:/home/kadowaki/realsense_ws/install/pointcloud_tools:/home/kadowaki/realsense_ws/install/obstacle_stop:/home/kadowaki/install/obstacle_stop:/opt/ros/humble LD_LIBRARY_PATH=/home/kadowaki/realsense_ws/install/realsense2_camera_msgs/lib:/home/kadowaki/realsense_ws/install/realsense2_camera/lib:/home/kadowaki/install/realsense2_camera/lib:/home/kadowaki/install/realsense2_camera_msgs/lib:/usr/lib/x86_64-linux-gnu/gazebo-11/plugins:/opt/ros/humble/opt/rviz_ogre_vendor/lib:/opt/ros/humble/lib/x86_64-linux-gnu:/opt/ros/humble/lib /usr/bin/cmake --build /home/kadowaki/realsense_ws/build/realsense2_description -- -j24 -l24
[0.543s] DEBUG:colcon.colcon_core.event_handler.log_command:Invoking command in '/home/kadowaki/realsense_ws/build/realsense2_description': CMAKE_PREFIX_PATH=/home/kadowaki/realsense_ws/install/realsense2_camera_msgs:/home/kadowaki/realsense_ws/install/realsense2_description:/home/kadowaki/realsense_ws/install/realsense2_camera:/home/kadowaki/install/realsense2_description:/home/kadowaki/install/realsense2_camera:/home/kadowaki/install/realsense2_camera_msgs:/home/kadowaki/realsense_ws/install/pointcloud_tools:/home/kadowaki/realsense_ws/install/obstacle_stop:/home/kadowaki/install/obstacle_stop:/opt/ros/humble LD_LIBRARY_PATH=/home/kadowaki/realsense_ws/install/realsense2_camera_msgs/lib:/home/kadowaki/realsense_ws/install/realsense2_camera/lib:/home/kadowaki/install/realsense2_camera/lib:/home/kadowaki/install/realsense2_camera_msgs/lib:/usr/lib/x86_64-linux-gnu/gazebo-11/plugins:/opt/ros/humble/opt/rviz_ogre_vendor/lib:/opt/ros/humble/lib/x86_64-linux-gnu:/opt/ros/humble/lib /usr/bin/cmake --install /home/kadowaki/realsense_ws/build/realsense2_description
[0.561s] Level 1:colcon.colcon_core.environment:create_environment_scripts_only(realsense2_description)
[0.561s] Level 1:colcon.colcon_core.environment:checking '/home/kadowaki/realsense_ws/install/realsense2_description' for CMake module files
[0.562s] DEBUG:colcon.colcon_core.event_handler.log_command:Invoked command in '/home/kadowaki/realsense_ws/build/realsense2_description' returned '0': CMAKE_PREFIX_PATH=/home/kadowaki/realsense_ws/install/realsense2_camera_msgs:/home/kadowaki/realsense_ws/install/realsense2_description:/home/kadowaki/realsense_ws/install/realsense2_camera:/home/kadowaki/install/realsense2_description:/home/kadowaki/install/realsense2_camera:/home/kadowaki/install/realsense2_camera_msgs:/home/kadowaki/realsense_ws/install/pointcloud_tools:/home/kadowaki/realsense_ws/install/obstacle_stop:/home/kadowaki/install/obstacle_stop:/opt/ros/humble LD_LIBRARY_PATH=/home/kadowaki/realsense_ws/install/realsense2_camera_msgs/lib:/home/kadowaki/realsense_ws/install/realsense2_camera/lib:/home/kadowaki/install/realsense2_camera/lib:/home/kadowaki/install/realsense2_camera_msgs/lib:/usr/lib/x86_64-linux-gnu/gazebo-11/plugins:/opt/ros/humble/opt/rviz_ogre_vendor/lib:/opt/ros/humble/lib/x86_64-linux-gnu:/opt/ros/humble/lib /usr/bin/cmake --install /home/kadowaki/realsense_ws/build/realsense2_description
[0.562s] Level 1:colcon.colcon_core.environment:checking '/home/kadowaki/realsense_ws/install/realsense2_description' for CMake config files
[0.562s] Level 1:colcon.colcon_core.shell:create_environment_hook('realsense2_description', 'cmake_prefix_path')
[0.562s] INFO:colcon.colcon_core.shell:Creating environment hook '/home/kadowaki/realsense_ws/install/realsense2_description/share/realsense2_description/hook/cmake_prefix_path.ps1'
[0.563s] INFO:colcon.colcon_core.shell:Creating environment descriptor '/home/kadowaki/realsense_ws/install/realsense2_description/share/realsense2_description/hook/cmake_prefix_path.dsv'
[0.563s] INFO:colcon.colcon_core.shell:Creating environment hook '/home/kadowaki/realsense_ws/install/realsense2_description/share/realsense2_description/hook/cmake_prefix_path.sh'
[0.564s] Level 1:colcon.colcon_core.environment:checking '/home/kadowaki/realsense_ws/install/realsense2_description/bin'
[0.564s] Level 1:colcon.colcon_core.environment:checking '/home/kadowaki/realsense_ws/install/realsense2_description/lib/pkgconfig/realsense2_description.pc'
[0.564s] Level 1:colcon.colcon_core.environment:checking '/home/kadowaki/realsense_ws/install/realsense2_description/lib/python3.10/site-packages'
[0.564s] Level 1:colcon.colcon_core.environment:checking '/home/kadowaki/realsense_ws/install/realsense2_description/bin'
[0.565s] INFO:colcon.colcon_core.shell:Creating package script '/home/kadowaki/realsense_ws/install/realsense2_description/share/realsense2_description/package.ps1'
[0.565s] INFO:colcon.colcon_core.shell:Creating package descriptor '/home/kadowaki/realsense_ws/install/realsense2_description/share/realsense2_description/package.dsv'
[0.565s] INFO:colcon.colcon_core.shell:Creating package script '/home/kadowaki/realsense_ws/install/realsense2_description/share/realsense2_description/package.sh'
[0.566s] INFO:colcon.colcon_core.shell:Creating package script '/home/kadowaki/realsense_ws/install/realsense2_description/share/realsense2_description/package.bash'
[0.566s] INFO:colcon.colcon_core.shell:Creating package script '/home/kadowaki/realsense_ws/install/realsense2_description/share/realsense2_description/package.zsh'
[0.566s] Level 1:colcon.colcon_core.environment:create_file_with_runtime_dependencies(/home/kadowaki/realsense_ws/install/realsense2_description/share/colcon-core/packages/realsense2_description)
[0.567s] Level 1:colcon.colcon_core.environment:create_environment_scripts_only(realsense2_description)
[0.567s] Level 1:colcon.colcon_core.environment:checking '/home/kadowaki/realsense_ws/install/realsense2_description' for CMake module files
[0.568s] Level 1:colcon.colcon_core.environment:checking '/home/kadowaki/realsense_ws/install/realsense2_description' for CMake config files
[0.568s] Level 1:colcon.colcon_core.shell:create_environment_hook('realsense2_description', 'cmake_prefix_path')
[0.568s] INFO:colcon.colcon_core.shell:Creating environment hook '/home/kadowaki/realsense_ws/install/realsense2_description/share/realsense2_description/hook/cmake_prefix_path.ps1'
[0.568s] INFO:colcon.colcon_core.shell:Creating environment descriptor '/home/kadowaki/realsense_ws/install/realsense2_description/share/realsense2_description/hook/cmake_prefix_path.dsv'
[0.569s] INFO:colcon.colcon_core.shell:Creating environment hook '/home/kadowaki/realsense_ws/install/realsense2_description/share/realsense2_description/hook/cmake_prefix_path.sh'
[0.569s] Level 1:colcon.colcon_core.environment:checking '/home/kadowaki/realsense_ws/install/realsense2_description/bin'
[0.569s] Level 1:colcon.colcon_core.environment:checking '/home/kadowaki/realsense_ws/install/realsense2_description/lib/pkgconfig/realsense2_description.pc'
[0.569s] Level 1:colcon.colcon_core.environment:checking '/home/kadowaki/realsense_ws/install/realsense2_description/lib/python3.10/site-packages'
[0.570s] Level 1:colcon.colcon_core.environment:checking '/home/kadowaki/realsense_ws/install/realsense2_description/bin'
[0.570s] INFO:colcon.colcon_core.shell:Creating package script '/home/kadowaki/realsense_ws/install/realsense2_description/share/realsense2_description/package.ps1'
[0.570s] INFO:colcon.colcon_core.shell:Creating package descriptor '/home/kadowaki/realsense_ws/install/realsense2_description/share/realsense2_description/package.dsv'
[0.571s] INFO:colcon.colcon_core.shell:Creating package script '/home/kadowaki/realsense_ws/install/realsense2_description/share/realsense2_description/package.sh'
[0.571s] INFO:colcon.colcon_core.shell:Creating package script '/home/kadowaki/realsense_ws/install/realsense2_description/share/realsense2_description/package.bash'
[0.572s] INFO:colcon.colcon_core.shell:Creating package script '/home/kadowaki/realsense_ws/install/realsense2_description/share/realsense2_description/package.zsh'
[0.572s] Level 1:colcon.colcon_core.environment:create_file_with_runtime_dependencies(/home/kadowaki/realsense_ws/install/realsense2_description/share/colcon-core/packages/realsense2_description)
[0.574s] DEBUG:colcon.colcon_core.event_handler.log_command:Invoked command in '/home/kadowaki/realsense_ws/build/realsense2_camera' returned '0': CMAKE_PREFIX_PATH=/home/kadowaki/realsense_ws/install/realsense2_camera_msgs:/home/kadowaki/realsense_ws/install/realsense2_description:/home/kadowaki/realsense_ws/install/realsense2_camera:/home/kadowaki/install/realsense2_description:/home/kadowaki/install/realsense2_camera:/home/kadowaki/install/realsense2_camera_msgs:/home/kadowaki/realsense_ws/install/pointcloud_tools:/home/kadowaki/realsense_ws/install/obstacle_stop:/home/kadowaki/install/obstacle_stop:/opt/ros/humble LD_LIBRARY_PATH=/home/kadowaki/realsense_ws/install/realsense2_camera_msgs/lib:/home/kadowaki/realsense_ws/install/realsense2_camera/lib:/home/kadowaki/install/realsense2_camera/lib:/home/kadowaki/install/realsense2_camera_msgs/lib:/usr/lib/x86_64-linux-gnu/gazebo-11/plugins:/opt/ros/humble/opt/rviz_ogre_vendor/lib:/opt/ros/humble/lib/x86_64-linux-gnu:/opt/ros/humble/lib /usr/bin/cmake --build /home/kadowaki/realsense_ws/build/realsense2_camera -- -j24 -l24
[0.574s] DEBUG:colcon.colcon_core.event_handler.log_command:Invoking command in '/home/kadowaki/realsense_ws/build/realsense2_camera': CMAKE_PREFIX_PATH=/home/kadowaki/realsense_ws/install/realsense2_camera_msgs:/home/kadowaki/realsense_ws/install/realsense2_description:/home/kadowaki/realsense_ws/install/realsense2_camera:/home/kadowaki/install/realsense2_description:/home/kadowaki/install/realsense2_camera:/home/kadowaki/install/realsense2_camera_msgs:/home/kadowaki/realsense_ws/install/pointcloud_tools:/home/kadowaki/realsense_ws/install/obstacle_stop:/home/kadowaki/install/obstacle_stop:/opt/ros/humble LD_LIBRARY_PATH=/home/kadowaki/realsense_ws/install/realsense2_camera_msgs/lib:/home/kadowaki/realsense_ws/install/realsense2_camera/lib:/home/kadowaki/install/realsense2_camera/lib:/home/kadowaki/install/realsense2_camera_msgs/lib:/usr/lib/x86_64-linux-gnu/gazebo-11/plugins:/opt/ros/humble/opt/rviz_ogre_vendor/lib:/opt/ros/humble/lib/x86_64-linux-gnu:/opt/ros/humble/lib /usr/bin/cmake --install /home/kadowaki/realsense_ws/build/realsense2_camera
[0.586s] Level 1:colcon.colcon_core.environment:create_environment_scripts_only(realsense2_camera)
[0.587s] Level 1:colcon.colcon_core.environment:checking '/home/kadowaki/realsense_ws/install/realsense2_camera' for CMake module files
[0.587s] DEBUG:colcon.colcon_core.event_handler.log_command:Invoked command in '/home/kadowaki/realsense_ws/build/realsense2_camera' returned '0': CMAKE_PREFIX_PATH=/home/kadowaki/realsense_ws/install/realsense2_camera_msgs:/home/kadowaki/realsense_ws/install/realsense2_description:/home/kadowaki/realsense_ws/install/realsense2_camera:/home/kadowaki/install/realsense2_description:/home/kadowaki/install/realsense2_camera:/home/kadowaki/install/realsense2_camera_msgs:/home/kadowaki/realsense_ws/install/pointcloud_tools:/home/kadowaki/realsense_ws/install/obstacle_stop:/home/kadowaki/install/obstacle_stop:/opt/ros/humble LD_LIBRARY_PATH=/home/kadowaki/realsense_ws/install/realsense2_camera_msgs/lib:/home/kadowaki/realsense_ws/install/realsense2_camera/lib:/home/kadowaki/install/realsense2_camera/lib:/home/kadowaki/install/realsense2_camera_msgs/lib:/usr/lib/x86_64-linux-gnu/gazebo-11/plugins:/opt/ros/humble/opt/rviz_ogre_vendor/lib:/opt/ros/humble/lib/x86_64-linux-gnu:/opt/ros/humble/lib /usr/bin/cmake --install /home/kadowaki/realsense_ws/build/realsense2_camera
[0.587s] Level 1:colcon.colcon_core.environment:checking '/home/kadowaki/realsense_ws/install/realsense2_camera' for CMake config files
[0.588s] Level 1:colcon.colcon_core.shell:create_environment_hook('realsense2_camera', 'cmake_prefix_path')
[0.588s] INFO:colcon.colcon_core.shell:Creating environment hook '/home/kadowaki/realsense_ws/install/realsense2_camera/share/realsense2_camera/hook/cmake_prefix_path.ps1'
[0.588s] INFO:colcon.colcon_core.shell:Creating environment descriptor '/home/kadowaki/realsense_ws/install/realsense2_camera/share/realsense2_camera/hook/cmake_prefix_path.dsv'
[0.589s] INFO:colcon.colcon_core.shell:Creating environment hook '/home/kadowaki/realsense_ws/install/realsense2_camera/share/realsense2_camera/hook/cmake_prefix_path.sh'
[0.589s] Level 1:colcon.colcon_core.environment:checking '/home/kadowaki/realsense_ws/install/realsense2_camera/lib'
[0.589s] Level 1:colcon.colcon_core.shell:create_environment_hook('realsense2_camera', 'ld_library_path_lib')
[0.589s] INFO:colcon.colcon_core.shell:Creating environment hook '/home/kadowaki/realsense_ws/install/realsense2_camera/share/realsense2_camera/hook/ld_library_path_lib.ps1'
[0.589s] INFO:colcon.colcon_core.shell:Creating environment descriptor '/home/kadowaki/realsense_ws/install/realsense2_camera/share/realsense2_camera/hook/ld_library_path_lib.dsv'
[0.589s] INFO:colcon.colcon_core.shell:Creating environment hook '/home/kadowaki/realsense_ws/install/realsense2_camera/share/realsense2_camera/hook/ld_library_path_lib.sh'
[0.590s] Level 1:colcon.colcon_core.environment:checking '/home/kadowaki/realsense_ws/install/realsense2_camera/bin'
[0.590s] Level 1:colcon.colcon_core.environment:checking '/home/kadowaki/realsense_ws/install/realsense2_camera/lib/pkgconfig/realsense2_camera.pc'
[0.590s] Level 1:colcon.colcon_core.environment:checking '/home/kadowaki/realsense_ws/install/realsense2_camera/lib/python3.10/site-packages'
[0.590s] Level 1:colcon.colcon_core.environment:checking '/home/kadowaki/realsense_ws/install/realsense2_camera/bin'
[0.590s] INFO:colcon.colcon_core.shell:Creating package script '/home/kadowaki/realsense_ws/install/realsense2_camera/share/realsense2_camera/package.ps1'
[0.590s] INFO:colcon.colcon_core.shell:Creating package descriptor '/home/kadowaki/realsense_ws/install/realsense2_camera/share/realsense2_camera/package.dsv'
[0.591s] INFO:colcon.colcon_core.shell:Creating package script '/home/kadowaki/realsense_ws/install/realsense2_camera/share/realsense2_camera/package.sh'
[0.591s] INFO:colcon.colcon_core.shell:Creating package script '/home/kadowaki/realsense_ws/install/realsense2_camera/share/realsense2_camera/package.bash'
[0.591s] INFO:colcon.colcon_core.shell:Creating package script '/home/kadowaki/realsense_ws/install/realsense2_camera/share/realsense2_camera/package.zsh'
[0.591s] Level 1:colcon.colcon_core.environment:create_file_with_runtime_dependencies(/home/kadowaki/realsense_ws/install/realsense2_camera/share/colcon-core/packages/realsense2_camera)
[0.591s] Level 1:colcon.colcon_core.environment:create_environment_scripts_only(realsense2_camera)
[0.591s] Level 1:colcon.colcon_core.environment:checking '/home/kadowaki/realsense_ws/install/realsense2_camera' for CMake module files
[0.592s] Level 1:colcon.colcon_core.environment:checking '/home/kadowaki/realsense_ws/install/realsense2_camera' for CMake config files
[0.592s] Level 1:colcon.colcon_core.shell:create_environment_hook('realsense2_camera', 'cmake_prefix_path')
[0.592s] INFO:colcon.colcon_core.shell:Creating environment hook '/home/kadowaki/realsense_ws/install/realsense2_camera/share/realsense2_camera/hook/cmake_prefix_path.ps1'
[0.592s] INFO:colcon.colcon_core.shell:Creating environment descriptor '/home/kadowaki/realsense_ws/install/realsense2_camera/share/realsense2_camera/hook/cmake_prefix_path.dsv'
[0.592s] INFO:colcon.colcon_core.shell:Creating environment hook '/home/kadowaki/realsense_ws/install/realsense2_camera/share/realsense2_camera/hook/cmake_prefix_path.sh'
[0.592s] Level 1:colcon.colcon_core.environment:checking '/home/kadowaki/realsense_ws/install/realsense2_camera/lib'
[0.592s] Level 1:colcon.colcon_core.shell:create_environment_hook('realsense2_camera', 'ld_library_path_lib')
[0.593s] INFO:colcon.colcon_core.shell:Creating environment hook '/home/kadowaki/realsense_ws/install/realsense2_camera/share/realsense2_camera/hook/ld_library_path_lib.ps1'
[0.593s] INFO:colcon.colcon_core.shell:Creating environment descriptor '/home/kadowaki/realsense_ws/install/realsense2_camera/share/realsense2_camera/hook/ld_library_path_lib.dsv'
[0.593s] INFO:colcon.colcon_core.shell:Creating environment hook '/home/kadowaki/realsense_ws/install/realsense2_camera/share/realsense2_camera/hook/ld_library_path_lib.sh'
[0.593s] Level 1:colcon.colcon_core.environment:checking '/home/kadowaki/realsense_ws/install/realsense2_camera/bin'
[0.593s] Level 1:colcon.colcon_core.environment:checking '/home/kadowaki/realsense_ws/install/realsense2_camera/lib/pkgconfig/realsense2_camera.pc'
[0.593s] Level 1:colcon.colcon_core.environment:checking '/home/kadowaki/realsense_ws/install/realsense2_camera/lib/python3.10/site-packages'
[0.593s] Level 1:colcon.colcon_core.environment:checking '/home/kadowaki/realsense_ws/install/realsense2_camera/bin'
[0.593s] INFO:colcon.colcon_core.shell:Creating package script '/home/kadowaki/realsense_ws/install/realsense2_camera/share/realsense2_camera/package.ps1'
[0.594s] INFO:colcon.colcon_core.shell:Creating package descriptor '/home/kadowaki/realsense_ws/install/realsense2_camera/share/realsense2_camera/package.dsv'
[0.594s] INFO:colcon.colcon_core.shell:Creating package script '/home/kadowaki/realsense_ws/install/realsense2_camera/share/realsense2_camera/package.sh'
[0.594s] INFO:colcon.colcon_core.shell:Creating package script '/home/kadowaki/realsense_ws/install/realsense2_camera/share/realsense2_camera/package.bash'
[0.594s] INFO:colcon.colcon_core.shell:Creating package script '/home/kadowaki/realsense_ws/install/realsense2_camera/share/realsense2_camera/package.zsh'
[0.594s] Level 1:colcon.colcon_core.environment:create_file_with_runtime_dependencies(/home/kadowaki/realsense_ws/install/realsense2_camera/share/colcon-core/packages/realsense2_camera)
[0.607s] DEBUG:colcon.colcon_core.event_handler.log_command:Invoking command in '/home/kadowaki/realsense_ws/build/obstacle_stop': PYTHONPATH=/home/kadowaki/realsense_ws/build/obstacle_stop/prefix_override:/home/kadowaki/.local/lib/python3.10/site-packages/colcon_core/task/python/colcon_distutils_commands:/home/kadowaki/realsense_ws/install/obstacle_stop/lib/python3.10/site-packages:${PYTHONPATH} /usr/bin/python3 -W ignore:setup.py install is deprecated -W ignore:easy_install command is deprecated setup.py develop --editable --build-directory /home/kadowaki/realsense_ws/build/obstacle_stop/build --no-deps symlink_data
[0.619s] DEBUG:colcon.colcon_core.event_handler.log_command:Invoking command in '/home/kadowaki/realsense_ws/build/pointcloud_tools': PYTHONPATH=/home/kadowaki/realsense_ws/build/pointcloud_tools/prefix_override:/home/kadowaki/.local/lib/python3.10/site-packages/colcon_core/task/python/colcon_distutils_commands:/home/kadowaki/realsense_ws/install/pointcloud_tools/lib/python3.10/site-packages:${PYTHONPATH} /usr/bin/python3 -W ignore:setup.py install is deprecated -W ignore:easy_install command is deprecated setup.py develop --editable --build-directory /home/kadowaki/realsense_ws/build/pointcloud_tools/build --no-deps symlink_data
[0.822s] Level 1:colcon.colcon_core.shell:create_environment_hook('obstacle_stop', 'pythonpath_develop')
[0.822s] INFO:colcon.colcon_core.shell:Creating environment hook '/home/kadowaki/realsense_ws/build/obstacle_stop/share/obstacle_stop/hook/pythonpath_develop.ps1'
[0.822s] DEBUG:colcon.colcon_core.event_handler.log_command:Invoked command in '/home/kadowaki/realsense_ws/build/obstacle_stop' returned '0': PYTHONPATH=/home/kadowaki/realsense_ws/build/obstacle_stop/prefix_override:/home/kadowaki/.local/lib/python3.10/site-packages/colcon_core/task/python/colcon_distutils_commands:/home/kadowaki/realsense_ws/install/obstacle_stop/lib/python3.10/site-packages:${PYTHONPATH} /usr/bin/python3 -W ignore:setup.py install is deprecated -W ignore:easy_install command is deprecated setup.py develop --editable --build-directory /home/kadowaki/realsense_ws/build/obstacle_stop/build --no-deps symlink_data
[0.823s] INFO:colcon.colcon_core.shell:Creating environment descriptor '/home/kadowaki/realsense_ws/build/obstacle_stop/share/obstacle_stop/hook/pythonpath_develop.dsv'
[0.823s] INFO:colcon.colcon_core.shell:Creating environment hook '/home/kadowaki/realsense_ws/build/obstacle_stop/share/obstacle_stop/hook/pythonpath_develop.sh'
[0.823s] Level 1:colcon.colcon_core.environment:checking '/home/kadowaki/realsense_ws/install/obstacle_stop' for CMake module files
[0.823s] Level 1:colcon.colcon_core.environment:checking '/home/kadowaki/realsense_ws/install/obstacle_stop' for CMake config files
[0.823s] Level 1:colcon.colcon_core.environment:checking '/home/kadowaki/realsense_ws/install/obstacle_stop/lib'
[0.824s] Level 1:colcon.colcon_core.environment:checking '/home/kadowaki/realsense_ws/install/obstacle_stop/bin'
[0.824s] Level 1:colcon.colcon_core.environment:checking '/home/kadowaki/realsense_ws/install/obstacle_stop/lib/pkgconfig/obstacle_stop.pc'
[0.824s] Level 1:colcon.colcon_core.environment:checking '/home/kadowaki/realsense_ws/install/obstacle_stop/lib/python3.10/site-packages'
[0.824s] Level 1:colcon.colcon_core.shell:create_environment_hook('obstacle_stop', 'pythonpath')
[0.824s] INFO:colcon.colcon_core.shell:Creating environment hook '/home/kadowaki/realsense_ws/install/obstacle_stop/share/obstacle_stop/hook/pythonpath.ps1'
[0.824s] INFO:colcon.colcon_core.shell:Creating environment descriptor '/home/kadowaki/realsense_ws/install/obstacle_stop/share/obstacle_stop/hook/pythonpath.dsv'
[0.824s] INFO:colcon.colcon_core.shell:Creating environment hook '/home/kadowaki/realsense_ws/install/obstacle_stop/share/obstacle_stop/hook/pythonpath.sh'
[0.824s] Level 1:colcon.colcon_core.environment:checking '/home/kadowaki/realsense_ws/install/obstacle_stop/bin'
[0.824s] Level 1:colcon.colcon_core.environment:create_environment_scripts_only(obstacle_stop)
[0.825s] INFO:colcon.colcon_core.shell:Creating package script '/home/kadowaki/realsense_ws/install/obstacle_stop/share/obstacle_stop/package.ps1'
[0.825s] INFO:colcon.colcon_core.shell:Creating package descriptor '/home/kadowaki/realsense_ws/install/obstacle_stop/share/obstacle_stop/package.dsv'
[0.825s] INFO:colcon.colcon_core.shell:Creating package script '/home/kadowaki/realsense_ws/install/obstacle_stop/share/obstacle_stop/package.sh'
[0.825s] INFO:colcon.colcon_core.shell:Creating package script '/home/kadowaki/realsense_ws/install/obstacle_stop/share/obstacle_stop/package.bash'
[0.825s] INFO:colcon.colcon_core.shell:Creating package script '/home/kadowaki/realsense_ws/install/obstacle_stop/share/obstacle_stop/package.zsh'
[0.826s] Level 1:colcon.colcon_core.environment:create_file_with_runtime_dependencies(/home/kadowaki/realsense_ws/install/obstacle_stop/share/colcon-core/packages/obstacle_stop)
[0.831s] Level 1:colcon.colcon_core.shell:create_environment_hook('pointcloud_tools', 'pythonpath_develop')
[0.831s] INFO:colcon.colcon_core.shell:Creating environment hook '/home/kadowaki/realsense_ws/build/pointcloud_tools/share/pointcloud_tools/hook/pythonpath_develop.ps1'
[0.831s] DEBUG:colcon.colcon_core.event_handler.log_command:Invoked command in '/home/kadowaki/realsense_ws/build/pointcloud_tools' returned '0': PYTHONPATH=/home/kadowaki/realsense_ws/build/pointcloud_tools/prefix_override:/home/kadowaki/.local/lib/python3.10/site-packages/colcon_core/task/python/colcon_distutils_commands:/home/kadowaki/realsense_ws/install/pointcloud_tools/lib/python3.10/site-packages:${PYTHONPATH} /usr/bin/python3 -W ignore:setup.py install is deprecated -W ignore:easy_install command is deprecated setup.py develop --editable --build-directory /home/kadowaki/realsense_ws/build/pointcloud_tools/build --no-deps symlink_data
[0.831s] INFO:colcon.colcon_core.shell:Creating environment descriptor '/home/kadowaki/realsense_ws/build/pointcloud_tools/share/pointcloud_tools/hook/pythonpath_develop.dsv'
[0.832s] INFO:colcon.colcon_core.shell:Creating environment hook '/home/kadowaki/realsense_ws/build/pointcloud_tools/share/pointcloud_tools/hook/pythonpath_develop.sh'
[0.832s] Level 1:colcon.colcon_core.environment:checking '/home/kadowaki/realsense_ws/install/pointcloud_tools' for CMake module files
[0.832s] Level 1:colcon.colcon_core.environment:checking '/home/kadowaki/realsense_ws/install/pointcloud_tools' for CMake config files
[0.833s] Level 1:colcon.colcon_core.environment:checking '/home/kadowaki/realsense_ws/install/pointcloud_tools/lib'
[0.833s] Level 1:colcon.colcon_core.environment:checking '/home/kadowaki/realsense_ws/install/pointcloud_tools/bin'
[0.833s] Level 1:colcon.colcon_core.environment:checking '/home/kadowaki/realsense_ws/install/pointcloud_tools/lib/pkgconfig/pointcloud_tools.pc'
[0.833s] Level 1:colcon.colcon_core.environment:checking '/home/kadowaki/realsense_ws/install/pointcloud_tools/lib/python3.10/site-packages'
[0.833s] Level 1:colcon.colcon_core.shell:create_environment_hook('pointcloud_tools', 'pythonpath')
[0.833s] INFO:colcon.colcon_core.shell:Creating environment hook '/home/kadowaki/realsense_ws/install/pointcloud_tools/share/pointcloud_tools/hook/pythonpath.ps1'
[0.834s] INFO:colcon.colcon_core.shell:Creating environment descriptor '/home/kadowaki/realsense_ws/install/pointcloud_tools/share/pointcloud_tools/hook/pythonpath.dsv'
[0.834s] INFO:colcon.colcon_core.shell:Creating environment hook '/home/kadowaki/realsense_ws/install/pointcloud_tools/share/pointcloud_tools/hook/pythonpath.sh'
[0.834s] Level 1:colcon.colcon_core.environment:checking '/home/kadowaki/realsense_ws/install/pointcloud_tools/bin'
[0.834s] Level 1:colcon.colcon_core.environment:create_environment_scripts_only(pointcloud_tools)
[0.835s] INFO:colcon.colcon_core.shell:Creating package script '/home/kadowaki/realsense_ws/install/pointcloud_tools/share/pointcloud_tools/package.ps1'
[0.835s] INFO:colcon.colcon_core.shell:Creating package descriptor '/home/kadowaki/realsense_ws/install/pointcloud_tools/share/pointcloud_tools/package.dsv'
[0.836s] INFO:colcon.colcon_core.shell:Creating package script '/home/kadowaki/realsense_ws/install/pointcloud_tools/share/pointcloud_tools/package.sh'
[0.836s] INFO:colcon.colcon_core.shell:Creating package script '/home/kadowaki/realsense_ws/install/pointcloud_tools/share/pointcloud_tools/package.bash'
[0.836s] INFO:colcon.colcon_core.shell:Creating package script '/home/kadowaki/realsense_ws/install/pointcloud_tools/share/pointcloud_tools/package.zsh'
[0.836s] Level 1:colcon.colcon_core.environment:create_file_with_runtime_dependencies(/home/kadowaki/realsense_ws/install/pointcloud_tools/share/colcon-core/packages/pointcloud_tools)
[0.836s] DEBUG:colcon.colcon_parallel_executor.executor.parallel:closing loop
[0.836s] DEBUG:colcon.colcon_parallel_executor.executor.parallel:loop closed
[0.836s] DEBUG:colcon.colcon_parallel_executor.executor.parallel:run_until_complete finished with '0'
[0.837s] DEBUG:colcon.colcon_core.event_reactor:joining thread
[0.841s] INFO:colcon.colcon_core.plugin_system:Skipping extension 'colcon_notification.desktop_notification.terminal_notifier': Not used on non-Darwin systems
[0.841s] INFO:colcon.colcon_core.plugin_system:Skipping extension 'colcon_notification.desktop_notification.win32': Not used on non-Windows systems
[0.841s] INFO:colcon.colcon_notification.desktop_notification:Sending desktop notification using 'notify2'
[0.846s] DEBUG:colcon.colcon_core.event_reactor:joined thread
[0.846s] INFO:colcon.colcon_core.shell:Creating prefix script '/home/kadowaki/realsense_ws/install/local_setup.ps1'
[0.847s] INFO:colcon.colcon_core.shell:Creating prefix util module '/home/kadowaki/realsense_ws/install/_local_setup_util_ps1.py'
[0.847s] INFO:colcon.colcon_core.shell:Creating prefix chain script '/home/kadowaki/realsense_ws/install/setup.ps1'
[0.848s] INFO:colcon.colcon_core.shell:Creating prefix script '/home/kadowaki/realsense_ws/install/local_setup.sh'
[0.849s] INFO:colcon.colcon_core.shell:Creating prefix util module '/home/kadowaki/realsense_ws/install/_local_setup_util_sh.py'
[0.849s] INFO:colcon.colcon_core.shell:Creating prefix chain script '/home/kadowaki/realsense_ws/install/setup.sh'
[0.850s] INFO:colcon.colcon_core.shell:Creating prefix script '/home/kadowaki/realsense_ws/install/local_setup.bash'
[0.851s] INFO:colcon.colcon_core.shell:Creating prefix chain script '/home/kadowaki/realsense_ws/install/setup.bash'
[0.852s] INFO:colcon.colcon_core.shell:Creating prefix script '/home/kadowaki/realsense_ws/install/local_setup.zsh'
[0.852s] INFO:colcon.colcon_core.shell:Creating prefix chain script '/home/kadowaki/realsense_ws/install/setup.zsh'
