[0.276s] Invoking command in '/home/kadowaki/realsense_ws/build/obstacle_stop': PYTHONPATH=/home/kadowaki/realsense_ws/build/obstacle_stop/prefix_override:/home/kadowaki/.local/lib/python3.10/site-packages/colcon_core/task/python/colcon_distutils_commands:/home/kadowaki/realsense_ws/install/obstacle_stop/lib/python3.10/site-packages:${PYTHONPATH} /usr/bin/python3 -W ignore:setup.py install is deprecated -W ignore:easy_install command is deprecated setup.py develop --uninstall --editable --build-directory /home/kadowaki/realsense_ws/build/obstacle_stop/build
[0.396s] running develop
[0.464s] Removing /home/kadowaki/realsense_ws/install/obstacle_stop/lib/python3.10/site-packages/obstacle-stop.egg-link (link to .)
[0.478s] Invoked command in '/home/kadowaki/realsense_ws/build/obstacle_stop' returned '0': PYTHONPATH=/home/kadowaki/realsense_ws/build/obstacle_stop/prefix_override:/home/kadowaki/.local/lib/python3.10/site-packages/colcon_core/task/python/colcon_distutils_commands:/home/kadowaki/realsense_ws/install/obstacle_stop/lib/python3.10/site-packages:${PYTHONPATH} /usr/bin/python3 -W ignore:setup.py install is deprecated -W ignore:easy_install command is deprecated setup.py develop --uninstall --editable --build-directory /home/kadowaki/realsense_ws/build/obstacle_stop/build
[0.478s] Invoking command in '/home/kadowaki/realsense_ws/src/obstacle_stop': PYTHONPATH=/home/kadowaki/realsense_ws/build/obstacle_stop/prefix_override:/home/kadowaki/.local/lib/python3.10/site-packages/colcon_core/task/python/colcon_distutils_commands:/home/kadowaki/realsense_ws/install/obstacle_stop/lib/python3.10/site-packages:${PYTHONPATH} /usr/bin/python3 -W ignore:setup.py install is deprecated -W ignore:easy_install command is deprecated setup.py egg_info --egg-base ../../build/obstacle_stop build --build-base /home/kadowaki/realsense_ws/build/obstacle_stop/build install --record /home/kadowaki/realsense_ws/build/obstacle_stop/install.log --single-version-externally-managed install_data --force
[0.588s] running egg_info
[0.588s] writing ../../build/obstacle_stop/obstacle_stop.egg-info/PKG-INFO
[0.588s] writing dependency_links to ../../build/obstacle_stop/obstacle_stop.egg-info/dependency_links.txt
[0.588s] writing entry points to ../../build/obstacle_stop/obstacle_stop.egg-info/entry_points.txt
[0.588s] writing requirements to ../../build/obstacle_stop/obstacle_stop.egg-info/requires.txt
[0.588s] writing top-level names to ../../build/obstacle_stop/obstacle_stop.egg-info/top_level.txt
[0.589s] reading manifest file '../../build/obstacle_stop/obstacle_stop.egg-info/SOURCES.txt'
[0.589s] writing manifest file '../../build/obstacle_stop/obstacle_stop.egg-info/SOURCES.txt'
[0.589s] running build
[0.589s] running build_py
[0.589s] copying obstacle_stop/obstacle_stop_node.py -> /home/kadowaki/realsense_ws/build/obstacle_stop/build/lib/obstacle_stop
[0.590s] running install
[0.590s] running install_lib
[0.590s] creating /home/kadowaki/realsense_ws/install/obstacle_stop/lib/python3.10/site-packages/obstacle_stop
[0.590s] copying /home/kadowaki/realsense_ws/build/obstacle_stop/build/lib/obstacle_stop/obstacle_stop_node.py -> /home/kadowaki/realsense_ws/install/obstacle_stop/lib/python3.10/site-packages/obstacle_stop
[0.590s] copying /home/kadowaki/realsense_ws/build/obstacle_stop/build/lib/obstacle_stop/__init__.py -> /home/kadowaki/realsense_ws/install/obstacle_stop/lib/python3.10/site-packages/obstacle_stop
[0.590s] byte-compiling /home/kadowaki/realsense_ws/install/obstacle_stop/lib/python3.10/site-packages/obstacle_stop/obstacle_stop_node.py to obstacle_stop_node.cpython-310.pyc
[0.591s] byte-compiling /home/kadowaki/realsense_ws/install/obstacle_stop/lib/python3.10/site-packages/obstacle_stop/__init__.py to __init__.cpython-310.pyc
[0.591s] running install_data
[0.591s] copying resource/obstacle_stop -> /home/kadowaki/realsense_ws/install/obstacle_stop/share/ament_index/resource_index/packages
[0.591s] copying package.xml -> /home/kadowaki/realsense_ws/install/obstacle_stop/share/obstacle_stop
[0.591s] running install_egg_info
[0.592s] Copying ../../build/obstacle_stop/obstacle_stop.egg-info to /home/kadowaki/realsense_ws/install/obstacle_stop/lib/python3.10/site-packages/obstacle_stop-0.0.0-py3.10.egg-info
[0.592s] running install_scripts
[0.603s] Installing obstacle_stop_node script to /home/kadowaki/realsense_ws/install/obstacle_stop/lib/obstacle_stop
[0.603s] writing list of installed files to '/home/kadowaki/realsense_ws/build/obstacle_stop/install.log'
[0.615s] Invoked command in '/home/kadowaki/realsense_ws/src/obstacle_stop' returned '0': PYTHONPATH=/home/kadowaki/realsense_ws/build/obstacle_stop/prefix_override:/home/kadowaki/.local/lib/python3.10/site-packages/colcon_core/task/python/colcon_distutils_commands:/home/kadowaki/realsense_ws/install/obstacle_stop/lib/python3.10/site-packages:${PYTHONPATH} /usr/bin/python3 -W ignore:setup.py install is deprecated -W ignore:easy_install command is deprecated setup.py egg_info --egg-base ../../build/obstacle_stop build --build-base /home/kadowaki/realsense_ws/build/obstacle_stop/build install --record /home/kadowaki/realsense_ws/build/obstacle_stop/install.log --single-version-externally-managed install_data --force
