[0.145s] DEBUG:colcon:Command line arguments: ['/home/kadowaki/.local/bin/colcon', 'build']
[0.145s] DEBUG:colcon:Parsed command line arguments: Namespace(log_base=None, log_level=None, verb_name='build', build_base='build', install_base='install', merge_install=False, symlink_install=False, test_result_base=None, continue_on_error=False, executor='parallel', parallel_workers=24, event_handlers=None, ignore_user_meta=False, metas=['./colcon.meta'], base_paths=['.'], packages_ignore=None, packages_ignore_regex=None, paths=None, packages_up_to=None, packages_up_to_regex=None, packages_above=None, packages_above_and_dependencies=None, packages_above_depth=None, packages_select_by_dep=None, packages_skip_by_dep=None, packages_skip_up_to=None, packages_select_build_failed=False, packages_skip_build_finished=False, packages_select_test_failures=False, packages_skip_test_passed=False, packages_select=None, packages_skip=None, packages_select_regex=None, packages_skip_regex=None, packages_start=None, packages_end=None, allow_overriding=[], cmake_args=None, cmake_target=None, cmake_target_skip_unavailable=False, cmake_clean_cache=False, cmake_clean_first=False, cmake_force_configure=False, ament_cmake_args=None, catkin_cmake_args=None, catkin_skip_building_tests=False, verb_parser=<colcon_defaults.argument_parser.defaults.DefaultArgumentsDecorator object at 0x763b9074cb50>, verb_extension=<colcon_core.verb.build.BuildVerb object at 0x763b9083e020>, main=<bound method BuildVerb.main of <colcon_core.verb.build.BuildVerb object at 0x763b9083e020>>)
[0.260s] Level 1:colcon.colcon_core.package_discovery:discover_packages(colcon_meta) check parameters
[0.260s] Level 1:colcon.colcon_core.package_discovery:discover_packages(recursive) check parameters
[0.260s] Level 1:colcon.colcon_core.package_discovery:discover_packages(ignore) check parameters
[0.260s] Level 1:colcon.colcon_core.package_discovery:discover_packages(path) check parameters
[0.260s] Level 1:colcon.colcon_core.package_discovery:discover_packages(colcon_meta) discover
[0.260s] Level 1:colcon.colcon_core.package_discovery:discover_packages(recursive) discover
[0.260s] INFO:colcon.colcon_core.package_discovery:Crawling recursively for packages in '/home/kadowaki/realsense_ws'
[0.260s] Level 1:colcon.colcon_core.package_identification:_identify(.) by extensions ['ignore', 'ignore_ament_install']
[0.260s] Level 1:colcon.colcon_core.package_identification:_identify(.) by extension 'ignore'
[0.260s] Level 1:colcon.colcon_core.package_identification:_identify(.) by extension 'ignore_ament_install'
[0.260s] Level 1:colcon.colcon_core.package_identification:_identify(.) by extensions ['colcon_pkg']
[0.260s] Level 1:colcon.colcon_core.package_identification:_identify(.) by extension 'colcon_pkg'
[0.260s] Level 1:colcon.colcon_core.package_identification:_identify(.) by extensions ['colcon_meta']
[0.260s] Level 1:colcon.colcon_core.package_identification:_identify(.) by extension 'colcon_meta'
[0.260s] Level 1:colcon.colcon_core.package_identification:_identify(.) by extensions ['ros']
[0.260s] Level 1:colcon.colcon_core.package_identification:_identify(.) by extension 'ros'
[0.267s] Level 1:colcon.colcon_core.package_identification:_identify(.) by extensions ['cmake', 'python']
[0.267s] Level 1:colcon.colcon_core.package_identification:_identify(.) by extension 'cmake'
[0.267s] Level 1:colcon.colcon_core.package_identification:_identify(.) by extension 'python'
[0.267s] Level 1:colcon.colcon_core.package_identification:_identify(.) by extensions ['python_setup_py']
[0.267s] Level 1:colcon.colcon_core.package_identification:_identify(.) by extension 'python_setup_py'
[0.267s] Level 1:colcon.colcon_core.package_identification:_identify(build) by extensions ['ignore', 'ignore_ament_install']
[0.267s] Level 1:colcon.colcon_core.package_identification:_identify(build) by extension 'ignore'
[0.267s] Level 1:colcon.colcon_core.package_identification:_identify(build) ignored
[0.267s] Level 1:colcon.colcon_core.package_identification:_identify(install) by extensions ['ignore', 'ignore_ament_install']
[0.267s] Level 1:colcon.colcon_core.package_identification:_identify(install) by extension 'ignore'
[0.267s] Level 1:colcon.colcon_core.package_identification:_identify(install) ignored
[0.267s] Level 1:colcon.colcon_core.package_identification:_identify(log) by extensions ['ignore', 'ignore_ament_install']
[0.267s] Level 1:colcon.colcon_core.package_identification:_identify(log) by extension 'ignore'
[0.267s] Level 1:colcon.colcon_core.package_identification:_identify(log) ignored
[0.267s] Level 1:colcon.colcon_core.package_identification:_identify(src) by extensions ['ignore', 'ignore_ament_install']
[0.267s] Level 1:colcon.colcon_core.package_identification:_identify(src) by extension 'ignore'
[0.267s] Level 1:colcon.colcon_core.package_identification:_identify(src) by extension 'ignore_ament_install'
[0.268s] Level 1:colcon.colcon_core.package_identification:_identify(src) by extensions ['colcon_pkg']
[0.268s] Level 1:colcon.colcon_core.package_identification:_identify(src) by extension 'colcon_pkg'
[0.268s] Level 1:colcon.colcon_core.package_identification:_identify(src) by extensions ['colcon_meta']
[0.268s] Level 1:colcon.colcon_core.package_identification:_identify(src) by extension 'colcon_meta'
[0.268s] Level 1:colcon.colcon_core.package_identification:_identify(src) by extensions ['ros']
[0.268s] Level 1:colcon.colcon_core.package_identification:_identify(src) by extension 'ros'
[0.268s] Level 1:colcon.colcon_core.package_identification:_identify(src) by extensions ['cmake', 'python']
[0.268s] Level 1:colcon.colcon_core.package_identification:_identify(src) by extension 'cmake'
[0.268s] Level 1:colcon.colcon_core.package_identification:_identify(src) by extension 'python'
[0.268s] Level 1:colcon.colcon_core.package_identification:_identify(src) by extensions ['python_setup_py']
[0.268s] Level 1:colcon.colcon_core.package_identification:_identify(src) by extension 'python_setup_py'
[0.268s] Level 1:colcon.colcon_core.package_identification:_identify(src/build) by extensions ['ignore', 'ignore_ament_install']
[0.268s] Level 1:colcon.colcon_core.package_identification:_identify(src/build) by extension 'ignore'
[0.268s] Level 1:colcon.colcon_core.package_identification:_identify(src/build) ignored
[0.268s] Level 1:colcon.colcon_core.package_identification:_identify(src/install) by extensions ['ignore', 'ignore_ament_install']
[0.268s] Level 1:colcon.colcon_core.package_identification:_identify(src/install) by extension 'ignore'
[0.268s] Level 1:colcon.colcon_core.package_identification:_identify(src/install) ignored
[0.268s] Level 1:colcon.colcon_core.package_identification:_identify(src/log) by extensions ['ignore', 'ignore_ament_install']
[0.268s] Level 1:colcon.colcon_core.package_identification:_identify(src/log) by extension 'ignore'
[0.268s] Level 1:colcon.colcon_core.package_identification:_identify(src/log) ignored
[0.268s] Level 1:colcon.colcon_core.package_identification:_identify(src/obstacle_stop) by extensions ['ignore', 'ignore_ament_install']
[0.268s] Level 1:colcon.colcon_core.package_identification:_identify(src/obstacle_stop) by extension 'ignore'
[0.268s] Level 1:colcon.colcon_core.package_identification:_identify(src/obstacle_stop) by extension 'ignore_ament_install'
[0.268s] Level 1:colcon.colcon_core.package_identification:_identify(src/obstacle_stop) by extensions ['colcon_pkg']
[0.268s] Level 1:colcon.colcon_core.package_identification:_identify(src/obstacle_stop) by extension 'colcon_pkg'
[0.268s] Level 1:colcon.colcon_core.package_identification:_identify(src/obstacle_stop) by extensions ['colcon_meta']
[0.268s] Level 1:colcon.colcon_core.package_identification:_identify(src/obstacle_stop) by extension 'colcon_meta'
[0.268s] Level 1:colcon.colcon_core.package_identification:_identify(src/obstacle_stop) by extensions ['ros']
[0.268s] Level 1:colcon.colcon_core.package_identification:_identify(src/obstacle_stop) by extension 'ros'
[0.270s] DEBUG:colcon.colcon_core.package_identification:Package 'src/obstacle_stop' with type 'ros.ament_python' and name 'obstacle_stop'
[0.270s] Level 1:colcon.colcon_core.package_identification:_identify(src/pointcloud_tools) by extensions ['ignore', 'ignore_ament_install']
[0.270s] Level 1:colcon.colcon_core.package_identification:_identify(src/pointcloud_tools) by extension 'ignore'
[0.270s] Level 1:colcon.colcon_core.package_identification:_identify(src/pointcloud_tools) by extension 'ignore_ament_install'
[0.270s] Level 1:colcon.colcon_core.package_identification:_identify(src/pointcloud_tools) by extensions ['colcon_pkg']
[0.270s] Level 1:colcon.colcon_core.package_identification:_identify(src/pointcloud_tools) by extension 'colcon_pkg'
[0.270s] Level 1:colcon.colcon_core.package_identification:_identify(src/pointcloud_tools) by extensions ['colcon_meta']
[0.270s] Level 1:colcon.colcon_core.package_identification:_identify(src/pointcloud_tools) by extension 'colcon_meta'
[0.270s] Level 1:colcon.colcon_core.package_identification:_identify(src/pointcloud_tools) by extensions ['ros']
[0.270s] Level 1:colcon.colcon_core.package_identification:_identify(src/pointcloud_tools) by extension 'ros'
[0.270s] DEBUG:colcon.colcon_core.package_identification:Package 'src/pointcloud_tools' with type 'ros.ament_python' and name 'pointcloud_tools'
[0.270s] Level 1:colcon.colcon_core.package_identification:_identify(src/realsense-ros) by extensions ['ignore', 'ignore_ament_install']
[0.270s] Level 1:colcon.colcon_core.package_identification:_identify(src/realsense-ros) by extension 'ignore'
[0.270s] Level 1:colcon.colcon_core.package_identification:_identify(src/realsense-ros) by extension 'ignore_ament_install'
[0.271s] Level 1:colcon.colcon_core.package_identification:_identify(src/realsense-ros) by extensions ['colcon_pkg']
[0.271s] Level 1:colcon.colcon_core.package_identification:_identify(src/realsense-ros) by extension 'colcon_pkg'
[0.271s] Level 1:colcon.colcon_core.package_identification:_identify(src/realsense-ros) by extensions ['colcon_meta']
[0.271s] Level 1:colcon.colcon_core.package_identification:_identify(src/realsense-ros) by extension 'colcon_meta'
[0.271s] Level 1:colcon.colcon_core.package_identification:_identify(src/realsense-ros) by extensions ['ros']
[0.271s] Level 1:colcon.colcon_core.package_identification:_identify(src/realsense-ros) by extension 'ros'
[0.271s] Level 1:colcon.colcon_core.package_identification:_identify(src/realsense-ros) by extensions ['cmake', 'python']
[0.271s] Level 1:colcon.colcon_core.package_identification:_identify(src/realsense-ros) by extension 'cmake'
[0.271s] Level 1:colcon.colcon_core.package_identification:_identify(src/realsense-ros) by extension 'python'
[0.271s] Level 1:colcon.colcon_core.package_identification:_identify(src/realsense-ros) by extensions ['python_setup_py']
[0.271s] Level 1:colcon.colcon_core.package_identification:_identify(src/realsense-ros) by extension 'python_setup_py'
[0.271s] Level 1:colcon.colcon_core.package_identification:_identify(src/realsense-ros/realsense2_camera) by extensions ['ignore', 'ignore_ament_install']
[0.271s] Level 1:colcon.colcon_core.package_identification:_identify(src/realsense-ros/realsense2_camera) by extension 'ignore'
[0.271s] Level 1:colcon.colcon_core.package_identification:_identify(src/realsense-ros/realsense2_camera) by extension 'ignore_ament_install'
[0.271s] Level 1:colcon.colcon_core.package_identification:_identify(src/realsense-ros/realsense2_camera) by extensions ['colcon_pkg']
[0.271s] Level 1:colcon.colcon_core.package_identification:_identify(src/realsense-ros/realsense2_camera) by extension 'colcon_pkg'
[0.271s] Level 1:colcon.colcon_core.package_identification:_identify(src/realsense-ros/realsense2_camera) by extensions ['colcon_meta']
[0.271s] Level 1:colcon.colcon_core.package_identification:_identify(src/realsense-ros/realsense2_camera) by extension 'colcon_meta'
[0.271s] Level 1:colcon.colcon_core.package_identification:_identify(src/realsense-ros/realsense2_camera) by extensions ['ros']
[0.271s] Level 1:colcon.colcon_core.package_identification:_identify(src/realsense-ros/realsense2_camera) by extension 'ros'
[0.273s] DEBUG:colcon.colcon_core.package_identification:Package 'src/realsense-ros/realsense2_camera' with type 'ros.ament_cmake' and name 'realsense2_camera'
[0.274s] Level 1:colcon.colcon_core.package_identification:_identify(src/realsense-ros/realsense2_camera_msgs) by extensions ['ignore', 'ignore_ament_install']
[0.274s] Level 1:colcon.colcon_core.package_identification:_identify(src/realsense-ros/realsense2_camera_msgs) by extension 'ignore'
[0.274s] Level 1:colcon.colcon_core.package_identification:_identify(src/realsense-ros/realsense2_camera_msgs) by extension 'ignore_ament_install'
[0.274s] Level 1:colcon.colcon_core.package_identification:_identify(src/realsense-ros/realsense2_camera_msgs) by extensions ['colcon_pkg']
[0.274s] Level 1:colcon.colcon_core.package_identification:_identify(src/realsense-ros/realsense2_camera_msgs) by extension 'colcon_pkg'
[0.274s] Level 1:colcon.colcon_core.package_identification:_identify(src/realsense-ros/realsense2_camera_msgs) by extensions ['colcon_meta']
[0.274s] Level 1:colcon.colcon_core.package_identification:_identify(src/realsense-ros/realsense2_camera_msgs) by extension 'colcon_meta'
[0.274s] Level 1:colcon.colcon_core.package_identification:_identify(src/realsense-ros/realsense2_camera_msgs) by extensions ['ros']
[0.274s] Level 1:colcon.colcon_core.package_identification:_identify(src/realsense-ros/realsense2_camera_msgs) by extension 'ros'
[0.274s] DEBUG:colcon.colcon_core.package_identification:Package 'src/realsense-ros/realsense2_camera_msgs' with type 'ros.ament_cmake' and name 'realsense2_camera_msgs'
[0.274s] Level 1:colcon.colcon_core.package_identification:_identify(src/realsense-ros/realsense2_description) by extensions ['ignore', 'ignore_ament_install']
[0.274s] Level 1:colcon.colcon_core.package_identification:_identify(src/realsense-ros/realsense2_description) by extension 'ignore'
[0.274s] Level 1:colcon.colcon_core.package_identification:_identify(src/realsense-ros/realsense2_description) by extension 'ignore_ament_install'
[0.274s] Level 1:colcon.colcon_core.package_identification:_identify(src/realsense-ros/realsense2_description) by extensions ['colcon_pkg']
[0.274s] Level 1:colcon.colcon_core.package_identification:_identify(src/realsense-ros/realsense2_description) by extension 'colcon_pkg'
[0.274s] Level 1:colcon.colcon_core.package_identification:_identify(src/realsense-ros/realsense2_description) by extensions ['colcon_meta']
[0.274s] Level 1:colcon.colcon_core.package_identification:_identify(src/realsense-ros/realsense2_description) by extension 'colcon_meta'
[0.274s] Level 1:colcon.colcon_core.package_identification:_identify(src/realsense-ros/realsense2_description) by extensions ['ros']
[0.274s] Level 1:colcon.colcon_core.package_identification:_identify(src/realsense-ros/realsense2_description) by extension 'ros'
[0.275s] DEBUG:colcon.colcon_core.package_identification:Package 'src/realsense-ros/realsense2_description' with type 'ros.ament_cmake' and name 'realsense2_description'
[0.275s] Level 1:colcon.colcon_core.package_identification:_identify(src/realsense-ros/scripts) by extensions ['ignore', 'ignore_ament_install']
[0.275s] Level 1:colcon.colcon_core.package_identification:_identify(src/realsense-ros/scripts) by extension 'ignore'
[0.275s] Level 1:colcon.colcon_core.package_identification:_identify(src/realsense-ros/scripts) by extension 'ignore_ament_install'
[0.275s] Level 1:colcon.colcon_core.package_identification:_identify(src/realsense-ros/scripts) by extensions ['colcon_pkg']
[0.275s] Level 1:colcon.colcon_core.package_identification:_identify(src/realsense-ros/scripts) by extension 'colcon_pkg'
[0.275s] Level 1:colcon.colcon_core.package_identification:_identify(src/realsense-ros/scripts) by extensions ['colcon_meta']
[0.275s] Level 1:colcon.colcon_core.package_identification:_identify(src/realsense-ros/scripts) by extension 'colcon_meta'
[0.275s] Level 1:colcon.colcon_core.package_identification:_identify(src/realsense-ros/scripts) by extensions ['ros']
[0.275s] Level 1:colcon.colcon_core.package_identification:_identify(src/realsense-ros/scripts) by extension 'ros'
[0.275s] Level 1:colcon.colcon_core.package_identification:_identify(src/realsense-ros/scripts) by extensions ['cmake', 'python']
[0.275s] Level 1:colcon.colcon_core.package_identification:_identify(src/realsense-ros/scripts) by extension 'cmake'
[0.275s] Level 1:colcon.colcon_core.package_identification:_identify(src/realsense-ros/scripts) by extension 'python'
[0.275s] Level 1:colcon.colcon_core.package_identification:_identify(src/realsense-ros/scripts) by extensions ['python_setup_py']
[0.275s] Level 1:colcon.colcon_core.package_identification:_identify(src/realsense-ros/scripts) by extension 'python_setup_py'
[0.275s] Level 1:colcon.colcon_core.package_identification:_identify(src/realsense_obstaclestop) by extensions ['ignore', 'ignore_ament_install']
[0.275s] Level 1:colcon.colcon_core.package_identification:_identify(src/realsense_obstaclestop) by extension 'ignore'
[0.275s] Level 1:colcon.colcon_core.package_identification:_identify(src/realsense_obstaclestop) by extension 'ignore_ament_install'
[0.275s] Level 1:colcon.colcon_core.package_identification:_identify(src/realsense_obstaclestop) by extensions ['colcon_pkg']
[0.275s] Level 1:colcon.colcon_core.package_identification:_identify(src/realsense_obstaclestop) by extension 'colcon_pkg'
[0.275s] Level 1:colcon.colcon_core.package_identification:_identify(src/realsense_obstaclestop) by extensions ['colcon_meta']
[0.275s] Level 1:colcon.colcon_core.package_identification:_identify(src/realsense_obstaclestop) by extension 'colcon_meta'
[0.275s] Level 1:colcon.colcon_core.package_identification:_identify(src/realsense_obstaclestop) by extensions ['ros']
[0.275s] Level 1:colcon.colcon_core.package_identification:_identify(src/realsense_obstaclestop) by extension 'ros'
[0.275s] Level 1:colcon.colcon_core.package_identification:_identify(src/realsense_obstaclestop) by extensions ['cmake', 'python']
[0.275s] Level 1:colcon.colcon_core.package_identification:_identify(src/realsense_obstaclestop) by extension 'cmake'
[0.275s] Level 1:colcon.colcon_core.package_identification:_identify(src/realsense_obstaclestop) by extension 'python'
[0.275s] Level 1:colcon.colcon_core.package_identification:_identify(src/realsense_obstaclestop) by extensions ['python_setup_py']
[0.275s] Level 1:colcon.colcon_core.package_identification:_identify(src/realsense_obstaclestop) by extension 'python_setup_py'
[0.275s] Level 1:colcon.colcon_core.package_discovery:discover_packages(recursive) using defaults
[0.275s] Level 1:colcon.colcon_core.package_discovery:discover_packages(ignore) discover
[0.275s] Level 1:colcon.colcon_core.package_discovery:discover_packages(ignore) using defaults
[0.275s] Level 1:colcon.colcon_core.package_discovery:discover_packages(path) discover
[0.276s] Level 1:colcon.colcon_core.package_discovery:discover_packages(path) using defaults
[0.290s] Level 1:colcon.colcon_core.package_discovery:discover_packages(prefix_path) check parameters
[0.290s] Level 1:colcon.colcon_core.package_discovery:discover_packages(prefix_path) discover
[0.292s] DEBUG:colcon.colcon_installed_package_information.package_discovery:Found 5 installed packages in /home/kadowaki/realsense_ws/install
[0.292s] DEBUG:colcon.colcon_installed_package_information.package_discovery:Found 1 installed packages in /home/kadowaki/realsense_ws/src/pointcloud_tools/install
[0.293s] DEBUG:colcon.colcon_installed_package_information.package_discovery:Found 4 installed packages in /home/kadowaki/install
[0.293s] DEBUG:colcon.colcon_installed_package_information.package_discovery:Found 283 installed packages in /opt/ros/humble
[0.298s] Level 1:colcon.colcon_core.package_discovery:discover_packages(prefix_path) using defaults
[0.316s] Level 5:colcon.colcon_core.verb:set package 'obstacle_stop' build argument 'cmake_args' from command line to 'None'
[0.316s] Level 5:colcon.colcon_core.verb:set package 'obstacle_stop' build argument 'cmake_target' from command line to 'None'
[0.316s] Level 5:colcon.colcon_core.verb:set package 'obstacle_stop' build argument 'cmake_target_skip_unavailable' from command line to 'False'
[0.316s] Level 5:colcon.colcon_core.verb:set package 'obstacle_stop' build argument 'cmake_clean_cache' from command line to 'False'
[0.316s] Level 5:colcon.colcon_core.verb:set package 'obstacle_stop' build argument 'cmake_clean_first' from command line to 'False'
[0.316s] Level 5:colcon.colcon_core.verb:set package 'obstacle_stop' build argument 'cmake_force_configure' from command line to 'False'
[0.316s] Level 5:colcon.colcon_core.verb:set package 'obstacle_stop' build argument 'ament_cmake_args' from command line to 'None'
[0.316s] Level 5:colcon.colcon_core.verb:set package 'obstacle_stop' build argument 'catkin_cmake_args' from command line to 'None'
[0.316s] Level 5:colcon.colcon_core.verb:set package 'obstacle_stop' build argument 'catkin_skip_building_tests' from command line to 'False'
[0.316s] DEBUG:colcon.colcon_core.verb:Building package 'obstacle_stop' with the following arguments: {'ament_cmake_args': None, 'build_base': '/home/kadowaki/realsense_ws/build/obstacle_stop', 'catkin_cmake_args': None, 'catkin_skip_building_tests': False, 'cmake_args': None, 'cmake_clean_cache': False, 'cmake_clean_first': False, 'cmake_force_configure': False, 'cmake_target': None, 'cmake_target_skip_unavailable': False, 'install_base': '/home/kadowaki/realsense_ws/install/obstacle_stop', 'merge_install': False, 'path': '/home/kadowaki/realsense_ws/src/obstacle_stop', 'symlink_install': False, 'test_result_base': None}
[0.316s] Level 5:colcon.colcon_core.verb:set package 'pointcloud_tools' build argument 'cmake_args' from command line to 'None'
[0.316s] Level 5:colcon.colcon_core.verb:set package 'pointcloud_tools' build argument 'cmake_target' from command line to 'None'
[0.316s] Level 5:colcon.colcon_core.verb:set package 'pointcloud_tools' build argument 'cmake_target_skip_unavailable' from command line to 'False'
[0.316s] Level 5:colcon.colcon_core.verb:set package 'pointcloud_tools' build argument 'cmake_clean_cache' from command line to 'False'
[0.316s] Level 5:colcon.colcon_core.verb:set package 'pointcloud_tools' build argument 'cmake_clean_first' from command line to 'False'
[0.317s] Level 5:colcon.colcon_core.verb:set package 'pointcloud_tools' build argument 'cmake_force_configure' from command line to 'False'
[0.317s] Level 5:colcon.colcon_core.verb:set package 'pointcloud_tools' build argument 'ament_cmake_args' from command line to 'None'
[0.317s] Level 5:colcon.colcon_core.verb:set package 'pointcloud_tools' build argument 'catkin_cmake_args' from command line to 'None'
[0.317s] Level 5:colcon.colcon_core.verb:set package 'pointcloud_tools' build argument 'catkin_skip_building_tests' from command line to 'False'
[0.317s] DEBUG:colcon.colcon_core.verb:Building package 'pointcloud_tools' with the following arguments: {'ament_cmake_args': None, 'build_base': '/home/kadowaki/realsense_ws/build/pointcloud_tools', 'catkin_cmake_args': None, 'catkin_skip_building_tests': False, 'cmake_args': None, 'cmake_clean_cache': False, 'cmake_clean_first': False, 'cmake_force_configure': False, 'cmake_target': None, 'cmake_target_skip_unavailable': False, 'install_base': '/home/kadowaki/realsense_ws/install/pointcloud_tools', 'merge_install': False, 'path': '/home/kadowaki/realsense_ws/src/pointcloud_tools', 'symlink_install': False, 'test_result_base': None}
[0.317s] Level 5:colcon.colcon_core.verb:set package 'realsense2_camera_msgs' build argument 'cmake_args' from command line to 'None'
[0.317s] Level 5:colcon.colcon_core.verb:set package 'realsense2_camera_msgs' build argument 'cmake_target' from command line to 'None'
[0.317s] Level 5:colcon.colcon_core.verb:set package 'realsense2_camera_msgs' build argument 'cmake_target_skip_unavailable' from command line to 'False'
[0.317s] Level 5:colcon.colcon_core.verb:set package 'realsense2_camera_msgs' build argument 'cmake_clean_cache' from command line to 'False'
[0.317s] Level 5:colcon.colcon_core.verb:set package 'realsense2_camera_msgs' build argument 'cmake_clean_first' from command line to 'False'
[0.317s] Level 5:colcon.colcon_core.verb:set package 'realsense2_camera_msgs' build argument 'cmake_force_configure' from command line to 'False'
[0.317s] Level 5:colcon.colcon_core.verb:set package 'realsense2_camera_msgs' build argument 'ament_cmake_args' from command line to 'None'
[0.317s] Level 5:colcon.colcon_core.verb:set package 'realsense2_camera_msgs' build argument 'catkin_cmake_args' from command line to 'None'
[0.317s] Level 5:colcon.colcon_core.verb:set package 'realsense2_camera_msgs' build argument 'catkin_skip_building_tests' from command line to 'False'
[0.317s] DEBUG:colcon.colcon_core.verb:Building package 'realsense2_camera_msgs' with the following arguments: {'ament_cmake_args': None, 'build_base': '/home/kadowaki/realsense_ws/build/realsense2_camera_msgs', 'catkin_cmake_args': None, 'catkin_skip_building_tests': False, 'cmake_args': None, 'cmake_clean_cache': False, 'cmake_clean_first': False, 'cmake_force_configure': False, 'cmake_target': None, 'cmake_target_skip_unavailable': False, 'install_base': '/home/kadowaki/realsense_ws/install/realsense2_camera_msgs', 'merge_install': False, 'path': '/home/kadowaki/realsense_ws/src/realsense-ros/realsense2_camera_msgs', 'symlink_install': False, 'test_result_base': None}
[0.317s] Level 5:colcon.colcon_core.verb:set package 'realsense2_camera' build argument 'cmake_args' from command line to 'None'
[0.317s] Level 5:colcon.colcon_core.verb:set package 'realsense2_camera' build argument 'cmake_target' from command line to 'None'
[0.317s] Level 5:colcon.colcon_core.verb:set package 'realsense2_camera' build argument 'cmake_target_skip_unavailable' from command line to 'False'
[0.317s] Level 5:colcon.colcon_core.verb:set package 'realsense2_camera' build argument 'cmake_clean_cache' from command line to 'False'
[0.317s] Level 5:colcon.colcon_core.verb:set package 'realsense2_camera' build argument 'cmake_clean_first' from command line to 'False'
[0.317s] Level 5:colcon.colcon_core.verb:set package 'realsense2_camera' build argument 'cmake_force_configure' from command line to 'False'
[0.317s] Level 5:colcon.colcon_core.verb:set package 'realsense2_camera' build argument 'ament_cmake_args' from command line to 'None'
[0.317s] Level 5:colcon.colcon_core.verb:set package 'realsense2_camera' build argument 'catkin_cmake_args' from command line to 'None'
[0.317s] Level 5:colcon.colcon_core.verb:set package 'realsense2_camera' build argument 'catkin_skip_building_tests' from command line to 'False'
[0.317s] DEBUG:colcon.colcon_core.verb:Building package 'realsense2_camera' with the following arguments: {'ament_cmake_args': None, 'build_base': '/home/kadowaki/realsense_ws/build/realsense2_camera', 'catkin_cmake_args': None, 'catkin_skip_building_tests': False, 'cmake_args': None, 'cmake_clean_cache': False, 'cmake_clean_first': False, 'cmake_force_configure': False, 'cmake_target': None, 'cmake_target_skip_unavailable': False, 'install_base': '/home/kadowaki/realsense_ws/install/realsense2_camera', 'merge_install': False, 'path': '/home/kadowaki/realsense_ws/src/realsense-ros/realsense2_camera', 'symlink_install': False, 'test_result_base': None}
[0.317s] Level 5:colcon.colcon_core.verb:set package 'realsense2_description' build argument 'cmake_args' from command line to 'None'
[0.317s] Level 5:colcon.colcon_core.verb:set package 'realsense2_description' build argument 'cmake_target' from command line to 'None'
[0.317s] Level 5:colcon.colcon_core.verb:set package 'realsense2_description' build argument 'cmake_target_skip_unavailable' from command line to 'False'
[0.317s] Level 5:colcon.colcon_core.verb:set package 'realsense2_description' build argument 'cmake_clean_cache' from command line to 'False'
[0.317s] Level 5:colcon.colcon_core.verb:set package 'realsense2_description' build argument 'cmake_clean_first' from command line to 'False'
[0.317s] Level 5:colcon.colcon_core.verb:set package 'realsense2_description' build argument 'cmake_force_configure' from command line to 'False'
[0.317s] Level 5:colcon.colcon_core.verb:set package 'realsense2_description' build argument 'ament_cmake_args' from command line to 'None'
[0.317s] Level 5:colcon.colcon_core.verb:set package 'realsense2_description' build argument 'catkin_cmake_args' from command line to 'None'
[0.317s] Level 5:colcon.colcon_core.verb:set package 'realsense2_description' build argument 'catkin_skip_building_tests' from command line to 'False'
[0.317s] DEBUG:colcon.colcon_core.verb:Building package 'realsense2_description' with the following arguments: {'ament_cmake_args': None, 'build_base': '/home/kadowaki/realsense_ws/build/realsense2_description', 'catkin_cmake_args': None, 'catkin_skip_building_tests': False, 'cmake_args': None, 'cmake_clean_cache': False, 'cmake_clean_first': False, 'cmake_force_configure': False, 'cmake_target': None, 'cmake_target_skip_unavailable': False, 'install_base': '/home/kadowaki/realsense_ws/install/realsense2_description', 'merge_install': False, 'path': '/home/kadowaki/realsense_ws/src/realsense-ros/realsense2_description', 'symlink_install': False, 'test_result_base': None}
[0.317s] INFO:colcon.colcon_core.executor:Executing jobs using 'parallel' executor
[0.318s] DEBUG:colcon.colcon_parallel_executor.executor.parallel:run_until_complete
[0.318s] INFO:colcon.colcon_ros.task.ament_cmake.build:Building ROS package in '/home/kadowaki/realsense_ws/src/realsense-ros/realsense2_camera_msgs' with build type 'ament_cmake'
[0.318s] INFO:colcon.colcon_cmake.task.cmake.build:Building CMake package in '/home/kadowaki/realsense_ws/src/realsense-ros/realsense2_camera_msgs'
[0.320s] INFO:colcon.colcon_core.plugin_system:Skipping extension 'colcon_core.shell.bat': Not used on non-Windows systems
[0.320s] INFO:colcon.colcon_core.shell:Skip shell extension 'powershell' for command environment: Not usable outside of PowerShell
[0.320s] DEBUG:colcon.colcon_core.shell:Skip shell extension 'dsv' for command environment
[0.322s] INFO:colcon.colcon_ros.task.ament_python.build:Building ROS package in '/home/kadowaki/realsense_ws/src/obstacle_stop' with build type 'ament_python'
[0.323s] Level 1:colcon.colcon_core.shell:create_environment_hook('obstacle_stop', 'ament_prefix_path')
[0.323s] INFO:colcon.colcon_core.shell:Creating environment hook '/home/kadowaki/realsense_ws/install/obstacle_stop/share/obstacle_stop/hook/ament_prefix_path.ps1'
[0.323s] INFO:colcon.colcon_core.shell:Creating environment descriptor '/home/kadowaki/realsense_ws/install/obstacle_stop/share/obstacle_stop/hook/ament_prefix_path.dsv'
[0.323s] INFO:colcon.colcon_core.shell:Creating environment hook '/home/kadowaki/realsense_ws/install/obstacle_stop/share/obstacle_stop/hook/ament_prefix_path.sh'
[0.324s] INFO:colcon.colcon_core.shell:Skip shell extension 'powershell' for command environment: Not usable outside of PowerShell
[0.324s] DEBUG:colcon.colcon_core.shell:Skip shell extension 'dsv' for command environment
[0.325s] INFO:colcon.colcon_ros.task.ament_python.build:Building ROS package in '/home/kadowaki/realsense_ws/src/pointcloud_tools' with build type 'ament_python'
[0.326s] Level 1:colcon.colcon_core.shell:create_environment_hook('pointcloud_tools', 'ament_prefix_path')
[0.326s] INFO:colcon.colcon_core.shell:Creating environment hook '/home/kadowaki/realsense_ws/install/pointcloud_tools/share/pointcloud_tools/hook/ament_prefix_path.ps1'
[0.326s] INFO:colcon.colcon_core.shell:Creating environment descriptor '/home/kadowaki/realsense_ws/install/pointcloud_tools/share/pointcloud_tools/hook/ament_prefix_path.dsv'
[0.326s] INFO:colcon.colcon_core.shell:Creating environment hook '/home/kadowaki/realsense_ws/install/pointcloud_tools/share/pointcloud_tools/hook/ament_prefix_path.sh'
[0.326s] INFO:colcon.colcon_core.shell:Skip shell extension 'powershell' for command environment: Not usable outside of PowerShell
[0.326s] DEBUG:colcon.colcon_core.shell:Skip shell extension 'dsv' for command environment
[0.330s] DEBUG:colcon.colcon_core.event_handler.log_command:Invoking command in '/home/kadowaki/realsense_ws/build/realsense2_camera_msgs': CMAKE_PREFIX_PATH=${CMAKE_PREFIX_PATH}:/home/kadowaki/realsense_ws/install/pointcloud_tools:/home/kadowaki/realsense_ws/install/obstacle_stop:/home/kadowaki/realsense_ws/src/pointcloud_tools/install/pointcloud_tools:/home/kadowaki/install/obstacle_stop:/opt/ros/humble /usr/bin/cmake --build /home/kadowaki/realsense_ws/build/realsense2_camera_msgs -- -j24 -l24
[0.462s] INFO:colcon.colcon_core.task.python.build:Building Python package in '/home/kadowaki/realsense_ws/src/obstacle_stop'
[0.463s] INFO:colcon.colcon_core.shell:Skip shell extension 'powershell' for command environment: Not usable outside of PowerShell
[0.463s] DEBUG:colcon.colcon_core.shell:Skip shell extension 'dsv' for command environment
[0.589s] INFO:colcon.colcon_core.task.python.build:Building Python package in '/home/kadowaki/realsense_ws/src/pointcloud_tools'
[0.589s] INFO:colcon.colcon_core.shell:Skip shell extension 'powershell' for command environment: Not usable outside of PowerShell
[0.589s] DEBUG:colcon.colcon_core.shell:Skip shell extension 'dsv' for command environment
[0.593s] DEBUG:colcon.colcon_core.event_handler.log_command:Invoked command in '/home/kadowaki/realsense_ws/build/realsense2_camera_msgs' returned '0': CMAKE_PREFIX_PATH=${CMAKE_PREFIX_PATH}:/home/kadowaki/realsense_ws/install/pointcloud_tools:/home/kadowaki/realsense_ws/install/obstacle_stop:/home/kadowaki/realsense_ws/src/pointcloud_tools/install/pointcloud_tools:/home/kadowaki/install/obstacle_stop:/opt/ros/humble /usr/bin/cmake --build /home/kadowaki/realsense_ws/build/realsense2_camera_msgs -- -j24 -l24
[0.599s] DEBUG:colcon.colcon_core.event_handler.log_command:Invoking command in '/home/kadowaki/realsense_ws/build/realsense2_camera_msgs': CMAKE_PREFIX_PATH=${CMAKE_PREFIX_PATH}:/home/kadowaki/realsense_ws/install/pointcloud_tools:/home/kadowaki/realsense_ws/install/obstacle_stop:/home/kadowaki/realsense_ws/src/pointcloud_tools/install/pointcloud_tools:/home/kadowaki/install/obstacle_stop:/opt/ros/humble /usr/bin/cmake --install /home/kadowaki/realsense_ws/build/realsense2_camera_msgs
[0.656s] Level 1:colcon.colcon_core.environment:create_environment_scripts_only(realsense2_camera_msgs)
[0.657s] DEBUG:colcon.colcon_core.event_handler.log_command:Invoked command in '/home/kadowaki/realsense_ws/build/realsense2_camera_msgs' returned '0': CMAKE_PREFIX_PATH=${CMAKE_PREFIX_PATH}:/home/kadowaki/realsense_ws/install/pointcloud_tools:/home/kadowaki/realsense_ws/install/obstacle_stop:/home/kadowaki/realsense_ws/src/pointcloud_tools/install/pointcloud_tools:/home/kadowaki/install/obstacle_stop:/opt/ros/humble /usr/bin/cmake --install /home/kadowaki/realsense_ws/build/realsense2_camera_msgs
[0.659s] Level 1:colcon.colcon_core.environment:checking '/home/kadowaki/realsense_ws/install/realsense2_camera_msgs' for CMake module files
[0.660s] Level 1:colcon.colcon_core.environment:checking '/home/kadowaki/realsense_ws/install/realsense2_camera_msgs' for CMake config files
[0.660s] Level 1:colcon.colcon_core.shell:create_environment_hook('realsense2_camera_msgs', 'cmake_prefix_path')
[0.660s] INFO:colcon.colcon_core.shell:Creating environment hook '/home/kadowaki/realsense_ws/install/realsense2_camera_msgs/share/realsense2_camera_msgs/hook/cmake_prefix_path.ps1'
[0.660s] INFO:colcon.colcon_core.shell:Creating environment descriptor '/home/kadowaki/realsense_ws/install/realsense2_camera_msgs/share/realsense2_camera_msgs/hook/cmake_prefix_path.dsv'
[0.660s] INFO:colcon.colcon_core.shell:Creating environment hook '/home/kadowaki/realsense_ws/install/realsense2_camera_msgs/share/realsense2_camera_msgs/hook/cmake_prefix_path.sh'
[0.661s] Level 1:colcon.colcon_core.environment:checking '/home/kadowaki/realsense_ws/install/realsense2_camera_msgs/lib'
[0.661s] Level 1:colcon.colcon_core.shell:create_environment_hook('realsense2_camera_msgs', 'ld_library_path_lib')
[0.661s] INFO:colcon.colcon_core.shell:Creating environment hook '/home/kadowaki/realsense_ws/install/realsense2_camera_msgs/share/realsense2_camera_msgs/hook/ld_library_path_lib.ps1'
[0.661s] INFO:colcon.colcon_core.shell:Creating environment descriptor '/home/kadowaki/realsense_ws/install/realsense2_camera_msgs/share/realsense2_camera_msgs/hook/ld_library_path_lib.dsv'
[0.661s] INFO:colcon.colcon_core.shell:Creating environment hook '/home/kadowaki/realsense_ws/install/realsense2_camera_msgs/share/realsense2_camera_msgs/hook/ld_library_path_lib.sh'
[0.661s] Level 1:colcon.colcon_core.environment:checking '/home/kadowaki/realsense_ws/install/realsense2_camera_msgs/bin'
[0.661s] Level 1:colcon.colcon_core.environment:checking '/home/kadowaki/realsense_ws/install/realsense2_camera_msgs/lib/pkgconfig/realsense2_camera_msgs.pc'
[0.661s] Level 1:colcon.colcon_core.environment:checking '/home/kadowaki/realsense_ws/install/realsense2_camera_msgs/lib/python3.10/site-packages'
[0.662s] Level 1:colcon.colcon_core.environment:checking '/home/kadowaki/realsense_ws/install/realsense2_camera_msgs/bin'
[0.662s] INFO:colcon.colcon_core.shell:Creating package script '/home/kadowaki/realsense_ws/install/realsense2_camera_msgs/share/realsense2_camera_msgs/package.ps1'
[0.662s] INFO:colcon.colcon_core.shell:Creating package descriptor '/home/kadowaki/realsense_ws/install/realsense2_camera_msgs/share/realsense2_camera_msgs/package.dsv'
[0.663s] INFO:colcon.colcon_core.shell:Creating package script '/home/kadowaki/realsense_ws/install/realsense2_camera_msgs/share/realsense2_camera_msgs/package.sh'
[0.663s] INFO:colcon.colcon_core.shell:Creating package script '/home/kadowaki/realsense_ws/install/realsense2_camera_msgs/share/realsense2_camera_msgs/package.bash'
[0.664s] INFO:colcon.colcon_core.shell:Creating package script '/home/kadowaki/realsense_ws/install/realsense2_camera_msgs/share/realsense2_camera_msgs/package.zsh'
[0.664s] Level 1:colcon.colcon_core.environment:create_file_with_runtime_dependencies(/home/kadowaki/realsense_ws/install/realsense2_camera_msgs/share/colcon-core/packages/realsense2_camera_msgs)
[0.665s] Level 1:colcon.colcon_core.environment:create_environment_scripts_only(realsense2_camera_msgs)
[0.665s] Level 1:colcon.colcon_core.environment:checking '/home/kadowaki/realsense_ws/install/realsense2_camera_msgs' for CMake module files
[0.665s] Level 1:colcon.colcon_core.environment:checking '/home/kadowaki/realsense_ws/install/realsense2_camera_msgs' for CMake config files
[0.665s] Level 1:colcon.colcon_core.shell:create_environment_hook('realsense2_camera_msgs', 'cmake_prefix_path')
[0.665s] INFO:colcon.colcon_core.shell:Creating environment hook '/home/kadowaki/realsense_ws/install/realsense2_camera_msgs/share/realsense2_camera_msgs/hook/cmake_prefix_path.ps1'
[0.665s] INFO:colcon.colcon_core.shell:Creating environment descriptor '/home/kadowaki/realsense_ws/install/realsense2_camera_msgs/share/realsense2_camera_msgs/hook/cmake_prefix_path.dsv'
[0.665s] INFO:colcon.colcon_core.shell:Creating environment hook '/home/kadowaki/realsense_ws/install/realsense2_camera_msgs/share/realsense2_camera_msgs/hook/cmake_prefix_path.sh'
[0.666s] Level 1:colcon.colcon_core.environment:checking '/home/kadowaki/realsense_ws/install/realsense2_camera_msgs/lib'
[0.666s] Level 1:colcon.colcon_core.shell:create_environment_hook('realsense2_camera_msgs', 'ld_library_path_lib')
[0.666s] INFO:colcon.colcon_core.shell:Creating environment hook '/home/kadowaki/realsense_ws/install/realsense2_camera_msgs/share/realsense2_camera_msgs/hook/ld_library_path_lib.ps1'
[0.666s] INFO:colcon.colcon_core.shell:Creating environment descriptor '/home/kadowaki/realsense_ws/install/realsense2_camera_msgs/share/realsense2_camera_msgs/hook/ld_library_path_lib.dsv'
[0.666s] INFO:colcon.colcon_core.shell:Creating environment hook '/home/kadowaki/realsense_ws/install/realsense2_camera_msgs/share/realsense2_camera_msgs/hook/ld_library_path_lib.sh'
[0.666s] Level 1:colcon.colcon_core.environment:checking '/home/kadowaki/realsense_ws/install/realsense2_camera_msgs/bin'
[0.666s] Level 1:colcon.colcon_core.environment:checking '/home/kadowaki/realsense_ws/install/realsense2_camera_msgs/lib/pkgconfig/realsense2_camera_msgs.pc'
[0.667s] Level 1:colcon.colcon_core.environment:checking '/home/kadowaki/realsense_ws/install/realsense2_camera_msgs/lib/python3.10/site-packages'
[0.667s] Level 1:colcon.colcon_core.environment:checking '/home/kadowaki/realsense_ws/install/realsense2_camera_msgs/bin'
[0.667s] INFO:colcon.colcon_core.shell:Creating package script '/home/kadowaki/realsense_ws/install/realsense2_camera_msgs/share/realsense2_camera_msgs/package.ps1'
[0.667s] INFO:colcon.colcon_core.shell:Creating package descriptor '/home/kadowaki/realsense_ws/install/realsense2_camera_msgs/share/realsense2_camera_msgs/package.dsv'
[0.667s] INFO:colcon.colcon_core.shell:Creating package script '/home/kadowaki/realsense_ws/install/realsense2_camera_msgs/share/realsense2_camera_msgs/package.sh'
[0.667s] INFO:colcon.colcon_core.shell:Creating package script '/home/kadowaki/realsense_ws/install/realsense2_camera_msgs/share/realsense2_camera_msgs/package.bash'
[0.668s] INFO:colcon.colcon_core.shell:Creating package script '/home/kadowaki/realsense_ws/install/realsense2_camera_msgs/share/realsense2_camera_msgs/package.zsh'
[0.668s] Level 1:colcon.colcon_core.environment:create_file_with_runtime_dependencies(/home/kadowaki/realsense_ws/install/realsense2_camera_msgs/share/colcon-core/packages/realsense2_camera_msgs)
[0.668s] INFO:colcon.colcon_ros.task.ament_cmake.build:Building ROS package in '/home/kadowaki/realsense_ws/src/realsense-ros/realsense2_camera' with build type 'ament_cmake'
[0.668s] INFO:colcon.colcon_cmake.task.cmake.build:Building CMake package in '/home/kadowaki/realsense_ws/src/realsense-ros/realsense2_camera'
[0.668s] INFO:colcon.colcon_core.shell:Skip shell extension 'powershell' for command environment: Not usable outside of PowerShell
[0.668s] DEBUG:colcon.colcon_core.shell:Skip shell extension 'dsv' for command environment
[0.670s] INFO:colcon.colcon_ros.task.ament_cmake.build:Building ROS package in '/home/kadowaki/realsense_ws/src/realsense-ros/realsense2_description' with build type 'ament_cmake'
[0.670s] INFO:colcon.colcon_cmake.task.cmake.build:Building CMake package in '/home/kadowaki/realsense_ws/src/realsense-ros/realsense2_description'
[0.671s] INFO:colcon.colcon_core.shell:Skip shell extension 'powershell' for command environment: Not usable outside of PowerShell
[0.671s] DEBUG:colcon.colcon_core.shell:Skip shell extension 'dsv' for command environment
[0.677s] DEBUG:colcon.colcon_core.event_handler.log_command:Invoking command in '/home/kadowaki/realsense_ws/build/realsense2_camera': CMAKE_PREFIX_PATH=/home/kadowaki/realsense_ws/install/realsense2_camera_msgs:/home/kadowaki/realsense_ws/install/realsense2_description:/home/kadowaki/realsense_ws/install/realsense2_camera:/home/kadowaki/install/realsense2_description:/home/kadowaki/install/realsense2_camera:/home/kadowaki/install/realsense2_camera_msgs:/home/kadowaki/realsense_ws/install/pointcloud_tools:/home/kadowaki/realsense_ws/install/obstacle_stop:/home/kadowaki/realsense_ws/src/pointcloud_tools/install/pointcloud_tools:/home/kadowaki/install/obstacle_stop:/opt/ros/humble LD_LIBRARY_PATH=/home/kadowaki/realsense_ws/install/realsense2_camera_msgs/lib:/home/kadowaki/realsense_ws/install/realsense2_camera/lib:/home/kadowaki/install/realsense2_camera/lib:/home/kadowaki/install/realsense2_camera_msgs/lib:/usr/lib/x86_64-linux-gnu/gazebo-11/plugins:/opt/ros/humble/opt/rviz_ogre_vendor/lib:/opt/ros/humble/lib/x86_64-linux-gnu:/opt/ros/humble/lib /usr/bin/cmake --build /home/kadowaki/realsense_ws/build/realsense2_camera -- -j24 -l24
[0.679s] DEBUG:colcon.colcon_core.event_handler.log_command:Invoking command in '/home/kadowaki/realsense_ws/build/realsense2_description': CMAKE_PREFIX_PATH=/home/kadowaki/realsense_ws/install/realsense2_camera_msgs:/home/kadowaki/realsense_ws/install/realsense2_description:/home/kadowaki/realsense_ws/install/realsense2_camera:/home/kadowaki/install/realsense2_description:/home/kadowaki/install/realsense2_camera:/home/kadowaki/install/realsense2_camera_msgs:/home/kadowaki/realsense_ws/install/pointcloud_tools:/home/kadowaki/realsense_ws/install/obstacle_stop:/home/kadowaki/realsense_ws/src/pointcloud_tools/install/pointcloud_tools:/home/kadowaki/install/obstacle_stop:/opt/ros/humble LD_LIBRARY_PATH=/home/kadowaki/realsense_ws/install/realsense2_camera_msgs/lib:/home/kadowaki/realsense_ws/install/realsense2_camera/lib:/home/kadowaki/install/realsense2_camera/lib:/home/kadowaki/install/realsense2_camera_msgs/lib:/usr/lib/x86_64-linux-gnu/gazebo-11/plugins:/opt/ros/humble/opt/rviz_ogre_vendor/lib:/opt/ros/humble/lib/x86_64-linux-gnu:/opt/ros/humble/lib /usr/bin/cmake --build /home/kadowaki/realsense_ws/build/realsense2_description -- -j24 -l24
[0.701s] DEBUG:colcon.colcon_core.event_handler.log_command:Invoked command in '/home/kadowaki/realsense_ws/build/realsense2_description' returned '0': CMAKE_PREFIX_PATH=/home/kadowaki/realsense_ws/install/realsense2_camera_msgs:/home/kadowaki/realsense_ws/install/realsense2_description:/home/kadowaki/realsense_ws/install/realsense2_camera:/home/kadowaki/install/realsense2_description:/home/kadowaki/install/realsense2_camera:/home/kadowaki/install/realsense2_camera_msgs:/home/kadowaki/realsense_ws/install/pointcloud_tools:/home/kadowaki/realsense_ws/install/obstacle_stop:/home/kadowaki/realsense_ws/src/pointcloud_tools/install/pointcloud_tools:/home/kadowaki/install/obstacle_stop:/opt/ros/humble LD_LIBRARY_PATH=/home/kadowaki/realsense_ws/install/realsense2_camera_msgs/lib:/home/kadowaki/realsense_ws/install/realsense2_camera/lib:/home/kadowaki/install/realsense2_camera/lib:/home/kadowaki/install/realsense2_camera_msgs/lib:/usr/lib/x86_64-linux-gnu/gazebo-11/plugins:/opt/ros/humble/opt/rviz_ogre_vendor/lib:/opt/ros/humble/lib/x86_64-linux-gnu:/opt/ros/humble/lib /usr/bin/cmake --build /home/kadowaki/realsense_ws/build/realsense2_description -- -j24 -l24
[0.702s] DEBUG:colcon.colcon_core.event_handler.log_command:Invoking command in '/home/kadowaki/realsense_ws/build/realsense2_description': CMAKE_PREFIX_PATH=/home/kadowaki/realsense_ws/install/realsense2_camera_msgs:/home/kadowaki/realsense_ws/install/realsense2_description:/home/kadowaki/realsense_ws/install/realsense2_camera:/home/kadowaki/install/realsense2_description:/home/kadowaki/install/realsense2_camera:/home/kadowaki/install/realsense2_camera_msgs:/home/kadowaki/realsense_ws/install/pointcloud_tools:/home/kadowaki/realsense_ws/install/obstacle_stop:/home/kadowaki/realsense_ws/src/pointcloud_tools/install/pointcloud_tools:/home/kadowaki/install/obstacle_stop:/opt/ros/humble LD_LIBRARY_PATH=/home/kadowaki/realsense_ws/install/realsense2_camera_msgs/lib:/home/kadowaki/realsense_ws/install/realsense2_camera/lib:/home/kadowaki/install/realsense2_camera/lib:/home/kadowaki/install/realsense2_camera_msgs/lib:/usr/lib/x86_64-linux-gnu/gazebo-11/plugins:/opt/ros/humble/opt/rviz_ogre_vendor/lib:/opt/ros/humble/lib/x86_64-linux-gnu:/opt/ros/humble/lib /usr/bin/cmake --install /home/kadowaki/realsense_ws/build/realsense2_description
[0.722s] Level 1:colcon.colcon_core.environment:create_environment_scripts_only(realsense2_description)
[0.723s] Level 1:colcon.colcon_core.environment:checking '/home/kadowaki/realsense_ws/install/realsense2_description' for CMake module files
[0.723s] DEBUG:colcon.colcon_core.event_handler.log_command:Invoked command in '/home/kadowaki/realsense_ws/build/realsense2_description' returned '0': CMAKE_PREFIX_PATH=/home/kadowaki/realsense_ws/install/realsense2_camera_msgs:/home/kadowaki/realsense_ws/install/realsense2_description:/home/kadowaki/realsense_ws/install/realsense2_camera:/home/kadowaki/install/realsense2_description:/home/kadowaki/install/realsense2_camera:/home/kadowaki/install/realsense2_camera_msgs:/home/kadowaki/realsense_ws/install/pointcloud_tools:/home/kadowaki/realsense_ws/install/obstacle_stop:/home/kadowaki/realsense_ws/src/pointcloud_tools/install/pointcloud_tools:/home/kadowaki/install/obstacle_stop:/opt/ros/humble LD_LIBRARY_PATH=/home/kadowaki/realsense_ws/install/realsense2_camera_msgs/lib:/home/kadowaki/realsense_ws/install/realsense2_camera/lib:/home/kadowaki/install/realsense2_camera/lib:/home/kadowaki/install/realsense2_camera_msgs/lib:/usr/lib/x86_64-linux-gnu/gazebo-11/plugins:/opt/ros/humble/opt/rviz_ogre_vendor/lib:/opt/ros/humble/lib/x86_64-linux-gnu:/opt/ros/humble/lib /usr/bin/cmake --install /home/kadowaki/realsense_ws/build/realsense2_description
[0.724s] Level 1:colcon.colcon_core.environment:checking '/home/kadowaki/realsense_ws/install/realsense2_description' for CMake config files
[0.724s] Level 1:colcon.colcon_core.shell:create_environment_hook('realsense2_description', 'cmake_prefix_path')
[0.724s] INFO:colcon.colcon_core.shell:Creating environment hook '/home/kadowaki/realsense_ws/install/realsense2_description/share/realsense2_description/hook/cmake_prefix_path.ps1'
[0.725s] INFO:colcon.colcon_core.shell:Creating environment descriptor '/home/kadowaki/realsense_ws/install/realsense2_description/share/realsense2_description/hook/cmake_prefix_path.dsv'
[0.725s] INFO:colcon.colcon_core.shell:Creating environment hook '/home/kadowaki/realsense_ws/install/realsense2_description/share/realsense2_description/hook/cmake_prefix_path.sh'
[0.726s] Level 1:colcon.colcon_core.environment:checking '/home/kadowaki/realsense_ws/install/realsense2_description/bin'
[0.726s] Level 1:colcon.colcon_core.environment:checking '/home/kadowaki/realsense_ws/install/realsense2_description/lib/pkgconfig/realsense2_description.pc'
[0.726s] Level 1:colcon.colcon_core.environment:checking '/home/kadowaki/realsense_ws/install/realsense2_description/lib/python3.10/site-packages'
[0.726s] Level 1:colcon.colcon_core.environment:checking '/home/kadowaki/realsense_ws/install/realsense2_description/bin'
[0.726s] INFO:colcon.colcon_core.shell:Creating package script '/home/kadowaki/realsense_ws/install/realsense2_description/share/realsense2_description/package.ps1'
[0.727s] INFO:colcon.colcon_core.shell:Creating package descriptor '/home/kadowaki/realsense_ws/install/realsense2_description/share/realsense2_description/package.dsv'
[0.727s] INFO:colcon.colcon_core.shell:Creating package script '/home/kadowaki/realsense_ws/install/realsense2_description/share/realsense2_description/package.sh'
[0.728s] INFO:colcon.colcon_core.shell:Creating package script '/home/kadowaki/realsense_ws/install/realsense2_description/share/realsense2_description/package.bash'
[0.728s] INFO:colcon.colcon_core.shell:Creating package script '/home/kadowaki/realsense_ws/install/realsense2_description/share/realsense2_description/package.zsh'
[0.728s] Level 1:colcon.colcon_core.environment:create_file_with_runtime_dependencies(/home/kadowaki/realsense_ws/install/realsense2_description/share/colcon-core/packages/realsense2_description)
[0.729s] Level 1:colcon.colcon_core.environment:create_environment_scripts_only(realsense2_description)
[0.729s] Level 1:colcon.colcon_core.environment:checking '/home/kadowaki/realsense_ws/install/realsense2_description' for CMake module files
[0.730s] Level 1:colcon.colcon_core.environment:checking '/home/kadowaki/realsense_ws/install/realsense2_description' for CMake config files
[0.730s] Level 1:colcon.colcon_core.shell:create_environment_hook('realsense2_description', 'cmake_prefix_path')
[0.730s] INFO:colcon.colcon_core.shell:Creating environment hook '/home/kadowaki/realsense_ws/install/realsense2_description/share/realsense2_description/hook/cmake_prefix_path.ps1'
[0.730s] INFO:colcon.colcon_core.shell:Creating environment descriptor '/home/kadowaki/realsense_ws/install/realsense2_description/share/realsense2_description/hook/cmake_prefix_path.dsv'
[0.730s] INFO:colcon.colcon_core.shell:Creating environment hook '/home/kadowaki/realsense_ws/install/realsense2_description/share/realsense2_description/hook/cmake_prefix_path.sh'
[0.731s] Level 1:colcon.colcon_core.environment:checking '/home/kadowaki/realsense_ws/install/realsense2_description/bin'
[0.731s] Level 1:colcon.colcon_core.environment:checking '/home/kadowaki/realsense_ws/install/realsense2_description/lib/pkgconfig/realsense2_description.pc'
[0.731s] Level 1:colcon.colcon_core.environment:checking '/home/kadowaki/realsense_ws/install/realsense2_description/lib/python3.10/site-packages'
[0.731s] Level 1:colcon.colcon_core.environment:checking '/home/kadowaki/realsense_ws/install/realsense2_description/bin'
[0.731s] INFO:colcon.colcon_core.shell:Creating package script '/home/kadowaki/realsense_ws/install/realsense2_description/share/realsense2_description/package.ps1'
[0.731s] INFO:colcon.colcon_core.shell:Creating package descriptor '/home/kadowaki/realsense_ws/install/realsense2_description/share/realsense2_description/package.dsv'
[0.731s] INFO:colcon.colcon_core.shell:Creating package script '/home/kadowaki/realsense_ws/install/realsense2_description/share/realsense2_description/package.sh'
[0.732s] INFO:colcon.colcon_core.shell:Creating package script '/home/kadowaki/realsense_ws/install/realsense2_description/share/realsense2_description/package.bash'
[0.732s] INFO:colcon.colcon_core.shell:Creating package script '/home/kadowaki/realsense_ws/install/realsense2_description/share/realsense2_description/package.zsh'
[0.732s] Level 1:colcon.colcon_core.environment:create_file_with_runtime_dependencies(/home/kadowaki/realsense_ws/install/realsense2_description/share/colcon-core/packages/realsense2_description)
[0.754s] DEBUG:colcon.colcon_core.event_handler.log_command:Invoked command in '/home/kadowaki/realsense_ws/build/realsense2_camera' returned '0': CMAKE_PREFIX_PATH=/home/kadowaki/realsense_ws/install/realsense2_camera_msgs:/home/kadowaki/realsense_ws/install/realsense2_description:/home/kadowaki/realsense_ws/install/realsense2_camera:/home/kadowaki/install/realsense2_description:/home/kadowaki/install/realsense2_camera:/home/kadowaki/install/realsense2_camera_msgs:/home/kadowaki/realsense_ws/install/pointcloud_tools:/home/kadowaki/realsense_ws/install/obstacle_stop:/home/kadowaki/realsense_ws/src/pointcloud_tools/install/pointcloud_tools:/home/kadowaki/install/obstacle_stop:/opt/ros/humble LD_LIBRARY_PATH=/home/kadowaki/realsense_ws/install/realsense2_camera_msgs/lib:/home/kadowaki/realsense_ws/install/realsense2_camera/lib:/home/kadowaki/install/realsense2_camera/lib:/home/kadowaki/install/realsense2_camera_msgs/lib:/usr/lib/x86_64-linux-gnu/gazebo-11/plugins:/opt/ros/humble/opt/rviz_ogre_vendor/lib:/opt/ros/humble/lib/x86_64-linux-gnu:/opt/ros/humble/lib /usr/bin/cmake --build /home/kadowaki/realsense_ws/build/realsense2_camera -- -j24 -l24
[0.755s] DEBUG:colcon.colcon_core.event_handler.log_command:Invoking command in '/home/kadowaki/realsense_ws/build/realsense2_camera': CMAKE_PREFIX_PATH=/home/kadowaki/realsense_ws/install/realsense2_camera_msgs:/home/kadowaki/realsense_ws/install/realsense2_description:/home/kadowaki/realsense_ws/install/realsense2_camera:/home/kadowaki/install/realsense2_description:/home/kadowaki/install/realsense2_camera:/home/kadowaki/install/realsense2_camera_msgs:/home/kadowaki/realsense_ws/install/pointcloud_tools:/home/kadowaki/realsense_ws/install/obstacle_stop:/home/kadowaki/realsense_ws/src/pointcloud_tools/install/pointcloud_tools:/home/kadowaki/install/obstacle_stop:/opt/ros/humble LD_LIBRARY_PATH=/home/kadowaki/realsense_ws/install/realsense2_camera_msgs/lib:/home/kadowaki/realsense_ws/install/realsense2_camera/lib:/home/kadowaki/install/realsense2_camera/lib:/home/kadowaki/install/realsense2_camera_msgs/lib:/usr/lib/x86_64-linux-gnu/gazebo-11/plugins:/opt/ros/humble/opt/rviz_ogre_vendor/lib:/opt/ros/humble/lib/x86_64-linux-gnu:/opt/ros/humble/lib /usr/bin/cmake --install /home/kadowaki/realsense_ws/build/realsense2_camera
[0.775s] DEBUG:colcon.colcon_core.event_handler.log_command:Invoking command in '/home/kadowaki/realsense_ws/src/obstacle_stop': PYTHONPATH=/home/kadowaki/realsense_ws/build/obstacle_stop/prefix_override:/home/kadowaki/.local/lib/python3.10/site-packages/colcon_core/task/python/colcon_distutils_commands:/home/kadowaki/realsense_ws/install/obstacle_stop/lib/python3.10/site-packages:${PYTHONPATH} /usr/bin/python3 -W ignore:setup.py install is deprecated -W ignore:easy_install command is deprecated setup.py egg_info --egg-base ../../build/obstacle_stop build --build-base /home/kadowaki/realsense_ws/build/obstacle_stop/build install --record /home/kadowaki/realsense_ws/build/obstacle_stop/install.log --single-version-externally-managed install_data
[0.776s] Level 1:colcon.colcon_core.environment:create_environment_scripts_only(realsense2_camera)
[0.776s] Level 1:colcon.colcon_core.environment:checking '/home/kadowaki/realsense_ws/install/realsense2_camera' for CMake module files
[0.776s] DEBUG:colcon.colcon_core.event_handler.log_command:Invoking command in '/home/kadowaki/realsense_ws/src/pointcloud_tools': PYTHONPATH=/home/kadowaki/realsense_ws/build/pointcloud_tools/prefix_override:/home/kadowaki/.local/lib/python3.10/site-packages/colcon_core/task/python/colcon_distutils_commands:/home/kadowaki/realsense_ws/install/pointcloud_tools/lib/python3.10/site-packages:${PYTHONPATH} /usr/bin/python3 -W ignore:setup.py install is deprecated -W ignore:easy_install command is deprecated setup.py egg_info --egg-base ../../build/pointcloud_tools build --build-base /home/kadowaki/realsense_ws/build/pointcloud_tools/build install --record /home/kadowaki/realsense_ws/build/pointcloud_tools/install.log --single-version-externally-managed install_data
[0.776s] DEBUG:colcon.colcon_core.event_handler.log_command:Invoked command in '/home/kadowaki/realsense_ws/build/realsense2_camera' returned '0': CMAKE_PREFIX_PATH=/home/kadowaki/realsense_ws/install/realsense2_camera_msgs:/home/kadowaki/realsense_ws/install/realsense2_description:/home/kadowaki/realsense_ws/install/realsense2_camera:/home/kadowaki/install/realsense2_description:/home/kadowaki/install/realsense2_camera:/home/kadowaki/install/realsense2_camera_msgs:/home/kadowaki/realsense_ws/install/pointcloud_tools:/home/kadowaki/realsense_ws/install/obstacle_stop:/home/kadowaki/realsense_ws/src/pointcloud_tools/install/pointcloud_tools:/home/kadowaki/install/obstacle_stop:/opt/ros/humble LD_LIBRARY_PATH=/home/kadowaki/realsense_ws/install/realsense2_camera_msgs/lib:/home/kadowaki/realsense_ws/install/realsense2_camera/lib:/home/kadowaki/install/realsense2_camera/lib:/home/kadowaki/install/realsense2_camera_msgs/lib:/usr/lib/x86_64-linux-gnu/gazebo-11/plugins:/opt/ros/humble/opt/rviz_ogre_vendor/lib:/opt/ros/humble/lib/x86_64-linux-gnu:/opt/ros/humble/lib /usr/bin/cmake --install /home/kadowaki/realsense_ws/build/realsense2_camera
[0.777s] Level 1:colcon.colcon_core.environment:checking '/home/kadowaki/realsense_ws/install/realsense2_camera' for CMake config files
[0.777s] Level 1:colcon.colcon_core.shell:create_environment_hook('realsense2_camera', 'cmake_prefix_path')
[0.777s] INFO:colcon.colcon_core.shell:Creating environment hook '/home/kadowaki/realsense_ws/install/realsense2_camera/share/realsense2_camera/hook/cmake_prefix_path.ps1'
[0.777s] INFO:colcon.colcon_core.shell:Creating environment descriptor '/home/kadowaki/realsense_ws/install/realsense2_camera/share/realsense2_camera/hook/cmake_prefix_path.dsv'
[0.777s] INFO:colcon.colcon_core.shell:Creating environment hook '/home/kadowaki/realsense_ws/install/realsense2_camera/share/realsense2_camera/hook/cmake_prefix_path.sh'
[0.777s] Level 1:colcon.colcon_core.environment:checking '/home/kadowaki/realsense_ws/install/realsense2_camera/lib'
[0.778s] Level 1:colcon.colcon_core.shell:create_environment_hook('realsense2_camera', 'ld_library_path_lib')
[0.778s] INFO:colcon.colcon_core.shell:Creating environment hook '/home/kadowaki/realsense_ws/install/realsense2_camera/share/realsense2_camera/hook/ld_library_path_lib.ps1'
[0.778s] INFO:colcon.colcon_core.shell:Creating environment descriptor '/home/kadowaki/realsense_ws/install/realsense2_camera/share/realsense2_camera/hook/ld_library_path_lib.dsv'
[0.778s] INFO:colcon.colcon_core.shell:Creating environment hook '/home/kadowaki/realsense_ws/install/realsense2_camera/share/realsense2_camera/hook/ld_library_path_lib.sh'
[0.778s] Level 1:colcon.colcon_core.environment:checking '/home/kadowaki/realsense_ws/install/realsense2_camera/bin'
[0.778s] Level 1:colcon.colcon_core.environment:checking '/home/kadowaki/realsense_ws/install/realsense2_camera/lib/pkgconfig/realsense2_camera.pc'
[0.778s] Level 1:colcon.colcon_core.environment:checking '/home/kadowaki/realsense_ws/install/realsense2_camera/lib/python3.10/site-packages'
[0.778s] Level 1:colcon.colcon_core.environment:checking '/home/kadowaki/realsense_ws/install/realsense2_camera/bin'
[0.779s] INFO:colcon.colcon_core.shell:Creating package script '/home/kadowaki/realsense_ws/install/realsense2_camera/share/realsense2_camera/package.ps1'
[0.779s] INFO:colcon.colcon_core.shell:Creating package descriptor '/home/kadowaki/realsense_ws/install/realsense2_camera/share/realsense2_camera/package.dsv'
[0.779s] INFO:colcon.colcon_core.shell:Creating package script '/home/kadowaki/realsense_ws/install/realsense2_camera/share/realsense2_camera/package.sh'
[0.779s] INFO:colcon.colcon_core.shell:Creating package script '/home/kadowaki/realsense_ws/install/realsense2_camera/share/realsense2_camera/package.bash'
[0.779s] INFO:colcon.colcon_core.shell:Creating package script '/home/kadowaki/realsense_ws/install/realsense2_camera/share/realsense2_camera/package.zsh'
[0.779s] Level 1:colcon.colcon_core.environment:create_file_with_runtime_dependencies(/home/kadowaki/realsense_ws/install/realsense2_camera/share/colcon-core/packages/realsense2_camera)
[0.780s] Level 1:colcon.colcon_core.environment:create_environment_scripts_only(realsense2_camera)
[0.780s] Level 1:colcon.colcon_core.environment:checking '/home/kadowaki/realsense_ws/install/realsense2_camera' for CMake module files
[0.780s] Level 1:colcon.colcon_core.environment:checking '/home/kadowaki/realsense_ws/install/realsense2_camera' for CMake config files
[0.780s] Level 1:colcon.colcon_core.shell:create_environment_hook('realsense2_camera', 'cmake_prefix_path')
[0.780s] INFO:colcon.colcon_core.shell:Creating environment hook '/home/kadowaki/realsense_ws/install/realsense2_camera/share/realsense2_camera/hook/cmake_prefix_path.ps1'
[0.780s] INFO:colcon.colcon_core.shell:Creating environment descriptor '/home/kadowaki/realsense_ws/install/realsense2_camera/share/realsense2_camera/hook/cmake_prefix_path.dsv'
[0.781s] INFO:colcon.colcon_core.shell:Creating environment hook '/home/kadowaki/realsense_ws/install/realsense2_camera/share/realsense2_camera/hook/cmake_prefix_path.sh'
[0.781s] Level 1:colcon.colcon_core.environment:checking '/home/kadowaki/realsense_ws/install/realsense2_camera/lib'
[0.781s] Level 1:colcon.colcon_core.shell:create_environment_hook('realsense2_camera', 'ld_library_path_lib')
[0.781s] INFO:colcon.colcon_core.shell:Creating environment hook '/home/kadowaki/realsense_ws/install/realsense2_camera/share/realsense2_camera/hook/ld_library_path_lib.ps1'
[0.781s] INFO:colcon.colcon_core.shell:Creating environment descriptor '/home/kadowaki/realsense_ws/install/realsense2_camera/share/realsense2_camera/hook/ld_library_path_lib.dsv'
[0.781s] INFO:colcon.colcon_core.shell:Creating environment hook '/home/kadowaki/realsense_ws/install/realsense2_camera/share/realsense2_camera/hook/ld_library_path_lib.sh'
[0.782s] Level 1:colcon.colcon_core.environment:checking '/home/kadowaki/realsense_ws/install/realsense2_camera/bin'
[0.782s] Level 1:colcon.colcon_core.environment:checking '/home/kadowaki/realsense_ws/install/realsense2_camera/lib/pkgconfig/realsense2_camera.pc'
[0.782s] Level 1:colcon.colcon_core.environment:checking '/home/kadowaki/realsense_ws/install/realsense2_camera/lib/python3.10/site-packages'
[0.782s] Level 1:colcon.colcon_core.environment:checking '/home/kadowaki/realsense_ws/install/realsense2_camera/bin'
[0.782s] INFO:colcon.colcon_core.shell:Creating package script '/home/kadowaki/realsense_ws/install/realsense2_camera/share/realsense2_camera/package.ps1'
[0.782s] INFO:colcon.colcon_core.shell:Creating package descriptor '/home/kadowaki/realsense_ws/install/realsense2_camera/share/realsense2_camera/package.dsv'
[0.782s] INFO:colcon.colcon_core.shell:Creating package script '/home/kadowaki/realsense_ws/install/realsense2_camera/share/realsense2_camera/package.sh'
[0.783s] INFO:colcon.colcon_core.shell:Creating package script '/home/kadowaki/realsense_ws/install/realsense2_camera/share/realsense2_camera/package.bash'
[0.783s] INFO:colcon.colcon_core.shell:Creating package script '/home/kadowaki/realsense_ws/install/realsense2_camera/share/realsense2_camera/package.zsh'
[0.783s] Level 1:colcon.colcon_core.environment:create_file_with_runtime_dependencies(/home/kadowaki/realsense_ws/install/realsense2_camera/share/colcon-core/packages/realsense2_camera)
[0.913s] Level 1:colcon.colcon_core.environment:checking '/home/kadowaki/realsense_ws/install/obstacle_stop' for CMake module files
[0.913s] DEBUG:colcon.colcon_core.event_handler.log_command:Invoked command in '/home/kadowaki/realsense_ws/src/obstacle_stop' returned '0': PYTHONPATH=/home/kadowaki/realsense_ws/build/obstacle_stop/prefix_override:/home/kadowaki/.local/lib/python3.10/site-packages/colcon_core/task/python/colcon_distutils_commands:/home/kadowaki/realsense_ws/install/obstacle_stop/lib/python3.10/site-packages:${PYTHONPATH} /usr/bin/python3 -W ignore:setup.py install is deprecated -W ignore:easy_install command is deprecated setup.py egg_info --egg-base ../../build/obstacle_stop build --build-base /home/kadowaki/realsense_ws/build/obstacle_stop/build install --record /home/kadowaki/realsense_ws/build/obstacle_stop/install.log --single-version-externally-managed install_data
[0.913s] Level 1:colcon.colcon_core.environment:checking '/home/kadowaki/realsense_ws/install/obstacle_stop' for CMake config files
[0.914s] Level 1:colcon.colcon_core.environment:checking '/home/kadowaki/realsense_ws/install/obstacle_stop/lib'
[0.914s] Level 1:colcon.colcon_core.environment:checking '/home/kadowaki/realsense_ws/install/obstacle_stop/bin'
[0.914s] Level 1:colcon.colcon_core.environment:checking '/home/kadowaki/realsense_ws/install/obstacle_stop/lib/pkgconfig/obstacle_stop.pc'
[0.914s] Level 1:colcon.colcon_core.environment:checking '/home/kadowaki/realsense_ws/install/obstacle_stop/lib/python3.10/site-packages'
[0.914s] Level 1:colcon.colcon_core.shell:create_environment_hook('obstacle_stop', 'pythonpath')
[0.914s] INFO:colcon.colcon_core.shell:Creating environment hook '/home/kadowaki/realsense_ws/install/obstacle_stop/share/obstacle_stop/hook/pythonpath.ps1'
[0.914s] INFO:colcon.colcon_core.shell:Creating environment descriptor '/home/kadowaki/realsense_ws/install/obstacle_stop/share/obstacle_stop/hook/pythonpath.dsv'
[0.914s] INFO:colcon.colcon_core.shell:Creating environment hook '/home/kadowaki/realsense_ws/install/obstacle_stop/share/obstacle_stop/hook/pythonpath.sh'
[0.915s] Level 1:colcon.colcon_core.environment:checking '/home/kadowaki/realsense_ws/install/obstacle_stop/bin'
[0.915s] Level 1:colcon.colcon_core.environment:create_environment_scripts_only(obstacle_stop)
[0.915s] INFO:colcon.colcon_core.shell:Creating package script '/home/kadowaki/realsense_ws/install/obstacle_stop/share/obstacle_stop/package.ps1'
[0.915s] INFO:colcon.colcon_core.shell:Creating package descriptor '/home/kadowaki/realsense_ws/install/obstacle_stop/share/obstacle_stop/package.dsv'
[0.915s] INFO:colcon.colcon_core.shell:Creating package script '/home/kadowaki/realsense_ws/install/obstacle_stop/share/obstacle_stop/package.sh'
[0.915s] INFO:colcon.colcon_core.shell:Creating package script '/home/kadowaki/realsense_ws/install/obstacle_stop/share/obstacle_stop/package.bash'
[0.916s] INFO:colcon.colcon_core.shell:Creating package script '/home/kadowaki/realsense_ws/install/obstacle_stop/share/obstacle_stop/package.zsh'
[0.916s] Level 1:colcon.colcon_core.environment:create_file_with_runtime_dependencies(/home/kadowaki/realsense_ws/install/obstacle_stop/share/colcon-core/packages/obstacle_stop)
[0.917s] Level 1:colcon.colcon_core.environment:checking '/home/kadowaki/realsense_ws/install/pointcloud_tools' for CMake module files
[0.918s] DEBUG:colcon.colcon_core.event_handler.log_command:Invoked command in '/home/kadowaki/realsense_ws/src/pointcloud_tools' returned '0': PYTHONPATH=/home/kadowaki/realsense_ws/build/pointcloud_tools/prefix_override:/home/kadowaki/.local/lib/python3.10/site-packages/colcon_core/task/python/colcon_distutils_commands:/home/kadowaki/realsense_ws/install/pointcloud_tools/lib/python3.10/site-packages:${PYTHONPATH} /usr/bin/python3 -W ignore:setup.py install is deprecated -W ignore:easy_install command is deprecated setup.py egg_info --egg-base ../../build/pointcloud_tools build --build-base /home/kadowaki/realsense_ws/build/pointcloud_tools/build install --record /home/kadowaki/realsense_ws/build/pointcloud_tools/install.log --single-version-externally-managed install_data
[0.918s] Level 1:colcon.colcon_core.environment:checking '/home/kadowaki/realsense_ws/install/pointcloud_tools' for CMake config files
[0.919s] Level 1:colcon.colcon_core.environment:checking '/home/kadowaki/realsense_ws/install/pointcloud_tools/lib'
[0.919s] Level 1:colcon.colcon_core.environment:checking '/home/kadowaki/realsense_ws/install/pointcloud_tools/bin'
[0.919s] Level 1:colcon.colcon_core.environment:checking '/home/kadowaki/realsense_ws/install/pointcloud_tools/lib/pkgconfig/pointcloud_tools.pc'
[0.919s] Level 1:colcon.colcon_core.environment:checking '/home/kadowaki/realsense_ws/install/pointcloud_tools/lib/python3.10/site-packages'
[0.919s] Level 1:colcon.colcon_core.shell:create_environment_hook('pointcloud_tools', 'pythonpath')
[0.919s] INFO:colcon.colcon_core.shell:Creating environment hook '/home/kadowaki/realsense_ws/install/pointcloud_tools/share/pointcloud_tools/hook/pythonpath.ps1'
[0.919s] INFO:colcon.colcon_core.shell:Creating environment descriptor '/home/kadowaki/realsense_ws/install/pointcloud_tools/share/pointcloud_tools/hook/pythonpath.dsv'
[0.920s] INFO:colcon.colcon_core.shell:Creating environment hook '/home/kadowaki/realsense_ws/install/pointcloud_tools/share/pointcloud_tools/hook/pythonpath.sh'
[0.920s] Level 1:colcon.colcon_core.environment:checking '/home/kadowaki/realsense_ws/install/pointcloud_tools/bin'
[0.920s] Level 1:colcon.colcon_core.environment:create_environment_scripts_only(pointcloud_tools)
[0.920s] INFO:colcon.colcon_core.shell:Creating package script '/home/kadowaki/realsense_ws/install/pointcloud_tools/share/pointcloud_tools/package.ps1'
[0.920s] INFO:colcon.colcon_core.shell:Creating package descriptor '/home/kadowaki/realsense_ws/install/pointcloud_tools/share/pointcloud_tools/package.dsv'
[0.921s] INFO:colcon.colcon_core.shell:Creating package script '/home/kadowaki/realsense_ws/install/pointcloud_tools/share/pointcloud_tools/package.sh'
[0.921s] INFO:colcon.colcon_core.shell:Creating package script '/home/kadowaki/realsense_ws/install/pointcloud_tools/share/pointcloud_tools/package.bash'
[0.921s] INFO:colcon.colcon_core.shell:Creating package script '/home/kadowaki/realsense_ws/install/pointcloud_tools/share/pointcloud_tools/package.zsh'
[0.921s] Level 1:colcon.colcon_core.environment:create_file_with_runtime_dependencies(/home/kadowaki/realsense_ws/install/pointcloud_tools/share/colcon-core/packages/pointcloud_tools)
[0.921s] DEBUG:colcon.colcon_parallel_executor.executor.parallel:closing loop
[0.921s] DEBUG:colcon.colcon_parallel_executor.executor.parallel:loop closed
[0.921s] DEBUG:colcon.colcon_parallel_executor.executor.parallel:run_until_complete finished with '0'
[0.921s] DEBUG:colcon.colcon_core.event_reactor:joining thread
[0.925s] INFO:colcon.colcon_core.plugin_system:Skipping extension 'colcon_notification.desktop_notification.terminal_notifier': Not used on non-Darwin systems
[0.925s] INFO:colcon.colcon_core.plugin_system:Skipping extension 'colcon_notification.desktop_notification.win32': Not used on non-Windows systems
[0.925s] INFO:colcon.colcon_notification.desktop_notification:Sending desktop notification using 'notify2'
[0.935s] DEBUG:colcon.colcon_core.event_reactor:joined thread
[0.935s] INFO:colcon.colcon_core.shell:Creating prefix script '/home/kadowaki/realsense_ws/install/local_setup.ps1'
[0.936s] INFO:colcon.colcon_core.shell:Creating prefix util module '/home/kadowaki/realsense_ws/install/_local_setup_util_ps1.py'
[0.937s] INFO:colcon.colcon_core.shell:Creating prefix chain script '/home/kadowaki/realsense_ws/install/setup.ps1'
[0.938s] INFO:colcon.colcon_core.shell:Creating prefix script '/home/kadowaki/realsense_ws/install/local_setup.sh'
[0.938s] INFO:colcon.colcon_core.shell:Creating prefix util module '/home/kadowaki/realsense_ws/install/_local_setup_util_sh.py'
[0.938s] INFO:colcon.colcon_core.shell:Creating prefix chain script '/home/kadowaki/realsense_ws/install/setup.sh'
[0.939s] INFO:colcon.colcon_core.shell:Creating prefix script '/home/kadowaki/realsense_ws/install/local_setup.bash'
[0.939s] INFO:colcon.colcon_core.shell:Creating prefix chain script '/home/kadowaki/realsense_ws/install/setup.bash'
[0.940s] INFO:colcon.colcon_core.shell:Creating prefix script '/home/kadowaki/realsense_ws/install/local_setup.zsh'
[0.940s] INFO:colcon.colcon_core.shell:Creating prefix chain script '/home/kadowaki/realsense_ws/install/setup.zsh'
