running develop
running egg_info
creating pointcloud_tools.egg-info
writing pointcloud_tools.egg-info/PKG-INFO
writing dependency_links to pointcloud_tools.egg-info/dependency_links.txt
writing entry points to pointcloud_tools.egg-info/entry_points.txt
writing requirements to pointcloud_tools.egg-info/requires.txt
writing top-level names to pointcloud_tools.egg-info/top_level.txt
writing manifest file 'pointcloud_tools.egg-info/SOURCES.txt'
reading manifest file 'pointcloud_tools.egg-info/SOURCES.txt'
writing manifest file 'pointcloud_tools.egg-info/SOURCES.txt'
running build_ext
Creating /home/kadowaki/realsense_ws/install/pointcloud_tools/lib/python3.10/site-packages/pointcloud-tools.egg-link (link to .)

Installed /home/kadowaki/realsense_ws/build/pointcloud_tools
running symlink_data
creating /home/kadowaki/realsense_ws/install/pointcloud_tools/share/ament_index
creating /home/kadowaki/realsense_ws/install/pointcloud_tools/share/ament_index/resource_index
creating /home/kadowaki/realsense_ws/install/pointcloud_tools/share/ament_index/resource_index/packages
symbolically linking /home/kadowaki/realsense_ws/build/pointcloud_tools/resource/pointcloud_tools -> /home/kadowaki/realsense_ws/install/pointcloud_tools/share/ament_index/resource_index/packages
symbolically linking /home/kadowaki/realsense_ws/build/pointcloud_tools/package.xml -> /home/kadowaki/realsense_ws/install/pointcloud_tools/share/pointcloud_tools
