[0.417s] Invoking command in '/home/kadowaki/realsense_ws/build/pointcloud_tools': PYTHONPATH=/home/kadowaki/realsense_ws/build/pointcloud_tools/prefix_override:/home/kadowaki/.local/lib/python3.10/site-packages/colcon_core/task/python/colcon_distutils_commands:/home/kadowaki/realsense_ws/install/pointcloud_tools/lib/python3.10/site-packages:${PYTHONPATH} /usr/bin/python3 -W ignore:setup.py install is deprecated -W ignore:easy_install command is deprecated setup.py develop --editable --build-directory /home/kadowaki/realsense_ws/build/pointcloud_tools/build --no-deps symlink_data
[0.537s] running develop
[0.605s] running egg_info
[0.605s] creating pointcloud_tools.egg-info
[0.605s] writing pointcloud_tools.egg-info/PKG-INFO
[0.605s] writing dependency_links to pointcloud_tools.egg-info/dependency_links.txt
[0.605s] writing entry points to pointcloud_tools.egg-info/entry_points.txt
[0.605s] writing requirements to pointcloud_tools.egg-info/requires.txt
[0.606s] writing top-level names to pointcloud_tools.egg-info/top_level.txt
[0.606s] writing manifest file 'pointcloud_tools.egg-info/SOURCES.txt'
[0.606s] reading manifest file 'pointcloud_tools.egg-info/SOURCES.txt'
[0.607s] writing manifest file 'pointcloud_tools.egg-info/SOURCES.txt'
[0.607s] running build_ext
[0.607s] Creating /home/kadowaki/realsense_ws/install/pointcloud_tools/lib/python3.10/site-packages/pointcloud-tools.egg-link (link to .)
[0.608s] 
[0.608s] Installed /home/kadowaki/realsense_ws/build/pointcloud_tools
[0.608s] running symlink_data
[0.608s] creating /home/kadowaki/realsense_ws/install/pointcloud_tools/share/ament_index
[0.608s] creating /home/kadowaki/realsense_ws/install/pointcloud_tools/share/ament_index/resource_index
[0.608s] creating /home/kadowaki/realsense_ws/install/pointcloud_tools/share/ament_index/resource_index/packages
[0.608s] symbolically linking /home/kadowaki/realsense_ws/build/pointcloud_tools/resource/pointcloud_tools -> /home/kadowaki/realsense_ws/install/pointcloud_tools/share/ament_index/resource_index/packages
[0.608s] symbolically linking /home/kadowaki/realsense_ws/build/pointcloud_tools/package.xml -> /home/kadowaki/realsense_ws/install/pointcloud_tools/share/pointcloud_tools
[0.623s] Invoked command in '/home/kadowaki/realsense_ws/build/pointcloud_tools' returned '0': PYTHONPATH=/home/kadowaki/realsense_ws/build/pointcloud_tools/prefix_override:/home/kadowaki/.local/lib/python3.10/site-packages/colcon_core/task/python/colcon_distutils_commands:/home/kadowaki/realsense_ws/install/pointcloud_tools/lib/python3.10/site-packages:${PYTHONPATH} /usr/bin/python3 -W ignore:setup.py install is deprecated -W ignore:easy_install command is deprecated setup.py develop --editable --build-directory /home/kadowaki/realsense_ws/build/pointcloud_tools/build --no-deps symlink_data
