running develop
Removing /home/kadowaki/realsense_ws/install/obstacle_stop/lib/python3.10/site-packages/obstacle-stop.egg-link (link to .)
running egg_info
writing ../../build/obstacle_stop/obstacle_stop.egg-info/PKG-INFO
writing dependency_links to ../../build/obstacle_stop/obstacle_stop.egg-info/dependency_links.txt
writing entry points to ../../build/obstacle_stop/obstacle_stop.egg-info/entry_points.txt
writing requirements to ../../build/obstacle_stop/obstacle_stop.egg-info/requires.txt
writing top-level names to ../../build/obstacle_stop/obstacle_stop.egg-info/top_level.txt
reading manifest file '../../build/obstacle_stop/obstacle_stop.egg-info/SOURCES.txt'
writing manifest file '../../build/obstacle_stop/obstacle_stop.egg-info/SOURCES.txt'
running build
running build_py
copying obstacle_stop/obstacle_stop_node.py -> /home/kadowaki/realsense_ws/build/obstacle_stop/build/lib/obstacle_stop
running install
running install_lib
creating /home/kadowaki/realsense_ws/install/obstacle_stop/lib/python3.10/site-packages/obstacle_stop
copying /home/kadowaki/realsense_ws/build/obstacle_stop/build/lib/obstacle_stop/obstacle_stop_node.py -> /home/kadowaki/realsense_ws/install/obstacle_stop/lib/python3.10/site-packages/obstacle_stop
copying /home/kadowaki/realsense_ws/build/obstacle_stop/build/lib/obstacle_stop/__init__.py -> /home/kadowaki/realsense_ws/install/obstacle_stop/lib/python3.10/site-packages/obstacle_stop
byte-compiling /home/kadowaki/realsense_ws/install/obstacle_stop/lib/python3.10/site-packages/obstacle_stop/obstacle_stop_node.py to obstacle_stop_node.cpython-310.pyc
byte-compiling /home/kadowaki/realsense_ws/install/obstacle_stop/lib/python3.10/site-packages/obstacle_stop/__init__.py to __init__.cpython-310.pyc
running install_data
copying resource/obstacle_stop -> /home/kadowaki/realsense_ws/install/obstacle_stop/share/ament_index/resource_index/packages
copying package.xml -> /home/kadowaki/realsense_ws/install/obstacle_stop/share/obstacle_stop
running install_egg_info
Copying ../../build/obstacle_stop/obstacle_stop.egg-info to /home/kadowaki/realsense_ws/install/obstacle_stop/lib/python3.10/site-packages/obstacle_stop-0.0.0-py3.10.egg-info
running install_scripts
Installing obstacle_stop_node script to /home/kadowaki/realsense_ws/install/obstacle_stop/lib/obstacle_stop
writing list of installed files to '/home/kadowaki/realsense_ws/build/obstacle_stop/install.log'
