running develop
Removing /home/kadowaki/realsense_ws/install/pointcloud_tools/lib/python3.10/site-packages/pointcloud-tools.egg-link (link to .)
running egg_info
writing ../../build/pointcloud_tools/pointcloud_tools.egg-info/PKG-INFO
writing dependency_links to ../../build/pointcloud_tools/pointcloud_tools.egg-info/dependency_links.txt
writing entry points to ../../build/pointcloud_tools/pointcloud_tools.egg-info/entry_points.txt
writing requirements to ../../build/pointcloud_tools/pointcloud_tools.egg-info/requires.txt
writing top-level names to ../../build/pointcloud_tools/pointcloud_tools.egg-info/top_level.txt
reading manifest file '../../build/pointcloud_tools/pointcloud_tools.egg-info/SOURCES.txt'
writing manifest file '../../build/pointcloud_tools/pointcloud_tools.egg-info/SOURCES.txt'
running build
running build_py
creating /home/kadowaki/realsense_ws/build/pointcloud_tools/build
creating /home/kadowaki/realsense_ws/build/pointcloud_tools/build/lib
creating /home/kadowaki/realsense_ws/build/pointcloud_tools/build/lib/pointcloud_tools
copying pointcloud_tools/__init__.py -> /home/kadowaki/realsense_ws/build/pointcloud_tools/build/lib/pointcloud_tools
copying pointcloud_tools/pointcloud_diff.py -> /home/kadowaki/realsense_ws/build/pointcloud_tools/build/lib/pointcloud_tools
running install
running install_lib
creating /home/kadowaki/realsense_ws/install/pointcloud_tools/lib/python3.10/site-packages/pointcloud_tools
copying /home/kadowaki/realsense_ws/build/pointcloud_tools/build/lib/pointcloud_tools/__init__.py -> /home/kadowaki/realsense_ws/install/pointcloud_tools/lib/python3.10/site-packages/pointcloud_tools
copying /home/kadowaki/realsense_ws/build/pointcloud_tools/build/lib/pointcloud_tools/pointcloud_diff.py -> /home/kadowaki/realsense_ws/install/pointcloud_tools/lib/python3.10/site-packages/pointcloud_tools
byte-compiling /home/kadowaki/realsense_ws/install/pointcloud_tools/lib/python3.10/site-packages/pointcloud_tools/__init__.py to __init__.cpython-310.pyc
byte-compiling /home/kadowaki/realsense_ws/install/pointcloud_tools/lib/python3.10/site-packages/pointcloud_tools/pointcloud_diff.py to pointcloud_diff.cpython-310.pyc
running install_data
copying resource/pointcloud_tools -> /home/kadowaki/realsense_ws/install/pointcloud_tools/share/ament_index/resource_index/packages
copying package.xml -> /home/kadowaki/realsense_ws/install/pointcloud_tools/share/pointcloud_tools
running install_egg_info
Copying ../../build/pointcloud_tools/pointcloud_tools.egg-info to /home/kadowaki/realsense_ws/install/pointcloud_tools/lib/python3.10/site-packages/pointcloud_tools-0.0.0-py3.10.egg-info
running install_scripts
Installing pointcloud_diff script to /home/kadowaki/realsense_ws/install/pointcloud_tools/lib/pointcloud_tools
writing list of installed files to '/home/kadowaki/realsense_ws/build/pointcloud_tools/install.log'
