[0.009s] Invoking command in '/home/kadowaki/realsense_ws/build/realsense2_camera_msgs': CMAKE_PREFIX_PATH=${CMAKE_PREFIX_PATH}:/home/kadowaki/realsense_ws/install/obstacle_stop:/home/kadowaki/install/obstacle_stop:/opt/ros/humble /usr/bin/cmake --build /home/kadowaki/realsense_ws/build/realsense2_camera_msgs -- -j24 -l24
[0.061s] [  1%] Built target realsense2_camera_msgs__cpp
[0.064s] [  1%] Built target ament_cmake_python_symlink_realsense2_camera_msgs
[0.065s] [  2%] [32mBuilding C object CMakeFiles/realsense2_camera_msgs__rosidl_generator_c.dir/rosidl_generator_c/realsense2_camera_msgs/msg/detail/metadata__functions.c.o[0m
[0.065s] [  4%] [32mBuilding C object CMakeFiles/realsense2_camera_msgs__rosidl_generator_c.dir/rosidl_generator_c/realsense2_camera_msgs/srv/detail/device_info__functions.c.o[0m
[0.066s] [  4%] [32mBuilding C object CMakeFiles/realsense2_camera_msgs__rosidl_generator_c.dir/rosidl_generator_c/realsense2_camera_msgs/msg/detail/rgbd__functions.c.o[0m
[0.066s] [  5%] [32mBuilding C object CMakeFiles/realsense2_camera_msgs__rosidl_generator_c.dir/rosidl_generator_c/realsense2_camera_msgs/srv/detail/calib_config_write__functions.c.o[0m
[0.066s] [  6%] [32mBuilding C object CMakeFiles/realsense2_camera_msgs__rosidl_generator_c.dir/rosidl_generator_c/realsense2_camera_msgs/msg/detail/imu_info__functions.c.o[0m
[0.066s] [  8%] [32mBuilding C object CMakeFiles/realsense2_camera_msgs__rosidl_generator_c.dir/rosidl_generator_c/realsense2_camera_msgs/action/detail/triggered_calibration__functions.c.o[0m
[0.067s] [  9%] [32mBuilding C object CMakeFiles/realsense2_camera_msgs__rosidl_generator_c.dir/rosidl_generator_c/realsense2_camera_msgs/msg/detail/extrinsics__functions.c.o[0m
[0.068s] [ 10%] [32mBuilding C object CMakeFiles/realsense2_camera_msgs__rosidl_generator_c.dir/rosidl_generator_c/realsense2_camera_msgs/srv/detail/calib_config_read__functions.c.o[0m
[0.083s] [ 18%] [32mBuilding CXX object CMakeFiles/realsense2_camera_msgs__rosidl_typesupport_fastrtps_cpp.dir/rosidl_typesupport_fastrtps_cpp/realsense2_camera_msgs/msg/detail/dds_fastrtps/imu_info__type_support.cpp.o[0m
[0.083s] [ 18%] [32mBuilding CXX object CMakeFiles/realsense2_camera_msgs__rosidl_typesupport_fastrtps_cpp.dir/rosidl_typesupport_fastrtps_cpp/realsense2_camera_msgs/msg/detail/dds_fastrtps/metadata__type_support.cpp.o[0m
[0.083s] [ 18%] [32mBuilding CXX object CMakeFiles/realsense2_camera_msgs__rosidl_typesupport_cpp.dir/rosidl_typesupport_cpp/realsense2_camera_msgs/msg/imu_info__type_support.cpp.o[0m
[0.084s] [ 18%] [32mBuilding CXX object CMakeFiles/realsense2_camera_msgs__rosidl_typesupport_cpp.dir/rosidl_typesupport_cpp/realsense2_camera_msgs/msg/metadata__type_support.cpp.o[0m
[0.084s] [ 18%] [32mBuilding CXX object CMakeFiles/realsense2_camera_msgs__rosidl_typesupport_introspection_cpp.dir/rosidl_typesupport_introspection_cpp/realsense2_camera_msgs/msg/detail/extrinsics__type_support.cpp.o[0m
[0.084s] [ 18%] [32mBuilding CXX object CMakeFiles/realsense2_camera_msgs__rosidl_typesupport_introspection_cpp.dir/rosidl_typesupport_introspection_cpp/realsense2_camera_msgs/msg/detail/imu_info__type_support.cpp.o[0m
[0.084s] [ 19%] [32mBuilding CXX object CMakeFiles/realsense2_camera_msgs__rosidl_typesupport_cpp.dir/rosidl_typesupport_cpp/realsense2_camera_msgs/msg/rgbd__type_support.cpp.o[0m
[0.085s] [ 20%] [32mBuilding CXX object CMakeFiles/realsense2_camera_msgs__rosidl_typesupport_fastrtps_cpp.dir/rosidl_typesupport_fastrtps_cpp/realsense2_camera_msgs/msg/detail/dds_fastrtps/extrinsics__type_support.cpp.o[0m
[0.085s] [ 21%] [32mBuilding CXX object CMakeFiles/realsense2_camera_msgs__rosidl_typesupport_introspection_cpp.dir/rosidl_typesupport_introspection_cpp/realsense2_camera_msgs/srv/detail/device_info__type_support.cpp.o[0m
[0.085s] [ 22%] [32mBuilding CXX object CMakeFiles/realsense2_camera_msgs__rosidl_typesupport_introspection_cpp.dir/rosidl_typesupport_introspection_cpp/realsense2_camera_msgs/msg/detail/metadata__type_support.cpp.o[0m
[0.085s] [ 20%] [32mBuilding CXX object CMakeFiles/realsense2_camera_msgs__rosidl_typesupport_introspection_cpp.dir/rosidl_typesupport_introspection_cpp/realsense2_camera_msgs/srv/detail/calib_config_read__type_support.cpp.o[0m
[0.085s] [ 24%] [32mBuilding CXX object CMakeFiles/realsense2_camera_msgs__rosidl_typesupport_introspection_cpp.dir/rosidl_typesupport_introspection_cpp/realsense2_camera_msgs/msg/detail/rgbd__type_support.cpp.o[0m
[0.085s] [ 25%] [32mBuilding CXX object CMakeFiles/realsense2_camera_msgs__rosidl_typesupport_fastrtps_cpp.dir/rosidl_typesupport_fastrtps_cpp/realsense2_camera_msgs/msg/detail/dds_fastrtps/rgbd__type_support.cpp.o[0m
[0.086s] [ 26%] [32mBuilding CXX object CMakeFiles/realsense2_camera_msgs__rosidl_typesupport_cpp.dir/rosidl_typesupport_cpp/realsense2_camera_msgs/msg/extrinsics__type_support.cpp.o[0m
[0.086s] [ 27%] [32mBuilding CXX object CMakeFiles/realsense2_camera_msgs__rosidl_typesupport_cpp.dir/rosidl_typesupport_cpp/realsense2_camera_msgs/srv/device_info__type_support.cpp.o[0m
[0.120s] [ 31%] [32mBuilding CXX object CMakeFiles/realsense2_camera_msgs__rosidl_typesupport_cpp.dir/rosidl_typesupport_cpp/realsense2_camera_msgs/srv/calib_config_read__type_support.cpp.o[0m
[0.120s] [ 31%] [32mBuilding CXX object CMakeFiles/realsense2_camera_msgs__rosidl_typesupport_introspection_cpp.dir/rosidl_typesupport_introspection_cpp/realsense2_camera_msgs/srv/detail/calib_config_write__type_support.cpp.o[0m
[0.122s] [ 31%] [32mBuilding CXX object CMakeFiles/realsense2_camera_msgs__rosidl_typesupport_fastrtps_cpp.dir/rosidl_typesupport_fastrtps_cpp/realsense2_camera_msgs/srv/detail/dds_fastrtps/calib_config_read__type_support.cpp.o[0m
[0.122s] [ 32%] [32mBuilding CXX object CMakeFiles/realsense2_camera_msgs__rosidl_typesupport_introspection_cpp.dir/rosidl_typesupport_introspection_cpp/realsense2_camera_msgs/action/detail/triggered_calibration__type_support.cpp.o[0m
[0.122s] [ 33%] [32mBuilding CXX object CMakeFiles/realsense2_camera_msgs__rosidl_typesupport_fastrtps_cpp.dir/rosidl_typesupport_fastrtps_cpp/realsense2_camera_msgs/srv/detail/dds_fastrtps/device_info__type_support.cpp.o[0m
[0.122s] [ 34%] [32mBuilding CXX object CMakeFiles/realsense2_camera_msgs__rosidl_typesupport_cpp.dir/rosidl_typesupport_cpp/realsense2_camera_msgs/srv/calib_config_write__type_support.cpp.o[0m
[0.129s] [ 35%] [32mBuilding CXX object CMakeFiles/realsense2_camera_msgs__rosidl_typesupport_cpp.dir/rosidl_typesupport_cpp/realsense2_camera_msgs/action/triggered_calibration__type_support.cpp.o[0m
[0.200s] [ 36%] [32m[1mLinking C shared library librealsense2_camera_msgs__rosidl_generator_c.so[0m
[0.291s] running egg_info
[0.296s] writing realsense2_camera_msgs.egg-info/PKG-INFO
[0.296s] writing dependency_links to realsense2_camera_msgs.egg-info/dependency_links.txt
[0.296s] writing top-level names to realsense2_camera_msgs.egg-info/top_level.txt
[0.302s] reading manifest file 'realsense2_camera_msgs.egg-info/SOURCES.txt'
[0.303s] writing manifest file 'realsense2_camera_msgs.egg-info/SOURCES.txt'
[0.336s] [ 37%] Built target realsense2_camera_msgs__rosidl_generator_c
[0.363s] [ 39%] [32mBuilding CXX object CMakeFiles/realsense2_camera_msgs__rosidl_typesupport_fastrtps_cpp.dir/rosidl_typesupport_fastrtps_cpp/realsense2_camera_msgs/srv/detail/dds_fastrtps/calib_config_write__type_support.cpp.o[0m
[0.375s] [ 40%] [32mBuilding CXX object CMakeFiles/realsense2_camera_msgs__rosidl_typesupport_fastrtps_cpp.dir/rosidl_typesupport_fastrtps_cpp/realsense2_camera_msgs/action/detail/dds_fastrtps/triggered_calibration__type_support.cpp.o[0m
[0.381s] [ 42%] [32mBuilding CXX object CMakeFiles/realsense2_camera_msgs__rosidl_typesupport_fastrtps_c.dir/rosidl_typesupport_fastrtps_c/realsense2_camera_msgs/msg/detail/imu_info__type_support_c.cpp.o[0m
[0.381s] [ 42%] [32mBuilding CXX object CMakeFiles/realsense2_camera_msgs__rosidl_typesupport_c.dir/rosidl_typesupport_c/realsense2_camera_msgs/msg/imu_info__type_support.cpp.o[0m
[0.382s] [ 42%] Built target ament_cmake_python_build_realsense2_camera_msgs_egg
[0.389s] [ 43%] [32mBuilding CXX object CMakeFiles/realsense2_camera_msgs__rosidl_typesupport_c.dir/rosidl_typesupport_c/realsense2_camera_msgs/msg/extrinsics__type_support.cpp.o[0m
[0.392s] [ 45%] [32mBuilding C object CMakeFiles/realsense2_camera_msgs__rosidl_typesupport_introspection_c.dir/rosidl_typesupport_introspection_c/realsense2_camera_msgs/msg/detail/imu_info__type_support.c.o[0m
[0.392s] [ 45%] [32mBuilding CXX object CMakeFiles/realsense2_camera_msgs__rosidl_typesupport_fastrtps_c.dir/rosidl_typesupport_fastrtps_c/realsense2_camera_msgs/msg/detail/extrinsics__type_support_c.cpp.o[0m
[0.406s] [ 47%] [32mBuilding CXX object CMakeFiles/realsense2_camera_msgs__rosidl_typesupport_c.dir/rosidl_typesupport_c/realsense2_camera_msgs/msg/metadata__type_support.cpp.o[0m
[0.422s] [ 48%] [32mBuilding CXX object CMakeFiles/realsense2_camera_msgs__rosidl_typesupport_fastrtps_c.dir/rosidl_typesupport_fastrtps_c/realsense2_camera_msgs/msg/detail/metadata__type_support_c.cpp.o[0m
[0.424s] [ 49%] [32mBuilding CXX object CMakeFiles/realsense2_camera_msgs__rosidl_typesupport_fastrtps_c.dir/rosidl_typesupport_fastrtps_c/realsense2_camera_msgs/msg/detail/rgbd__type_support_c.cpp.o[0m
[0.426s] [ 50%] [32mBuilding CXX object CMakeFiles/realsense2_camera_msgs__rosidl_typesupport_c.dir/rosidl_typesupport_c/realsense2_camera_msgs/msg/rgbd__type_support.cpp.o[0m
[0.447s] [ 51%] [32mBuilding C object CMakeFiles/realsense2_camera_msgs__rosidl_typesupport_introspection_c.dir/rosidl_typesupport_introspection_c/realsense2_camera_msgs/msg/detail/extrinsics__type_support.c.o[0m
[0.471s] [ 52%] [32mBuilding CXX object CMakeFiles/realsense2_camera_msgs__rosidl_typesupport_c.dir/rosidl_typesupport_c/realsense2_camera_msgs/srv/device_info__type_support.cpp.o[0m
[0.471s] [ 54%] [32mBuilding C object CMakeFiles/realsense2_camera_msgs__rosidl_typesupport_introspection_c.dir/rosidl_typesupport_introspection_c/realsense2_camera_msgs/msg/detail/metadata__type_support.c.o[0m
[0.484s] [ 55%] [32mBuilding CXX object CMakeFiles/realsense2_camera_msgs__rosidl_typesupport_c.dir/rosidl_typesupport_c/realsense2_camera_msgs/srv/calib_config_read__type_support.cpp.o[0m
[0.487s] [ 56%] [32mBuilding C object CMakeFiles/realsense2_camera_msgs__rosidl_typesupport_introspection_c.dir/rosidl_typesupport_introspection_c/realsense2_camera_msgs/msg/detail/rgbd__type_support.c.o[0m
[0.491s] [ 57%] [32mBuilding CXX object CMakeFiles/realsense2_camera_msgs__rosidl_typesupport_c.dir/rosidl_typesupport_c/realsense2_camera_msgs/srv/calib_config_write__type_support.cpp.o[0m
[0.492s] [ 58%] [32mBuilding CXX object CMakeFiles/realsense2_camera_msgs__rosidl_typesupport_fastrtps_c.dir/rosidl_typesupport_fastrtps_c/realsense2_camera_msgs/srv/detail/device_info__type_support_c.cpp.o[0m
[0.497s] [ 59%] [32mBuilding CXX object CMakeFiles/realsense2_camera_msgs__rosidl_typesupport_fastrtps_c.dir/rosidl_typesupport_fastrtps_c/realsense2_camera_msgs/srv/detail/calib_config_read__type_support_c.cpp.o[0m
[0.497s] [ 60%] [32mBuilding CXX object CMakeFiles/realsense2_camera_msgs__rosidl_typesupport_fastrtps_c.dir/rosidl_typesupport_fastrtps_c/realsense2_camera_msgs/srv/detail/calib_config_write__type_support_c.cpp.o[0m
[0.497s] [ 62%] [32mBuilding CXX object CMakeFiles/realsense2_camera_msgs__rosidl_typesupport_c.dir/rosidl_typesupport_c/realsense2_camera_msgs/action/triggered_calibration__type_support.cpp.o[0m
[0.505s] [ 64%] [32mBuilding C object CMakeFiles/realsense2_camera_msgs__rosidl_typesupport_introspection_c.dir/rosidl_typesupport_introspection_c/realsense2_camera_msgs/srv/detail/device_info__type_support.c.o[0m
[0.505s] [ 64%] [32mBuilding CXX object CMakeFiles/realsense2_camera_msgs__rosidl_typesupport_fastrtps_c.dir/rosidl_typesupport_fastrtps_c/realsense2_camera_msgs/action/detail/triggered_calibration__type_support_c.cpp.o[0m
[0.517s] [ 66%] [32mBuilding C object CMakeFiles/realsense2_camera_msgs__rosidl_typesupport_introspection_c.dir/rosidl_typesupport_introspection_c/realsense2_camera_msgs/action/detail/triggered_calibration__type_support.c.o[0m
[0.518s] [ 66%] [32mBuilding C object CMakeFiles/realsense2_camera_msgs__rosidl_typesupport_introspection_c.dir/rosidl_typesupport_introspection_c/realsense2_camera_msgs/srv/detail/calib_config_read__type_support.c.o[0m
[0.523s] [ 67%] [32mBuilding C object CMakeFiles/realsense2_camera_msgs__rosidl_typesupport_introspection_c.dir/rosidl_typesupport_introspection_c/realsense2_camera_msgs/srv/detail/calib_config_write__type_support.c.o[0m
[0.556s] [ 70%] [32m[1mLinking CXX shared library librealsense2_camera_msgs__rosidl_typesupport_c.so[0m
[0.556s] [ 70%] [32m[1mLinking C shared library librealsense2_camera_msgs__rosidl_typesupport_introspection_c.so[0m
[0.581s] [ 71%] Built target realsense2_camera_msgs__rosidl_typesupport_introspection_c
[0.586s] [ 72%] Built target realsense2_camera_msgs__rosidl_typesupport_c
[0.598s] [ 73%] [32m[1mLinking CXX shared library librealsense2_camera_msgs__rosidl_typesupport_cpp.so[0m
[0.631s] [ 74%] Built target realsense2_camera_msgs__rosidl_typesupport_cpp
[0.653s] [ 75%] [32m[1mLinking CXX shared library librealsense2_camera_msgs__rosidl_typesupport_introspection_cpp.so[0m
[0.724s] [ 77%] Built target realsense2_camera_msgs__rosidl_typesupport_introspection_cpp
[0.751s] [ 78%] [32m[1mLinking CXX shared library librealsense2_camera_msgs__rosidl_typesupport_fastrtps_cpp.so[0m
[0.751s] [ 79%] [32m[1mLinking CXX shared library librealsense2_camera_msgs__rosidl_typesupport_fastrtps_c.so[0m
[0.795s] [ 80%] Built target realsense2_camera_msgs__rosidl_typesupport_fastrtps_cpp
[0.800s] [ 81%] Built target realsense2_camera_msgs__rosidl_typesupport_fastrtps_c
[0.813s] [ 81%] Built target realsense2_camera_msgs
[0.833s] [ 82%] Built target realsense2_camera_msgs__py
[0.875s] [ 88%] [32mBuilding C object CMakeFiles/realsense2_camera_msgs__rosidl_generator_py.dir/rosidl_generator_py/realsense2_camera_msgs/msg/_imu_info_s.c.o[0m
[0.875s] [ 88%] [32mBuilding C object CMakeFiles/realsense2_camera_msgs__rosidl_generator_py.dir/rosidl_generator_py/realsense2_camera_msgs/msg/_metadata_s.c.o[0m
[0.875s] [ 88%] [32mBuilding C object CMakeFiles/realsense2_camera_msgs__rosidl_generator_py.dir/rosidl_generator_py/realsense2_camera_msgs/msg/_extrinsics_s.c.o[0m
[0.875s] [ 88%] [32mBuilding C object CMakeFiles/realsense2_camera_msgs__rosidl_generator_py.dir/rosidl_generator_py/realsense2_camera_msgs/srv/_calib_config_read_s.c.o[0m
[0.875s] [ 88%] [32mBuilding C object CMakeFiles/realsense2_camera_msgs__rosidl_generator_py.dir/rosidl_generator_py/realsense2_camera_msgs/srv/_device_info_s.c.o[0m
[0.875s] [ 89%] [32mBuilding C object CMakeFiles/realsense2_camera_msgs__rosidl_generator_py.dir/rosidl_generator_py/realsense2_camera_msgs/srv/_calib_config_write_s.c.o[0m
[0.875s] [ 90%] [32mBuilding C object CMakeFiles/realsense2_camera_msgs__rosidl_generator_py.dir/rosidl_generator_py/realsense2_camera_msgs/action/_triggered_calibration_s.c.o[0m
[0.876s] [ 91%] [32mBuilding C object CMakeFiles/realsense2_camera_msgs__rosidl_generator_py.dir/rosidl_generator_py/realsense2_camera_msgs/msg/_rgbd_s.c.o[0m
[0.972s] [ 93%] [32m[1mLinking C shared library rosidl_generator_py/realsense2_camera_msgs/librealsense2_camera_msgs__rosidl_generator_py.so[0m
[1.007s] [ 93%] Built target realsense2_camera_msgs__rosidl_generator_py
[1.028s] [ 94%] [32mBuilding C object CMakeFiles/realsense2_camera_msgs__rosidl_typesupport_c__pyext.dir/rosidl_generator_py/realsense2_camera_msgs/_realsense2_camera_msgs_s.ep.rosidl_typesupport_c.c.o[0m
[1.028s] [ 96%] [32mBuilding C object CMakeFiles/realsense2_camera_msgs__rosidl_typesupport_introspection_c__pyext.dir/rosidl_generator_py/realsense2_camera_msgs/_realsense2_camera_msgs_s.ep.rosidl_typesupport_introspection_c.c.o[0m
[1.028s] [ 96%] [32mBuilding C object CMakeFiles/realsense2_camera_msgs__rosidl_typesupport_fastrtps_c__pyext.dir/rosidl_generator_py/realsense2_camera_msgs/_realsense2_camera_msgs_s.ep.rosidl_typesupport_fastrtps_c.c.o[0m
[1.103s] [ 97%] [32m[1mLinking C shared library rosidl_generator_py/realsense2_camera_msgs/realsense2_camera_msgs_s__rosidl_typesupport_fastrtps_c.cpython-310-x86_64-linux-gnu.so[0m
[1.104s] [ 98%] [32m[1mLinking C shared library rosidl_generator_py/realsense2_camera_msgs/realsense2_camera_msgs_s__rosidl_typesupport_introspection_c.cpython-310-x86_64-linux-gnu.so[0m
[1.108s] [100%] [32m[1mLinking C shared library rosidl_generator_py/realsense2_camera_msgs/realsense2_camera_msgs_s__rosidl_typesupport_c.cpython-310-x86_64-linux-gnu.so[0m
[1.134s] [100%] Built target realsense2_camera_msgs__rosidl_typesupport_fastrtps_c__pyext
[1.135s] [100%] Built target realsense2_camera_msgs__rosidl_typesupport_introspection_c__pyext
[1.137s] [100%] Built target realsense2_camera_msgs__rosidl_typesupport_c__pyext
[1.148s] Invoked command in '/home/kadowaki/realsense_ws/build/realsense2_camera_msgs' returned '0': CMAKE_PREFIX_PATH=${CMAKE_PREFIX_PATH}:/home/kadowaki/realsense_ws/install/obstacle_stop:/home/kadowaki/install/obstacle_stop:/opt/ros/humble /usr/bin/cmake --build /home/kadowaki/realsense_ws/build/realsense2_camera_msgs -- -j24 -l24
[1.161s] Invoking command in '/home/kadowaki/realsense_ws/build/realsense2_camera_msgs': CMAKE_PREFIX_PATH=${CMAKE_PREFIX_PATH}:/home/kadowaki/realsense_ws/install/obstacle_stop:/home/kadowaki/install/obstacle_stop:/opt/ros/humble /usr/bin/cmake --install /home/kadowaki/realsense_ws/build/realsense2_camera_msgs
[1.173s] -- Install configuration: ""
[1.174s] -- Execute custom install script
[1.174s] -- Up-to-date symlink: /home/kadowaki/realsense_ws/install/realsense2_camera_msgs/share/ament_index/resource_index/rosidl_interfaces/realsense2_camera_msgs
[1.175s] -- Up-to-date symlink: /home/kadowaki/realsense_ws/install/realsense2_camera_msgs/include/realsense2_camera_msgs/realsense2_camera_msgs/action/detail/triggered_calibration__functions.h
[1.175s] -- Up-to-date symlink: /home/kadowaki/realsense_ws/install/realsense2_camera_msgs/include/realsense2_camera_msgs/realsense2_camera_msgs/action/detail/triggered_calibration__struct.h
[1.175s] -- Up-to-date symlink: /home/kadowaki/realsense_ws/install/realsense2_camera_msgs/include/realsense2_camera_msgs/realsense2_camera_msgs/action/detail/triggered_calibration__type_support.h
[1.175s] -- Up-to-date symlink: /home/kadowaki/realsense_ws/install/realsense2_camera_msgs/include/realsense2_camera_msgs/realsense2_camera_msgs/action/triggered_calibration.h
[1.175s] -- Up-to-date symlink: /home/kadowaki/realsense_ws/install/realsense2_camera_msgs/include/realsense2_camera_msgs/realsense2_camera_msgs/msg/detail/extrinsics__functions.h
[1.176s] -- Up-to-date symlink: /home/kadowaki/realsense_ws/install/realsense2_camera_msgs/include/realsense2_camera_msgs/realsense2_camera_msgs/msg/detail/extrinsics__struct.h
[1.176s] -- Up-to-date symlink: /home/kadowaki/realsense_ws/install/realsense2_camera_msgs/include/realsense2_camera_msgs/realsense2_camera_msgs/msg/detail/extrinsics__type_support.h
[1.176s] -- Up-to-date symlink: /home/kadowaki/realsense_ws/install/realsense2_camera_msgs/include/realsense2_camera_msgs/realsense2_camera_msgs/msg/detail/imu_info__functions.h
[1.176s] -- Up-to-date symlink: /home/kadowaki/realsense_ws/install/realsense2_camera_msgs/include/realsense2_camera_msgs/realsense2_camera_msgs/msg/detail/imu_info__struct.h
[1.176s] -- Up-to-date symlink: /home/kadowaki/realsense_ws/install/realsense2_camera_msgs/include/realsense2_camera_msgs/realsense2_camera_msgs/msg/detail/imu_info__type_support.h
[1.176s] -- Up-to-date symlink: /home/kadowaki/realsense_ws/install/realsense2_camera_msgs/include/realsense2_camera_msgs/realsense2_camera_msgs/msg/detail/metadata__functions.h
[1.176s] -- Up-to-date symlink: /home/kadowaki/realsense_ws/install/realsense2_camera_msgs/include/realsense2_camera_msgs/realsense2_camera_msgs/msg/detail/metadata__struct.h
[1.176s] -- Up-to-date symlink: /home/kadowaki/realsense_ws/install/realsense2_camera_msgs/include/realsense2_camera_msgs/realsense2_camera_msgs/msg/detail/metadata__type_support.h
[1.176s] -- Up-to-date symlink: /home/kadowaki/realsense_ws/install/realsense2_camera_msgs/include/realsense2_camera_msgs/realsense2_camera_msgs/msg/detail/rgbd__functions.h
[1.177s] -- Up-to-date symlink: /home/kadowaki/realsense_ws/install/realsense2_camera_msgs/include/realsense2_camera_msgs/realsense2_camera_msgs/msg/detail/rgbd__struct.h
[1.177s] -- Up-to-date symlink: /home/kadowaki/realsense_ws/install/realsense2_camera_msgs/include/realsense2_camera_msgs/realsense2_camera_msgs/msg/detail/rgbd__type_support.h
[1.177s] -- Up-to-date symlink: /home/kadowaki/realsense_ws/install/realsense2_camera_msgs/include/realsense2_camera_msgs/realsense2_camera_msgs/msg/extrinsics.h
[1.177s] -- Up-to-date symlink: /home/kadowaki/realsense_ws/install/realsense2_camera_msgs/include/realsense2_camera_msgs/realsense2_camera_msgs/msg/imu_info.h
[1.177s] -- Up-to-date symlink: /home/kadowaki/realsense_ws/install/realsense2_camera_msgs/include/realsense2_camera_msgs/realsense2_camera_msgs/msg/metadata.h
[1.177s] -- Up-to-date symlink: /home/kadowaki/realsense_ws/install/realsense2_camera_msgs/include/realsense2_camera_msgs/realsense2_camera_msgs/msg/rgbd.h
[1.177s] -- Up-to-date symlink: /home/kadowaki/realsense_ws/install/realsense2_camera_msgs/include/realsense2_camera_msgs/realsense2_camera_msgs/msg/rosidl_generator_c__visibility_control.h
[1.177s] -- Up-to-date symlink: /home/kadowaki/realsense_ws/install/realsense2_camera_msgs/include/realsense2_camera_msgs/realsense2_camera_msgs/srv/calib_config_read.h
[1.177s] -- Up-to-date symlink: /home/kadowaki/realsense_ws/install/realsense2_camera_msgs/include/realsense2_camera_msgs/realsense2_camera_msgs/srv/calib_config_write.h
[1.177s] -- Up-to-date symlink: /home/kadowaki/realsense_ws/install/realsense2_camera_msgs/include/realsense2_camera_msgs/realsense2_camera_msgs/srv/detail/calib_config_read__functions.h
[1.177s] -- Up-to-date symlink: /home/kadowaki/realsense_ws/install/realsense2_camera_msgs/include/realsense2_camera_msgs/realsense2_camera_msgs/srv/detail/calib_config_read__struct.h
[1.178s] -- Up-to-date symlink: /home/kadowaki/realsense_ws/install/realsense2_camera_msgs/include/realsense2_camera_msgs/realsense2_camera_msgs/srv/detail/calib_config_read__type_support.h
[1.178s] -- Up-to-date symlink: /home/kadowaki/realsense_ws/install/realsense2_camera_msgs/include/realsense2_camera_msgs/realsense2_camera_msgs/srv/detail/calib_config_write__functions.h
[1.178s] -- Up-to-date symlink: /home/kadowaki/realsense_ws/install/realsense2_camera_msgs/include/realsense2_camera_msgs/realsense2_camera_msgs/srv/detail/calib_config_write__struct.h
[1.178s] -- Up-to-date symlink: /home/kadowaki/realsense_ws/install/realsense2_camera_msgs/include/realsense2_camera_msgs/realsense2_camera_msgs/srv/detail/calib_config_write__type_support.h
[1.178s] -- Up-to-date symlink: /home/kadowaki/realsense_ws/install/realsense2_camera_msgs/include/realsense2_camera_msgs/realsense2_camera_msgs/srv/detail/device_info__functions.h
[1.178s] -- Up-to-date symlink: /home/kadowaki/realsense_ws/install/realsense2_camera_msgs/include/realsense2_camera_msgs/realsense2_camera_msgs/srv/detail/device_info__struct.h
[1.178s] -- Up-to-date symlink: /home/kadowaki/realsense_ws/install/realsense2_camera_msgs/include/realsense2_camera_msgs/realsense2_camera_msgs/srv/detail/device_info__type_support.h
[1.178s] -- Up-to-date symlink: /home/kadowaki/realsense_ws/install/realsense2_camera_msgs/include/realsense2_camera_msgs/realsense2_camera_msgs/srv/device_info.h
[1.178s] -- Up-to-date symlink: /home/kadowaki/realsense_ws/install/realsense2_camera_msgs/share/realsense2_camera_msgs/environment/library_path.sh
[1.178s] -- Up-to-date symlink: /home/kadowaki/realsense_ws/install/realsense2_camera_msgs/share/realsense2_camera_msgs/environment/library_path.dsv
[1.179s] -- Up-to-date symlink: /home/kadowaki/realsense_ws/install/realsense2_camera_msgs/include/realsense2_camera_msgs/realsense2_camera_msgs/action/detail/triggered_calibration__rosidl_typesupport_fastrtps_c.h
[1.179s] -- Up-to-date symlink: /home/kadowaki/realsense_ws/install/realsense2_camera_msgs/include/realsense2_camera_msgs/realsense2_camera_msgs/msg/detail/extrinsics__rosidl_typesupport_fastrtps_c.h
[1.179s] -- Up-to-date symlink: /home/kadowaki/realsense_ws/install/realsense2_camera_msgs/include/realsense2_camera_msgs/realsense2_camera_msgs/msg/detail/imu_info__rosidl_typesupport_fastrtps_c.h
[1.179s] -- Up-to-date symlink: /home/kadowaki/realsense_ws/install/realsense2_camera_msgs/include/realsense2_camera_msgs/realsense2_camera_msgs/msg/detail/metadata__rosidl_typesupport_fastrtps_c.h
[1.179s] -- Up-to-date symlink: /home/kadowaki/realsense_ws/install/realsense2_camera_msgs/include/realsense2_camera_msgs/realsense2_camera_msgs/msg/detail/rgbd__rosidl_typesupport_fastrtps_c.h
[1.179s] -- Up-to-date symlink: /home/kadowaki/realsense_ws/install/realsense2_camera_msgs/include/realsense2_camera_msgs/realsense2_camera_msgs/msg/rosidl_typesupport_fastrtps_c__visibility_control.h
[1.179s] -- Up-to-date symlink: /home/kadowaki/realsense_ws/install/realsense2_camera_msgs/include/realsense2_camera_msgs/realsense2_camera_msgs/srv/detail/calib_config_read__rosidl_typesupport_fastrtps_c.h
[1.179s] -- Up-to-date symlink: /home/kadowaki/realsense_ws/install/realsense2_camera_msgs/include/realsense2_camera_msgs/realsense2_camera_msgs/srv/detail/calib_config_write__rosidl_typesupport_fastrtps_c.h
[1.180s] -- Up-to-date symlink: /home/kadowaki/realsense_ws/install/realsense2_camera_msgs/include/realsense2_camera_msgs/realsense2_camera_msgs/srv/detail/device_info__rosidl_typesupport_fastrtps_c.h
[1.180s] -- Up-to-date symlink: /home/kadowaki/realsense_ws/install/realsense2_camera_msgs/include/realsense2_camera_msgs/realsense2_camera_msgs/action/detail/triggered_calibration__rosidl_typesupport_introspection_c.h
[1.180s] -- Up-to-date symlink: /home/kadowaki/realsense_ws/install/realsense2_camera_msgs/include/realsense2_camera_msgs/realsense2_camera_msgs/msg/detail/extrinsics__rosidl_typesupport_introspection_c.h
[1.180s] -- Up-to-date symlink: /home/kadowaki/realsense_ws/install/realsense2_camera_msgs/include/realsense2_camera_msgs/realsense2_camera_msgs/msg/detail/imu_info__rosidl_typesupport_introspection_c.h
[1.180s] -- Up-to-date symlink: /home/kadowaki/realsense_ws/install/realsense2_camera_msgs/include/realsense2_camera_msgs/realsense2_camera_msgs/msg/detail/metadata__rosidl_typesupport_introspection_c.h
[1.180s] -- Up-to-date symlink: /home/kadowaki/realsense_ws/install/realsense2_camera_msgs/include/realsense2_camera_msgs/realsense2_camera_msgs/msg/detail/rgbd__rosidl_typesupport_introspection_c.h
[1.180s] -- Up-to-date symlink: /home/kadowaki/realsense_ws/install/realsense2_camera_msgs/include/realsense2_camera_msgs/realsense2_camera_msgs/msg/rosidl_typesupport_introspection_c__visibility_control.h
[1.180s] -- Up-to-date symlink: /home/kadowaki/realsense_ws/install/realsense2_camera_msgs/include/realsense2_camera_msgs/realsense2_camera_msgs/srv/detail/calib_config_read__rosidl_typesupport_introspection_c.h
[1.180s] -- Up-to-date symlink: /home/kadowaki/realsense_ws/install/realsense2_camera_msgs/include/realsense2_camera_msgs/realsense2_camera_msgs/srv/detail/calib_config_write__rosidl_typesupport_introspection_c.h
[1.180s] -- Up-to-date symlink: /home/kadowaki/realsense_ws/install/realsense2_camera_msgs/include/realsense2_camera_msgs/realsense2_camera_msgs/srv/detail/device_info__rosidl_typesupport_introspection_c.h
[1.181s] -- Up-to-date symlink: /home/kadowaki/realsense_ws/install/realsense2_camera_msgs/include/realsense2_camera_msgs/realsense2_camera_msgs/action/detail/triggered_calibration__builder.hpp
[1.181s] -- Up-to-date symlink: /home/kadowaki/realsense_ws/install/realsense2_camera_msgs/include/realsense2_camera_msgs/realsense2_camera_msgs/action/detail/triggered_calibration__struct.hpp
[1.181s] -- Up-to-date symlink: /home/kadowaki/realsense_ws/install/realsense2_camera_msgs/include/realsense2_camera_msgs/realsense2_camera_msgs/action/detail/triggered_calibration__traits.hpp
[1.181s] -- Up-to-date symlink: /home/kadowaki/realsense_ws/install/realsense2_camera_msgs/include/realsense2_camera_msgs/realsense2_camera_msgs/action/detail/triggered_calibration__type_support.hpp
[1.181s] -- Up-to-date symlink: /home/kadowaki/realsense_ws/install/realsense2_camera_msgs/include/realsense2_camera_msgs/realsense2_camera_msgs/action/triggered_calibration.hpp
[1.181s] -- Up-to-date symlink: /home/kadowaki/realsense_ws/install/realsense2_camera_msgs/include/realsense2_camera_msgs/realsense2_camera_msgs/msg/detail/extrinsics__builder.hpp
[1.181s] -- Up-to-date symlink: /home/kadowaki/realsense_ws/install/realsense2_camera_msgs/include/realsense2_camera_msgs/realsense2_camera_msgs/msg/detail/extrinsics__struct.hpp
[1.181s] -- Up-to-date symlink: /home/kadowaki/realsense_ws/install/realsense2_camera_msgs/include/realsense2_camera_msgs/realsense2_camera_msgs/msg/detail/extrinsics__traits.hpp
[1.181s] -- Up-to-date symlink: /home/kadowaki/realsense_ws/install/realsense2_camera_msgs/include/realsense2_camera_msgs/realsense2_camera_msgs/msg/detail/extrinsics__type_support.hpp
[1.181s] -- Up-to-date symlink: /home/kadowaki/realsense_ws/install/realsense2_camera_msgs/include/realsense2_camera_msgs/realsense2_camera_msgs/msg/detail/imu_info__builder.hpp
[1.181s] -- Up-to-date symlink: /home/kadowaki/realsense_ws/install/realsense2_camera_msgs/include/realsense2_camera_msgs/realsense2_camera_msgs/msg/detail/imu_info__struct.hpp
[1.181s] -- Up-to-date symlink: /home/kadowaki/realsense_ws/install/realsense2_camera_msgs/include/realsense2_camera_msgs/realsense2_camera_msgs/msg/detail/imu_info__traits.hpp
[1.182s] -- Up-to-date symlink: /home/kadowaki/realsense_ws/install/realsense2_camera_msgs/include/realsense2_camera_msgs/realsense2_camera_msgs/msg/detail/imu_info__type_support.hpp
[1.182s] -- Up-to-date symlink: /home/kadowaki/realsense_ws/install/realsense2_camera_msgs/include/realsense2_camera_msgs/realsense2_camera_msgs/msg/detail/metadata__builder.hpp
[1.182s] -- Up-to-date symlink: /home/kadowaki/realsense_ws/install/realsense2_camera_msgs/include/realsense2_camera_msgs/realsense2_camera_msgs/msg/detail/metadata__struct.hpp
[1.182s] -- Up-to-date symlink: /home/kadowaki/realsense_ws/install/realsense2_camera_msgs/include/realsense2_camera_msgs/realsense2_camera_msgs/msg/detail/metadata__traits.hpp
[1.182s] -- Up-to-date symlink: /home/kadowaki/realsense_ws/install/realsense2_camera_msgs/include/realsense2_camera_msgs/realsense2_camera_msgs/msg/detail/metadata__type_support.hpp
[1.182s] -- Up-to-date symlink: /home/kadowaki/realsense_ws/install/realsense2_camera_msgs/include/realsense2_camera_msgs/realsense2_camera_msgs/msg/detail/rgbd__builder.hpp
[1.182s] -- Up-to-date symlink: /home/kadowaki/realsense_ws/install/realsense2_camera_msgs/include/realsense2_camera_msgs/realsense2_camera_msgs/msg/detail/rgbd__struct.hpp
[1.182s] -- Up-to-date symlink: /home/kadowaki/realsense_ws/install/realsense2_camera_msgs/include/realsense2_camera_msgs/realsense2_camera_msgs/msg/detail/rgbd__traits.hpp
[1.182s] -- Up-to-date symlink: /home/kadowaki/realsense_ws/install/realsense2_camera_msgs/include/realsense2_camera_msgs/realsense2_camera_msgs/msg/detail/rgbd__type_support.hpp
[1.182s] -- Up-to-date symlink: /home/kadowaki/realsense_ws/install/realsense2_camera_msgs/include/realsense2_camera_msgs/realsense2_camera_msgs/msg/extrinsics.hpp
[1.182s] -- Up-to-date symlink: /home/kadowaki/realsense_ws/install/realsense2_camera_msgs/include/realsense2_camera_msgs/realsense2_camera_msgs/msg/imu_info.hpp
[1.182s] -- Up-to-date symlink: /home/kadowaki/realsense_ws/install/realsense2_camera_msgs/include/realsense2_camera_msgs/realsense2_camera_msgs/msg/metadata.hpp
[1.182s] -- Up-to-date symlink: /home/kadowaki/realsense_ws/install/realsense2_camera_msgs/include/realsense2_camera_msgs/realsense2_camera_msgs/msg/rgbd.hpp
[1.182s] -- Up-to-date symlink: /home/kadowaki/realsense_ws/install/realsense2_camera_msgs/include/realsense2_camera_msgs/realsense2_camera_msgs/msg/rosidl_generator_cpp__visibility_control.hpp
[1.182s] -- Up-to-date symlink: /home/kadowaki/realsense_ws/install/realsense2_camera_msgs/include/realsense2_camera_msgs/realsense2_camera_msgs/srv/calib_config_read.hpp
[1.182s] -- Up-to-date symlink: /home/kadowaki/realsense_ws/install/realsense2_camera_msgs/include/realsense2_camera_msgs/realsense2_camera_msgs/srv/calib_config_write.hpp
[1.182s] -- Up-to-date symlink: /home/kadowaki/realsense_ws/install/realsense2_camera_msgs/include/realsense2_camera_msgs/realsense2_camera_msgs/srv/detail/calib_config_read__builder.hpp
[1.182s] -- Up-to-date symlink: /home/kadowaki/realsense_ws/install/realsense2_camera_msgs/include/realsense2_camera_msgs/realsense2_camera_msgs/srv/detail/calib_config_read__struct.hpp
[1.182s] -- Up-to-date symlink: /home/kadowaki/realsense_ws/install/realsense2_camera_msgs/include/realsense2_camera_msgs/realsense2_camera_msgs/srv/detail/calib_config_read__traits.hpp
[1.183s] -- Up-to-date symlink: /home/kadowaki/realsense_ws/install/realsense2_camera_msgs/include/realsense2_camera_msgs/realsense2_camera_msgs/srv/detail/calib_config_read__type_support.hpp
[1.183s] -- Up-to-date symlink: /home/kadowaki/realsense_ws/install/realsense2_camera_msgs/include/realsense2_camera_msgs/realsense2_camera_msgs/srv/detail/calib_config_write__builder.hpp
[1.183s] -- Up-to-date symlink: /home/kadowaki/realsense_ws/install/realsense2_camera_msgs/include/realsense2_camera_msgs/realsense2_camera_msgs/srv/detail/calib_config_write__struct.hpp
[1.183s] -- Up-to-date symlink: /home/kadowaki/realsense_ws/install/realsense2_camera_msgs/include/realsense2_camera_msgs/realsense2_camera_msgs/srv/detail/calib_config_write__traits.hpp
[1.183s] -- Up-to-date symlink: /home/kadowaki/realsense_ws/install/realsense2_camera_msgs/include/realsense2_camera_msgs/realsense2_camera_msgs/srv/detail/calib_config_write__type_support.hpp
[1.183s] -- Up-to-date symlink: /home/kadowaki/realsense_ws/install/realsense2_camera_msgs/include/realsense2_camera_msgs/realsense2_camera_msgs/srv/detail/device_info__builder.hpp
[1.183s] -- Up-to-date symlink: /home/kadowaki/realsense_ws/install/realsense2_camera_msgs/include/realsense2_camera_msgs/realsense2_camera_msgs/srv/detail/device_info__struct.hpp
[1.183s] -- Up-to-date symlink: /home/kadowaki/realsense_ws/install/realsense2_camera_msgs/include/realsense2_camera_msgs/realsense2_camera_msgs/srv/detail/device_info__traits.hpp
[1.183s] -- Up-to-date symlink: /home/kadowaki/realsense_ws/install/realsense2_camera_msgs/include/realsense2_camera_msgs/realsense2_camera_msgs/srv/detail/device_info__type_support.hpp
[1.183s] -- Up-to-date symlink: /home/kadowaki/realsense_ws/install/realsense2_camera_msgs/include/realsense2_camera_msgs/realsense2_camera_msgs/srv/device_info.hpp
[1.184s] -- Up-to-date symlink: /home/kadowaki/realsense_ws/install/realsense2_camera_msgs/include/realsense2_camera_msgs/realsense2_camera_msgs/action/detail/triggered_calibration__rosidl_typesupport_fastrtps_cpp.hpp
[1.184s] -- Up-to-date symlink: /home/kadowaki/realsense_ws/install/realsense2_camera_msgs/include/realsense2_camera_msgs/realsense2_camera_msgs/msg/detail/extrinsics__rosidl_typesupport_fastrtps_cpp.hpp
[1.184s] -- Up-to-date symlink: /home/kadowaki/realsense_ws/install/realsense2_camera_msgs/include/realsense2_camera_msgs/realsense2_camera_msgs/msg/detail/imu_info__rosidl_typesupport_fastrtps_cpp.hpp
[1.184s] -- Up-to-date symlink: /home/kadowaki/realsense_ws/install/realsense2_camera_msgs/include/realsense2_camera_msgs/realsense2_camera_msgs/msg/detail/metadata__rosidl_typesupport_fastrtps_cpp.hpp
[1.184s] -- Up-to-date symlink: /home/kadowaki/realsense_ws/install/realsense2_camera_msgs/include/realsense2_camera_msgs/realsense2_camera_msgs/msg/detail/rgbd__rosidl_typesupport_fastrtps_cpp.hpp
[1.184s] -- Up-to-date symlink: /home/kadowaki/realsense_ws/install/realsense2_camera_msgs/include/realsense2_camera_msgs/realsense2_camera_msgs/msg/rosidl_typesupport_fastrtps_cpp__visibility_control.h
[1.184s] -- Up-to-date symlink: /home/kadowaki/realsense_ws/install/realsense2_camera_msgs/include/realsense2_camera_msgs/realsense2_camera_msgs/srv/detail/calib_config_read__rosidl_typesupport_fastrtps_cpp.hpp
[1.184s] -- Up-to-date symlink: /home/kadowaki/realsense_ws/install/realsense2_camera_msgs/include/realsense2_camera_msgs/realsense2_camera_msgs/srv/detail/calib_config_write__rosidl_typesupport_fastrtps_cpp.hpp
[1.184s] -- Up-to-date symlink: /home/kadowaki/realsense_ws/install/realsense2_camera_msgs/include/realsense2_camera_msgs/realsense2_camera_msgs/srv/detail/device_info__rosidl_typesupport_fastrtps_cpp.hpp
[1.184s] -- Up-to-date symlink: /home/kadowaki/realsense_ws/install/realsense2_camera_msgs/include/realsense2_camera_msgs/realsense2_camera_msgs/action/detail/triggered_calibration__rosidl_typesupport_introspection_cpp.hpp
[1.185s] -- Up-to-date symlink: /home/kadowaki/realsense_ws/install/realsense2_camera_msgs/include/realsense2_camera_msgs/realsense2_camera_msgs/msg/detail/extrinsics__rosidl_typesupport_introspection_cpp.hpp
[1.185s] -- Up-to-date symlink: /home/kadowaki/realsense_ws/install/realsense2_camera_msgs/include/realsense2_camera_msgs/realsense2_camera_msgs/msg/detail/imu_info__rosidl_typesupport_introspection_cpp.hpp
[1.185s] -- Up-to-date symlink: /home/kadowaki/realsense_ws/install/realsense2_camera_msgs/include/realsense2_camera_msgs/realsense2_camera_msgs/msg/detail/metadata__rosidl_typesupport_introspection_cpp.hpp
[1.185s] -- Up-to-date symlink: /home/kadowaki/realsense_ws/install/realsense2_camera_msgs/include/realsense2_camera_msgs/realsense2_camera_msgs/msg/detail/rgbd__rosidl_typesupport_introspection_cpp.hpp
[1.185s] -- Up-to-date symlink: /home/kadowaki/realsense_ws/install/realsense2_camera_msgs/include/realsense2_camera_msgs/realsense2_camera_msgs/srv/detail/calib_config_read__rosidl_typesupport_introspection_cpp.hpp
[1.185s] -- Up-to-date symlink: /home/kadowaki/realsense_ws/install/realsense2_camera_msgs/include/realsense2_camera_msgs/realsense2_camera_msgs/srv/detail/calib_config_write__rosidl_typesupport_introspection_cpp.hpp
[1.185s] -- Up-to-date symlink: /home/kadowaki/realsense_ws/install/realsense2_camera_msgs/include/realsense2_camera_msgs/realsense2_camera_msgs/srv/detail/device_info__rosidl_typesupport_introspection_cpp.hpp
[1.185s] -- Up-to-date symlink: /home/kadowaki/realsense_ws/install/realsense2_camera_msgs/share/realsense2_camera_msgs/environment/pythonpath.sh
[1.185s] -- Up-to-date symlink: /home/kadowaki/realsense_ws/install/realsense2_camera_msgs/share/realsense2_camera_msgs/environment/pythonpath.dsv
[1.185s] -- Up-to-date symlink: /home/kadowaki/realsense_ws/install/realsense2_camera_msgs/local/lib/python3.10/dist-packages/realsense2_camera_msgs-4.56.4-py3.10.egg-info/PKG-INFO
[1.185s] -- Up-to-date symlink: /home/kadowaki/realsense_ws/install/realsense2_camera_msgs/local/lib/python3.10/dist-packages/realsense2_camera_msgs-4.56.4-py3.10.egg-info/SOURCES.txt
[1.185s] -- Up-to-date symlink: /home/kadowaki/realsense_ws/install/realsense2_camera_msgs/local/lib/python3.10/dist-packages/realsense2_camera_msgs-4.56.4-py3.10.egg-info/dependency_links.txt
[1.185s] -- Up-to-date symlink: /home/kadowaki/realsense_ws/install/realsense2_camera_msgs/local/lib/python3.10/dist-packages/realsense2_camera_msgs-4.56.4-py3.10.egg-info/top_level.txt
[1.186s] -- Up-to-date symlink: /home/kadowaki/realsense_ws/install/realsense2_camera_msgs/local/lib/python3.10/dist-packages/realsense2_camera_msgs/__init__.py
[1.186s] -- Up-to-date symlink: /home/kadowaki/realsense_ws/install/realsense2_camera_msgs/local/lib/python3.10/dist-packages/realsense2_camera_msgs/_realsense2_camera_msgs_s.ep.rosidl_typesupport_c.c
[1.186s] -- Up-to-date symlink: /home/kadowaki/realsense_ws/install/realsense2_camera_msgs/local/lib/python3.10/dist-packages/realsense2_camera_msgs/_realsense2_camera_msgs_s.ep.rosidl_typesupport_fastrtps_c.c
[1.186s] -- Up-to-date symlink: /home/kadowaki/realsense_ws/install/realsense2_camera_msgs/local/lib/python3.10/dist-packages/realsense2_camera_msgs/_realsense2_camera_msgs_s.ep.rosidl_typesupport_introspection_c.c
[1.186s] -- Up-to-date symlink: /home/kadowaki/realsense_ws/install/realsense2_camera_msgs/local/lib/python3.10/dist-packages/realsense2_camera_msgs/action/__init__.py
[1.186s] -- Up-to-date symlink: /home/kadowaki/realsense_ws/install/realsense2_camera_msgs/local/lib/python3.10/dist-packages/realsense2_camera_msgs/action/_triggered_calibration.py
[1.186s] -- Up-to-date symlink: /home/kadowaki/realsense_ws/install/realsense2_camera_msgs/local/lib/python3.10/dist-packages/realsense2_camera_msgs/action/_triggered_calibration_s.c
[1.186s] -- Up-to-date symlink: /home/kadowaki/realsense_ws/install/realsense2_camera_msgs/local/lib/python3.10/dist-packages/realsense2_camera_msgs/librealsense2_camera_msgs__rosidl_generator_py.so
[1.186s] -- Up-to-date symlink: /home/kadowaki/realsense_ws/install/realsense2_camera_msgs/local/lib/python3.10/dist-packages/realsense2_camera_msgs/msg/__init__.py
[1.186s] -- Up-to-date symlink: /home/kadowaki/realsense_ws/install/realsense2_camera_msgs/local/lib/python3.10/dist-packages/realsense2_camera_msgs/msg/_extrinsics.py
[1.186s] -- Up-to-date symlink: /home/kadowaki/realsense_ws/install/realsense2_camera_msgs/local/lib/python3.10/dist-packages/realsense2_camera_msgs/msg/_extrinsics_s.c
[1.186s] -- Up-to-date symlink: /home/kadowaki/realsense_ws/install/realsense2_camera_msgs/local/lib/python3.10/dist-packages/realsense2_camera_msgs/msg/_imu_info.py
[1.186s] -- Up-to-date symlink: /home/kadowaki/realsense_ws/install/realsense2_camera_msgs/local/lib/python3.10/dist-packages/realsense2_camera_msgs/msg/_imu_info_s.c
[1.186s] -- Up-to-date symlink: /home/kadowaki/realsense_ws/install/realsense2_camera_msgs/local/lib/python3.10/dist-packages/realsense2_camera_msgs/msg/_metadata.py
[1.186s] -- Up-to-date symlink: /home/kadowaki/realsense_ws/install/realsense2_camera_msgs/local/lib/python3.10/dist-packages/realsense2_camera_msgs/msg/_metadata_s.c
[1.186s] -- Up-to-date symlink: /home/kadowaki/realsense_ws/install/realsense2_camera_msgs/local/lib/python3.10/dist-packages/realsense2_camera_msgs/msg/_rgbd.py
[1.186s] -- Up-to-date symlink: /home/kadowaki/realsense_ws/install/realsense2_camera_msgs/local/lib/python3.10/dist-packages/realsense2_camera_msgs/msg/_rgbd_s.c
[1.187s] -- Up-to-date symlink: /home/kadowaki/realsense_ws/install/realsense2_camera_msgs/local/lib/python3.10/dist-packages/realsense2_camera_msgs/realsense2_camera_msgs_s__rosidl_typesupport_c.cpython-310-x86_64-linux-gnu.so
[1.187s] -- Up-to-date symlink: /home/kadowaki/realsense_ws/install/realsense2_camera_msgs/local/lib/python3.10/dist-packages/realsense2_camera_msgs/realsense2_camera_msgs_s__rosidl_typesupport_fastrtps_c.cpython-310-x86_64-linux-gnu.so
[1.187s] -- Up-to-date symlink: /home/kadowaki/realsense_ws/install/realsense2_camera_msgs/local/lib/python3.10/dist-packages/realsense2_camera_msgs/realsense2_camera_msgs_s__rosidl_typesupport_introspection_c.cpython-310-x86_64-linux-gnu.so
[1.187s] -- Up-to-date symlink: /home/kadowaki/realsense_ws/install/realsense2_camera_msgs/local/lib/python3.10/dist-packages/realsense2_camera_msgs/srv/__init__.py
[1.187s] -- Up-to-date symlink: /home/kadowaki/realsense_ws/install/realsense2_camera_msgs/local/lib/python3.10/dist-packages/realsense2_camera_msgs/srv/_calib_config_read.py
[1.187s] -- Up-to-date symlink: /home/kadowaki/realsense_ws/install/realsense2_camera_msgs/local/lib/python3.10/dist-packages/realsense2_camera_msgs/srv/_calib_config_read_s.c
[1.187s] -- Up-to-date symlink: /home/kadowaki/realsense_ws/install/realsense2_camera_msgs/local/lib/python3.10/dist-packages/realsense2_camera_msgs/srv/_calib_config_write.py
[1.187s] -- Up-to-date symlink: /home/kadowaki/realsense_ws/install/realsense2_camera_msgs/local/lib/python3.10/dist-packages/realsense2_camera_msgs/srv/_calib_config_write_s.c
[1.187s] -- Up-to-date symlink: /home/kadowaki/realsense_ws/install/realsense2_camera_msgs/local/lib/python3.10/dist-packages/realsense2_camera_msgs/srv/_device_info.py
[1.187s] -- Up-to-date symlink: /home/kadowaki/realsense_ws/install/realsense2_camera_msgs/local/lib/python3.10/dist-packages/realsense2_camera_msgs/srv/_device_info_s.c
[1.187s] -- Up-to-date symlink: /home/kadowaki/realsense_ws/install/realsense2_camera_msgs/local/lib/python3.10/dist-packages/realsense2_camera_msgs/realsense2_camera_msgs_s__rosidl_typesupport_fastrtps_c.cpython-310-x86_64-linux-gnu.so
[1.187s] -- Up-to-date symlink: /home/kadowaki/realsense_ws/install/realsense2_camera_msgs/local/lib/python3.10/dist-packages/realsense2_camera_msgs/realsense2_camera_msgs_s__rosidl_typesupport_introspection_c.cpython-310-x86_64-linux-gnu.so
[1.188s] -- Up-to-date symlink: /home/kadowaki/realsense_ws/install/realsense2_camera_msgs/local/lib/python3.10/dist-packages/realsense2_camera_msgs/realsense2_camera_msgs_s__rosidl_typesupport_c.cpython-310-x86_64-linux-gnu.so
[1.188s] -- Up-to-date symlink: /home/kadowaki/realsense_ws/install/realsense2_camera_msgs/share/realsense2_camera_msgs/msg/IMUInfo.idl
[1.188s] -- Up-to-date symlink: /home/kadowaki/realsense_ws/install/realsense2_camera_msgs/share/realsense2_camera_msgs/msg/Extrinsics.idl
[1.188s] -- Up-to-date symlink: /home/kadowaki/realsense_ws/install/realsense2_camera_msgs/share/realsense2_camera_msgs/msg/Metadata.idl
[1.188s] -- Up-to-date symlink: /home/kadowaki/realsense_ws/install/realsense2_camera_msgs/share/realsense2_camera_msgs/msg/RGBD.idl
[1.188s] -- Up-to-date symlink: /home/kadowaki/realsense_ws/install/realsense2_camera_msgs/share/realsense2_camera_msgs/srv/DeviceInfo.idl
[1.188s] -- Up-to-date symlink: /home/kadowaki/realsense_ws/install/realsense2_camera_msgs/share/realsense2_camera_msgs/srv/CalibConfigRead.idl
[1.188s] -- Up-to-date symlink: /home/kadowaki/realsense_ws/install/realsense2_camera_msgs/share/realsense2_camera_msgs/srv/CalibConfigWrite.idl
[1.188s] -- Up-to-date symlink: /home/kadowaki/realsense_ws/install/realsense2_camera_msgs/share/realsense2_camera_msgs/action/TriggeredCalibration.idl
[1.188s] -- Up-to-date symlink: /home/kadowaki/realsense_ws/install/realsense2_camera_msgs/share/realsense2_camera_msgs/msg/IMUInfo.msg
[1.188s] -- Up-to-date symlink: /home/kadowaki/realsense_ws/install/realsense2_camera_msgs/share/realsense2_camera_msgs/msg/Extrinsics.msg
[1.188s] -- Up-to-date symlink: /home/kadowaki/realsense_ws/install/realsense2_camera_msgs/share/realsense2_camera_msgs/msg/Metadata.msg
[1.188s] -- Up-to-date symlink: /home/kadowaki/realsense_ws/install/realsense2_camera_msgs/share/realsense2_camera_msgs/msg/RGBD.msg
[1.188s] -- Up-to-date symlink: /home/kadowaki/realsense_ws/install/realsense2_camera_msgs/share/realsense2_camera_msgs/srv/DeviceInfo.srv
[1.188s] -- Up-to-date symlink: /home/kadowaki/realsense_ws/install/realsense2_camera_msgs/share/realsense2_camera_msgs/srv/DeviceInfo_Request.msg
[1.189s] -- Up-to-date symlink: /home/kadowaki/realsense_ws/install/realsense2_camera_msgs/share/realsense2_camera_msgs/srv/DeviceInfo_Response.msg
[1.189s] -- Up-to-date symlink: /home/kadowaki/realsense_ws/install/realsense2_camera_msgs/share/realsense2_camera_msgs/srv/CalibConfigRead.srv
[1.189s] -- Up-to-date symlink: /home/kadowaki/realsense_ws/install/realsense2_camera_msgs/share/realsense2_camera_msgs/srv/CalibConfigRead_Request.msg
[1.189s] -- Up-to-date symlink: /home/kadowaki/realsense_ws/install/realsense2_camera_msgs/share/realsense2_camera_msgs/srv/CalibConfigRead_Response.msg
[1.189s] -- Up-to-date symlink: /home/kadowaki/realsense_ws/install/realsense2_camera_msgs/share/realsense2_camera_msgs/srv/CalibConfigWrite.srv
[1.189s] -- Up-to-date symlink: /home/kadowaki/realsense_ws/install/realsense2_camera_msgs/share/realsense2_camera_msgs/srv/CalibConfigWrite_Request.msg
[1.189s] -- Up-to-date symlink: /home/kadowaki/realsense_ws/install/realsense2_camera_msgs/share/realsense2_camera_msgs/srv/CalibConfigWrite_Response.msg
[1.189s] -- Up-to-date symlink: /home/kadowaki/realsense_ws/install/realsense2_camera_msgs/share/realsense2_camera_msgs/action/TriggeredCalibration.action
[1.189s] -- Up-to-date symlink: /home/kadowaki/realsense_ws/install/realsense2_camera_msgs/share/ament_index/resource_index/package_run_dependencies/realsense2_camera_msgs
[1.189s] -- Up-to-date symlink: /home/kadowaki/realsense_ws/install/realsense2_camera_msgs/share/ament_index/resource_index/parent_prefix_path/realsense2_camera_msgs
[1.189s] -- Up-to-date symlink: /home/kadowaki/realsense_ws/install/realsense2_camera_msgs/share/realsense2_camera_msgs/environment/ament_prefix_path.sh
[1.189s] -- Up-to-date symlink: /home/kadowaki/realsense_ws/install/realsense2_camera_msgs/share/realsense2_camera_msgs/environment/ament_prefix_path.dsv
[1.189s] -- Up-to-date symlink: /home/kadowaki/realsense_ws/install/realsense2_camera_msgs/share/realsense2_camera_msgs/environment/path.sh
[1.189s] -- Up-to-date symlink: /home/kadowaki/realsense_ws/install/realsense2_camera_msgs/share/realsense2_camera_msgs/environment/path.dsv
[1.189s] -- Up-to-date symlink: /home/kadowaki/realsense_ws/install/realsense2_camera_msgs/share/realsense2_camera_msgs/local_setup.bash
[1.190s] -- Up-to-date symlink: /home/kadowaki/realsense_ws/install/realsense2_camera_msgs/share/realsense2_camera_msgs/local_setup.sh
[1.190s] -- Up-to-date symlink: /home/kadowaki/realsense_ws/install/realsense2_camera_msgs/share/realsense2_camera_msgs/local_setup.zsh
[1.190s] -- Up-to-date symlink: /home/kadowaki/realsense_ws/install/realsense2_camera_msgs/share/realsense2_camera_msgs/local_setup.dsv
[1.190s] -- Symlinking: /home/kadowaki/realsense_ws/install/realsense2_camera_msgs/share/realsense2_camera_msgs/package.dsv
[1.194s] -- Up-to-date symlink: /home/kadowaki/realsense_ws/install/realsense2_camera_msgs/share/ament_index/resource_index/packages/realsense2_camera_msgs
[1.194s] -- Up-to-date symlink: /home/kadowaki/realsense_ws/install/realsense2_camera_msgs/share/realsense2_camera_msgs/cmake/rosidl_cmake-extras.cmake
[1.194s] -- Up-to-date symlink: /home/kadowaki/realsense_ws/install/realsense2_camera_msgs/share/realsense2_camera_msgs/cmake/ament_cmake_export_dependencies-extras.cmake
[1.194s] -- Up-to-date symlink: /home/kadowaki/realsense_ws/install/realsense2_camera_msgs/share/realsense2_camera_msgs/cmake/ament_cmake_export_include_directories-extras.cmake
[1.194s] -- Up-to-date symlink: /home/kadowaki/realsense_ws/install/realsense2_camera_msgs/share/realsense2_camera_msgs/cmake/ament_cmake_export_libraries-extras.cmake
[1.195s] -- Up-to-date symlink: /home/kadowaki/realsense_ws/install/realsense2_camera_msgs/share/realsense2_camera_msgs/cmake/ament_cmake_export_targets-extras.cmake
[1.195s] -- Up-to-date symlink: /home/kadowaki/realsense_ws/install/realsense2_camera_msgs/share/realsense2_camera_msgs/cmake/rosidl_cmake_export_typesupport_targets-extras.cmake
[1.195s] -- Up-to-date symlink: /home/kadowaki/realsense_ws/install/realsense2_camera_msgs/share/realsense2_camera_msgs/cmake/rosidl_cmake_export_typesupport_libraries-extras.cmake
[1.195s] -- Up-to-date symlink: /home/kadowaki/realsense_ws/install/realsense2_camera_msgs/share/realsense2_camera_msgs/cmake/realsense2_camera_msgsConfig.cmake
[1.195s] -- Up-to-date symlink: /home/kadowaki/realsense_ws/install/realsense2_camera_msgs/share/realsense2_camera_msgs/cmake/realsense2_camera_msgsConfig-version.cmake
[1.195s] -- Up-to-date symlink: /home/kadowaki/realsense_ws/install/realsense2_camera_msgs/share/realsense2_camera_msgs/package.xml
[1.196s] -- Installing: /home/kadowaki/realsense_ws/install/realsense2_camera_msgs/lib/librealsense2_camera_msgs__rosidl_generator_c.so
[1.196s] -- Set runtime path of "/home/kadowaki/realsense_ws/install/realsense2_camera_msgs/lib/librealsense2_camera_msgs__rosidl_generator_c.so" to ""
[1.196s] -- Installing: /home/kadowaki/realsense_ws/install/realsense2_camera_msgs/lib/librealsense2_camera_msgs__rosidl_typesupport_fastrtps_c.so
[1.196s] -- Set runtime path of "/home/kadowaki/realsense_ws/install/realsense2_camera_msgs/lib/librealsense2_camera_msgs__rosidl_typesupport_fastrtps_c.so" to ""
[1.196s] -- Installing: /home/kadowaki/realsense_ws/install/realsense2_camera_msgs/lib/librealsense2_camera_msgs__rosidl_typesupport_introspection_c.so
[1.197s] -- Set runtime path of "/home/kadowaki/realsense_ws/install/realsense2_camera_msgs/lib/librealsense2_camera_msgs__rosidl_typesupport_introspection_c.so" to ""
[1.197s] -- Installing: /home/kadowaki/realsense_ws/install/realsense2_camera_msgs/lib/librealsense2_camera_msgs__rosidl_typesupport_c.so
[1.197s] -- Set runtime path of "/home/kadowaki/realsense_ws/install/realsense2_camera_msgs/lib/librealsense2_camera_msgs__rosidl_typesupport_c.so" to ""
[1.197s] -- Installing: /home/kadowaki/realsense_ws/install/realsense2_camera_msgs/lib/librealsense2_camera_msgs__rosidl_typesupport_fastrtps_cpp.so
[1.198s] -- Set runtime path of "/home/kadowaki/realsense_ws/install/realsense2_camera_msgs/lib/librealsense2_camera_msgs__rosidl_typesupport_fastrtps_cpp.so" to ""
[1.198s] -- Installing: /home/kadowaki/realsense_ws/install/realsense2_camera_msgs/lib/librealsense2_camera_msgs__rosidl_typesupport_introspection_cpp.so
[1.198s] -- Set runtime path of "/home/kadowaki/realsense_ws/install/realsense2_camera_msgs/lib/librealsense2_camera_msgs__rosidl_typesupport_introspection_cpp.so" to ""
[1.198s] -- Installing: /home/kadowaki/realsense_ws/install/realsense2_camera_msgs/lib/librealsense2_camera_msgs__rosidl_typesupport_cpp.so
[1.198s] -- Set runtime path of "/home/kadowaki/realsense_ws/install/realsense2_camera_msgs/lib/librealsense2_camera_msgs__rosidl_typesupport_cpp.so" to ""
[1.217s] Listing '/home/kadowaki/realsense_ws/install/realsense2_camera_msgs/local/lib/python3.10/dist-packages/realsense2_camera_msgs'...
[1.217s] Listing '/home/kadowaki/realsense_ws/install/realsense2_camera_msgs/local/lib/python3.10/dist-packages/realsense2_camera_msgs/action'...
[1.217s] Listing '/home/kadowaki/realsense_ws/install/realsense2_camera_msgs/local/lib/python3.10/dist-packages/realsense2_camera_msgs/msg'...
[1.217s] Listing '/home/kadowaki/realsense_ws/install/realsense2_camera_msgs/local/lib/python3.10/dist-packages/realsense2_camera_msgs/srv'...
[1.219s] -- Installing: /home/kadowaki/realsense_ws/install/realsense2_camera_msgs/lib/librealsense2_camera_msgs__rosidl_generator_py.so
[1.220s] -- Set runtime path of "/home/kadowaki/realsense_ws/install/realsense2_camera_msgs/lib/librealsense2_camera_msgs__rosidl_generator_py.so" to ""
[1.220s] -- Up-to-date: /home/kadowaki/realsense_ws/install/realsense2_camera_msgs/share/realsense2_camera_msgs/cmake/export_realsense2_camera_msgs__rosidl_generator_cExport.cmake
[1.220s] -- Up-to-date: /home/kadowaki/realsense_ws/install/realsense2_camera_msgs/share/realsense2_camera_msgs/cmake/export_realsense2_camera_msgs__rosidl_generator_cExport-noconfig.cmake
[1.220s] -- Up-to-date: /home/kadowaki/realsense_ws/install/realsense2_camera_msgs/share/realsense2_camera_msgs/cmake/export_realsense2_camera_msgs__rosidl_typesupport_fastrtps_cExport.cmake
[1.220s] -- Up-to-date: /home/kadowaki/realsense_ws/install/realsense2_camera_msgs/share/realsense2_camera_msgs/cmake/export_realsense2_camera_msgs__rosidl_typesupport_fastrtps_cExport-noconfig.cmake
[1.220s] -- Up-to-date: /home/kadowaki/realsense_ws/install/realsense2_camera_msgs/share/realsense2_camera_msgs/cmake/realsense2_camera_msgs__rosidl_typesupport_introspection_cExport.cmake
[1.220s] -- Up-to-date: /home/kadowaki/realsense_ws/install/realsense2_camera_msgs/share/realsense2_camera_msgs/cmake/realsense2_camera_msgs__rosidl_typesupport_introspection_cExport-noconfig.cmake
[1.220s] -- Up-to-date: /home/kadowaki/realsense_ws/install/realsense2_camera_msgs/share/realsense2_camera_msgs/cmake/realsense2_camera_msgs__rosidl_typesupport_cExport.cmake
[1.220s] -- Up-to-date: /home/kadowaki/realsense_ws/install/realsense2_camera_msgs/share/realsense2_camera_msgs/cmake/realsense2_camera_msgs__rosidl_typesupport_cExport-noconfig.cmake
[1.220s] -- Up-to-date: /home/kadowaki/realsense_ws/install/realsense2_camera_msgs/share/realsense2_camera_msgs/cmake/export_realsense2_camera_msgs__rosidl_generator_cppExport.cmake
[1.221s] -- Up-to-date: /home/kadowaki/realsense_ws/install/realsense2_camera_msgs/share/realsense2_camera_msgs/cmake/export_realsense2_camera_msgs__rosidl_typesupport_fastrtps_cppExport.cmake
[1.221s] -- Up-to-date: /home/kadowaki/realsense_ws/install/realsense2_camera_msgs/share/realsense2_camera_msgs/cmake/export_realsense2_camera_msgs__rosidl_typesupport_fastrtps_cppExport-noconfig.cmake
[1.221s] -- Up-to-date: /home/kadowaki/realsense_ws/install/realsense2_camera_msgs/share/realsense2_camera_msgs/cmake/realsense2_camera_msgs__rosidl_typesupport_introspection_cppExport.cmake
[1.221s] -- Up-to-date: /home/kadowaki/realsense_ws/install/realsense2_camera_msgs/share/realsense2_camera_msgs/cmake/realsense2_camera_msgs__rosidl_typesupport_introspection_cppExport-noconfig.cmake
[1.221s] -- Up-to-date: /home/kadowaki/realsense_ws/install/realsense2_camera_msgs/share/realsense2_camera_msgs/cmake/realsense2_camera_msgs__rosidl_typesupport_cppExport.cmake
[1.221s] -- Up-to-date: /home/kadowaki/realsense_ws/install/realsense2_camera_msgs/share/realsense2_camera_msgs/cmake/realsense2_camera_msgs__rosidl_typesupport_cppExport-noconfig.cmake
[1.221s] -- Up-to-date: /home/kadowaki/realsense_ws/install/realsense2_camera_msgs/share/realsense2_camera_msgs/cmake/export_realsense2_camera_msgs__rosidl_generator_pyExport.cmake
[1.221s] -- Up-to-date: /home/kadowaki/realsense_ws/install/realsense2_camera_msgs/share/realsense2_camera_msgs/cmake/export_realsense2_camera_msgs__rosidl_generator_pyExport-noconfig.cmake
[1.222s] Invoked command in '/home/kadowaki/realsense_ws/build/realsense2_camera_msgs' returned '0': CMAKE_PREFIX_PATH=${CMAKE_PREFIX_PATH}:/home/kadowaki/realsense_ws/install/obstacle_stop:/home/kadowaki/install/obstacle_stop:/opt/ros/humble /usr/bin/cmake --install /home/kadowaki/realsense_ws/build/realsense2_camera_msgs
