[0.061s] DEBUG:colcon:Command line arguments: ['/home/kadowaki/.local/bin/colcon', 'build', '--symlink-install', '--packages-select', 'pointcloud_tools']
[0.061s] DEBUG:colcon:Parsed command line arguments: Namespace(log_base=None, log_level=None, verb_name='build', build_base='build', install_base='install', merge_install=False, symlink_install=True, test_result_base=None, continue_on_error=False, executor='parallel', parallel_workers=24, event_handlers=None, ignore_user_meta=False, metas=['./colcon.meta'], base_paths=['.'], packages_ignore=None, packages_ignore_regex=None, paths=None, packages_up_to=None, packages_up_to_regex=None, packages_above=None, packages_above_and_dependencies=None, packages_above_depth=None, packages_select_by_dep=None, packages_skip_by_dep=None, packages_skip_up_to=None, packages_select_build_failed=False, packages_skip_build_finished=False, packages_select_test_failures=False, packages_skip_test_passed=False, packages_select=['pointcloud_tools'], packages_skip=None, packages_select_regex=None, packages_skip_regex=None, packages_start=None, packages_end=None, allow_overriding=[], cmake_args=None, cmake_target=None, cmake_target_skip_unavailable=False, cmake_clean_cache=False, cmake_clean_first=False, cmake_force_configure=False, ament_cmake_args=None, catkin_cmake_args=None, catkin_skip_building_tests=False, verb_parser=<colcon_defaults.argument_parser.defaults.DefaultArgumentsDecorator object at 0x73f68e740e50>, verb_extension=<colcon_core.verb.build.BuildVerb object at 0x73f68e740880>, main=<bound method BuildVerb.main of <colcon_core.verb.build.BuildVerb object at 0x73f68e740880>>)
[0.126s] Level 1:colcon.colcon_core.package_discovery:discover_packages(colcon_meta) check parameters
[0.126s] Level 1:colcon.colcon_core.package_discovery:discover_packages(recursive) check parameters
[0.126s] Level 1:colcon.colcon_core.package_discovery:discover_packages(ignore) check parameters
[0.126s] Level 1:colcon.colcon_core.package_discovery:discover_packages(path) check parameters
[0.126s] Level 1:colcon.colcon_core.package_discovery:discover_packages(colcon_meta) discover
[0.126s] Level 1:colcon.colcon_core.package_discovery:discover_packages(recursive) discover
[0.126s] INFO:colcon.colcon_core.package_discovery:Crawling recursively for packages in '/home/kadowaki/realsense_ws'
[0.126s] Level 1:colcon.colcon_core.package_identification:_identify(.) by extensions ['ignore', 'ignore_ament_install']
[0.126s] Level 1:colcon.colcon_core.package_identification:_identify(.) by extension 'ignore'
[0.126s] Level 1:colcon.colcon_core.package_identification:_identify(.) by extension 'ignore_ament_install'
[0.126s] Level 1:colcon.colcon_core.package_identification:_identify(.) by extensions ['colcon_pkg']
[0.126s] Level 1:colcon.colcon_core.package_identification:_identify(.) by extension 'colcon_pkg'
[0.126s] Level 1:colcon.colcon_core.package_identification:_identify(.) by extensions ['colcon_meta']
[0.126s] Level 1:colcon.colcon_core.package_identification:_identify(.) by extension 'colcon_meta'
[0.126s] Level 1:colcon.colcon_core.package_identification:_identify(.) by extensions ['ros']
[0.126s] Level 1:colcon.colcon_core.package_identification:_identify(.) by extension 'ros'
[0.131s] Level 1:colcon.colcon_core.package_identification:_identify(.) by extensions ['cmake', 'python']
[0.131s] Level 1:colcon.colcon_core.package_identification:_identify(.) by extension 'cmake'
[0.131s] Level 1:colcon.colcon_core.package_identification:_identify(.) by extension 'python'
[0.131s] Level 1:colcon.colcon_core.package_identification:_identify(.) by extensions ['python_setup_py']
[0.131s] Level 1:colcon.colcon_core.package_identification:_identify(.) by extension 'python_setup_py'
[0.132s] Level 1:colcon.colcon_core.package_identification:_identify(build) by extensions ['ignore', 'ignore_ament_install']
[0.132s] Level 1:colcon.colcon_core.package_identification:_identify(build) by extension 'ignore'
[0.132s] Level 1:colcon.colcon_core.package_identification:_identify(build) ignored
[0.132s] Level 1:colcon.colcon_core.package_identification:_identify(install) by extensions ['ignore', 'ignore_ament_install']
[0.132s] Level 1:colcon.colcon_core.package_identification:_identify(install) by extension 'ignore'
[0.132s] Level 1:colcon.colcon_core.package_identification:_identify(install) ignored
[0.132s] Level 1:colcon.colcon_core.package_identification:_identify(log) by extensions ['ignore', 'ignore_ament_install']
[0.132s] Level 1:colcon.colcon_core.package_identification:_identify(log) by extension 'ignore'
[0.132s] Level 1:colcon.colcon_core.package_identification:_identify(log) ignored
[0.132s] Level 1:colcon.colcon_core.package_identification:_identify(src) by extensions ['ignore', 'ignore_ament_install']
[0.132s] Level 1:colcon.colcon_core.package_identification:_identify(src) by extension 'ignore'
[0.132s] Level 1:colcon.colcon_core.package_identification:_identify(src) by extension 'ignore_ament_install'
[0.132s] Level 1:colcon.colcon_core.package_identification:_identify(src) by extensions ['colcon_pkg']
[0.132s] Level 1:colcon.colcon_core.package_identification:_identify(src) by extension 'colcon_pkg'
[0.132s] Level 1:colcon.colcon_core.package_identification:_identify(src) by extensions ['colcon_meta']
[0.132s] Level 1:colcon.colcon_core.package_identification:_identify(src) by extension 'colcon_meta'
[0.132s] Level 1:colcon.colcon_core.package_identification:_identify(src) by extensions ['ros']
[0.132s] Level 1:colcon.colcon_core.package_identification:_identify(src) by extension 'ros'
[0.132s] Level 1:colcon.colcon_core.package_identification:_identify(src) by extensions ['cmake', 'python']
[0.132s] Level 1:colcon.colcon_core.package_identification:_identify(src) by extension 'cmake'
[0.132s] Level 1:colcon.colcon_core.package_identification:_identify(src) by extension 'python'
[0.132s] Level 1:colcon.colcon_core.package_identification:_identify(src) by extensions ['python_setup_py']
[0.132s] Level 1:colcon.colcon_core.package_identification:_identify(src) by extension 'python_setup_py'
[0.132s] Level 1:colcon.colcon_core.package_identification:_identify(src/build) by extensions ['ignore', 'ignore_ament_install']
[0.132s] Level 1:colcon.colcon_core.package_identification:_identify(src/build) by extension 'ignore'
[0.132s] Level 1:colcon.colcon_core.package_identification:_identify(src/build) ignored
[0.132s] Level 1:colcon.colcon_core.package_identification:_identify(src/install) by extensions ['ignore', 'ignore_ament_install']
[0.132s] Level 1:colcon.colcon_core.package_identification:_identify(src/install) by extension 'ignore'
[0.132s] Level 1:colcon.colcon_core.package_identification:_identify(src/install) ignored
[0.132s] Level 1:colcon.colcon_core.package_identification:_identify(src/log) by extensions ['ignore', 'ignore_ament_install']
[0.132s] Level 1:colcon.colcon_core.package_identification:_identify(src/log) by extension 'ignore'
[0.132s] Level 1:colcon.colcon_core.package_identification:_identify(src/log) ignored
[0.132s] Level 1:colcon.colcon_core.package_identification:_identify(src/obstacle_stop) by extensions ['ignore', 'ignore_ament_install']
[0.132s] Level 1:colcon.colcon_core.package_identification:_identify(src/obstacle_stop) by extension 'ignore'
[0.132s] Level 1:colcon.colcon_core.package_identification:_identify(src/obstacle_stop) by extension 'ignore_ament_install'
[0.133s] Level 1:colcon.colcon_core.package_identification:_identify(src/obstacle_stop) by extensions ['colcon_pkg']
[0.133s] Level 1:colcon.colcon_core.package_identification:_identify(src/obstacle_stop) by extension 'colcon_pkg'
[0.133s] Level 1:colcon.colcon_core.package_identification:_identify(src/obstacle_stop) by extensions ['colcon_meta']
[0.133s] Level 1:colcon.colcon_core.package_identification:_identify(src/obstacle_stop) by extension 'colcon_meta'
[0.133s] Level 1:colcon.colcon_core.package_identification:_identify(src/obstacle_stop) by extensions ['ros']
[0.133s] Level 1:colcon.colcon_core.package_identification:_identify(src/obstacle_stop) by extension 'ros'
[0.134s] DEBUG:colcon.colcon_core.package_identification:Package 'src/obstacle_stop' with type 'ros.ament_python' and name 'obstacle_stop'
[0.134s] Level 1:colcon.colcon_core.package_identification:_identify(src/pointcloud_tools) by extensions ['ignore', 'ignore_ament_install']
[0.134s] Level 1:colcon.colcon_core.package_identification:_identify(src/pointcloud_tools) by extension 'ignore'
[0.134s] Level 1:colcon.colcon_core.package_identification:_identify(src/pointcloud_tools) by extension 'ignore_ament_install'
[0.134s] Level 1:colcon.colcon_core.package_identification:_identify(src/pointcloud_tools) by extensions ['colcon_pkg']
[0.134s] Level 1:colcon.colcon_core.package_identification:_identify(src/pointcloud_tools) by extension 'colcon_pkg'
[0.134s] Level 1:colcon.colcon_core.package_identification:_identify(src/pointcloud_tools) by extensions ['colcon_meta']
[0.134s] Level 1:colcon.colcon_core.package_identification:_identify(src/pointcloud_tools) by extension 'colcon_meta'
[0.134s] Level 1:colcon.colcon_core.package_identification:_identify(src/pointcloud_tools) by extensions ['ros']
[0.134s] Level 1:colcon.colcon_core.package_identification:_identify(src/pointcloud_tools) by extension 'ros'
[0.134s] DEBUG:colcon.colcon_core.package_identification:Package 'src/pointcloud_tools' with type 'ros.ament_python' and name 'pointcloud_tools'
[0.134s] Level 1:colcon.colcon_core.package_identification:_identify(src/realsense-ros) by extensions ['ignore', 'ignore_ament_install']
[0.134s] Level 1:colcon.colcon_core.package_identification:_identify(src/realsense-ros) by extension 'ignore'
[0.134s] Level 1:colcon.colcon_core.package_identification:_identify(src/realsense-ros) by extension 'ignore_ament_install'
[0.134s] Level 1:colcon.colcon_core.package_identification:_identify(src/realsense-ros) by extensions ['colcon_pkg']
[0.134s] Level 1:colcon.colcon_core.package_identification:_identify(src/realsense-ros) by extension 'colcon_pkg'
[0.134s] Level 1:colcon.colcon_core.package_identification:_identify(src/realsense-ros) by extensions ['colcon_meta']
[0.134s] Level 1:colcon.colcon_core.package_identification:_identify(src/realsense-ros) by extension 'colcon_meta'
[0.134s] Level 1:colcon.colcon_core.package_identification:_identify(src/realsense-ros) by extensions ['ros']
[0.134s] Level 1:colcon.colcon_core.package_identification:_identify(src/realsense-ros) by extension 'ros'
[0.134s] Level 1:colcon.colcon_core.package_identification:_identify(src/realsense-ros) by extensions ['cmake', 'python']
[0.134s] Level 1:colcon.colcon_core.package_identification:_identify(src/realsense-ros) by extension 'cmake'
[0.134s] Level 1:colcon.colcon_core.package_identification:_identify(src/realsense-ros) by extension 'python'
[0.134s] Level 1:colcon.colcon_core.package_identification:_identify(src/realsense-ros) by extensions ['python_setup_py']
[0.134s] Level 1:colcon.colcon_core.package_identification:_identify(src/realsense-ros) by extension 'python_setup_py'
[0.135s] Level 1:colcon.colcon_core.package_identification:_identify(src/realsense-ros/realsense2_camera) by extensions ['ignore', 'ignore_ament_install']
[0.135s] Level 1:colcon.colcon_core.package_identification:_identify(src/realsense-ros/realsense2_camera) by extension 'ignore'
[0.135s] Level 1:colcon.colcon_core.package_identification:_identify(src/realsense-ros/realsense2_camera) by extension 'ignore_ament_install'
[0.135s] Level 1:colcon.colcon_core.package_identification:_identify(src/realsense-ros/realsense2_camera) by extensions ['colcon_pkg']
[0.135s] Level 1:colcon.colcon_core.package_identification:_identify(src/realsense-ros/realsense2_camera) by extension 'colcon_pkg'
[0.135s] Level 1:colcon.colcon_core.package_identification:_identify(src/realsense-ros/realsense2_camera) by extensions ['colcon_meta']
[0.135s] Level 1:colcon.colcon_core.package_identification:_identify(src/realsense-ros/realsense2_camera) by extension 'colcon_meta'
[0.135s] Level 1:colcon.colcon_core.package_identification:_identify(src/realsense-ros/realsense2_camera) by extensions ['ros']
[0.135s] Level 1:colcon.colcon_core.package_identification:_identify(src/realsense-ros/realsense2_camera) by extension 'ros'
[0.137s] DEBUG:colcon.colcon_core.package_identification:Package 'src/realsense-ros/realsense2_camera' with type 'ros.ament_cmake' and name 'realsense2_camera'
[0.137s] Level 1:colcon.colcon_core.package_identification:_identify(src/realsense-ros/realsense2_camera_msgs) by extensions ['ignore', 'ignore_ament_install']
[0.138s] Level 1:colcon.colcon_core.package_identification:_identify(src/realsense-ros/realsense2_camera_msgs) by extension 'ignore'
[0.138s] Level 1:colcon.colcon_core.package_identification:_identify(src/realsense-ros/realsense2_camera_msgs) by extension 'ignore_ament_install'
[0.138s] Level 1:colcon.colcon_core.package_identification:_identify(src/realsense-ros/realsense2_camera_msgs) by extensions ['colcon_pkg']
[0.138s] Level 1:colcon.colcon_core.package_identification:_identify(src/realsense-ros/realsense2_camera_msgs) by extension 'colcon_pkg'
[0.138s] Level 1:colcon.colcon_core.package_identification:_identify(src/realsense-ros/realsense2_camera_msgs) by extensions ['colcon_meta']
[0.138s] Level 1:colcon.colcon_core.package_identification:_identify(src/realsense-ros/realsense2_camera_msgs) by extension 'colcon_meta'
[0.138s] Level 1:colcon.colcon_core.package_identification:_identify(src/realsense-ros/realsense2_camera_msgs) by extensions ['ros']
[0.138s] Level 1:colcon.colcon_core.package_identification:_identify(src/realsense-ros/realsense2_camera_msgs) by extension 'ros'
[0.138s] DEBUG:colcon.colcon_core.package_identification:Package 'src/realsense-ros/realsense2_camera_msgs' with type 'ros.ament_cmake' and name 'realsense2_camera_msgs'
[0.138s] Level 1:colcon.colcon_core.package_identification:_identify(src/realsense-ros/realsense2_description) by extensions ['ignore', 'ignore_ament_install']
[0.138s] Level 1:colcon.colcon_core.package_identification:_identify(src/realsense-ros/realsense2_description) by extension 'ignore'
[0.138s] Level 1:colcon.colcon_core.package_identification:_identify(src/realsense-ros/realsense2_description) by extension 'ignore_ament_install'
[0.138s] Level 1:colcon.colcon_core.package_identification:_identify(src/realsense-ros/realsense2_description) by extensions ['colcon_pkg']
[0.138s] Level 1:colcon.colcon_core.package_identification:_identify(src/realsense-ros/realsense2_description) by extension 'colcon_pkg'
[0.138s] Level 1:colcon.colcon_core.package_identification:_identify(src/realsense-ros/realsense2_description) by extensions ['colcon_meta']
[0.138s] Level 1:colcon.colcon_core.package_identification:_identify(src/realsense-ros/realsense2_description) by extension 'colcon_meta'
[0.138s] Level 1:colcon.colcon_core.package_identification:_identify(src/realsense-ros/realsense2_description) by extensions ['ros']
[0.138s] Level 1:colcon.colcon_core.package_identification:_identify(src/realsense-ros/realsense2_description) by extension 'ros'
[0.139s] DEBUG:colcon.colcon_core.package_identification:Package 'src/realsense-ros/realsense2_description' with type 'ros.ament_cmake' and name 'realsense2_description'
[0.139s] Level 1:colcon.colcon_core.package_identification:_identify(src/realsense-ros/scripts) by extensions ['ignore', 'ignore_ament_install']
[0.139s] Level 1:colcon.colcon_core.package_identification:_identify(src/realsense-ros/scripts) by extension 'ignore'
[0.139s] Level 1:colcon.colcon_core.package_identification:_identify(src/realsense-ros/scripts) by extension 'ignore_ament_install'
[0.139s] Level 1:colcon.colcon_core.package_identification:_identify(src/realsense-ros/scripts) by extensions ['colcon_pkg']
[0.139s] Level 1:colcon.colcon_core.package_identification:_identify(src/realsense-ros/scripts) by extension 'colcon_pkg'
[0.139s] Level 1:colcon.colcon_core.package_identification:_identify(src/realsense-ros/scripts) by extensions ['colcon_meta']
[0.139s] Level 1:colcon.colcon_core.package_identification:_identify(src/realsense-ros/scripts) by extension 'colcon_meta'
[0.139s] Level 1:colcon.colcon_core.package_identification:_identify(src/realsense-ros/scripts) by extensions ['ros']
[0.139s] Level 1:colcon.colcon_core.package_identification:_identify(src/realsense-ros/scripts) by extension 'ros'
[0.139s] Level 1:colcon.colcon_core.package_identification:_identify(src/realsense-ros/scripts) by extensions ['cmake', 'python']
[0.139s] Level 1:colcon.colcon_core.package_identification:_identify(src/realsense-ros/scripts) by extension 'cmake'
[0.139s] Level 1:colcon.colcon_core.package_identification:_identify(src/realsense-ros/scripts) by extension 'python'
[0.139s] Level 1:colcon.colcon_core.package_identification:_identify(src/realsense-ros/scripts) by extensions ['python_setup_py']
[0.139s] Level 1:colcon.colcon_core.package_identification:_identify(src/realsense-ros/scripts) by extension 'python_setup_py'
[0.139s] Level 1:colcon.colcon_core.package_identification:_identify(src/realsense_obstaclestop) by extensions ['ignore', 'ignore_ament_install']
[0.139s] Level 1:colcon.colcon_core.package_identification:_identify(src/realsense_obstaclestop) by extension 'ignore'
[0.139s] Level 1:colcon.colcon_core.package_identification:_identify(src/realsense_obstaclestop) by extension 'ignore_ament_install'
[0.139s] Level 1:colcon.colcon_core.package_identification:_identify(src/realsense_obstaclestop) by extensions ['colcon_pkg']
[0.139s] Level 1:colcon.colcon_core.package_identification:_identify(src/realsense_obstaclestop) by extension 'colcon_pkg'
[0.139s] Level 1:colcon.colcon_core.package_identification:_identify(src/realsense_obstaclestop) by extensions ['colcon_meta']
[0.139s] Level 1:colcon.colcon_core.package_identification:_identify(src/realsense_obstaclestop) by extension 'colcon_meta'
[0.139s] Level 1:colcon.colcon_core.package_identification:_identify(src/realsense_obstaclestop) by extensions ['ros']
[0.139s] Level 1:colcon.colcon_core.package_identification:_identify(src/realsense_obstaclestop) by extension 'ros'
[0.139s] Level 1:colcon.colcon_core.package_identification:_identify(src/realsense_obstaclestop) by extensions ['cmake', 'python']
[0.139s] Level 1:colcon.colcon_core.package_identification:_identify(src/realsense_obstaclestop) by extension 'cmake'
[0.139s] Level 1:colcon.colcon_core.package_identification:_identify(src/realsense_obstaclestop) by extension 'python'
[0.139s] Level 1:colcon.colcon_core.package_identification:_identify(src/realsense_obstaclestop) by extensions ['python_setup_py']
[0.139s] Level 1:colcon.colcon_core.package_identification:_identify(src/realsense_obstaclestop) by extension 'python_setup_py'
[0.139s] Level 1:colcon.colcon_core.package_discovery:discover_packages(recursive) using defaults
[0.139s] Level 1:colcon.colcon_core.package_discovery:discover_packages(ignore) discover
[0.139s] Level 1:colcon.colcon_core.package_discovery:discover_packages(ignore) using defaults
[0.139s] Level 1:colcon.colcon_core.package_discovery:discover_packages(path) discover
[0.139s] Level 1:colcon.colcon_core.package_discovery:discover_packages(path) using defaults
[0.150s] INFO:colcon.colcon_core.package_selection:Skipping not selected package 'obstacle_stop' in 'src/obstacle_stop'
[0.150s] INFO:colcon.colcon_core.package_selection:Skipping not selected package 'realsense2_camera_msgs' in 'src/realsense-ros/realsense2_camera_msgs'
[0.150s] INFO:colcon.colcon_core.package_selection:Skipping not selected package 'realsense2_camera' in 'src/realsense-ros/realsense2_camera'
[0.150s] INFO:colcon.colcon_core.package_selection:Skipping not selected package 'realsense2_description' in 'src/realsense-ros/realsense2_description'
[0.150s] Level 1:colcon.colcon_core.package_discovery:discover_packages(prefix_path) check parameters
[0.150s] Level 1:colcon.colcon_core.package_discovery:discover_packages(prefix_path) discover
[0.151s] DEBUG:colcon.colcon_installed_package_information.package_discovery:Found 5 installed packages in /home/kadowaki/realsense_ws/install
[0.151s] DEBUG:colcon.colcon_installed_package_information.package_discovery:Found 4 installed packages in /home/kadowaki/install
[0.152s] DEBUG:colcon.colcon_installed_package_information.package_discovery:Found 283 installed packages in /opt/ros/humble
[0.156s] Level 1:colcon.colcon_core.package_discovery:discover_packages(prefix_path) using defaults
[0.173s] Level 5:colcon.colcon_core.verb:set package 'pointcloud_tools' build argument 'cmake_args' from command line to 'None'
[0.173s] Level 5:colcon.colcon_core.verb:set package 'pointcloud_tools' build argument 'cmake_target' from command line to 'None'
[0.173s] Level 5:colcon.colcon_core.verb:set package 'pointcloud_tools' build argument 'cmake_target_skip_unavailable' from command line to 'False'
[0.173s] Level 5:colcon.colcon_core.verb:set package 'pointcloud_tools' build argument 'cmake_clean_cache' from command line to 'False'
[0.173s] Level 5:colcon.colcon_core.verb:set package 'pointcloud_tools' build argument 'cmake_clean_first' from command line to 'False'
[0.173s] Level 5:colcon.colcon_core.verb:set package 'pointcloud_tools' build argument 'cmake_force_configure' from command line to 'False'
[0.173s] Level 5:colcon.colcon_core.verb:set package 'pointcloud_tools' build argument 'ament_cmake_args' from command line to 'None'
[0.173s] Level 5:colcon.colcon_core.verb:set package 'pointcloud_tools' build argument 'catkin_cmake_args' from command line to 'None'
[0.173s] Level 5:colcon.colcon_core.verb:set package 'pointcloud_tools' build argument 'catkin_skip_building_tests' from command line to 'False'
[0.173s] DEBUG:colcon.colcon_core.verb:Building package 'pointcloud_tools' with the following arguments: {'ament_cmake_args': None, 'build_base': '/home/kadowaki/realsense_ws/build/pointcloud_tools', 'catkin_cmake_args': None, 'catkin_skip_building_tests': False, 'cmake_args': None, 'cmake_clean_cache': False, 'cmake_clean_first': False, 'cmake_force_configure': False, 'cmake_target': None, 'cmake_target_skip_unavailable': False, 'install_base': '/home/kadowaki/realsense_ws/install/pointcloud_tools', 'merge_install': False, 'path': '/home/kadowaki/realsense_ws/src/pointcloud_tools', 'symlink_install': True, 'test_result_base': None}
[0.173s] INFO:colcon.colcon_core.executor:Executing jobs using 'parallel' executor
[0.173s] DEBUG:colcon.colcon_parallel_executor.executor.parallel:run_until_complete
[0.174s] INFO:colcon.colcon_ros.task.ament_python.build:Building ROS package in '/home/kadowaki/realsense_ws/src/pointcloud_tools' with build type 'ament_python'
[0.174s] Level 1:colcon.colcon_core.shell:create_environment_hook('pointcloud_tools', 'ament_prefix_path')
[0.175s] INFO:colcon.colcon_core.plugin_system:Skipping extension 'colcon_core.shell.bat': Not used on non-Windows systems
[0.175s] INFO:colcon.colcon_core.shell:Creating environment hook '/home/kadowaki/realsense_ws/install/pointcloud_tools/share/pointcloud_tools/hook/ament_prefix_path.ps1'
[0.175s] INFO:colcon.colcon_core.shell:Creating environment descriptor '/home/kadowaki/realsense_ws/install/pointcloud_tools/share/pointcloud_tools/hook/ament_prefix_path.dsv'
[0.175s] INFO:colcon.colcon_core.shell:Creating environment hook '/home/kadowaki/realsense_ws/install/pointcloud_tools/share/pointcloud_tools/hook/ament_prefix_path.sh'
[0.176s] INFO:colcon.colcon_core.shell:Skip shell extension 'powershell' for command environment: Not usable outside of PowerShell
[0.176s] DEBUG:colcon.colcon_core.shell:Skip shell extension 'dsv' for command environment
[0.298s] INFO:colcon.colcon_core.task.python.build:Building Python package in '/home/kadowaki/realsense_ws/src/pointcloud_tools'
[0.298s] INFO:colcon.colcon_core.shell:Skip shell extension 'powershell' for command environment: Not usable outside of PowerShell
[0.299s] DEBUG:colcon.colcon_core.shell:Skip shell extension 'dsv' for command environment
[0.451s] DEBUG:colcon.colcon_core.event_handler.log_command:Invoking command in '/home/kadowaki/realsense_ws/build/pointcloud_tools': PYTHONPATH=/home/kadowaki/realsense_ws/build/pointcloud_tools/prefix_override:/home/kadowaki/.local/lib/python3.10/site-packages/colcon_core/task/python/colcon_distutils_commands:/home/kadowaki/realsense_ws/install/pointcloud_tools/lib/python3.10/site-packages:${PYTHONPATH} /usr/bin/python3 -W ignore:setup.py install is deprecated -W ignore:easy_install command is deprecated setup.py develop --editable --build-directory /home/kadowaki/realsense_ws/build/pointcloud_tools/build --no-deps symlink_data
[0.651s] Level 1:colcon.colcon_core.shell:create_environment_hook('pointcloud_tools', 'pythonpath_develop')
[0.652s] INFO:colcon.colcon_core.shell:Creating environment hook '/home/kadowaki/realsense_ws/build/pointcloud_tools/share/pointcloud_tools/hook/pythonpath_develop.ps1'
[0.652s] DEBUG:colcon.colcon_core.event_handler.log_command:Invoked command in '/home/kadowaki/realsense_ws/build/pointcloud_tools' returned '0': PYTHONPATH=/home/kadowaki/realsense_ws/build/pointcloud_tools/prefix_override:/home/kadowaki/.local/lib/python3.10/site-packages/colcon_core/task/python/colcon_distutils_commands:/home/kadowaki/realsense_ws/install/pointcloud_tools/lib/python3.10/site-packages:${PYTHONPATH} /usr/bin/python3 -W ignore:setup.py install is deprecated -W ignore:easy_install command is deprecated setup.py develop --editable --build-directory /home/kadowaki/realsense_ws/build/pointcloud_tools/build --no-deps symlink_data
[0.652s] INFO:colcon.colcon_core.shell:Creating environment descriptor '/home/kadowaki/realsense_ws/build/pointcloud_tools/share/pointcloud_tools/hook/pythonpath_develop.dsv'
[0.652s] INFO:colcon.colcon_core.shell:Creating environment hook '/home/kadowaki/realsense_ws/build/pointcloud_tools/share/pointcloud_tools/hook/pythonpath_develop.sh'
[0.654s] Level 1:colcon.colcon_core.environment:checking '/home/kadowaki/realsense_ws/install/pointcloud_tools' for CMake module files
[0.654s] Level 1:colcon.colcon_core.environment:checking '/home/kadowaki/realsense_ws/install/pointcloud_tools' for CMake config files
[0.654s] Level 1:colcon.colcon_core.environment:checking '/home/kadowaki/realsense_ws/install/pointcloud_tools/lib'
[0.654s] Level 1:colcon.colcon_core.environment:checking '/home/kadowaki/realsense_ws/install/pointcloud_tools/bin'
[0.654s] Level 1:colcon.colcon_core.environment:checking '/home/kadowaki/realsense_ws/install/pointcloud_tools/lib/pkgconfig/pointcloud_tools.pc'
[0.654s] Level 1:colcon.colcon_core.environment:checking '/home/kadowaki/realsense_ws/install/pointcloud_tools/lib/python3.10/site-packages'
[0.654s] Level 1:colcon.colcon_core.shell:create_environment_hook('pointcloud_tools', 'pythonpath')
[0.655s] INFO:colcon.colcon_core.shell:Creating environment hook '/home/kadowaki/realsense_ws/install/pointcloud_tools/share/pointcloud_tools/hook/pythonpath.ps1'
[0.655s] INFO:colcon.colcon_core.shell:Creating environment descriptor '/home/kadowaki/realsense_ws/install/pointcloud_tools/share/pointcloud_tools/hook/pythonpath.dsv'
[0.655s] INFO:colcon.colcon_core.shell:Creating environment hook '/home/kadowaki/realsense_ws/install/pointcloud_tools/share/pointcloud_tools/hook/pythonpath.sh'
[0.655s] Level 1:colcon.colcon_core.environment:checking '/home/kadowaki/realsense_ws/install/pointcloud_tools/bin'
[0.655s] Level 1:colcon.colcon_core.environment:create_environment_scripts_only(pointcloud_tools)
[0.655s] INFO:colcon.colcon_core.shell:Creating package script '/home/kadowaki/realsense_ws/install/pointcloud_tools/share/pointcloud_tools/package.ps1'
[0.656s] INFO:colcon.colcon_core.shell:Creating package descriptor '/home/kadowaki/realsense_ws/install/pointcloud_tools/share/pointcloud_tools/package.dsv'
[0.656s] INFO:colcon.colcon_core.shell:Creating package script '/home/kadowaki/realsense_ws/install/pointcloud_tools/share/pointcloud_tools/package.sh'
[0.656s] INFO:colcon.colcon_core.shell:Creating package script '/home/kadowaki/realsense_ws/install/pointcloud_tools/share/pointcloud_tools/package.bash'
[0.657s] INFO:colcon.colcon_core.shell:Creating package script '/home/kadowaki/realsense_ws/install/pointcloud_tools/share/pointcloud_tools/package.zsh'
[0.657s] Level 1:colcon.colcon_core.environment:create_file_with_runtime_dependencies(/home/kadowaki/realsense_ws/install/pointcloud_tools/share/colcon-core/packages/pointcloud_tools)
[0.657s] DEBUG:colcon.colcon_parallel_executor.executor.parallel:closing loop
[0.657s] DEBUG:colcon.colcon_parallel_executor.executor.parallel:loop closed
[0.657s] DEBUG:colcon.colcon_parallel_executor.executor.parallel:run_until_complete finished with '0'
[0.657s] DEBUG:colcon.colcon_core.event_reactor:joining thread
[0.660s] INFO:colcon.colcon_core.plugin_system:Skipping extension 'colcon_notification.desktop_notification.terminal_notifier': Not used on non-Darwin systems
[0.660s] INFO:colcon.colcon_core.plugin_system:Skipping extension 'colcon_notification.desktop_notification.win32': Not used on non-Windows systems
[0.660s] INFO:colcon.colcon_notification.desktop_notification:Sending desktop notification using 'notify2'
[0.667s] DEBUG:colcon.colcon_core.event_reactor:joined thread
[0.667s] INFO:colcon.colcon_core.shell:Creating prefix script '/home/kadowaki/realsense_ws/install/local_setup.ps1'
[0.667s] INFO:colcon.colcon_core.shell:Creating prefix util module '/home/kadowaki/realsense_ws/install/_local_setup_util_ps1.py'
[0.668s] INFO:colcon.colcon_core.shell:Creating prefix chain script '/home/kadowaki/realsense_ws/install/setup.ps1'
[0.669s] INFO:colcon.colcon_core.shell:Creating prefix script '/home/kadowaki/realsense_ws/install/local_setup.sh'
[0.669s] INFO:colcon.colcon_core.shell:Creating prefix util module '/home/kadowaki/realsense_ws/install/_local_setup_util_sh.py'
[0.669s] INFO:colcon.colcon_core.shell:Creating prefix chain script '/home/kadowaki/realsense_ws/install/setup.sh'
[0.670s] INFO:colcon.colcon_core.shell:Creating prefix script '/home/kadowaki/realsense_ws/install/local_setup.bash'
[0.670s] INFO:colcon.colcon_core.shell:Creating prefix chain script '/home/kadowaki/realsense_ws/install/setup.bash'
[0.671s] INFO:colcon.colcon_core.shell:Creating prefix script '/home/kadowaki/realsense_ws/install/local_setup.zsh'
[0.671s] INFO:colcon.colcon_core.shell:Creating prefix chain script '/home/kadowaki/realsense_ws/install/setup.zsh'
