running develop
running egg_info
creating obstacle_stop.egg-info
writing obstacle_stop.egg-info/PKG-INFO
writing dependency_links to obstacle_stop.egg-info/dependency_links.txt
writing entry points to obstacle_stop.egg-info/entry_points.txt
writing requirements to obstacle_stop.egg-info/requires.txt
writing top-level names to obstacle_stop.egg-info/top_level.txt
writing manifest file 'obstacle_stop.egg-info/SOURCES.txt'
reading manifest file 'obstacle_stop.egg-info/SOURCES.txt'
writing manifest file 'obstacle_stop.egg-info/SOURCES.txt'
running build_ext
Creating /home/kadowaki/realsense_ws/install/obstacle_stop/lib/python3.10/site-packages/obstacle-stop.egg-link (link to .)

Installed /home/kadowaki/realsense_ws/build/obstacle_stop
running symlink_data
creating /home/kadowaki/realsense_ws/install/obstacle_stop/share/ament_index
creating /home/kadowaki/realsense_ws/install/obstacle_stop/share/ament_index/resource_index
creating /home/kadowaki/realsense_ws/install/obstacle_stop/share/ament_index/resource_index/packages
symbolically linking /home/kadowaki/realsense_ws/build/obstacle_stop/resource/obstacle_stop -> /home/kadowaki/realsense_ws/install/obstacle_stop/share/ament_index/resource_index/packages
symbolically linking /home/kadowaki/realsense_ws/build/obstacle_stop/package.xml -> /home/kadowaki/realsense_ws/install/obstacle_stop/share/obstacle_stop
