[0.289s] Invoking command in '/home/kadowaki/realsense_ws/build/obstacle_stop': PYTHONPATH=/home/kadowaki/realsense_ws/build/obstacle_stop/prefix_override:/home/kadowaki/.local/lib/python3.10/site-packages/colcon_core/task/python/colcon_distutils_commands:/home/kadowaki/realsense_ws/install/obstacle_stop/lib/python3.10/site-packages:${PYTHONPATH} /usr/bin/python3 -W ignore:setup.py install is deprecated -W ignore:easy_install command is deprecated setup.py develop --editable --build-directory /home/kadowaki/realsense_ws/build/obstacle_stop/build --no-deps symlink_data
[0.407s] running develop
[0.473s] running egg_info
[0.473s] creating obstacle_stop.egg-info
[0.473s] writing obstacle_stop.egg-info/PKG-INFO
[0.473s] writing dependency_links to obstacle_stop.egg-info/dependency_links.txt
[0.473s] writing entry points to obstacle_stop.egg-info/entry_points.txt
[0.473s] writing requirements to obstacle_stop.egg-info/requires.txt
[0.473s] writing top-level names to obstacle_stop.egg-info/top_level.txt
[0.473s] writing manifest file 'obstacle_stop.egg-info/SOURCES.txt'
[0.474s] reading manifest file 'obstacle_stop.egg-info/SOURCES.txt'
[0.474s] writing manifest file 'obstacle_stop.egg-info/SOURCES.txt'
[0.475s] running build_ext
[0.475s] Creating /home/kadowaki/realsense_ws/install/obstacle_stop/lib/python3.10/site-packages/obstacle-stop.egg-link (link to .)
[0.475s] 
[0.475s] Installed /home/kadowaki/realsense_ws/build/obstacle_stop
[0.475s] running symlink_data
[0.475s] creating /home/kadowaki/realsense_ws/install/obstacle_stop/share/ament_index
[0.475s] creating /home/kadowaki/realsense_ws/install/obstacle_stop/share/ament_index/resource_index
[0.475s] creating /home/kadowaki/realsense_ws/install/obstacle_stop/share/ament_index/resource_index/packages
[0.475s] symbolically linking /home/kadowaki/realsense_ws/build/obstacle_stop/resource/obstacle_stop -> /home/kadowaki/realsense_ws/install/obstacle_stop/share/ament_index/resource_index/packages
[0.476s] symbolically linking /home/kadowaki/realsense_ws/build/obstacle_stop/package.xml -> /home/kadowaki/realsense_ws/install/obstacle_stop/share/obstacle_stop
[0.489s] Invoked command in '/home/kadowaki/realsense_ws/build/obstacle_stop' returned '0': PYTHONPATH=/home/kadowaki/realsense_ws/build/obstacle_stop/prefix_override:/home/kadowaki/.local/lib/python3.10/site-packages/colcon_core/task/python/colcon_distutils_commands:/home/kadowaki/realsense_ws/install/obstacle_stop/lib/python3.10/site-packages:${PYTHONPATH} /usr/bin/python3 -W ignore:setup.py install is deprecated -W ignore:easy_install command is deprecated setup.py develop --editable --build-directory /home/kadowaki/realsense_ws/build/obstacle_stop/build --no-deps symlink_data
