[0.423s] Invoking command in '/home/kadowaki/realsense_ws/build/obstacle_stop': PYTHONPATH=/home/kadowaki/realsense_ws/build/obstacle_stop/prefix_override:/home/kadowaki/.local/lib/python3.10/site-packages/colcon_core/task/python/colcon_distutils_commands:/home/kadowaki/realsense_ws/install/obstacle_stop/lib/python3.10/site-packages:${PYTHONPATH} /usr/bin/python3 -W ignore:setup.py install is deprecated -W ignore:easy_install command is deprecated setup.py develop --editable --build-directory /home/kadowaki/realsense_ws/build/obstacle_stop/build --no-deps symlink_data
[0.551s] running develop
[0.620s] running egg_info
[0.620s] writing obstacle_stop.egg-info/PKG-INFO
[0.620s] writing dependency_links to obstacle_stop.egg-info/dependency_links.txt
[0.620s] writing entry points to obstacle_stop.egg-info/entry_points.txt
[0.620s] writing requirements to obstacle_stop.egg-info/requires.txt
[0.621s] writing top-level names to obstacle_stop.egg-info/top_level.txt
[0.621s] reading manifest file 'obstacle_stop.egg-info/SOURCES.txt'
[0.621s] writing manifest file 'obstacle_stop.egg-info/SOURCES.txt'
[0.622s] running build_ext
[0.622s] Creating /home/kadowaki/realsense_ws/install/obstacle_stop/lib/python3.10/site-packages/obstacle-stop.egg-link (link to .)
[0.623s] Installing cmd_vel_subscriber script to /home/kadowaki/realsense_ws/install/obstacle_stop/lib/obstacle_stop
[0.623s] Installing obstacle_stop_node script to /home/kadowaki/realsense_ws/install/obstacle_stop/lib/obstacle_stop
[0.623s] Installing pointcloud2_depth script to /home/kadowaki/realsense_ws/install/obstacle_stop/lib/obstacle_stop
[0.623s] Installing scan_stop_node script to /home/kadowaki/realsense_ws/install/obstacle_stop/lib/obstacle_stop
[0.623s] 
[0.623s] Installed /home/kadowaki/realsense_ws/build/obstacle_stop
[0.623s] running symlink_data
[0.638s] Invoked command in '/home/kadowaki/realsense_ws/build/obstacle_stop' returned '0': PYTHONPATH=/home/kadowaki/realsense_ws/build/obstacle_stop/prefix_override:/home/kadowaki/.local/lib/python3.10/site-packages/colcon_core/task/python/colcon_distutils_commands:/home/kadowaki/realsense_ws/install/obstacle_stop/lib/python3.10/site-packages:${PYTHONPATH} /usr/bin/python3 -W ignore:setup.py install is deprecated -W ignore:easy_install command is deprecated setup.py develop --editable --build-directory /home/kadowaki/realsense_ws/build/obstacle_stop/build --no-deps symlink_data
