/home/kadowaki/realsense_ws/install/pointcloud_tools/lib/python3.10/site-packages/scripts/ego_compensator.py
/home/kadowaki/realsense_ws/install/pointcloud_tools/lib/python3.10/site-packages/scripts/dynamic_cluster_marker.py
/home/kadowaki/realsense_ws/install/pointcloud_tools/lib/python3.10/site-packages/scripts/dynamic_cluster_node.py
/home/kadowaki/realsense_ws/install/pointcloud_tools/lib/python3.10/site-packages/scripts/static_obstacle_detector.py
/home/kadowaki/realsense_ws/install/pointcloud_tools/lib/python3.10/site-packages/scripts/__init__.py
/home/kadowaki/realsense_ws/install/pointcloud_tools/lib/python3.10/site-packages/scripts/safety_interface.py
/home/kadowaki/realsense_ws/install/pointcloud_tools/lib/python3.10/site-packages/scripts/rgb_motion_gate_filter.py
/home/kadowaki/realsense_ws/install/pointcloud_tools/lib/python3.10/site-packages/scripts/intent_estimator.py
/home/kadowaki/realsense_ws/install/pointcloud_tools/lib/python3.10/site-packages/scripts/tracker.py
/home/kadowaki/realsense_ws/install/pointcloud_tools/lib/python3.10/site-packages/pointcloud_tools/__init__.py
/home/kadowaki/realsense_ws/install/pointcloud_tools/lib/python3.10/site-packages/pointcloud_tools/pointcloud_diff.py
/home/kadowaki/realsense_ws/install/pointcloud_tools/lib/python3.10/site-packages/scripts/__pycache__/ego_compensator.cpython-310.pyc
/home/kadowaki/realsense_ws/install/pointcloud_tools/lib/python3.10/site-packages/scripts/__pycache__/dynamic_cluster_marker.cpython-310.pyc
/home/kadowaki/realsense_ws/install/pointcloud_tools/lib/python3.10/site-packages/scripts/__pycache__/dynamic_cluster_node.cpython-310.pyc
/home/kadowaki/realsense_ws/install/pointcloud_tools/lib/python3.10/site-packages/scripts/__pycache__/static_obstacle_detector.cpython-310.pyc
/home/kadowaki/realsense_ws/install/pointcloud_tools/lib/python3.10/site-packages/scripts/__pycache__/__init__.cpython-310.pyc
/home/kadowaki/realsense_ws/install/pointcloud_tools/lib/python3.10/site-packages/scripts/__pycache__/safety_interface.cpython-310.pyc
/home/kadowaki/realsense_ws/install/pointcloud_tools/lib/python3.10/site-packages/scripts/__pycache__/rgb_motion_gate_filter.cpython-310.pyc
/home/kadowaki/realsense_ws/install/pointcloud_tools/lib/python3.10/site-packages/scripts/__pycache__/intent_estimator.cpython-310.pyc
/home/kadowaki/realsense_ws/install/pointcloud_tools/lib/python3.10/site-packages/scripts/__pycache__/tracker.cpython-310.pyc
/home/kadowaki/realsense_ws/install/pointcloud_tools/lib/python3.10/site-packages/pointcloud_tools/__pycache__/__init__.cpython-310.pyc
/home/kadowaki/realsense_ws/install/pointcloud_tools/lib/python3.10/site-packages/pointcloud_tools/__pycache__/pointcloud_diff.cpython-310.pyc
/home/kadowaki/realsense_ws/install/pointcloud_tools/share/ament_index/resource_index/packages/pointcloud_tools
/home/kadowaki/realsense_ws/install/pointcloud_tools/share/pointcloud_tools/package.xml
/home/kadowaki/realsense_ws/install/pointcloud_tools/lib/python3.10/site-packages/pointcloud_tools-0.0.0-py3.10.egg-info/requires.txt
/home/kadowaki/realsense_ws/install/pointcloud_tools/lib/python3.10/site-packages/pointcloud_tools-0.0.0-py3.10.egg-info/top_level.txt
/home/kadowaki/realsense_ws/install/pointcloud_tools/lib/python3.10/site-packages/pointcloud_tools-0.0.0-py3.10.egg-info/dependency_links.txt
/home/kadowaki/realsense_ws/install/pointcloud_tools/lib/python3.10/site-packages/pointcloud_tools-0.0.0-py3.10.egg-info/SOURCES.txt
/home/kadowaki/realsense_ws/install/pointcloud_tools/lib/python3.10/site-packages/pointcloud_tools-0.0.0-py3.10.egg-info/zip-safe
/home/kadowaki/realsense_ws/install/pointcloud_tools/lib/python3.10/site-packages/pointcloud_tools-0.0.0-py3.10.egg-info/PKG-INFO
/home/kadowaki/realsense_ws/install/pointcloud_tools/lib/python3.10/site-packages/pointcloud_tools-0.0.0-py3.10.egg-info/entry_points.txt
/home/kadowaki/realsense_ws/install/pointcloud_tools/lib/pointcloud_tools/dynamic_cluster_node
/home/kadowaki/realsense_ws/install/pointcloud_tools/lib/pointcloud_tools/ego_compensator
/home/kadowaki/realsense_ws/install/pointcloud_tools/lib/pointcloud_tools/intent_estimator
/home/kadowaki/realsense_ws/install/pointcloud_tools/lib/pointcloud_tools/pointcloud_diff
/home/kadowaki/realsense_ws/install/pointcloud_tools/lib/pointcloud_tools/rgb_motion_gate_filter
/home/kadowaki/realsense_ws/install/pointcloud_tools/lib/pointcloud_tools/safety_interface
/home/kadowaki/realsense_ws/install/pointcloud_tools/lib/pointcloud_tools/static_obstacle_detector
/home/kadowaki/realsense_ws/install/pointcloud_tools/lib/pointcloud_tools/tracker
