[0.005s] Invoking command in '/home/kadowaki/realsense_ws/build/realsense2_camera': AMENT_PREFIX_PATH=/home/kadowaki/realsense_ws/install/realsense2_camera_msgs:${AMENT_PREFIX_PATH} CMAKE_PREFIX_PATH=/home/kadowaki/realsense_ws/install/realsense2_camera_msgs:/opt/ros/humble LD_LIBRARY_PATH=/home/kadowaki/realsense_ws/install/realsense2_camera_msgs/lib:${LD_LIBRARY_PATH} PYTHONPATH=/home/kadowaki/realsense_ws/install/realsense2_camera_msgs/local/lib/python3.10/dist-packages:${PYTHONPATH} /usr/bin/cmake /home/kadowaki/realsense_ws/src/realsense-ros/realsense2_camera -DCMAKE_INSTALL_PREFIX=/home/kadowaki/realsense_ws/install/realsense2_camera
[0.014s] -- Create Release Build.
[0.014s] -- Found ament_cmake: 1.3.11 (/opt/ros/humble/share/ament_cmake/cmake)
[0.080s] -- Override CMake install command with custom implementation using symlinks instead of copying resources
[0.083s] -- Found builtin_interfaces: 1.2.1 (/opt/ros/humble/share/builtin_interfaces/cmake)
[0.094s] -- Found rosidl_generator_c: 3.1.6 (/opt/ros/humble/share/rosidl_generator_c/cmake)
[0.095s] -- Found rosidl_adapter: 3.1.6 (/opt/ros/humble/share/rosidl_adapter/cmake)
[0.098s] -- Found rosidl_generator_cpp: 3.1.6 (/opt/ros/humble/share/rosidl_generator_cpp/cmake)
[0.103s] -- Using all available rosidl_typesupport_c: rosidl_typesupport_fastrtps_c;rosidl_typesupport_introspection_c
[0.109s] -- Using all available rosidl_typesupport_cpp: rosidl_typesupport_fastrtps_cpp;rosidl_typesupport_introspection_cpp
[0.115s] -- Found cv_bridge: 3.2.1 (/opt/ros/humble/share/cv_bridge/cmake)
[0.140s] -- Found image_transport: 3.1.10 (/opt/ros/humble/share/image_transport/cmake)
[0.154s] -- Found rmw_implementation_cmake: 6.1.2 (/opt/ros/humble/share/rmw_implementation_cmake/cmake)
[0.155s] -- Found rmw_fastrtps_cpp: 6.2.7 (/opt/ros/humble/share/rmw_fastrtps_cpp/cmake)
[0.208s] -- Using RMW implementation 'rmw_fastrtps_cpp' as default
[0.234s] -- Found rclcpp_action: 16.0.11 (/opt/ros/humble/share/rclcpp_action/cmake)
[0.249s] -- Found rclcpp_components: 16.0.11 (/opt/ros/humble/share/rclcpp_components/cmake)
[0.256s] -- Found realsense2_camera_msgs: 4.56.4 (/home/kadowaki/realsense_ws/install/realsense2_camera_msgs/share/realsense2_camera_msgs/cmake)
[0.267s] -- Found std_srvs: 4.2.4 (/opt/ros/humble/share/std_srvs/cmake)
[0.271s] -- Found nav_msgs: 4.2.4 (/opt/ros/humble/share/nav_msgs/cmake)
[0.279s] -- Found tf2_ros: 0.25.12 (/opt/ros/humble/share/tf2_ros/cmake)
[0.293s] -- Found diagnostic_updater: 4.0.6 (/opt/ros/humble/share/diagnostic_updater/cmake)
[0.303s] -- Build for ROS2 Humble
[0.304s] -- Found ament_cmake_gtest: 1.3.11 (/opt/ros/humble/share/ament_cmake_gtest/cmake)
[0.304s] -- Found gtest sources under '/opt/ros/humble/src/gtest_vendor': C++ tests using 'Google Test' will be built
[0.306s] -- Found ament_cmake_pytest: 1.3.11 (/opt/ros/humble/share/ament_cmake_pytest/cmake)
[1.970s] -- rs_device_info:
[1.970s] -- Device Name                   Serial Number       Firmware Version
[1.970s] Intel RealSense D435I         908212071328        5.16.0.1
[1.970s] 
[1.971s] -- D455 device found
[3.482s] -- Configuring done
[3.495s] -- Generating done
[3.499s] -- Build files have been written to: /home/kadowaki/realsense_ws/build/realsense2_camera
[3.504s] Invoked command in '/home/kadowaki/realsense_ws/build/realsense2_camera' returned '0': AMENT_PREFIX_PATH=/home/kadowaki/realsense_ws/install/realsense2_camera_msgs:${AMENT_PREFIX_PATH} CMAKE_PREFIX_PATH=/home/kadowaki/realsense_ws/install/realsense2_camera_msgs:/opt/ros/humble LD_LIBRARY_PATH=/home/kadowaki/realsense_ws/install/realsense2_camera_msgs/lib:${LD_LIBRARY_PATH} PYTHONPATH=/home/kadowaki/realsense_ws/install/realsense2_camera_msgs/local/lib/python3.10/dist-packages:${PYTHONPATH} /usr/bin/cmake /home/kadowaki/realsense_ws/src/realsense-ros/realsense2_camera -DCMAKE_INSTALL_PREFIX=/home/kadowaki/realsense_ws/install/realsense2_camera
[3.505s] Invoking command in '/home/kadowaki/realsense_ws/build/realsense2_camera': AMENT_PREFIX_PATH=/home/kadowaki/realsense_ws/install/realsense2_camera_msgs:${AMENT_PREFIX_PATH} CMAKE_PREFIX_PATH=/home/kadowaki/realsense_ws/install/realsense2_camera_msgs:/opt/ros/humble LD_LIBRARY_PATH=/home/kadowaki/realsense_ws/install/realsense2_camera_msgs/lib:${LD_LIBRARY_PATH} PYTHONPATH=/home/kadowaki/realsense_ws/install/realsense2_camera_msgs/local/lib/python3.10/dist-packages:${PYTHONPATH} /usr/bin/cmake --build /home/kadowaki/realsense_ws/build/realsense2_camera -- -j24 -l24
[3.532s] [35m[1mConsolidate compiler generated dependencies of target gtest[0m
[3.532s] [35m[1mConsolidate compiler generated dependencies of target realsense2_camera_node[0m
[3.532s] [35m[1mConsolidate compiler generated dependencies of target gtest_main[0m
[3.542s] [35m[1mConsolidate compiler generated dependencies of target realsense2_camera[0m
[3.542s] [ 16%] Built target gtest
[3.542s] [ 16%] Built target gtest_main
[3.543s] [ 24%] Built target realsense2_camera_node
[3.549s] [35m[1mConsolidate compiler generated dependencies of target gtest_template[0m
[3.557s] [ 32%] Built target gtest_template
[3.569s] [100%] Built target realsense2_camera
[3.576s] Invoked command in '/home/kadowaki/realsense_ws/build/realsense2_camera' returned '0': AMENT_PREFIX_PATH=/home/kadowaki/realsense_ws/install/realsense2_camera_msgs:${AMENT_PREFIX_PATH} CMAKE_PREFIX_PATH=/home/kadowaki/realsense_ws/install/realsense2_camera_msgs:/opt/ros/humble LD_LIBRARY_PATH=/home/kadowaki/realsense_ws/install/realsense2_camera_msgs/lib:${LD_LIBRARY_PATH} PYTHONPATH=/home/kadowaki/realsense_ws/install/realsense2_camera_msgs/local/lib/python3.10/dist-packages:${PYTHONPATH} /usr/bin/cmake --build /home/kadowaki/realsense_ws/build/realsense2_camera -- -j24 -l24
[3.577s] Invoking command in '/home/kadowaki/realsense_ws/build/realsense2_camera': AMENT_PREFIX_PATH=/home/kadowaki/realsense_ws/install/realsense2_camera_msgs:${AMENT_PREFIX_PATH} CMAKE_PREFIX_PATH=/home/kadowaki/realsense_ws/install/realsense2_camera_msgs:/opt/ros/humble LD_LIBRARY_PATH=/home/kadowaki/realsense_ws/install/realsense2_camera_msgs/lib:${LD_LIBRARY_PATH} PYTHONPATH=/home/kadowaki/realsense_ws/install/realsense2_camera_msgs/local/lib/python3.10/dist-packages:${PYTHONPATH} /usr/bin/cmake --install /home/kadowaki/realsense_ws/build/realsense2_camera
[3.582s] -- Install configuration: "Release"
[3.582s] -- Execute custom install script
[3.582s] -- Up-to-date symlink: /home/kadowaki/realsense_ws/install/realsense2_camera/share/realsense2_camera/config/global_settings.yaml
[3.582s] -- Up-to-date symlink: /home/kadowaki/realsense_ws/install/realsense2_camera/lib/realsense2_camera/realsense2_camera_node
[3.582s] -- Up-to-date symlink: /home/kadowaki/realsense_ws/install/realsense2_camera/lib/librealsense2_camera.so
[3.582s] -- Up-to-date symlink: /home/kadowaki/realsense_ws/install/realsense2_camera/include/align_depth_filter.h
[3.582s] -- Up-to-date symlink: /home/kadowaki/realsense_ws/install/realsense2_camera/include/base_realsense_node.h
[3.583s] -- Up-to-date symlink: /home/kadowaki/realsense_ws/install/realsense2_camera/include/constants.h
[3.583s] -- Up-to-date symlink: /home/kadowaki/realsense_ws/install/realsense2_camera/include/dynamic_params.h
[3.583s] -- Up-to-date symlink: /home/kadowaki/realsense_ws/install/realsense2_camera/include/gl_window.h
[3.583s] -- Up-to-date symlink: /home/kadowaki/realsense_ws/install/realsense2_camera/include/image_publisher.h
[3.583s] -- Up-to-date symlink: /home/kadowaki/realsense_ws/install/realsense2_camera/include/named_filter.h
[3.583s] -- Up-to-date symlink: /home/kadowaki/realsense_ws/install/realsense2_camera/include/pointcloud_filter.h
[3.583s] -- Up-to-date symlink: /home/kadowaki/realsense_ws/install/realsense2_camera/include/profile_manager.h
[3.583s] -- Up-to-date symlink: /home/kadowaki/realsense_ws/install/realsense2_camera/include/realsense_node_factory.h
[3.583s] -- Up-to-date symlink: /home/kadowaki/realsense_ws/install/realsense2_camera/include/ros_node_base.h
[3.583s] -- Up-to-date symlink: /home/kadowaki/realsense_ws/install/realsense2_camera/include/ros_param_backend.h
[3.583s] -- Up-to-date symlink: /home/kadowaki/realsense_ws/install/realsense2_camera/include/ros_sensor.h
[3.583s] -- Up-to-date symlink: /home/kadowaki/realsense_ws/install/realsense2_camera/include/ros_utils.h
[3.583s] -- Up-to-date symlink: /home/kadowaki/realsense_ws/install/realsense2_camera/include/sensor_params.h
[3.583s] -- Up-to-date symlink: /home/kadowaki/realsense_ws/install/realsense2_camera/share/realsense2_camera/launch/default.rviz
[3.583s] -- Up-to-date symlink: /home/kadowaki/realsense_ws/install/realsense2_camera/share/realsense2_camera/launch/rs_intra_process_demo_launch.py
[3.583s] -- Up-to-date symlink: /home/kadowaki/realsense_ws/install/realsense2_camera/share/realsense2_camera/launch/rs_launch.py
[3.583s] -- Up-to-date symlink: /home/kadowaki/realsense_ws/install/realsense2_camera/share/realsense2_camera/launch/rs_multi_camera_launch.py
[3.583s] -- Up-to-date symlink: /home/kadowaki/realsense_ws/install/realsense2_camera/share/realsense2_camera/launch/rs_multi_camera_launch_sync.py
[3.583s] -- Up-to-date symlink: /home/kadowaki/realsense_ws/install/realsense2_camera/share/realsense2_camera/examples/align_depth/README.md
[3.583s] -- Up-to-date symlink: /home/kadowaki/realsense_ws/install/realsense2_camera/share/realsense2_camera/examples/align_depth/rs_align_depth_launch.py
[3.583s] -- Up-to-date symlink: /home/kadowaki/realsense_ws/install/realsense2_camera/share/realsense2_camera/examples/d500_tables/calib_config_example.json
[3.584s] -- Up-to-date symlink: /home/kadowaki/realsense_ws/install/realsense2_camera/share/realsense2_camera/examples/dual_camera/README.md
[3.584s] -- Up-to-date symlink: /home/kadowaki/realsense_ws/install/realsense2_camera/share/realsense2_camera/examples/dual_camera/rs_dual_camera_launch.py
[3.584s] -- Up-to-date symlink: /home/kadowaki/realsense_ws/install/realsense2_camera/share/realsense2_camera/examples/dual_camera/rviz/dual_camera_pointcloud.rviz
[3.584s] -- Up-to-date symlink: /home/kadowaki/realsense_ws/install/realsense2_camera/share/realsense2_camera/examples/launch_from_rosbag/README.md
[3.584s] -- Up-to-date symlink: /home/kadowaki/realsense_ws/install/realsense2_camera/share/realsense2_camera/examples/launch_from_rosbag/rs_launch_from_rosbag.py
[3.584s] -- Up-to-date symlink: /home/kadowaki/realsense_ws/install/realsense2_camera/share/realsense2_camera/examples/launch_params_from_file/README.md
[3.584s] -- Up-to-date symlink: /home/kadowaki/realsense_ws/install/realsense2_camera/share/realsense2_camera/examples/launch_params_from_file/config/config.yaml
[3.584s] -- Up-to-date symlink: /home/kadowaki/realsense_ws/install/realsense2_camera/share/realsense2_camera/examples/launch_params_from_file/rs_launch_get_params_from_yaml.py
[3.584s] -- Up-to-date symlink: /home/kadowaki/realsense_ws/install/realsense2_camera/share/realsense2_camera/examples/pointcloud/README.md
[3.584s] -- Up-to-date symlink: /home/kadowaki/realsense_ws/install/realsense2_camera/share/realsense2_camera/examples/pointcloud/rs_d405_pointcloud_launch.py
[3.584s] -- Up-to-date symlink: /home/kadowaki/realsense_ws/install/realsense2_camera/share/realsense2_camera/examples/pointcloud/rs_d455_pointcloud_launch.py
[3.584s] -- Up-to-date symlink: /home/kadowaki/realsense_ws/install/realsense2_camera/share/realsense2_camera/examples/pointcloud/rs_pointcloud_infra_launch.py
[3.584s] -- Up-to-date symlink: /home/kadowaki/realsense_ws/install/realsense2_camera/share/realsense2_camera/examples/pointcloud/rs_pointcloud_launch.py
[3.584s] -- Up-to-date symlink: /home/kadowaki/realsense_ws/install/realsense2_camera/share/realsense2_camera/examples/pointcloud/rviz/pointcloud.rviz
[3.584s] -- Up-to-date symlink: /home/kadowaki/realsense_ws/install/realsense2_camera/share/realsense2_camera/examples/pointcloud/rviz/urdf_pointcloud.rviz
[3.584s] -- Up-to-date symlink: /home/kadowaki/realsense_ws/install/realsense2_camera/share/realsense2_camera/environment/library_path.sh
[3.584s] -- Up-to-date symlink: /home/kadowaki/realsense_ws/install/realsense2_camera/share/realsense2_camera/environment/library_path.dsv
[3.584s] -- Up-to-date symlink: /home/kadowaki/realsense_ws/install/realsense2_camera/share/ament_index/resource_index/package_run_dependencies/realsense2_camera
[3.584s] -- Up-to-date symlink: /home/kadowaki/realsense_ws/install/realsense2_camera/share/ament_index/resource_index/parent_prefix_path/realsense2_camera
[3.584s] -- Up-to-date symlink: /home/kadowaki/realsense_ws/install/realsense2_camera/share/realsense2_camera/environment/ament_prefix_path.sh
[3.584s] -- Up-to-date symlink: /home/kadowaki/realsense_ws/install/realsense2_camera/share/realsense2_camera/environment/ament_prefix_path.dsv
[3.584s] -- Up-to-date symlink: /home/kadowaki/realsense_ws/install/realsense2_camera/share/realsense2_camera/environment/path.sh
[3.585s] -- Up-to-date symlink: /home/kadowaki/realsense_ws/install/realsense2_camera/share/realsense2_camera/environment/path.dsv
[3.585s] -- Up-to-date symlink: /home/kadowaki/realsense_ws/install/realsense2_camera/share/realsense2_camera/local_setup.bash
[3.585s] -- Up-to-date symlink: /home/kadowaki/realsense_ws/install/realsense2_camera/share/realsense2_camera/local_setup.sh
[3.585s] -- Up-to-date symlink: /home/kadowaki/realsense_ws/install/realsense2_camera/share/realsense2_camera/local_setup.zsh
[3.585s] -- Up-to-date symlink: /home/kadowaki/realsense_ws/install/realsense2_camera/share/realsense2_camera/local_setup.dsv
[3.585s] -- Symlinking: /home/kadowaki/realsense_ws/install/realsense2_camera/share/realsense2_camera/package.dsv
[3.590s] -- Up-to-date symlink: /home/kadowaki/realsense_ws/install/realsense2_camera/share/ament_index/resource_index/packages/realsense2_camera
[3.590s] -- Up-to-date symlink: /home/kadowaki/realsense_ws/install/realsense2_camera/share/ament_index/resource_index/rclcpp_components/realsense2_camera
[3.590s] -- Up-to-date symlink: /home/kadowaki/realsense_ws/install/realsense2_camera/share/realsense2_camera/cmake/ament_cmake_export_include_directories-extras.cmake
[3.590s] -- Up-to-date symlink: /home/kadowaki/realsense_ws/install/realsense2_camera/share/realsense2_camera/cmake/ament_cmake_export_libraries-extras.cmake
[3.590s] -- Up-to-date symlink: /home/kadowaki/realsense_ws/install/realsense2_camera/share/realsense2_camera/cmake/ament_cmake_export_dependencies-extras.cmake
[3.590s] -- Up-to-date symlink: /home/kadowaki/realsense_ws/install/realsense2_camera/share/realsense2_camera/cmake/realsense2_cameraConfig.cmake
[3.590s] -- Up-to-date symlink: /home/kadowaki/realsense_ws/install/realsense2_camera/share/realsense2_camera/cmake/realsense2_cameraConfig-version.cmake
[3.590s] -- Up-to-date symlink: /home/kadowaki/realsense_ws/install/realsense2_camera/share/realsense2_camera/package.xml
[3.592s] Invoked command in '/home/kadowaki/realsense_ws/build/realsense2_camera' returned '0': AMENT_PREFIX_PATH=/home/kadowaki/realsense_ws/install/realsense2_camera_msgs:${AMENT_PREFIX_PATH} CMAKE_PREFIX_PATH=/home/kadowaki/realsense_ws/install/realsense2_camera_msgs:/opt/ros/humble LD_LIBRARY_PATH=/home/kadowaki/realsense_ws/install/realsense2_camera_msgs/lib:${LD_LIBRARY_PATH} PYTHONPATH=/home/kadowaki/realsense_ws/install/realsense2_camera_msgs/local/lib/python3.10/dist-packages:${PYTHONPATH} /usr/bin/cmake --install /home/kadowaki/realsense_ws/build/realsense2_camera
